[0302/231649:ERROR:http_transport_win.cc(50)] WinHttpSendRequest: 操作超时  (0x2EE2)
[0311/112802.073:ERROR:process_info.cc(608)] range at 0xfe423000, size 0x230 fully unreadable
[0311/112802.082:ERROR:process_info.cc(608)] range at 0xfe42f000, size 0xf84 fully unreadable
[0311/112802.086:ERROR:process_reader_win.cc(233)] ReadMemory at 0x63230000 of 64 bytes failed: 仅完成部分的 ReadProcessMemory 或 WriteProcessMemory 请求。 (0x12B)
[0311/112802.087:WARNING:pe_image_reader.cc(281)] could not read dos header from C:\Windows\system32\apphelp.dll
[0311/112802.087:ERROR:process_reader_win.cc(233)] ReadMemory at 0x748d0000 of 64 bytes failed: 仅完成部分的 ReadProcessMemory 或 WriteProcessMemory 请求。 (0x12B)
[0311/112802.087:WARNING:pe_image_reader.cc(281)] could not read dos header from C:\Windows\SYSTEM32\VERSION.dll
[0311/112802.088:ERROR:process_reader_win.cc(233)] ReadMemory at 0x697b0000 of 64 bytes failed: 仅完成部分的 ReadProcessMemory 或 WriteProcessMemory 请求。 (0x12B)
[0311/112802.088:WARNING:pe_image_reader.cc(281)] could not read dos header from C:\Program Files (x86)\Google\Chrome\Application\56.0.2924.87\chrome_elf.dll
[0311/112802.089:ERROR:process_reader_win.cc(233)] ReadMemory at 0x748e0000 of 64 bytes failed: 仅完成部分的 ReadProcessMemory 或 WriteProcessMemory 请求。 (0x12B)
[0311/112802.089:WARNING:pe_image_reader.cc(281)] could not read dos header from C:\Windows\SYSTEM32\bcryptPrimitives.dll
[0311/112802.089:ERROR:process_reader_win.cc(233)] ReadMemory at 0x74940000 of 64 bytes failed: 仅完成部分的 ReadProcessMemory 或 WriteProcessMemory 请求。 (0x12B)
[0311/112802.089:WARNING:pe_image_reader.cc(281)] could not read dos header from C:\Windows\SYSTEM32\CRYPTBASE.dll
[0311/112802.089:ERROR:process_reader_win.cc(233)] ReadMemory at 0x74950000 of 64 bytes failed: 仅完成部分的 ReadProcessMemory 或 WriteProcessMemory 请求。 (0x12B)
[0311/112802.089:WARNING:pe_image_reader.cc(281)] could not read dos header from C:\Windows\SYSTEM32\SspiCli.dll
[0311/112802.089:ERROR:process_reader_win.cc(233)] ReadMemory at 0x76a50000 of 64 bytes failed: 仅完成部分的 ReadProcessMemory 或 WriteProcessMemory 请求。 (0x12B)
[0311/112802.089:WARNING:pe_image_reader.cc(281)] could not read dos header from C:\Windows\SYSTEM32\sechost.dll
[0311/112802.089:ERROR:process_reader_win.cc(233)] ReadMemory at 0x74a70000 of 64 bytes failed: 仅完成部分的 ReadProcessMemory 或 WriteProcessMemory 请求。 (0x12B)
[0311/112802.089:WARNING:pe_image_reader.cc(281)] could not read dos header from C:\Windows\SYSTEM32\ADVAPI32.dll
[0311/112802.089:ERROR:process_reader_win.cc(233)] ReadMemory at 0x76aa0000 of 64 bytes failed: 仅完成部分的 ReadProcessMemory 或 WriteProcessMemory 请求。 (0x12B)
[0311/112802.089:WARNING:pe_image_reader.cc(281)] could not read dos header from C:\Windows\SYSTEM32\PSAPI.DLL
[0311/112802.089:ERROR:process_reader_win.cc(233)] ReadMemory at 0x76d70000 of 64 bytes failed: 仅完成部分的 ReadProcessMemory 或 WriteProcessMemory 请求。 (0x12B)
[0311/112802.089:WARNING:pe_image_reader.cc(281)] could not read dos header from C:\Windows\SYSTEM32\combase.dll
[0311/112802.090:ERROR:process_reader_win.cc(233)] ReadMemory at 0x76ab0000 of 64 bytes failed: 仅完成部分的 ReadProcessMemory 或 WriteProcessMemory 请求。 (0x12B)
[0311/112802.090:WARNING:pe_image_reader.cc(281)] could not read dos header from C:\Windows\SYSTEM32\USER32.dll
[0311/112802.090:ERROR:process_reader_win.cc(233)] ReadMemory at 0x75eb0000 of 64 bytes failed: 仅完成部分的 ReadProcessMemory 或 WriteProcessMemory 请求。 (0x12B)
[0311/112802.090:WARNING:pe_image_reader.cc(281)] could not read dos header from C:\Windows\SYSTEM32\MSCTF.dll
[0311/112802.090:ERROR:process_reader_win.cc(233)] ReadMemory at 0x77500000 of 64 bytes failed: 仅完成部分的 ReadProcessMemory 或 WriteProcessMemory 请求。 (0x12B)
[0311/112802.090:WARNING:pe_image_reader.cc(281)] could not read dos header from C:\Windows\SYSTEM32\IMM32.DLL
[0311/112802.090:ERROR:process_reader_win.cc(233)] ReadMemory at 0x76040000 of 64 bytes failed: 仅完成部分的 ReadProcessMemory 或 WriteProcessMemory 请求。 (0x12B)
[0311/112802.090:WARNING:pe_image_reader.cc(281)] could not read dos header from C:\Windows\SYSTEM32\shlwapi.dll
[0311/112802.090:ERROR:process_reader_win.cc(233)] ReadMemory at 0x76a40000 of 64 bytes failed: 仅完成部分的 ReadProcessMemory 或 WriteProcessMemory 请求。 (0x12B)
[0311/112802.090:WARNING:pe_image_reader.cc(281)] could not read dos header from C:\Windows\SYSTEM32\kernel.appcore.dll
[0311/112802.090:ERROR:process_reader_win.cc(233)] ReadMemory at 0x76270000 of 64 bytes failed: 仅完成部分的 ReadProcessMemory 或 WriteProcessMemory 请求。 (0x12B)
[0311/112802.090:WARNING:pe_image_reader.cc(281)] could not read dos header from C:\Windows\SYSTEM32\shcore.dll
[0311/112802.090:ERROR:process_reader_win.cc(233)] ReadMemory at 0x75ff0000 of 64 bytes failed: 仅完成部分的 ReadProcessMemory 或 WriteProcessMemory 请求。 (0x12B)
[0311/112802.090:WARNING:pe_image_reader.cc(281)] could not read dos header from C:\Windows\SYSTEM32\powrprof.dll
[0311/112802.090:ERROR:process_reader_win.cc(233)] ReadMemory at 0x77830000 of 64 bytes failed: 仅完成部分的 ReadProcessMemory 或 WriteProcessMemory 请求。 (0x12B)
[0311/112802.090:WARNING:pe_image_reader.cc(281)] could not read dos header from C:\Windows\SYSTEM32\profapi.dll
[0311/112802.090:ERROR:process_reader_win.cc(233)] ReadMemory at 0x76560000 of 64 bytes failed: 仅完成部分的 ReadProcessMemory 或 WriteProcessMemory 请求。 (0x12B)
[0311/112802.090:WARNING:pe_image_reader.cc(281)] could not read dos header from C:\Windows\SYSTEM32\windows.storage.dll
[0311/112802.090:ERROR:process_reader_win.cc(233)] ReadMemory at 0x74af0000 of 64 bytes failed: 仅完成部分的 ReadProcessMemory 或 WriteProcessMemory 请求。 (0x12B)
[0311/112802.090:WARNING:pe_image_reader.cc(281)] could not read dos header from C:\Windows\SYSTEM32\SHELL32.dll
[0311/112802.090:ERROR:process_reader_win.cc(233)] ReadMemory at 0x77400000 of 64 bytes failed: 仅完成部分的 ReadProcessMemory 或 WriteProcessMemory 请求。 (0x12B)
[0311/112802.091:WARNING:pe_image_reader.cc(281)] could not read dos header from C:\Windows\SYSTEM32\cfgmgr32.dll
[0311/112802.091:ERROR:process_reader_win.cc(233)] ReadMemory at 0x743c0000 of 64 bytes failed: 仅完成部分的 ReadProcessMemory 或 WriteProcessMemory 请求。 (0x12B)
[0311/112802.091:WARNING:pe_image_reader.cc(281)] could not read dos header from C:\Windows\SYSTEM32\DEVOBJ.dll
[0311/112802.091:ERROR:process_reader_win.cc(233)] ReadMemory at 0x743f0000 of 64 bytes failed: 仅完成部分的 ReadProcessMemory 或 WriteProcessMemory 请求。 (0x12B)
[0311/112802.091:WARNING:pe_image_reader.cc(281)] could not read dos header from C:\Windows\SYSTEM32\WINMMBASE.dll
[0311/112802.091:ERROR:process_reader_win.cc(233)] ReadMemory at 0x74420000 of 64 bytes failed: 仅完成部分的 ReadProcessMemory 或 WriteProcessMemory 请求。 (0x12B)
[0311/112802.091:WARNING:pe_image_reader.cc(281)] could not read dos header from C:\Windows\SYSTEM32\WINMM.dll
[0311/112802.091:ERROR:process_reader_win.cc(233)] ReadMemory at 0x748c0000 of 64 bytes failed: 仅完成部分的 ReadProcessMemory 或 WriteProcessMemory 请求。 (0x12B)
[0311/112802.091:WARNING:pe_image_reader.cc(281)] could not read dos header from C:\Windows\SYSTEM32\WTSAPI32.dll
[0311/112802.091:ERROR:process_reader_win.cc(233)] ReadMemory at 0x748a0000 of 64 bytes failed: 仅完成部分的 ReadProcessMemory 或 WriteProcessMemory 请求。 (0x12B)
[0311/112802.091:WARNING:pe_image_reader.cc(281)] could not read dos header from C:\Windows\SYSTEM32\USERENV.dll
[0311/112802.091:ERROR:process_reader_win.cc(233)] ReadMemory at 0x72960000 of 64 bytes failed: 仅完成部分的 ReadProcessMemory 或 WriteProcessMemory 请求。 (0x12B)
[0311/112802.091:WARNING:pe_image_reader.cc(281)] could not read dos header from C:\Windows\SYSTEM32\WINHTTP.dll
[0311/112802.091:ERROR:process_reader_win.cc(233)] ReadMemory at 0x76300000 of 64 bytes failed: 仅完成部分的 ReadProcessMemory 或 WriteProcessMemory 请求。 (0x12B)
[0311/112802.091:WARNING:pe_image_reader.cc(281)] could not read dos header from C:\Windows\SYSTEM32\ole32.dll
[0311/112802.091:ERROR:process_reader_win.cc(233)] ReadMemory at 0x76c10000 of 64 bytes failed: 仅完成部分的 ReadProcessMemory 或 WriteProcessMemory 请求。 (0x12B)
[0311/112802.091:WARNING:pe_image_reader.cc(281)] could not read dos header from C:\Windows\SYSTEM32\OLEAUT32.dll
[0311/112802.091:ERROR:process_reader_win.cc(233)] ReadMemory at 0x76bf0000 of 64 bytes failed: 仅完成部分的 ReadProcessMemory 或 WriteProcessMemory 请求。 (0x12B)
[0311/112802.091:WARNING:pe_image_reader.cc(281)] could not read dos header from C:\Windows\SYSTEM32\NSI.dll
[0311/112802.091:ERROR:process_reader_win.cc(233)] ReadMemory at 0x74a10000 of 64 bytes failed: 仅完成部分的 ReadProcessMemory 或 WriteProcessMemory 请求。 (0x12B)
[0311/112802.091:WARNING:pe_image_reader.cc(281)] could not read dos header from C:\Windows\SYSTEM32\WS2_32.dll
[0311/112802.091:ERROR:process_reader_win.cc(233)] ReadMemory at 0x74700000 of 64 bytes failed: 仅完成部分的 ReadProcessMemory 或 WriteProcessMemory 请求。 (0x12B)
[0311/112802.091:WARNING:pe_image_reader.cc(281)] could not read dos header from C:\Windows\SYSTEM32\bcrypt.dll
[0311/112802.091:ERROR:process_reader_win.cc(233)] ReadMemory at 0x74750000 of 64 bytes failed: 仅完成部分的 ReadProcessMemory 或 WriteProcessMemory 请求。 (0x12B)
[0311/112802.092:WARNING:pe_image_reader.cc(281)] could not read dos header from C:\Windows\SYSTEM32\wkscli.dll
[0311/112802.092:ERROR:process_reader_win.cc(233)] ReadMemory at 0x74730000 of 64 bytes failed: 仅完成部分的 ReadProcessMemory 或 WriteProcessMemory 请求。 (0x12B)
[0311/112802.092:WARNING:pe_image_reader.cc(281)] could not read dos header from C:\Windows\SYSTEM32\srvcli.dll
[0311/112802.092:ERROR:process_reader_win.cc(233)] ReadMemory at 0x74720000 of 64 bytes failed: 仅完成部分的 ReadProcessMemory 或 WriteProcessMemory 请求。 (0x12B)
[0311/112802.092:WARNING:pe_image_reader.cc(281)] could not read dos header from C:\Windows\SYSTEM32\netutils.dll
[0311/112802.092:ERROR:process_reader_win.cc(233)] ReadMemory at 0x74790000 of 64 bytes failed: 仅完成部分的 ReadProcessMemory 或 WriteProcessMemory 请求。 (0x12B)
[0311/112802.092:WARNING:pe_image_reader.cc(281)] could not read dos header from C:\Windows\SYSTEM32\NETAPI32.dll
[0311/112802.092:ERROR:process_reader_win.cc(233)] ReadMemory at 0x705f0000 of 64 bytes failed: 仅完成部分的 ReadProcessMemory 或 WriteProcessMemory 请求。 (0x12B)
[0311/112802.092:WARNING:pe_image_reader.cc(281)] could not read dos header from C:\Program Files (x86)\360\360Safe\safemon\safemon.dll
[0311/112802.092:ERROR:process_reader_win.cc(233)] ReadMemory at 0x6b4a0000 of 64 bytes failed: 仅完成部分的 ReadProcessMemory 或 WriteProcessMemory 请求。 (0x12B)
[0311/112802.092:WARNING:pe_image_reader.cc(281)] could not read dos header from C:\Program Files (x86)\360\360Safe\safemon\iNetSafe.dll
[0311/112802.092:ERROR:process_reader_win.cc(233)] ReadMemory at 0x6d420000 of 64 bytes failed: 仅完成部分的 ReadProcessMemory 或 WriteProcessMemory 请求。 (0x12B)
[0311/112802.092:WARNING:pe_image_reader.cc(281)] could not read dos header from C:\Windows\WinSxS\x86_microsoft.windows.common-controls_6595b64144ccf1df_6.0.10240.16384_none_3bccb1ff6bcd1849\COMCTL32.dll
[0311/112802.092:ERROR:process_reader_win.cc(233)] ReadMemory at 0x76450000 of 64 bytes failed: 仅完成部分的 ReadProcessMemory 或 WriteProcessMemory 请求。 (0x12B)
[0311/112802.092:WARNING:pe_image_reader.cc(281)] could not read dos header from C:\Windows\SYSTEM32\COMDLG32.dll
[0311/112802.092:ERROR:process_reader_win.cc(233)] ReadMemory at 0x73040000 of 64 bytes failed: 仅完成部分的 ReadProcessMemory 或 WriteProcessMemory 请求。 (0x12B)
[0311/112802.092:WARNING:pe_image_reader.cc(281)] could not read dos header from C:\Windows\SYSTEM32\dbghelp.dll
[0311/112802.092:ERROR:process_reader_win.cc(233)] ReadMemory at 0x72840000 of 64 bytes failed: 仅完成部分的 ReadProcessMemory 或 WriteProcessMemory 请求。 (0x12B)
[0311/112802.092:WARNING:pe_image_reader.cc(281)] could not read dos header from C:\Windows\SYSTEM32\USP10.dll
[0311/112802.092:ERROR:process_reader_win.cc(233)] ReadMemory at 0x6b750000 of 64 bytes failed: 仅完成部分的 ReadProcessMemory 或 WriteProcessMemory 请求。 (0x12B)
[0311/112802.092:WARNING:pe_image_reader.cc(281)] could not read dos header from C:\Windows\SYSTEM32\WINSPOOL.DRV
[0311/112802.092:ERROR:process_reader_win.cc(233)] ReadMemory at 0x746f0000 of 64 bytes failed: 仅完成部分的 ReadProcessMemory 或 WriteProcessMemory 请求。 (0x12B)
[0311/112802.092:WARNING:pe_image_reader.cc(281)] could not read dos header from C:\Windows\SYSTEM32\WINNSI.DLL
[0311/112802.092:ERROR:process_reader_win.cc(233)] ReadMemory at 0x74760000 of 64 bytes failed: 仅完成部分的 ReadProcessMemory 或 WriteProcessMemory 请求。 (0x12B)
[0311/112802.092:WARNING:pe_image_reader.cc(281)] could not read dos header from C:\Windows\SYSTEM32\IPHLPAPI.DLL
[0311/112802.092:ERROR:process_reader_win.cc(233)] ReadMemory at 0x74370000 of 64 bytes failed: 仅完成部分的 ReadProcessMemory 或 WriteProcessMemory 请求。 (0x12B)
[0311/112802.092:WARNING:pe_image_reader.cc(281)] could not read dos header from C:\Windows\SYSTEM32\Secur32.dll
[0311/112802.092:ERROR:process_reader_win.cc(233)] ReadMemory at 0x6b560000 of 64 bytes failed: 仅完成部分的 ReadProcessMemory 或 WriteProcessMemory 请求。 (0x12B)
[0311/112802.092:WARNING:pe_image_reader.cc(281)] could not read dos header from C:\Windows\SYSTEM32\DWrite.dll
[0311/112802.093:ERROR:process_reader_win.cc(233)] ReadMemory at 0x69390000 of 64 bytes failed: 仅完成部分的 ReadProcessMemory 或 WriteProcessMemory 请求。 (0x12B)
[0311/112802.093:WARNING:pe_image_reader.cc(281)] could not read dos header from C:\Windows\SYSTEM32\FONTSUB.dll
[0311/112802.093:ERROR:process_reader_win.cc(233)] ReadMemory at 0x774f0000 of 64 bytes failed: 仅完成部分的 ReadProcessMemory 或 WriteProcessMemory 请求。 (0x12B)
[0311/112802.093:WARNING:pe_image_reader.cc(281)] could not read dos header from C:\Windows\SYSTEM32\MSASN1.dll
[0311/112802.093:ERROR:process_reader_win.cc(233)] ReadMemory at 0x76f30000 of 64 bytes failed: 仅完成部分的 ReadProcessMemory 或 WriteProcessMemory 请求。 (0x12B)
[0311/112802.093:WARNING:pe_image_reader.cc(281)] could not read dos header from C:\Windows\SYSTEM32\CRYPT32.dll
[0311/112802.093:ERROR:process_reader_win.cc(233)] ReadMemory at 0x76510000 of 64 bytes failed: 仅完成部分的 ReadProcessMemory 或 WriteProcessMemory 请求。 (0x12B)
[0311/112802.093:WARNING:pe_image_reader.cc(281)] could not read dos header from C:\Windows\SYSTEM32\WINTRUST.dll
[0311/112802.093:ERROR:process_reader_win.cc(233)] ReadMemory at 0x5b2e0000 of 64 bytes failed: 仅完成部分的 ReadProcessMemory 或 WriteProcessMemory 请求。 (0x12B)
[0311/112802.093:WARNING:pe_image_reader.cc(281)] could not read dos header from C:\Program Files (x86)\Google\Chrome\Application\56.0.2924.87\chrome_child.dll
[0311/112802.093:ERROR:process_reader_win.cc(233)] ReadMemory at 0xd90000 of 64 bytes failed: 仅完成部分的 ReadProcessMemory 或 WriteProcessMemory 请求。 (0x12B)
[0311/112802.093:WARNING:pe_image_reader.cc(281)] could not read dos header from C:\Program Files (x86)\Google\Chrome\Application\chrome.exe
[0311/112802.093:ERROR:process_reader_win.cc(233)] ReadMemory at 0x77840000 of 64 bytes failed: 仅完成部分的 ReadProcessMemory 或 WriteProcessMemory 请求。 (0x12B)
[0311/112802.093:WARNING:pe_image_reader.cc(281)] could not read dos header from C:\Windows\SYSTEM32\ntdll.dll
[0311/112802.093:ERROR:process_reader_win.cc(233)] ReadMemory at 0x77280000 of 64 bytes failed: 仅完成部分的 ReadProcessMemory 或 WriteProcessMemory 请求。 (0x12B)
[0311/112802.093:WARNING:pe_image_reader.cc(281)] could not read dos header from C:\Windows\SYSTEM32\KERNELBASE.dll
[0311/112802.093:ERROR:process_reader_win.cc(233)] ReadMemory at 0x760f0000 of 64 bytes failed: 仅完成部分的 ReadProcessMemory 或 WriteProcessMemory 请求。 (0x12B)
[0311/112802.093:WARNING:pe_image_reader.cc(281)] could not read dos header from C:\Windows\SYSTEM32\KERNEL32.DLL
[0311/112802.093:ERROR:process_reader_win.cc(233)] ReadMemory at 0x63230000 of 64 bytes failed: 仅完成部分的 ReadProcessMemory 或 WriteProcessMemory 请求。 (0x12B)
[0311/112802.093:WARNING:pe_image_reader.cc(281)] could not read dos header from C:\Windows\system32\apphelp.dll
[0311/112802.093:ERROR:process_reader_win.cc(233)] ReadMemory at 0x76cb0000 of 64 bytes failed: 仅完成部分的 ReadProcessMemory 或 WriteProcessMemory 请求。 (0x12B)
[0311/112802.093:WARNING:pe_image_reader.cc(281)] could not read dos header from C:\Windows\SYSTEM32\msvcrt.dll
[0311/112802.093:ERROR:process_reader_win.cc(233)] ReadMemory at 0x748d0000 of 64 bytes failed: 仅完成部分的 ReadProcessMemory 或 WriteProcessMemory 请求。 (0x12B)
[0311/112802.093:WARNING:pe_image_reader.cc(281)] could not read dos header from C:\Windows\SYSTEM32\VERSION.dll
[0311/112802.093:ERROR:process_reader_win.cc(233)] ReadMemory at 0x697b0000 of 64 bytes failed: 仅完成部分的 ReadProcessMemory 或 WriteProcessMemory 请求。 (0x12B)
[0311/112802.093:WARNING:pe_image_reader.cc(281)] could not read dos header from C:\Program Files (x86)\Google\Chrome\Application\56.0.2924.87\chrome_elf.dll
[0311/112802.093:ERROR:process_reader_win.cc(233)] ReadMemory at 0x748e0000 of 64 bytes failed: 仅完成部分的 ReadProcessMemory 或 WriteProcessMemory 请求。 (0x12B)
[0311/112802.093:WARNING:pe_image_reader.cc(281)] could not read dos header from C:\Windows\SYSTEM32\bcryptPrimitives.dll
[0311/112802.093:ERROR:process_reader_win.cc(233)] ReadMemory at 0x74940000 of 64 bytes failed: 仅完成部分的 ReadProcessMemory 或 WriteProcessMemory 请求。 (0x12B)
[0311/112802.093:WARNING:pe_image_reader.cc(281)] could not read dos header from C:\Windows\SYSTEM32\CRYPTBASE.dll
[0311/112802.093:ERROR:process_reader_win.cc(233)] ReadMemory at 0x74950000 of 64 bytes failed: 仅完成部分的 ReadProcessMemory 或 WriteProcessMemory 请求。 (0x12B)
[0311/112802.094:WARNING:pe_image_reader.cc(281)] could not read dos header from C:\Windows\SYSTEM32\SspiCli.dll
[0311/112802.094:ERROR:process_reader_win.cc(233)] ReadMemory at 0x77440000 of 64 bytes failed: 仅完成部分的 ReadProcessMemory 或 WriteProcessMemory 请求。 (0x12B)
[0311/112802.094:WARNING:pe_image_reader.cc(281)] could not read dos header from C:\Windows\SYSTEM32\RPCRT4.dll
[0311/112802.094:ERROR:process_reader_win.cc(233)] ReadMemory at 0x76a50000 of 64 bytes failed: 仅完成部分的 ReadProcessMemory 或 WriteProcessMemory 请求。 (0x12B)
[0311/112802.094:WARNING:pe_image_reader.cc(281)] could not read dos header from C:\Windows\SYSTEM32\sechost.dll
[0311/112802.094:ERROR:process_reader_win.cc(233)] ReadMemory at 0x74a70000 of 64 bytes failed: 仅完成部分的 ReadProcessMemory 或 WriteProcessMemory 请求。 (0x12B)
[0311/112802.094:WARNING:pe_image_reader.cc(281)] could not read dos header from C:\Windows\SYSTEM32\ADVAPI32.dll
[0311/112802.094:ERROR:process_reader_win.cc(233)] ReadMemory at 0x76aa0000 of 64 bytes failed: 仅完成部分的 ReadProcessMemory 或 WriteProcessMemory 请求。 (0x12B)
[0311/112802.094:WARNING:pe_image_reader.cc(281)] could not read dos header from C:\Windows\SYSTEM32\PSAPI.DLL
[0311/112802.094:ERROR:process_reader_win.cc(233)] ReadMemory at 0x76d70000 of 64 bytes failed: 仅完成部分的 ReadProcessMemory 或 WriteProcessMemory 请求。 (0x12B)
[0311/112802.094:WARNING:pe_image_reader.cc(281)] could not read dos header from C:\Windows\SYSTEM32\combase.dll
[0311/112802.094:ERROR:process_reader_win.cc(233)] ReadMemory at 0x76ab0000 of 64 bytes failed: 仅完成部分的 ReadProcessMemory 或 WriteProcessMemory 请求。 (0x12B)
[0311/112802.094:WARNING:pe_image_reader.cc(281)] could not read dos header from C:\Windows\SYSTEM32\USER32.dll
[0311/112802.094:ERROR:process_reader_win.cc(233)] ReadMemory at 0x77530000 of 64 bytes failed: 仅完成部分的 ReadProcessMemory 或 WriteProcessMemory 请求。 (0x12B)
[0311/112802.094:WARNING:pe_image_reader.cc(281)] could not read dos header from C:\Windows\SYSTEM32\GDI32.dll
[0311/112802.094:ERROR:process_reader_win.cc(233)] ReadMemory at 0x75eb0000 of 64 bytes failed: 仅完成部分的 ReadProcessMemory 或 WriteProcessMemory 请求。 (0x12B)
[0311/112802.094:WARNING:pe_image_reader.cc(281)] could not read dos header from C:\Windows\SYSTEM32\MSCTF.dll
[0311/112802.094:ERROR:process_reader_win.cc(233)] ReadMemory at 0x77500000 of 64 bytes failed: 仅完成部分的 ReadProcessMemory 或 WriteProcessMemory 请求。 (0x12B)
[0311/112802.094:WARNING:pe_image_reader.cc(281)] could not read dos header from C:\Windows\SYSTEM32\IMM32.DLL
[0311/112802.094:ERROR:process_reader_win.cc(233)] ReadMemory at 0x76040000 of 64 bytes failed: 仅完成部分的 ReadProcessMemory 或 WriteProcessMemory 请求。 (0x12B)
[0311/112802.094:WARNING:pe_image_reader.cc(281)] could not read dos header from C:\Windows\SYSTEM32\shlwapi.dll
[0311/112802.094:ERROR:process_reader_win.cc(233)] ReadMemory at 0x76a40000 of 64 bytes failed: 仅完成部分的 ReadProcessMemory 或 WriteProcessMemory 请求。 (0x12B)
[0311/112802.094:WARNING:pe_image_reader.cc(281)] could not read dos header from C:\Windows\SYSTEM32\kernel.appcore.dll
[0311/112802.094:ERROR:process_reader_win.cc(233)] ReadMemory at 0x76270000 of 64 bytes failed: 仅完成部分的 ReadProcessMemory 或 WriteProcessMemory 请求。 (0x12B)
[0311/112802.094:WARNING:pe_image_reader.cc(281)] could not read dos header from C:\Windows\SYSTEM32\shcore.dll
[0311/112802.094:ERROR:process_reader_win.cc(233)] ReadMemory at 0x75ff0000 of 64 bytes failed: 仅完成部分的 ReadProcessMemory 或 WriteProcessMemory 请求。 (0x12B)
[0311/112802.094:WARNING:pe_image_reader.cc(281)] could not read dos header from C:\Windows\SYSTEM32\powrprof.dll
[0311/112802.094:ERROR:process_reader_win.cc(233)] ReadMemory at 0x77830000 of 64 bytes failed: 仅完成部分的 ReadProcessMemory 或 WriteProcessMemory 请求。 (0x12B)
[0311/112802.094:WARNING:pe_image_reader.cc(281)] could not read dos header from C:\Windows\SYSTEM32\profapi.dll
[0311/112802.094:ERROR:process_reader_win.cc(233)] ReadMemory at 0x76560000 of 64 bytes failed: 仅完成部分的 ReadProcessMemory 或 WriteProcessMemory 请求。 (0x12B)
[0311/112802.094:WARNING:pe_image_reader.cc(281)] could not read dos header from C:\Windows\SYSTEM32\windows.storage.dll
[0311/112802.094:ERROR:process_reader_win.cc(233)] ReadMemory at 0x74af0000 of 64 bytes failed: 仅完成部分的 ReadProcessMemory 或 WriteProcessMemory 请求。 (0x12B)
[0311/112802.095:WARNING:pe_image_reader.cc(281)] could not read dos header from C:\Windows\SYSTEM32\SHELL32.dll
[0311/112802.095:ERROR:process_reader_win.cc(233)] ReadMemory at 0x77400000 of 64 bytes failed: 仅完成部分的 ReadProcessMemory 或 WriteProcessMemory 请求。 (0x12B)
[0311/112802.095:WARNING:pe_image_reader.cc(281)] could not read dos header from C:\Windows\SYSTEM32\cfgmgr32.dll
[0311/112802.095:ERROR:process_reader_win.cc(233)] ReadMemory at 0x743c0000 of 64 bytes failed: 仅完成部分的 ReadProcessMemory 或 WriteProcessMemory 请求。 (0x12B)
[0311/112802.095:WARNING:pe_image_reader.cc(281)] could not read dos header from C:\Windows\SYSTEM32\DEVOBJ.dll
[0311/112802.095:ERROR:process_reader_win.cc(233)] ReadMemory at 0x743f0000 of 64 bytes failed: 仅完成部分的 ReadProcessMemory 或 WriteProcessMemory 请求。 (0x12B)
[0311/112802.095:WARNING:pe_image_reader.cc(281)] could not read dos header from C:\Windows\SYSTEM32\WINMMBASE.dll
[0311/112802.095:ERROR:process_reader_win.cc(233)] ReadMemory at 0x74420000 of 64 bytes failed: 仅完成部分的 ReadProcessMemory 或 WriteProcessMemory 请求。 (0x12B)
[0311/112802.095:WARNING:pe_image_reader.cc(281)] could not read dos header from C:\Windows\SYSTEM32\WINMM.dll
[0311/112802.095:ERROR:process_reader_win.cc(233)] ReadMemory at 0x748c0000 of 64 bytes failed: 仅完成部分的 ReadProcessMemory 或 WriteProcessMemory 请求。 (0x12B)
[0311/112802.095:WARNING:pe_image_reader.cc(281)] could not read dos header from C:\Windows\SYSTEM32\WTSAPI32.dll
[0311/112802.095:ERROR:process_reader_win.cc(233)] ReadMemory at 0x748a0000 of 64 bytes failed: 仅完成部分的 ReadProcessMemory 或 WriteProcessMemory 请求。 (0x12B)
[0311/112802.095:WARNING:pe_image_reader.cc(281)] could not read dos header from C:\Windows\SYSTEM32\USERENV.dll
[0311/112802.095:ERROR:process_reader_win.cc(233)] ReadMemory at 0x72960000 of 64 bytes failed: 仅完成部分的 ReadProcessMemory 或 WriteProcessMemory 请求。 (0x12B)
[0311/112802.095:WARNING:pe_image_reader.cc(281)] could not read dos header from C:\Windows\SYSTEM32\WINHTTP.dll
[0311/112802.095:ERROR:process_reader_win.cc(233)] ReadMemory at 0x76300000 of 64 bytes failed: 仅完成部分的 ReadProcessMemory 或 WriteProcessMemory 请求。 (0x12B)
[0311/112802.095:WARNING:pe_image_reader.cc(281)] could not read dos header from C:\Windows\SYSTEM32\ole32.dll
[0311/112802.095:ERROR:process_reader_win.cc(233)] ReadMemory at 0x76c10000 of 64 bytes failed: 仅完成部分的 ReadProcessMemory 或 WriteProcessMemory 请求。 (0x12B)
[0311/112802.095:WARNING:pe_image_reader.cc(281)] could not read dos header from C:\Windows\SYSTEM32\OLEAUT32.dll
[0311/112802.095:ERROR:process_reader_win.cc(233)] ReadMemory at 0x76bf0000 of 64 bytes failed: 仅完成部分的 ReadProcessMemory 或 WriteProcessMemory 请求。 (0x12B)
[0311/112802.095:WARNING:pe_image_reader.cc(281)] could not read dos header from C:\Windows\SYSTEM32\NSI.dll
[0311/112802.095:ERROR:process_reader_win.cc(233)] ReadMemory at 0x74a10000 of 64 bytes failed: 仅完成部分的 ReadProcessMemory 或 WriteProcessMemory 请求。 (0x12B)
[0311/112802.095:WARNING:pe_image_reader.cc(281)] could not read dos header from C:\Windows\SYSTEM32\WS2_32.dll
[0311/112802.095:ERROR:process_reader_win.cc(233)] ReadMemory at 0x74700000 of 64 bytes failed: 仅完成部分的 ReadProcessMemory 或 WriteProcessMemory 请求。 (0x12B)
[0311/112802.095:WARNING:pe_image_reader.cc(281)] could not read dos header from C:\Windows\SYSTEM32\bcrypt.dll
[0311/112802.095:ERROR:process_reader_win.cc(233)] ReadMemory at 0x74750000 of 64 bytes failed: 仅完成部分的 ReadProcessMemory 或 WriteProcessMemory 请求。 (0x12B)
[0311/112802.095:WARNING:pe_image_reader.cc(281)] could not read dos header from C:\Windows\SYSTEM32\wkscli.dll
[0311/112802.095:ERROR:process_reader_win.cc(233)] ReadMemory at 0x74730000 of 64 bytes failed: 仅完成部分的 ReadProcessMemory 或 WriteProcessMemory 请求。 (0x12B)
[0311/112802.095:WARNING:pe_image_reader.cc(281)] could not read dos header from C:\Windows\SYSTEM32\srvcli.dll
[0311/112802.095:ERROR:process_reader_win.cc(233)] ReadMemory at 0x74720000 of 64 bytes failed: 仅完成部分的 ReadProcessMemory 或 WriteProcessMemory 请求。 (0x12B)
[0311/112802.095:WARNING:pe_image_reader.cc(281)] could not read dos header from C:\Windows\SYSTEM32\netutils.dll
[0311/112802.095:ERROR:process_reader_win.cc(233)] ReadMemory at 0x74790000 of 64 bytes failed: 仅完成部分的 ReadProcessMemory 或 WriteProcessMemory 请求。 (0x12B)
[0311/112802.095:WARNING:pe_image_reader.cc(281)] could not read dos header from C:\Windows\SYSTEM32\NETAPI32.dll
[0311/112802.095:ERROR:process_reader_win.cc(233)] ReadMemory at 0x705f0000 of 64 bytes failed: 仅完成部分的 ReadProcessMemory 或 WriteProcessMemory 请求。 (0x12B)
[0311/112802.096:WARNING:pe_image_reader.cc(281)] could not read dos header from C:\Program Files (x86)\360\360Safe\safemon\safemon.dll
[0311/112802.096:ERROR:process_reader_win.cc(233)] ReadMemory at 0x6b4a0000 of 64 bytes failed: 仅完成部分的 ReadProcessMemory 或 WriteProcessMemory 请求。 (0x12B)
[0311/112802.096:WARNING:pe_image_reader.cc(281)] could not read dos header from C:\Program Files (x86)\360\360Safe\safemon\iNetSafe.dll
[0311/112802.096:ERROR:process_reader_win.cc(233)] ReadMemory at 0x6d420000 of 64 bytes failed: 仅完成部分的 ReadProcessMemory 或 WriteProcessMemory 请求。 (0x12B)
[0311/112802.096:WARNING:pe_image_reader.cc(281)] could not read dos header from C:\Windows\WinSxS\x86_microsoft.windows.common-controls_6595b64144ccf1df_6.0.10240.16384_none_3bccb1ff6bcd1849\COMCTL32.dll
[0311/112802.096:ERROR:process_reader_win.cc(233)] ReadMemory at 0x76450000 of 64 bytes failed: 仅完成部分的 ReadProcessMemory 或 WriteProcessMemory 请求。 (0x12B)
[0311/112802.096:WARNING:pe_image_reader.cc(281)] could not read dos header from C:\Windows\SYSTEM32\COMDLG32.dll
[0311/112802.096:ERROR:process_reader_win.cc(233)] ReadMemory at 0x73040000 of 64 bytes failed: 仅完成部分的 ReadProcessMemory 或 WriteProcessMemory 请求。 (0x12B)
[0311/112802.096:WARNING:pe_image_reader.cc(281)] could not read dos header from C:\Windows\SYSTEM32\dbghelp.dll
[0311/112802.096:ERROR:process_reader_win.cc(233)] ReadMemory at 0x72840000 of 64 bytes failed: 仅完成部分的 ReadProcessMemory 或 WriteProcessMemory 请求。 (0x12B)
[0311/112802.096:WARNING:pe_image_reader.cc(281)] could not read dos header from C:\Windows\SYSTEM32\USP10.dll
[0311/112802.096:ERROR:process_reader_win.cc(233)] ReadMemory at 0x6b750000 of 64 bytes failed: 仅完成部分的 ReadProcessMemory 或 WriteProcessMemory 请求。 (0x12B)
[0311/112802.096:WARNING:pe_image_reader.cc(281)] could not read dos header from C:\Windows\SYSTEM32\WINSPOOL.DRV
[0311/112802.096:ERROR:process_reader_win.cc(233)] ReadMemory at 0x746f0000 of 64 bytes failed: 仅完成部分的 ReadProcessMemory 或 WriteProcessMemory 请求。 (0x12B)
[0311/112802.096:WARNING:pe_image_reader.cc(281)] could not read dos header from C:\Windows\SYSTEM32\WINNSI.DLL
[0311/112802.096:ERROR:process_reader_win.cc(233)] ReadMemory at 0x74760000 of 64 bytes failed: 仅完成部分的 ReadProcessMemory 或 WriteProcessMemory 请求。 (0x12B)
[0311/112802.096:WARNING:pe_image_reader.cc(281)] could not read dos header from C:\Windows\SYSTEM32\IPHLPAPI.DLL
[0311/112802.096:ERROR:process_reader_win.cc(233)] ReadMemory at 0x74370000 of 64 bytes failed: 仅完成部分的 ReadProcessMemory 或 WriteProcessMemory 请求。 (0x12B)
[0311/112802.096:WARNING:pe_image_reader.cc(281)] could not read dos header from C:\Windows\SYSTEM32\Secur32.dll
[0311/112802.096:ERROR:process_reader_win.cc(233)] ReadMemory at 0x6b560000 of 64 bytes failed: 仅完成部分的 ReadProcessMemory 或 WriteProcessMemory 请求。 (0x12B)
[0311/112802.096:WARNING:pe_image_reader.cc(281)] could not read dos header from C:\Windows\SYSTEM32\DWrite.dll
[0311/112802.096:ERROR:process_reader_win.cc(233)] ReadMemory at 0x69390000 of 64 bytes failed: 仅完成部分的 ReadProcessMemory 或 WriteProcessMemory 请求。 (0x12B)
[0311/112802.096:WARNING:pe_image_reader.cc(281)] could not read dos header from C:\Windows\SYSTEM32\FONTSUB.dll
[0311/112802.096:ERROR:process_reader_win.cc(233)] ReadMemory at 0x774f0000 of 64 bytes failed: 仅完成部分的 ReadProcessMemory 或 WriteProcessMemory 请求。 (0x12B)
[0311/112802.096:WARNING:pe_image_reader.cc(281)] could not read dos header from C:\Windows\SYSTEM32\MSASN1.dll
[0311/112802.096:ERROR:process_reader_win.cc(233)] ReadMemory at 0x76f30000 of 64 bytes failed: 仅完成部分的 ReadProcessMemory 或 WriteProcessMemory 请求。 (0x12B)
[0311/112802.096:WARNING:pe_image_reader.cc(281)] could not read dos header from C:\Windows\SYSTEM32\CRYPT32.dll
[0311/112802.096:ERROR:process_reader_win.cc(233)] ReadMemory at 0x76510000 of 64 bytes failed: 仅完成部分的 ReadProcessMemory 或 WriteProcessMemory 请求。 (0x12B)
[0311/112802.096:WARNING:pe_image_reader.cc(281)] could not read dos header from C:\Windows\SYSTEM32\WINTRUST.dll
[0311/112802.096:ERROR:process_reader_win.cc(233)] ReadMemory at 0x5b2e0000 of 64 bytes failed: 仅完成部分的 ReadProcessMemory 或 WriteProcessMemory 请求。 (0x12B)
[0311/112802.096:WARNING:pe_image_reader.cc(281)] could not read dos header from C:\Program Files (x86)\Google\Chrome\Application\56.0.2924.87\chrome_child.dll
[0311/112802.096:ERROR:process_reader_win.cc(233)] ReadMemory at 0xd90000 of 64 bytes failed: 仅完成部分的 ReadProcessMemory 或 WriteProcessMemory 请求。 (0x12B)
[0311/112802.096:WARNING:pe_image_reader.cc(281)] could not read dos header from C:\Program Files (x86)\Google\Chrome\Application\chrome.exe
[0311/112802.096:ERROR:process_reader_win.cc(233)] ReadMemory at 0x77840000 of 64 bytes failed: 仅完成部分的 ReadProcessMemory 或 WriteProcessMemory 请求。 (0x12B)
[0311/112802.096:WARNING:pe_image_reader.cc(281)] could not read dos header from C:\Windows\SYSTEM32\ntdll.dll
[0311/112802.097:ERROR:process_reader_win.cc(233)] ReadMemory at 0x77280000 of 64 bytes failed: 仅完成部分的 ReadProcessMemory 或 WriteProcessMemory 请求。 (0x12B)
[0311/112802.097:WARNING:pe_image_reader.cc(281)] could not read dos header from C:\Windows\SYSTEM32\KERNELBASE.dll
[0311/112802.097:ERROR:process_reader_win.cc(233)] ReadMemory at 0x760f0000 of 64 bytes failed: 仅完成部分的 ReadProcessMemory 或 WriteProcessMemory 请求。 (0x12B)
[0311/112802.097:WARNING:pe_image_reader.cc(281)] could not read dos header from C:\Windows\SYSTEM32\KERNEL32.DLL
[0311/112802.097:ERROR:process_reader_win.cc(233)] ReadMemory at 0x63230000 of 64 bytes failed: 仅完成部分的 ReadProcessMemory 或 WriteProcessMemory 请求。 (0x12B)
[0311/112802.097:WARNING:pe_image_reader.cc(281)] could not read dos header from C:\Windows\system32\apphelp.dll
[0311/112802.097:ERROR:process_reader_win.cc(233)] ReadMemory at 0x76cb0000 of 64 bytes failed: 仅完成部分的 ReadProcessMemory 或 WriteProcessMemory 请求。 (0x12B)
[0311/112802.097:WARNING:pe_image_reader.cc(281)] could not read dos header from C:\Windows\SYSTEM32\msvcrt.dll
[0311/112802.097:ERROR:process_reader_win.cc(233)] ReadMemory at 0x748d0000 of 64 bytes failed: 仅完成部分的 ReadProcessMemory 或 WriteProcessMemory 请求。 (0x12B)
[0311/112802.097:WARNING:pe_image_reader.cc(281)] could not read dos header from C:\Windows\SYSTEM32\VERSION.dll
[0311/112802.097:ERROR:process_reader_win.cc(233)] ReadMemory at 0x697b0000 of 64 bytes failed: 仅完成部分的 ReadProcessMemory 或 WriteProcessMemory 请求。 (0x12B)
[0311/112802.097:WARNING:pe_image_reader.cc(281)] could not read dos header from C:\Program Files (x86)\Google\Chrome\Application\56.0.2924.87\chrome_elf.dll
[0311/112802.097:ERROR:process_reader_win.cc(233)] ReadMemory at 0x748e0000 of 64 bytes failed: 仅完成部分的 ReadProcessMemory 或 WriteProcessMemory 请求。 (0x12B)
[0311/112802.097:WARNING:pe_image_reader.cc(281)] could not read dos header from C:\Windows\SYSTEM32\bcryptPrimitives.dll
[0311/112802.097:ERROR:process_reader_win.cc(233)] ReadMemory at 0x74940000 of 64 bytes failed: 仅完成部分的 ReadProcessMemory 或 WriteProcessMemory 请求。 (0x12B)
[0311/112802.097:WARNING:pe_image_reader.cc(281)] could not read dos header from C:\Windows\SYSTEM32\CRYPTBASE.dll
[0311/112802.097:ERROR:process_reader_win.cc(233)] ReadMemory at 0x74950000 of 64 bytes failed: 仅完成部分的 ReadProcessMemory 或 WriteProcessMemory 请求。 (0x12B)
[0311/112802.097:WARNING:pe_image_reader.cc(281)] could not read dos header from C:\Windows\SYSTEM32\SspiCli.dll
[0311/112802.097:ERROR:process_reader_win.cc(233)] ReadMemory at 0x77440000 of 64 bytes failed: 仅完成部分的 ReadProcessMemory 或 WriteProcessMemory 请求。 (0x12B)
[0311/112802.097:WARNING:pe_image_reader.cc(281)] could not read dos header from C:\Windows\SYSTEM32\RPCRT4.dll
[0311/112802.097:ERROR:process_reader_win.cc(233)] ReadMemory at 0x76a50000 of 64 bytes failed: 仅完成部分的 ReadProcessMemory 或 WriteProcessMemory 请求。 (0x12B)
[0311/112802.097:WARNING:pe_image_reader.cc(281)] could not read dos header from C:\Windows\SYSTEM32\sechost.dll
[0311/112802.097:ERROR:process_reader_win.cc(233)] ReadMemory at 0x74a70000 of 64 bytes failed: 仅完成部分的 ReadProcessMemory 或 WriteProcessMemory 请求。 (0x12B)
[0311/112802.097:WARNING:pe_image_reader.cc(281)] could not read dos header from C:\Windows\SYSTEM32\ADVAPI32.dll
[0311/112802.097:ERROR:process_reader_win.cc(233)] ReadMemory at 0x76aa0000 of 64 bytes failed: 仅完成部分的 ReadProcessMemory 或 WriteProcessMemory 请求。 (0x12B)
[0311/112802.097:WARNING:pe_image_reader.cc(281)] could not read dos header from C:\Windows\SYSTEM32\PSAPI.DLL
[0311/112802.097:ERROR:process_reader_win.cc(233)] ReadMemory at 0x76d70000 of 64 bytes failed: 仅完成部分的 ReadProcessMemory 或 WriteProcessMemory 请求。 (0x12B)
[0311/112802.097:WARNING:pe_image_reader.cc(281)] could not read dos header from C:\Windows\SYSTEM32\combase.dll
[0311/112802.097:ERROR:process_reader_win.cc(233)] ReadMemory at 0x76ab0000 of 64 bytes failed: 仅完成部分的 ReadProcessMemory 或 WriteProcessMemory 请求。 (0x12B)
[0311/112802.097:WARNING:pe_image_reader.cc(281)] could not read dos header from C:\Windows\SYSTEM32\USER32.dll
[0311/112802.097:ERROR:process_reader_win.cc(233)] ReadMemory at 0x77530000 of 64 bytes failed: 仅完成部分的 ReadProcessMemory 或 WriteProcessMemory 请求。 (0x12B)
[0311/112802.097:WARNING:pe_image_reader.cc(281)] could not read dos header from C:\Windows\SYSTEM32\GDI32.dll
[0311/112802.097:ERROR:process_reader_win.cc(233)] ReadMemory at 0x75eb0000 of 64 bytes failed: 仅完成部分的 ReadProcessMemory 或 WriteProcessMemory 请求。 (0x12B)
[0311/112802.097:WARNING:pe_image_reader.cc(281)] could not read dos header from C:\Windows\SYSTEM32\MSCTF.dll
[0311/112802.097:ERROR:process_reader_win.cc(233)] ReadMemory at 0x77500000 of 64 bytes failed: 仅完成部分的 ReadProcessMemory 或 WriteProcessMemory 请求。 (0x12B)
[0311/112802.097:WARNING:pe_image_reader.cc(281)] could not read dos header from C:\Windows\SYSTEM32\IMM32.DLL
[0311/112802.097:ERROR:process_reader_win.cc(233)] ReadMemory at 0x76040000 of 64 bytes failed: 仅完成部分的 ReadProcessMemory 或 WriteProcessMemory 请求。 (0x12B)
[0311/112802.097:WARNING:pe_image_reader.cc(281)] could not read dos header from C:\Windows\SYSTEM32\shlwapi.dll
[0311/112802.097:ERROR:process_reader_win.cc(233)] ReadMemory at 0x76a40000 of 64 bytes failed: 仅完成部分的 ReadProcessMemory 或 WriteProcessMemory 请求。 (0x12B)
[0311/112802.097:WARNING:pe_image_reader.cc(281)] could not read dos header from C:\Windows\SYSTEM32\kernel.appcore.dll
[0311/112802.097:ERROR:process_reader_win.cc(233)] ReadMemory at 0x76270000 of 64 bytes failed: 仅完成部分的 ReadProcessMemory 或 WriteProcessMemory 请求。 (0x12B)
[0311/112802.098:WARNING:pe_image_reader.cc(281)] could not read dos header from C:\Windows\SYSTEM32\shcore.dll
[0311/112802.098:ERROR:process_reader_win.cc(233)] ReadMemory at 0x75ff0000 of 64 bytes failed: 仅完成部分的 ReadProcessMemory 或 WriteProcessMemory 请求。 (0x12B)
[0311/112802.098:WARNING:pe_image_reader.cc(281)] could not read dos header from C:\Windows\SYSTEM32\powrprof.dll
[0311/112802.098:ERROR:process_reader_win.cc(233)] ReadMemory at 0x77830000 of 64 bytes failed: 仅完成部分的 ReadProcessMemory 或 WriteProcessMemory 请求。 (0x12B)
[0311/112802.098:WARNING:pe_image_reader.cc(281)] could not read dos header from C:\Windows\SYSTEM32\profapi.dll
[0311/112802.098:ERROR:process_reader_win.cc(233)] ReadMemory at 0x76560000 of 64 bytes failed: 仅完成部分的 ReadProcessMemory 或 WriteProcessMemory 请求。 (0x12B)
[0311/112802.098:WARNING:pe_image_reader.cc(281)] could not read dos header from C:\Windows\SYSTEM32\windows.storage.dll
[0311/112802.098:ERROR:process_reader_win.cc(233)] ReadMemory at 0x74af0000 of 64 bytes failed: 仅完成部分的 ReadProcessMemory 或 WriteProcessMemory 请求。 (0x12B)
[0311/112802.098:WARNING:pe_image_reader.cc(281)] could not read dos header from C:\Windows\SYSTEM32\SHELL32.dll
[0311/112802.098:ERROR:process_reader_win.cc(233)] ReadMemory at 0x77400000 of 64 bytes failed: 仅完成部分的 ReadProcessMemory 或 WriteProcessMemory 请求。 (0x12B)
[0311/112802.098:WARNING:pe_image_reader.cc(281)] could not read dos header from C:\Windows\SYSTEM32\cfgmgr32.dll
[0311/112802.098:ERROR:process_reader_win.cc(233)] ReadMemory at 0x743c0000 of 64 bytes failed: 仅完成部分的 ReadProcessMemory 或 WriteProcessMemory 请求。 (0x12B)
[0311/112802.098:WARNING:pe_image_reader.cc(281)] could not read dos header from C:\Windows\SYSTEM32\DEVOBJ.dll
[0311/112802.098:ERROR:process_reader_win.cc(233)] ReadMemory at 0x743f0000 of 64 bytes failed: 仅完成部分的 ReadProcessMemory 或 WriteProcessMemory 请求。 (0x12B)
[0311/112802.098:WARNING:pe_image_reader.cc(281)] could not read dos header from C:\Windows\SYSTEM32\WINMMBASE.dll
[0311/112802.098:ERROR:process_reader_win.cc(233)] ReadMemory at 0x74420000 of 64 bytes failed: 仅完成部分的 ReadProcessMemory 或 WriteProcessMemory 请求。 (0x12B)
[0311/112802.098:WARNING:pe_image_reader.cc(281)] could not read dos header from C:\Windows\SYSTEM32\WINMM.dll
[0311/112802.098:ERROR:process_reader_win.cc(233)] ReadMemory at 0x748c0000 of 64 bytes failed: 仅完成部分的 ReadProcessMemory 或 WriteProcessMemory 请求。 (0x12B)
[0311/112802.098:WARNING:pe_image_reader.cc(281)] could not read dos header from C:\Windows\SYSTEM32\WTSAPI32.dll
[0311/112802.098:ERROR:process_reader_win.cc(233)] ReadMemory at 0x748a0000 of 64 bytes failed: 仅完成部分的 ReadProcessMemory 或 WriteProcessMemory 请求。 (0x12B)
[0311/112802.098:WARNING:pe_image_reader.cc(281)] could not read dos header from C:\Windows\SYSTEM32\USERENV.dll
[0311/112802.098:ERROR:process_reader_win.cc(233)] ReadMemory at 0x72960000 of 64 bytes failed: 仅完成部分的 ReadProcessMemory 或 WriteProcessMemory 请求。 (0x12B)
[0311/112802.098:WARNING:pe_image_reader.cc(281)] could not read dos header from C:\Windows\SYSTEM32\WINHTTP.dll
[0311/112802.098:ERROR:process_reader_win.cc(233)] ReadMemory at 0x76300000 of 64 bytes failed: 仅完成部分的 ReadProcessMemory 或 WriteProcessMemory 请求。 (0x12B)
[0311/112802.098:WARNING:pe_image_reader.cc(281)] could not read dos header from C:\Windows\SYSTEM32\ole32.dll
[0311/112802.098:ERROR:process_reader_win.cc(233)] ReadMemory at 0x76c10000 of 64 bytes failed: 仅完成部分的 ReadProcessMemory 或 WriteProcessMemory 请求。 (0x12B)
[0311/112802.098:WARNING:pe_image_reader.cc(281)] could not read dos header from C:\Windows\SYSTEM32\OLEAUT32.dll
[0311/112802.098:ERROR:process_reader_win.cc(233)] ReadMemory at 0x76bf0000 of 64 bytes failed: 仅完成部分的 ReadProcessMemory 或 WriteProcessMemory 请求。 (0x12B)
[0311/112802.099:WARNING:pe_image_reader.cc(281)] could not read dos header from C:\Windows\SYSTEM32\NSI.dll
[0311/112802.099:ERROR:process_reader_win.cc(233)] ReadMemory at 0x74a10000 of 64 bytes failed: 仅完成部分的 ReadProcessMemory 或 WriteProcessMemory 请求。 (0x12B)
[0311/112802.099:WARNING:pe_image_reader.cc(281)] could not read dos header from C:\Windows\SYSTEM32\WS2_32.dll
[0311/112802.099:ERROR:process_reader_win.cc(233)] ReadMemory at 0x74700000 of 64 bytes failed: 仅完成部分的 ReadProcessMemory 或 WriteProcessMemory 请求。 (0x12B)
[0311/112802.099:WARNING:pe_image_reader.cc(281)] could not read dos header from C:\Windows\SYSTEM32\bcrypt.dll
[0311/112802.099:ERROR:process_reader_win.cc(233)] ReadMemory at 0x74750000 of 64 bytes failed: 仅完成部分的 ReadProcessMemory 或 WriteProcessMemory 请求。 (0x12B)
[0311/112802.099:WARNING:pe_image_reader.cc(281)] could not read dos header from C:\Windows\SYSTEM32\wkscli.dll
[0311/112802.099:ERROR:process_reader_win.cc(233)] ReadMemory at 0x74730000 of 64 bytes failed: 仅完成部分的 ReadProcessMemory 或 WriteProcessMemory 请求。 (0x12B)
[0311/112802.099:WARNING:pe_image_reader.cc(281)] could not read dos header from C:\Windows\SYSTEM32\srvcli.dll
[0311/112802.099:ERROR:process_reader_win.cc(233)] ReadMemory at 0x74720000 of 64 bytes failed: 仅完成部分的 ReadProcessMemory 或 WriteProcessMemory 请求。 (0x12B)
[0311/112802.099:WARNING:pe_image_reader.cc(281)] could not read dos header from C:\Windows\SYSTEM32\netutils.dll
[0311/112802.099:ERROR:process_reader_win.cc(233)] ReadMemory at 0x74790000 of 64 bytes failed: 仅完成部分的 ReadProcessMemory 或 WriteProcessMemory 请求。 (0x12B)
[0311/112802.099:WARNING:pe_image_reader.cc(281)] could not read dos header from C:\Windows\SYSTEM32\NETAPI32.dll
[0311/112802.099:ERROR:process_reader_win.cc(233)] ReadMemory at 0x705f0000 of 64 bytes failed: 仅完成部分的 ReadProcessMemory 或 WriteProcessMemory 请求。 (0x12B)
[0311/112802.099:WARNING:pe_image_reader.cc(281)] could not read dos header from C:\Program Files (x86)\360\360Safe\safemon\safemon.dll
[0311/112802.099:ERROR:process_reader_win.cc(233)] ReadMemory at 0x6b4a0000 of 64 bytes failed: 仅完成部分的 ReadProcessMemory 或 WriteProcessMemory 请求。 (0x12B)
[0311/112802.099:WARNING:pe_image_reader.cc(281)] could not read dos header from C:\Program Files (x86)\360\360Safe\safemon\iNetSafe.dll
[0311/112802.099:ERROR:process_reader_win.cc(233)] ReadMemory at 0x6d420000 of 64 bytes failed: 仅完成部分的 ReadProcessMemory 或 WriteProcessMemory 请求。 (0x12B)
[0311/112802.099:WARNING:pe_image_reader.cc(281)] could not read dos header from C:\Windows\WinSxS\x86_microsoft.windows.common-controls_6595b64144ccf1df_6.0.10240.16384_none_3bccb1ff6bcd1849\COMCTL32.dll
[0311/112802.099:ERROR:process_reader_win.cc(233)] ReadMemory at 0x76450000 of 64 bytes failed: 仅完成部分的 ReadProcessMemory 或 WriteProcessMemory 请求。 (0x12B)
[0311/112802.099:WARNING:pe_image_reader.cc(281)] could not read dos header from C:\Windows\SYSTEM32\COMDLG32.dll
[0311/112802.099:ERROR:process_reader_win.cc(233)] ReadMemory at 0x73040000 of 64 bytes failed: 仅完成部分的 ReadProcessMemory 或 WriteProcessMemory 请求。 (0x12B)
[0311/112802.099:WARNING:pe_image_reader.cc(281)] could not read dos header from C:\Windows\SYSTEM32\dbghelp.dll
[0311/112802.099:ERROR:process_reader_win.cc(233)] ReadMemory at 0x72840000 of 64 bytes failed: 仅完成部分的 ReadProcessMemory 或 WriteProcessMemory 请求。 (0x12B)
[0311/112802.099:WARNING:pe_image_reader.cc(281)] could not read dos header from C:\Windows\SYSTEM32\USP10.dll
[0311/112802.099:ERROR:process_reader_win.cc(233)] ReadMemory at 0x6b750000 of 64 bytes failed: 仅完成部分的 ReadProcessMemory 或 WriteProcessMemory 请求。 (0x12B)
[0311/112802.099:WARNING:pe_image_reader.cc(281)] could not read dos header from C:\Windows\SYSTEM32\WINSPOOL.DRV
[0311/112802.099:ERROR:process_reader_win.cc(233)] ReadMemory at 0x746f0000 of 64 bytes failed: 仅完成部分的 ReadProcessMemory 或 WriteProcessMemory 请求。 (0x12B)
[0311/112802.099:WARNING:pe_image_reader.cc(281)] could not read dos header from C:\Windows\SYSTEM32\WINNSI.DLL
[0311/112802.099:ERROR:process_reader_win.cc(233)] ReadMemory at 0x74760000 of 64 bytes failed: 仅完成部分的 ReadProcessMemory 或 WriteProcessMemory 请求。 (0x12B)
[0311/112802.099:WARNING:pe_image_reader.cc(281)] could not read dos header from C:\Windows\SYSTEM32\IPHLPAPI.DLL
[0311/112802.099:ERROR:process_reader_win.cc(233)] ReadMemory at 0x74370000 of 64 bytes failed: 仅完成部分的 ReadProcessMemory 或 WriteProcessMemory 请求。 (0x12B)
[0311/112802.099:WARNING:pe_image_reader.cc(281)] could not read dos header from C:\Windows\SYSTEM32\Secur32.dll
[0311/112802.099:ERROR:process_reader_win.cc(233)] ReadMemory at 0x6b560000 of 64 bytes failed: 仅完成部分的 ReadProcessMemory 或 WriteProcessMemory 请求。 (0x12B)
[0311/112802.099:WARNING:pe_image_reader.cc(281)] could not read dos header from C:\Windows\SYSTEM32\DWrite.dll
[0311/112802.099:ERROR:process_reader_win.cc(233)] ReadMemory at 0x69390000 of 64 bytes failed: 仅完成部分的 ReadProcessMemory 或 WriteProcessMemory 请求。 (0x12B)
[0311/112802.099:WARNING:pe_image_reader.cc(281)] could not read dos header from C:\Windows\SYSTEM32\FONTSUB.dll
[0311/112802.099:ERROR:process_reader_win.cc(233)] ReadMemory at 0x774f0000 of 64 bytes failed: 仅完成部分的 ReadProcessMemory 或 WriteProcessMemory 请求。 (0x12B)
[0311/112802.099:WARNING:pe_image_reader.cc(281)] could not read dos header from C:\Windows\SYSTEM32\MSASN1.dll
[0311/112802.099:ERROR:process_reader_win.cc(233)] ReadMemory at 0x76f30000 of 64 bytes failed: 仅完成部分的 ReadProcessMemory 或 WriteProcessMemory 请求。 (0x12B)
[0311/112802.099:WARNING:pe_image_reader.cc(281)] could not read dos header from C:\Windows\SYSTEM32\CRYPT32.dll
[0311/112802.099:ERROR:process_reader_win.cc(233)] ReadMemory at 0x76510000 of 64 bytes failed: 仅完成部分的 ReadProcessMemory 或 WriteProcessMemory 请求。 (0x12B)
[0311/112802.099:WARNING:pe_image_reader.cc(281)] could not read dos header from C:\Windows\SYSTEM32\WINTRUST.dll
[0311/112802.099:ERROR:process_reader_win.cc(233)] ReadMemory at 0x5b2e0000 of 64 bytes failed: 仅完成部分的 ReadProcessMemory 或 WriteProcessMemory 请求。 (0x12B)
[0311/112802.099:WARNING:pe_image_reader.cc(281)] could not read dos header from C:\Program Files (x86)\Google\Chrome\Application\56.0.2924.87\chrome_child.dll
[0311/112802.116:ERROR:process_reader_win.cc(233)] ReadMemory at 0x5005000 of 45056 bytes failed: 仅完成部分的 ReadProcessMemory 或 WriteProcessMemory 请求。 (0x12B)
[0311/112802.116:ERROR:crash_report_exception_handler.cc(111)] WriteEverything failed
[0311/112802.117:ERROR:scoped_process_suspend.cc(38)] NtResumeProcess: 已尝试访问正在退出的过程。  (0xc000010a)
[0314/165815.083:ERROR:process_info.cc(608)] range at 0xfefda000, size 0x230 fully unreadable
[0314/165815.094:ERROR:process_info.cc(608)] range at 0xfefdf000, size 0xf84 fully unreadable
[0314/165815.142:ERROR:process_reader_win.cc(233)] ReadMemory at 0x4fb5000 of 45056 bytes failed: 仅完成部分的 ReadProcessMemory 或 WriteProcessMemory 请求。 (0x12B)
[0314/165815.143:ERROR:crash_report_exception_handler.cc(111)] WriteEverything failed
[0314/165815.144:ERROR:scoped_process_suspend.cc(38)] NtResumeProcess: 已尝试访问正在退出的过程。  (0xc000010a)
[0315/154403.323:ERROR:process_info.cc(608)] range at 0xfe9e3000, size 0x230 fully unreadable
[0315/154403.338:ERROR:process_info.cc(608)] range at 0xfe9ef000, size 0xf84 fully unreadable
[0315/154609.508:ERROR:http_transport_win.cc(50)] WinHttpSendRequest: 操作超时  (0x2EE2)
[0315/163233.708:ERROR:process_info.cc(608)] range at 0xfe727000, size 0x230 fully unreadable
[0315/163233.717:ERROR:process_info.cc(608)] range at 0xfe72f000, size 0xf84 fully unreadable
[0315/163233.717:ERROR:process_info.cc(608)] range at 0xfe72c000, size 0xf84 fully unreadable
[0315/163233.717:ERROR:process_info.cc(608)] range at 0xfe725000, size 0xf84 fully unreadable
[0315/163233.717:ERROR:process_info.cc(608)] range at 0xfe6ef000, size 0xf84 fully unreadable
[0315/163233.717:ERROR:process_info.cc(608)] range at 0xfe6ec000, size 0xf84 fully unreadable
[0315/163233.717:ERROR:process_info.cc(608)] range at 0xfe6e9000, size 0xf84 fully unreadable
[0315/163233.717:ERROR:process_info.cc(608)] range at 0xfe6e6000, size 0xf84 fully unreadable
[0315/163233.717:ERROR:process_info.cc(608)] range at 0xfe5df000, size 0xf84 fully unreadable
[0315/163233.717:ERROR:process_info.cc(608)] range at 0xfe5dc000, size 0xf84 fully unreadable
[0315/163233.717:ERROR:process_info.cc(608)] range at 0xfe5d9000, size 0xf84 fully unreadable
[0315/163233.717:ERROR:process_info.cc(608)] range at 0xfe5d6000, size 0xf84 fully unreadable
[0315/163233.718:ERROR:process_info.cc(608)] range at 0xfe5d3000, size 0xf84 fully unreadable
[0315/163347.765:ERROR:process_info.cc(608)] range at 0xfef7f000, size 0x230 fully unreadable
[0315/163347.790:ERROR:process_info.cc(608)] range at 0xfef7e000, size 0xf84 fully unreadable
[0315/163538.075:ERROR:process_info.cc(608)] range at 0xff1cf000, size 0x230 fully unreadable
[0315/163538.075:ERROR:process_info.cc(608)] range at 0xff1ce000, size 0xf84 fully unreadable
[0315/165418.526:ERROR:process_reader_win.cc(142)] SuspendThread: 拒绝访问。 (0x5)
[0315/165418.542:ERROR:process_reader_win.cc(142)] SuspendThread: 拒绝访问。 (0x5)
[0315/165418.542:ERROR:process_reader_win.cc(142)] SuspendThread: 拒绝访问。 (0x5)
[0315/165418.542:ERROR:process_info.cc(608)] range at 0xfe8f9000, size 0x230 fully unreadable
[0315/165418.542:ERROR:process_info.cc(608)] range at 0xfe8ff000, size 0xf84 fully unreadable
[0315/165624.692:ERROR:http_transport_win.cc(50)] WinHttpSendRequest: 操作超时  (0x2EE2)
[0316/093703.597:ERROR:process_info.cc(608)] range at 0xfe898000, size 0x230 fully unreadable
[0316/093703.606:ERROR:process_info.cc(608)] range at 0xfe89f000, size 0xf84 fully unreadable
[0316/093909.724:ERROR:http_transport_win.cc(50)] WinHttpSendRequest: 操作超时  (0x2EE2)
[0316/093959.974:ERROR:process_info.cc(608)] range at 0xff2fc000, size 0x230 fully unreadable
[0316/093959.982:ERROR:process_info.cc(608)] range at 0xff2ff000, size 0xf84 fully unreadable
[0316/094045.316:ERROR:process_info.cc(608)] range at 0xfe7e6000, size 0x230 fully unreadable
[0316/094045.323:ERROR:process_info.cc(608)] range at 0xfe7ef000, size 0xf84 fully unreadable
[0316/094118.144:ERROR:process_info.cc(608)] range at 0xff09e000, size 0x230 fully unreadable
[0316/094118.151:ERROR:process_info.cc(608)] range at 0xff09d000, size 0xf84 fully unreadable
[0406/111115.887:ERROR:process_reader_win.cc(142)] SuspendThread: 拒绝访问。 (0x5)
[0406/111115.889:ERROR:process_reader_win.cc(142)] SuspendThread: 拒绝访问。 (0x5)
[0406/111115.889:ERROR:process_reader_win.cc(142)] SuspendThread: 拒绝访问。 (0x5)
[0406/111115.889:ERROR:process_reader_win.cc(142)] SuspendThread: 拒绝访问。 (0x5)
[0406/111115.889:ERROR:process_reader_win.cc(142)] SuspendThread: 拒绝访问。 (0x5)
[0406/111115.890:ERROR:process_info.cc(608)] range at 0xfeae6000, size 0x230 fully unreadable
[0406/111115.896:ERROR:process_info.cc(608)] range at 0xfeaee000, size 0xf84 fully unreadable
