[ 2017-11-02T10:56:56+08:00 ] ::1 /smartorder/admin.php
INFO: [ app_init ] --START--
INFO: Run Behavior\BuildLiteBehavior [ RunTime:0.000116s ]
INFO: [ app_init ] --END-- [ RunTime:0.011340s ]
INFO: [ app_begin ] --START--
INFO: Run Behavior\ReadHtmlCacheBehavior [ RunTime:0.001616s ]
INFO: [ app_begin ] --END-- [ RunTime:0.001747s ]

[ 2017-11-02T10:56:57+08:00 ] ::1 /smartorder/admin.php/Public/login.html
INFO: [ app_init ] --START--
INFO: Run Behavior\BuildLiteBehavior [ RunTime:0.000019s ]
INFO: [ app_init ] --END-- [ RunTime:0.000696s ]
INFO: [ app_begin ] --START--
INFO: Run Behavior\ReadHtmlCacheBehavior [ RunTime:0.000914s ]
INFO: [ app_begin ] --END-- [ RunTime:0.001009s ]
INFO: [ view_parse ] --START--
INFO: [ template_filter ] --START--
INFO: Run Behavior\ContentReplaceBehavior [ RunTime:0.000093s ]
INFO: [ template_filter ] --END-- [ RunTime:0.000161s ]
INFO: Run Behavior\ParseTemplateBehavior [ RunTime:0.009727s ]
INFO: [ view_parse ] --END-- [ RunTime:0.009814s ]
INFO: [ view_filter ] --START--
INFO: Run Behavior\WriteHtmlCacheBehavior [ RunTime:0.000668s ]
INFO: [ view_filter ] --END-- [ RunTime:0.000723s ]
INFO: [ app_end ] --START--
INFO: Run Behavior\ShowPageTraceBehavior [ RunTime:0.000966s ]
INFO: Run Common\Behavior\CronRunBehavior [ RunTime:0.004452s ]
INFO: [ app_end ] --END-- [ RunTime:0.005538s ]

[ 2017-11-02T10:56:57+08:00 ] ::1 /smartorder/admin.php/Public/verify.html
INFO: [ app_init ] --START--
INFO: Run Behavior\BuildLiteBehavior [ RunTime:0.000020s ]
INFO: [ app_init ] --END-- [ RunTime:0.000668s ]
INFO: [ app_begin ] --START--
INFO: Run Behavior\ReadHtmlCacheBehavior [ RunTime:0.001065s ]
INFO: [ app_begin ] --END-- [ RunTime:0.001172s ]
INFO: [ app_end ] --START--
INFO: Run Behavior\ShowPageTraceBehavior [ RunTime:0.001930s ]
INFO: Run Common\Behavior\CronRunBehavior [ RunTime:0.005360s ]
INFO: [ app_end ] --END-- [ RunTime:0.007608s ]

[ 2017-11-02T10:57:10+08:00 ] ::1 /smartorder/admin.php/Public/login.html
INFO: [ app_init ] --START--
INFO: Run Behavior\BuildLiteBehavior [ RunTime:0.000016s ]
INFO: [ app_init ] --END-- [ RunTime:0.000643s ]
INFO: [ app_begin ] --START--
INFO: Run Behavior\ReadHtmlCacheBehavior [ RunTime:0.000739s ]
INFO: [ app_begin ] --END-- [ RunTime:0.000796s ]
NOTIC: [8] Undefined index: lite E:\xampp\htdocs\SmartOrder\ThinkPHP\Library\Think\Db.class.php 第 37 行.

[ 2017-11-02T10:57:10+08:00 ] ::1 /smartorder/admin.php/Public/verify.html?0.9594425988663746
INFO: [ app_init ] --START--
INFO: Run Behavior\BuildLiteBehavior [ RunTime:0.000011s ]
INFO: [ app_init ] --END-- [ RunTime:0.000394s ]
INFO: [ app_begin ] --START--
INFO: Run Behavior\ReadHtmlCacheBehavior [ RunTime:0.000502s ]
INFO: [ app_begin ] --END-- [ RunTime:0.000554s ]
INFO: [ app_end ] --START--
INFO: Run Behavior\ShowPageTraceBehavior [ RunTime:0.000695s ]
INFO: Run Common\Behavior\CronRunBehavior [ RunTime:0.002400s ]
INFO: [ app_end ] --END-- [ RunTime:0.003189s ]

[ 2017-11-02T10:57:10+08:00 ] ::1 /smartorder/admin.php/Public/verify.html?0.7463851667771504
INFO: [ app_init ] --START--
INFO: Run Behavior\BuildLiteBehavior [ RunTime:0.000012s ]
INFO: [ app_init ] --END-- [ RunTime:0.000443s ]
INFO: [ app_begin ] --START--
INFO: Run Behavior\ReadHtmlCacheBehavior [ RunTime:0.000613s ]
INFO: [ app_begin ] --END-- [ RunTime:0.000666s ]
INFO: [ app_end ] --START--
INFO: Run Behavior\ShowPageTraceBehavior [ RunTime:0.000712s ]
INFO: Run Common\Behavior\CronRunBehavior [ RunTime:0.002433s ]
INFO: [ app_end ] --END-- [ RunTime:0.003238s ]

[ 2017-11-02T10:57:23+08:00 ] ::1 /smartorder/admin.php/Public/login.html
INFO: [ app_init ] --START--
INFO: Run Behavior\BuildLiteBehavior [ RunTime:0.000014s ]
INFO: [ app_init ] --END-- [ RunTime:0.000547s ]
INFO: [ app_begin ] --START--
INFO: Run Behavior\ReadHtmlCacheBehavior [ RunTime:0.000705s ]
INFO: [ app_begin ] --END-- [ RunTime:0.000756s ]

[ 2017-11-02T10:57:23+08:00 ] ::1 /smartorder/admin.php/Public/verify.html?0.48165920073410984
INFO: [ app_init ] --START--
INFO: Run Behavior\BuildLiteBehavior [ RunTime:0.000014s ]
INFO: [ app_init ] --END-- [ RunTime:0.000455s ]
INFO: [ app_begin ] --START--
INFO: Run Behavior\ReadHtmlCacheBehavior [ RunTime:0.000524s ]
INFO: [ app_begin ] --END-- [ RunTime:0.000573s ]
INFO: [ app_end ] --START--
INFO: Run Behavior\ShowPageTraceBehavior [ RunTime:0.000677s ]
INFO: Run Common\Behavior\CronRunBehavior [ RunTime:0.002387s ]
INFO: [ app_end ] --END-- [ RunTime:0.003162s ]

[ 2017-11-02T10:57:23+08:00 ] ::1 /smartorder/admin.php/Public/verify.html?0.7608226840034382
INFO: [ app_init ] --START--
INFO: Run Behavior\BuildLiteBehavior [ RunTime:0.000012s ]
INFO: [ app_init ] --END-- [ RunTime:0.000433s ]
INFO: [ app_begin ] --START--
INFO: Run Behavior\ReadHtmlCacheBehavior [ RunTime:0.000608s ]
INFO: [ app_begin ] --END-- [ RunTime:0.000663s ]
INFO: [ app_end ] --START--
INFO: Run Behavior\ShowPageTraceBehavior [ RunTime:0.000683s ]
INFO: Run Common\Behavior\CronRunBehavior [ RunTime:0.002100s ]
INFO: [ app_end ] --END-- [ RunTime:0.002872s ]

[ 2017-11-02T10:57:25+08:00 ] ::1 /smartorder/admin.php/Public/login.html
INFO: [ app_init ] --START--
INFO: Run Behavior\BuildLiteBehavior [ RunTime:0.000018s ]
INFO: [ app_init ] --END-- [ RunTime:0.000568s ]
INFO: [ app_begin ] --START--
INFO: Run Behavior\ReadHtmlCacheBehavior [ RunTime:0.000814s ]
INFO: [ app_begin ] --END-- [ RunTime:0.000889s ]
INFO: [ view_parse ] --START--
INFO: [ template_filter ] --START--
INFO: Run Behavior\ContentReplaceBehavior [ RunTime:0.000071s ]
INFO: [ template_filter ] --END-- [ RunTime:0.000127s ]
INFO: Run Behavior\ParseTemplateBehavior [ RunTime:0.006794s ]
INFO: [ view_parse ] --END-- [ RunTime:0.006878s ]
INFO: [ view_filter ] --START--
INFO: Run Behavior\WriteHtmlCacheBehavior [ RunTime:0.000456s ]
INFO: [ view_filter ] --END-- [ RunTime:0.000489s ]
INFO: [ app_end ] --START--
INFO: Run Behavior\ShowPageTraceBehavior [ RunTime:0.000615s ]
INFO: Run Common\Behavior\CronRunBehavior [ RunTime:0.002082s ]
INFO: [ app_end ] --END-- [ RunTime:0.002772s ]

[ 2017-11-02T10:57:25+08:00 ] ::1 /smartorder/admin.php/Public/verify.html
INFO: [ app_init ] --START--
INFO: Run Behavior\BuildLiteBehavior [ RunTime:0.000014s ]
INFO: [ app_init ] --END-- [ RunTime:0.000502s ]
INFO: [ app_begin ] --START--
INFO: Run Behavior\ReadHtmlCacheBehavior [ RunTime:0.000709s ]
INFO: [ app_begin ] --END-- [ RunTime:0.000772s ]
INFO: [ app_end ] --START--
INFO: Run Behavior\ShowPageTraceBehavior [ RunTime:0.000949s ]
INFO: Run Common\Behavior\CronRunBehavior [ RunTime:0.003576s ]
INFO: [ app_end ] --END-- [ RunTime:0.004698s ]

[ 2017-11-02T10:57:41+08:00 ] ::1 /smartorder/admin.php/Public/login.html
INFO: [ app_init ] --START--
INFO: Run Behavior\BuildLiteBehavior [ RunTime:0.000016s ]
INFO: [ app_init ] --END-- [ RunTime:0.000497s ]
INFO: [ app_begin ] --START--
INFO: Run Behavior\ReadHtmlCacheBehavior [ RunTime:0.000837s ]
INFO: [ app_begin ] --END-- [ RunTime:0.000904s ]
NOTIC: [8] Undefined index: lite E:\xampp\htdocs\SmartOrder\ThinkPHP\Library\Think\Db.class.php 第 37 行.

[ 2017-11-02T10:57:41+08:00 ] ::1 /smartorder/admin.php/Public/verify.html?0.4206634452746312
INFO: [ app_init ] --START--
INFO: Run Behavior\BuildLiteBehavior [ RunTime:0.000013s ]
INFO: [ app_init ] --END-- [ RunTime:0.000451s ]
INFO: [ app_begin ] --START--
INFO: Run Behavior\ReadHtmlCacheBehavior [ RunTime:0.000611s ]
INFO: [ app_begin ] --END-- [ RunTime:0.000663s ]
INFO: [ app_end ] --START--
INFO: Run Behavior\ShowPageTraceBehavior [ RunTime:0.000912s ]
INFO: Run Common\Behavior\CronRunBehavior [ RunTime:0.002402s ]
INFO: [ app_end ] --END-- [ RunTime:0.003432s ]

[ 2017-11-02T10:57:41+08:00 ] ::1 /smartorder/admin.php/Public/verify.html?0.9923400848069652
INFO: [ app_init ] --START--
INFO: Run Behavior\BuildLiteBehavior [ RunTime:0.000012s ]
INFO: [ app_init ] --END-- [ RunTime:0.000425s ]
INFO: [ app_begin ] --START--
INFO: Run Behavior\ReadHtmlCacheBehavior [ RunTime:0.000539s ]
INFO: [ app_begin ] --END-- [ RunTime:0.000590s ]
INFO: [ app_end ] --START--
INFO: Run Behavior\ShowPageTraceBehavior [ RunTime:0.000623s ]
INFO: Run Common\Behavior\CronRunBehavior [ RunTime:0.002186s ]
INFO: [ app_end ] --END-- [ RunTime:0.002904s ]

[ 2017-11-02T10:57:43+08:00 ] ::1 /smartorder/admin.php/Public/login.html
INFO: [ app_init ] --START--
INFO: Run Behavior\BuildLiteBehavior [ RunTime:0.000016s ]
INFO: [ app_init ] --END-- [ RunTime:0.000672s ]
INFO: [ app_begin ] --START--
INFO: Run Behavior\ReadHtmlCacheBehavior [ RunTime:0.000786s ]
INFO: [ app_begin ] --END-- [ RunTime:0.000859s ]
INFO: [ view_parse ] --START--
INFO: [ template_filter ] --START--
INFO: Run Behavior\ContentReplaceBehavior [ RunTime:0.000110s ]
INFO: [ template_filter ] --END-- [ RunTime:0.000211s ]
INFO: Run Behavior\ParseTemplateBehavior [ RunTime:0.009704s ]
INFO: [ view_parse ] --END-- [ RunTime:0.009784s ]
INFO: [ view_filter ] --START--
INFO: Run Behavior\WriteHtmlCacheBehavior [ RunTime:0.000646s ]
INFO: [ view_filter ] --END-- [ RunTime:0.000704s ]
INFO: [ app_end ] --START--
INFO: Run Behavior\ShowPageTraceBehavior [ RunTime:0.000866s ]
INFO: Run Common\Behavior\CronRunBehavior [ RunTime:0.002591s ]
INFO: [ app_end ] --END-- [ RunTime:0.003576s ]

[ 2017-11-02T10:57:43+08:00 ] ::1 /smartorder/admin.php/Public/verify.html
INFO: [ app_init ] --START--
INFO: Run Behavior\BuildLiteBehavior [ RunTime:0.000025s ]
INFO: [ app_init ] --END-- [ RunTime:0.000728s ]
INFO: [ app_begin ] --START--
INFO: Run Behavior\ReadHtmlCacheBehavior [ RunTime:0.001089s ]
INFO: [ app_begin ] --END-- [ RunTime:0.001201s ]
INFO: [ app_end ] --START--
INFO: Run Behavior\ShowPageTraceBehavior [ RunTime:0.000812s ]
INFO: Run Common\Behavior\CronRunBehavior [ RunTime:0.003181s ]
INFO: [ app_end ] --END-- [ RunTime:0.004134s ]

[ 2017-11-02T10:57:52+08:00 ] ::1 /smartorder/admin.php/Public/login.html
INFO: [ app_init ] --START--
INFO: Run Behavior\BuildLiteBehavior [ RunTime:0.000016s ]
INFO: [ app_init ] --END-- [ RunTime:0.000641s ]
INFO: [ app_begin ] --START--
INFO: Run Behavior\ReadHtmlCacheBehavior [ RunTime:0.000945s ]
INFO: [ app_begin ] --END-- [ RunTime:0.001024s ]
NOTIC: [8] Undefined index: lite E:\xampp\htdocs\SmartOrder\ThinkPHP\Library\Think\Db.class.php 第 37 行.
SQL: SHOW COLUMNS FROM `so_member` [ RunTime:0.0390s ]
SQL: SELECT `uid`,`nickname`,`sex`,`birthday`,`qq`,`score`,`login`,`reg_ip`,`reg_time`,`last_login_ip`,`last_login_time`,`status` FROM `so_member` WHERE `uid` = 1 LIMIT 1   [ RunTime:0.0175s ]
SQL: SHOW COLUMNS FROM `so_action` [ RunTime:0.0343s ]
SQL: SELECT * FROM `so_action` WHERE `name` = 'user_login' LIMIT 1   [ RunTime:0.0016s ]
SQL: SHOW COLUMNS FROM `so_member` [ RunTime:0.0059s ]
SQL: SELECT `nickname` FROM `so_member` WHERE `uid` = 1 LIMIT 1   [ RunTime:0.0007s ]
SQL: SHOW COLUMNS FROM `so_action_log` [ RunTime:0.0400s ]
SQL: INSERT INTO `so_action_log` (`action_id`,`user_id`,`action_ip`,`model`,`record_id`,`create_time`,`remark`) VALUES ('1','1','0','member','1','1509591472','admin在2017-11-02 10:57登录了后台') [ RunTime:0.0191s ]
SQL: SELECT * FROM `so_action` WHERE `name` = 'user_login' LIMIT 1   [ RunTime:0.0008s ]
NOTIC: [8] Undefined offset: 1 E:\xampp\htdocs\SmartOrder\Application\Common\Common\function.php 第 679 行.
NOTIC: [2] array_key_exists() expects parameter 2 to be array, null given E:\xampp\htdocs\SmartOrder\Application\Common\Common\function.php 第 679 行.
SQL: SELECT COUNT(*) AS tp_count FROM `so_action_log` WHERE `action_id` = 1 AND `user_id` = 1 AND `create_time` > 1509505072 LIMIT 1   [ RunTime:0.0276s ]
SQL: UPDATE `so_member` SET `score`=score+10 WHERE ( uid=1 AND status>-1 ) [ RunTime:0.0103s ]
SQL: UPDATE `so_member` SET `login`=`login`+1,`last_login_time`='1509591472',`last_login_ip`='0' WHERE `uid` = 1 [ RunTime:0.0007s ]

[ 2017-11-02T10:57:52+08:00 ] ::1 /smartorder/admin.php/Index/index.html
INFO: [ app_init ] --START--
INFO: Run Behavior\BuildLiteBehavior [ RunTime:0.000013s ]
INFO: [ app_init ] --END-- [ RunTime:0.000407s ]
INFO: [ app_begin ] --START--
INFO: Run Behavior\ReadHtmlCacheBehavior [ RunTime:0.000537s ]
INFO: [ app_begin ] --END-- [ RunTime:0.000594s ]
SQL: SHOW COLUMNS FROM `so_menu` [ RunTime:0.0432s ]
SQL: SELECT `id`,`title`,`url` FROM `so_menu` WHERE `pid` = 0 AND `hide` = 0 AND `is_dev` = 0 ORDER BY sort asc  [ RunTime:0.0021s ]
SQL: SELECT `pid` FROM `so_menu` WHERE ( pid !=0 AND url like '%Index/index%' ) LIMIT 1   [ RunTime:0.0024s ]
INFO: [ view_parse ] --START--
INFO: [ template_filter ] --START--
INFO: Run Behavior\ContentReplaceBehavior [ RunTime:0.000434s ]
INFO: [ template_filter ] --END-- [ RunTime:0.000546s ]
INFO: Run Behavior\ParseTemplateBehavior [ RunTime:0.048171s ]
INFO: [ view_parse ] --END-- [ RunTime:0.048372s ]
INFO: [ view_filter ] --START--
INFO: Run Behavior\WriteHtmlCacheBehavior [ RunTime:0.001332s ]
INFO: [ view_filter ] --END-- [ RunTime:0.001481s ]
INFO: [ app_end ] --START--
INFO: Run Behavior\ShowPageTraceBehavior [ RunTime:0.001866s ]
INFO: Run Common\Behavior\CronRunBehavior [ RunTime:0.005923s ]
INFO: [ app_end ] --END-- [ RunTime:0.007995s ]

[ 2017-11-02T10:57:58+08:00 ] ::1 /smartorder/admin.php/MenuManage/index.html
INFO: [ app_init ] --START--
INFO: Run Behavior\BuildLiteBehavior [ RunTime:0.000018s ]
INFO: [ app_init ] --END-- [ RunTime:0.000547s ]
INFO: [ app_begin ] --START--
INFO: Run Behavior\ReadHtmlCacheBehavior [ RunTime:0.000718s ]
INFO: [ app_begin ] --END-- [ RunTime:0.000772s ]
SQL: SHOW COLUMNS FROM `so_menu` [ RunTime:0.0203s ]
SQL: SELECT `id`,`title`,`url` FROM `so_menu` WHERE `pid` = 0 AND `hide` = 0 AND `is_dev` = 0 ORDER BY sort asc  [ RunTime:0.0005s ]
SQL: SELECT `pid` FROM `so_menu` WHERE ( pid !=0 AND url like '%MenuManage/index%' ) LIMIT 1   [ RunTime:0.0004s ]
SQL: SELECT * FROM `so_menu` WHERE `id` = 2 LIMIT 1   [ RunTime:0.0004s ]
SQL: SELECT DISTINCT  `group` FROM `so_menu` WHERE `group` <> '' AND `pid` = 2  [ RunTime:0.0005s ]
SQL: SELECT `id`,`url` FROM `so_menu` WHERE `pid` = 2 AND `hide` = 0 AND `is_dev` = 0  [ RunTime:0.0004s ]
SQL: SELECT `id`,`pid`,`title`,`url`,`tip` FROM `so_menu` WHERE `group` = '菜系管理' AND `pid` = 2 AND `hide` = 0 AND `is_dev` = 0 ORDER BY sort asc  [ RunTime:0.0005s ]
SQL: SELECT `id`,`pid`,`title`,`url`,`tip` FROM `so_menu` WHERE `group` = '菜品管理' AND `pid` = 2 AND `hide` = 0 AND `is_dev` = 0 ORDER BY sort asc  [ RunTime:0.0005s ]
SQL: SHOW COLUMNS FROM `so_cookstyle` [ RunTime:0.0283s ]
SQL: SELECT * FROM `so_cookstyle` WHERE ( is_delete = 0 )  [ RunTime:0.0004s ]
INFO: [ view_parse ] --START--
INFO: [ template_filter ] --START--
INFO: Run Behavior\ContentReplaceBehavior [ RunTime:0.000138s ]
INFO: [ template_filter ] --END-- [ RunTime:0.000186s ]
SQL: SHOW COLUMNS FROM `so_cookmenu` [ RunTime:0.0180s ]
SQL: SELECT COUNT(*) AS tp_count FROM `so_cookmenu` WHERE `styleid` = 1 LIMIT 1   [ RunTime:0.0004s ]
SQL: SELECT COUNT(*) AS tp_count FROM `so_cookmenu` WHERE `styleid` = 2 LIMIT 1   [ RunTime:0.0003s ]
INFO: Run Behavior\ParseTemplateBehavior [ RunTime:0.032834s ]
INFO: [ view_parse ] --END-- [ RunTime:0.032890s ]
INFO: [ view_filter ] --START--
INFO: Run Behavior\WriteHtmlCacheBehavior [ RunTime:0.000633s ]
INFO: [ view_filter ] --END-- [ RunTime:0.000672s ]
INFO: [ app_end ] --START--
INFO: Run Behavior\ShowPageTraceBehavior [ RunTime:0.000820s ]
INFO: Run Common\Behavior\CronRunBehavior [ RunTime:0.002421s ]
INFO: [ app_end ] --END-- [ RunTime:0.003328s ]

[ 2017-11-02T10:57:59+08:00 ] ::1 /smartorder/admin.php/UserManage/index.html
INFO: [ app_init ] --START--
INFO: Run Behavior\BuildLiteBehavior [ RunTime:0.000017s ]
INFO: [ app_init ] --END-- [ RunTime:0.000637s ]
INFO: [ app_begin ] --START--
INFO: Run Behavior\ReadHtmlCacheBehavior [ RunTime:0.000763s ]
INFO: [ app_begin ] --END-- [ RunTime:0.000833s ]
SQL: SHOW COLUMNS FROM `so_menu` [ RunTime:0.0029s ]
SQL: SELECT `id`,`title`,`url` FROM `so_menu` WHERE `pid` = 0 AND `hide` = 0 AND `is_dev` = 0 ORDER BY sort asc  [ RunTime:0.0005s ]
SQL: SELECT `pid` FROM `so_menu` WHERE ( pid !=0 AND url like '%UserManage/index%' ) LIMIT 1   [ RunTime:0.0003s ]
SQL: SELECT * FROM `so_menu` WHERE `id` = 3 LIMIT 1   [ RunTime:0.0003s ]
SQL: SELECT DISTINCT  `group` FROM `so_menu` WHERE `group` <> '' AND `pid` = 3  [ RunTime:0.0003s ]
SQL: SELECT `id`,`url` FROM `so_menu` WHERE `pid` = 3 AND `hide` = 0 AND `is_dev` = 0  [ RunTime:0.0004s ]
SQL: SELECT `id`,`pid`,`title`,`url`,`tip` FROM `so_menu` WHERE `group` = '用户管理' AND `pid` = 3 AND `hide` = 0 AND `is_dev` = 0 ORDER BY sort asc  [ RunTime:0.0004s ]
SQL: SHOW COLUMNS FROM `so_user` [ RunTime:0.1102s ]
SQL: SELECT * FROM `so_user`  [ RunTime:0.0009s ]
SQL: SHOW COLUMNS FROM `so_position` [ RunTime:0.0259s ]
SQL: SELECT * FROM `so_position`  [ RunTime:0.0007s ]
NOTIC: [8] Undefined index: Position E:\xampp\htdocs\SmartOrder\Application\Admin\Controller\UserManageController.class.php 第 19 行.
NOTIC: [8] Undefined index: Position E:\xampp\htdocs\SmartOrder\Application\Admin\Controller\UserManageController.class.php 第 19 行.
NOTIC: [8] Undefined index: Position E:\xampp\htdocs\SmartOrder\Application\Admin\Controller\UserManageController.class.php 第 19 行.
NOTIC: [8] Undefined index: Position E:\xampp\htdocs\SmartOrder\Application\Admin\Controller\UserManageController.class.php 第 19 行.
NOTIC: [8] Undefined index: Position E:\xampp\htdocs\SmartOrder\Application\Admin\Controller\UserManageController.class.php 第 19 行.
NOTIC: [8] Undefined index: Position E:\xampp\htdocs\SmartOrder\Application\Admin\Controller\UserManageController.class.php 第 19 行.
NOTIC: [8] Undefined index: Position E:\xampp\htdocs\SmartOrder\Application\Admin\Controller\UserManageController.class.php 第 19 行.
NOTIC: [8] Undefined index: Position E:\xampp\htdocs\SmartOrder\Application\Admin\Controller\UserManageController.class.php 第 19 行.
NOTIC: [8] Undefined index: Position E:\xampp\htdocs\SmartOrder\Application\Admin\Controller\UserManageController.class.php 第 19 行.
NOTIC: [8] Undefined index: Position E:\xampp\htdocs\SmartOrder\Application\Admin\Controller\UserManageController.class.php 第 19 行.
NOTIC: [8] Undefined index: Position E:\xampp\htdocs\SmartOrder\Application\Admin\Controller\UserManageController.class.php 第 19 行.
NOTIC: [8] Undefined index: Position E:\xampp\htdocs\SmartOrder\Application\Admin\Controller\UserManageController.class.php 第 19 行.
NOTIC: [8] Undefined index: Position E:\xampp\htdocs\SmartOrder\Application\Admin\Controller\UserManageController.class.php 第 19 行.
NOTIC: [8] Undefined index: Position E:\xampp\htdocs\SmartOrder\Application\Admin\Controller\UserManageController.class.php 第 19 行.
NOTIC: [8] Undefined index: Position E:\xampp\htdocs\SmartOrder\Application\Admin\Controller\UserManageController.class.php 第 19 行.
NOTIC: [8] Undefined index: Position E:\xampp\htdocs\SmartOrder\Application\Admin\Controller\UserManageController.class.php 第 19 行.
NOTIC: [8] Undefined index: Position E:\xampp\htdocs\SmartOrder\Application\Admin\Controller\UserManageController.class.php 第 19 行.
NOTIC: [8] Undefined index: Position E:\xampp\htdocs\SmartOrder\Application\Admin\Controller\UserManageController.class.php 第 19 行.
NOTIC: [8] Undefined index: Position E:\xampp\htdocs\SmartOrder\Application\Admin\Controller\UserManageController.class.php 第 19 行.
NOTIC: [8] Undefined index: Position E:\xampp\htdocs\SmartOrder\Application\Admin\Controller\UserManageController.class.php 第 19 行.
INFO: [ view_parse ] --START--
INFO: [ template_filter ] --START--
INFO: Run Behavior\ContentReplaceBehavior [ RunTime:0.000229s ]
INFO: [ template_filter ] --END-- [ RunTime:0.000302s ]
NOTIC: [8] Undefined variable: meta_title E:\xampp\htdocs\SmartOrder\Runtime\Cache\Admin\3c7f6c15843b813090faa90a45856594.php 第 5 行.
INFO: Run Behavior\ParseTemplateBehavior [ RunTime:0.020892s ]
INFO: [ view_parse ] --END-- [ RunTime:0.020988s ]
INFO: [ view_filter ] --START--
INFO: Run Behavior\WriteHtmlCacheBehavior [ RunTime:0.000847s ]
INFO: [ view_filter ] --END-- [ RunTime:0.000909s ]
INFO: [ app_end ] --START--
INFO: Run Behavior\ShowPageTraceBehavior [ RunTime:0.001120s ]
INFO: Run Common\Behavior\CronRunBehavior [ RunTime:0.003987s ]
INFO: [ app_end ] --END-- [ RunTime:0.005259s ]

[ 2017-11-02T10:58:03+08:00 ] ::1 /smartorder/admin.php/Menu/index.html
INFO: [ app_init ] --START--
INFO: Run Behavior\BuildLiteBehavior [ RunTime:0.000016s ]
INFO: [ app_init ] --END-- [ RunTime:0.000487s ]
INFO: [ app_begin ] --START--
INFO: Run Behavior\ReadHtmlCacheBehavior [ RunTime:0.000935s ]
INFO: [ app_begin ] --END-- [ RunTime:0.001045s ]
SQL: SHOW COLUMNS FROM `so_menu` [ RunTime:0.0052s ]
SQL: SELECT `id`,`title`,`url` FROM `so_menu` WHERE `pid` = 0 AND `hide` = 0 AND `is_dev` = 0 ORDER BY sort asc  [ RunTime:0.0005s ]
SQL: SELECT `pid` FROM `so_menu` WHERE ( pid !=0 AND url like '%Menu/index%' ) LIMIT 1   [ RunTime:0.0005s ]
SQL: SELECT * FROM `so_menu` WHERE `id` = 4 LIMIT 1   [ RunTime:0.0004s ]
SQL: SELECT DISTINCT  `group` FROM `so_menu` WHERE `group` <> '' AND `pid` = 4  [ RunTime:0.0005s ]
SQL: SELECT `id`,`url` FROM `so_menu` WHERE `pid` = 4 AND `hide` = 0 AND `is_dev` = 0  [ RunTime:0.0004s ]
SQL: SELECT `id`,`pid`,`title`,`url`,`tip` FROM `so_menu` WHERE `group` = '菜单设置' AND `pid` = 4 AND `hide` = 0 AND `is_dev` = 0 ORDER BY sort asc  [ RunTime:0.0005s ]
SQL: SELECT `id`,`title` FROM `so_menu`  [ RunTime:0.0005s ]
SQL: SELECT `id`,`title`,`pid`,`sort`,`url`,`hide`,`tip`,`group`,`is_dev`,`status` FROM `so_menu` WHERE `pid` = 0 ORDER BY sort asc,id asc  [ RunTime:0.0007s ]
INFO: [ view_parse ] --START--
INFO: [ template_filter ] --START--
INFO: Run Behavior\ContentReplaceBehavior [ RunTime:0.000192s ]
INFO: [ template_filter ] --END-- [ RunTime:0.000244s ]
INFO: Run Behavior\ParseTemplateBehavior [ RunTime:0.016761s ]
INFO: [ view_parse ] --END-- [ RunTime:0.016822s ]
INFO: [ view_filter ] --START--
INFO: Run Behavior\WriteHtmlCacheBehavior [ RunTime:0.000565s ]
INFO: [ view_filter ] --END-- [ RunTime:0.000607s ]
INFO: [ app_end ] --START--
INFO: Run Behavior\ShowPageTraceBehavior [ RunTime:0.001088s ]
INFO: Run Common\Behavior\CronRunBehavior [ RunTime:0.002452s ]
INFO: [ app_end ] --END-- [ RunTime:0.003641s ]

[ 2017-11-02T10:58:04+08:00 ] ::1 /smartorder/admin.php/Index/index.html
INFO: [ app_init ] --START--
INFO: Run Behavior\BuildLiteBehavior [ RunTime:0.000015s ]
INFO: [ app_init ] --END-- [ RunTime:0.000459s ]
INFO: [ app_begin ] --START--
INFO: Run Behavior\ReadHtmlCacheBehavior [ RunTime:0.000905s ]
INFO: [ app_begin ] --END-- [ RunTime:0.000978s ]
SQL: SHOW COLUMNS FROM `so_menu` [ RunTime:0.0276s ]
SQL: SELECT `id`,`title`,`url` FROM `so_menu` WHERE `pid` = 0 AND `hide` = 0 AND `is_dev` = 0 ORDER BY sort asc  [ RunTime:0.0005s ]
SQL: SELECT `pid` FROM `so_menu` WHERE ( pid !=0 AND url like '%Index/index%' ) LIMIT 1   [ RunTime:0.0007s ]
INFO: [ view_parse ] --START--
INFO: [ template_filter ] --START--
INFO: Run Behavior\ContentReplaceBehavior [ RunTime:0.000172s ]
INFO: [ template_filter ] --END-- [ RunTime:0.000218s ]
INFO: Run Behavior\ParseTemplateBehavior [ RunTime:0.012967s ]
INFO: [ view_parse ] --END-- [ RunTime:0.013050s ]
INFO: [ view_filter ] --START--
INFO: Run Behavior\WriteHtmlCacheBehavior [ RunTime:0.000808s ]
INFO: [ view_filter ] --END-- [ RunTime:0.000882s ]
INFO: [ app_end ] --START--
INFO: Run Behavior\ShowPageTraceBehavior [ RunTime:0.000991s ]
INFO: Run Common\Behavior\CronRunBehavior [ RunTime:0.002657s ]
INFO: [ app_end ] --END-- [ RunTime:0.003764s ]

[ 2017-11-02T10:58:13+08:00 ] ::1 /smartorder/admin.php/MenuManage/index.html
INFO: [ app_init ] --START--
INFO: Run Behavior\BuildLiteBehavior [ RunTime:0.000015s ]
INFO: [ app_init ] --END-- [ RunTime:0.000577s ]
INFO: [ app_begin ] --START--
INFO: Run Behavior\ReadHtmlCacheBehavior [ RunTime:0.000757s ]
INFO: [ app_begin ] --END-- [ RunTime:0.000824s ]
SQL: SHOW COLUMNS FROM `so_menu` [ RunTime:0.0044s ]
SQL: SELECT `id`,`title`,`url` FROM `so_menu` WHERE `pid` = 0 AND `hide` = 0 AND `is_dev` = 0 ORDER BY sort asc  [ RunTime:0.0005s ]
SQL: SELECT `pid` FROM `so_menu` WHERE ( pid !=0 AND url like '%MenuManage/index%' ) LIMIT 1   [ RunTime:0.0004s ]
SQL: SELECT * FROM `so_menu` WHERE `id` = 2 LIMIT 1   [ RunTime:0.0004s ]
SQL: SELECT DISTINCT  `group` FROM `so_menu` WHERE `group` <> '' AND `pid` = 2  [ RunTime:0.0005s ]
SQL: SELECT `id`,`url` FROM `so_menu` WHERE `pid` = 2 AND `hide` = 0 AND `is_dev` = 0  [ RunTime:0.0004s ]
SQL: SELECT `id`,`pid`,`title`,`url`,`tip` FROM `so_menu` WHERE `group` = '菜系管理' AND `pid` = 2 AND `hide` = 0 AND `is_dev` = 0 ORDER BY sort asc  [ RunTime:0.0005s ]
SQL: SELECT `id`,`pid`,`title`,`url`,`tip` FROM `so_menu` WHERE `group` = '菜品管理' AND `pid` = 2 AND `hide` = 0 AND `is_dev` = 0 ORDER BY sort asc  [ RunTime:0.0005s ]
SQL: SHOW COLUMNS FROM `so_cookstyle` [ RunTime:0.0396s ]
SQL: SELECT * FROM `so_cookstyle` WHERE ( is_delete = 0 )  [ RunTime:0.0004s ]
INFO: [ view_parse ] --START--
INFO: [ template_filter ] --START--
INFO: Run Behavior\ContentReplaceBehavior [ RunTime:0.000158s ]
INFO: [ template_filter ] --END-- [ RunTime:0.000217s ]
SQL: SHOW COLUMNS FROM `so_cookmenu` [ RunTime:0.0037s ]
SQL: SELECT COUNT(*) AS tp_count FROM `so_cookmenu` WHERE `styleid` = 1 LIMIT 1   [ RunTime:0.0004s ]
SQL: SELECT COUNT(*) AS tp_count FROM `so_cookmenu` WHERE `styleid` = 2 LIMIT 1   [ RunTime:0.0003s ]
INFO: Run Behavior\ParseTemplateBehavior [ RunTime:0.018632s ]
INFO: [ view_parse ] --END-- [ RunTime:0.018681s ]
INFO: [ view_filter ] --START--
INFO: Run Behavior\WriteHtmlCacheBehavior [ RunTime:0.000612s ]
INFO: [ view_filter ] --END-- [ RunTime:0.000651s ]
INFO: [ app_end ] --START--
INFO: Run Behavior\ShowPageTraceBehavior [ RunTime:0.000808s ]
INFO: Run Common\Behavior\CronRunBehavior [ RunTime:0.003198s ]
INFO: [ app_end ] --END-- [ RunTime:0.004101s ]

[ 2017-11-02T10:58:16+08:00 ] ::1 /smartorder/admin.php/UserManage/index.html
INFO: [ app_init ] --START--
INFO: Run Behavior\BuildLiteBehavior [ RunTime:0.000017s ]
INFO: [ app_init ] --END-- [ RunTime:0.000581s ]
INFO: [ app_begin ] --START--
INFO: Run Behavior\ReadHtmlCacheBehavior [ RunTime:0.000759s ]
INFO: [ app_begin ] --END-- [ RunTime:0.000828s ]
SQL: SHOW COLUMNS FROM `so_menu` [ RunTime:0.0045s ]
SQL: SELECT `id`,`title`,`url` FROM `so_menu` WHERE `pid` = 0 AND `hide` = 0 AND `is_dev` = 0 ORDER BY sort asc  [ RunTime:0.0005s ]
SQL: SELECT `pid` FROM `so_menu` WHERE ( pid !=0 AND url like '%UserManage/index%' ) LIMIT 1   [ RunTime:0.0004s ]
SQL: SELECT * FROM `so_menu` WHERE `id` = 3 LIMIT 1   [ RunTime:0.0004s ]
SQL: SELECT DISTINCT  `group` FROM `so_menu` WHERE `group` <> '' AND `pid` = 3  [ RunTime:0.0004s ]
SQL: SELECT `id`,`url` FROM `so_menu` WHERE `pid` = 3 AND `hide` = 0 AND `is_dev` = 0  [ RunTime:0.0003s ]
SQL: SELECT `id`,`pid`,`title`,`url`,`tip` FROM `so_menu` WHERE `group` = '用户管理' AND `pid` = 3 AND `hide` = 0 AND `is_dev` = 0 ORDER BY sort asc  [ RunTime:0.0004s ]
SQL: SHOW COLUMNS FROM `so_user` [ RunTime:0.0776s ]
SQL: SELECT * FROM `so_user`  [ RunTime:0.0007s ]
SQL: SHOW COLUMNS FROM `so_position` [ RunTime:0.0049s ]
SQL: SELECT * FROM `so_position`  [ RunTime:0.0006s ]
NOTIC: [8] Undefined index: Position E:\xampp\htdocs\SmartOrder\Application\Admin\Controller\UserManageController.class.php 第 19 行.
NOTIC: [8] Undefined index: Position E:\xampp\htdocs\SmartOrder\Application\Admin\Controller\UserManageController.class.php 第 19 行.
NOTIC: [8] Undefined index: Position E:\xampp\htdocs\SmartOrder\Application\Admin\Controller\UserManageController.class.php 第 19 行.
NOTIC: [8] Undefined index: Position E:\xampp\htdocs\SmartOrder\Application\Admin\Controller\UserManageController.class.php 第 19 行.
NOTIC: [8] Undefined index: Position E:\xampp\htdocs\SmartOrder\Application\Admin\Controller\UserManageController.class.php 第 19 行.
NOTIC: [8] Undefined index: Position E:\xampp\htdocs\SmartOrder\Application\Admin\Controller\UserManageController.class.php 第 19 行.
NOTIC: [8] Undefined index: Position E:\xampp\htdocs\SmartOrder\Application\Admin\Controller\UserManageController.class.php 第 19 行.
NOTIC: [8] Undefined index: Position E:\xampp\htdocs\SmartOrder\Application\Admin\Controller\UserManageController.class.php 第 19 行.
NOTIC: [8] Undefined index: Position E:\xampp\htdocs\SmartOrder\Application\Admin\Controller\UserManageController.class.php 第 19 行.
NOTIC: [8] Undefined index: Position E:\xampp\htdocs\SmartOrder\Application\Admin\Controller\UserManageController.class.php 第 19 行.
NOTIC: [8] Undefined index: Position E:\xampp\htdocs\SmartOrder\Application\Admin\Controller\UserManageController.class.php 第 19 行.
NOTIC: [8] Undefined index: Position E:\xampp\htdocs\SmartOrder\Application\Admin\Controller\UserManageController.class.php 第 19 行.
NOTIC: [8] Undefined index: Position E:\xampp\htdocs\SmartOrder\Application\Admin\Controller\UserManageController.class.php 第 19 行.
NOTIC: [8] Undefined index: Position E:\xampp\htdocs\SmartOrder\Application\Admin\Controller\UserManageController.class.php 第 19 行.
NOTIC: [8] Undefined index: Position E:\xampp\htdocs\SmartOrder\Application\Admin\Controller\UserManageController.class.php 第 19 行.
NOTIC: [8] Undefined index: Position E:\xampp\htdocs\SmartOrder\Application\Admin\Controller\UserManageController.class.php 第 19 行.
NOTIC: [8] Undefined index: Position E:\xampp\htdocs\SmartOrder\Application\Admin\Controller\UserManageController.class.php 第 19 行.
NOTIC: [8] Undefined index: Position E:\xampp\htdocs\SmartOrder\Application\Admin\Controller\UserManageController.class.php 第 19 行.
NOTIC: [8] Undefined index: Position E:\xampp\htdocs\SmartOrder\Application\Admin\Controller\UserManageController.class.php 第 19 行.
NOTIC: [8] Undefined index: Position E:\xampp\htdocs\SmartOrder\Application\Admin\Controller\UserManageController.class.php 第 19 行.
INFO: [ view_parse ] --START--
INFO: [ template_filter ] --START--
INFO: Run Behavior\ContentReplaceBehavior [ RunTime:0.000366s ]
INFO: [ template_filter ] --END-- [ RunTime:0.000480s ]
NOTIC: [8] Undefined variable: meta_title E:\xampp\htdocs\SmartOrder\Runtime\Cache\Admin\3c7f6c15843b813090faa90a45856594.php 第 5 行.
INFO: Run Behavior\ParseTemplateBehavior [ RunTime:0.032410s ]
INFO: [ view_parse ] --END-- [ RunTime:0.032520s ]
INFO: [ view_filter ] --START--
INFO: Run Behavior\WriteHtmlCacheBehavior [ RunTime:0.000549s ]
INFO: [ view_filter ] --END-- [ RunTime:0.000589s ]
INFO: [ app_end ] --START--
INFO: Run Behavior\ShowPageTraceBehavior [ RunTime:0.000772s ]
INFO: Run Common\Behavior\CronRunBehavior [ RunTime:0.003543s ]
INFO: [ app_end ] --END-- [ RunTime:0.004433s ]

[ 2017-11-02T10:58:17+08:00 ] ::1 /smartorder/admin.php/Table/index.html
INFO: [ app_init ] --START--
INFO: Run Behavior\BuildLiteBehavior [ RunTime:0.000017s ]
INFO: [ app_init ] --END-- [ RunTime:0.000716s ]
INFO: [ app_begin ] --START--
INFO: Run Behavior\ReadHtmlCacheBehavior [ RunTime:0.000743s ]
INFO: [ app_begin ] --END-- [ RunTime:0.000799s ]
SQL: SHOW COLUMNS FROM `so_menu` [ RunTime:0.0229s ]
SQL: SELECT `id`,`title`,`url` FROM `so_menu` WHERE `pid` = 0 AND `hide` = 0 AND `is_dev` = 0 ORDER BY sort asc  [ RunTime:0.0005s ]
SQL: SELECT `pid` FROM `so_menu` WHERE ( pid !=0 AND url like '%Table/index%' ) LIMIT 1   [ RunTime:0.0005s ]
SQL: SELECT * FROM `so_menu` WHERE `id` = 76 LIMIT 1   [ RunTime:0.0003s ]
SQL: SELECT DISTINCT  `group` FROM `so_menu` WHERE `group` <> '' AND `pid` = 76  [ RunTime:0.0003s ]
SQL: SELECT `id`,`url` FROM `so_menu` WHERE `pid` = 76 AND `hide` = 0 AND `is_dev` = 0  [ RunTime:0.0003s ]
SQL: SELECT `id`,`pid`,`title`,`url`,`tip` FROM `so_menu` WHERE `group` = '桌号设置' AND `pid` = 76 AND `hide` = 0 AND `is_dev` = 0 ORDER BY sort asc  [ RunTime:0.0003s ]
NOTIC: [2048] Declaration of Admin\Model\TableModel::Add() should be compatible with Think\Model::add($data = '', $options = Array, $replace = false) E:\xampp\htdocs\SmartOrder\Application\Admin\Model\TableModel.class.php 第 93 行.
SQL: SHOW COLUMNS FROM `so_table` [ RunTime:0.0502s ]
SQL: SHOW COLUMNS FROM `so_hall` [ RunTime:0.0358s ]
NOTIC: [2] Missing argument 1 for Think\Model::where(), called in E:\xampp\htdocs\SmartOrder\Application\Admin\Model\TableModel.class.php on line 38 and defined E:\xampp\htdocs\SmartOrder\ThinkPHP\Library\Think\Model.class.php 第 1765 行.
NOTIC: [8] Undefined variable: where E:\xampp\htdocs\SmartOrder\ThinkPHP\Library\Think\Model.class.php 第 1773 行.
NOTIC: [8] Undefined variable: where E:\xampp\htdocs\SmartOrder\ThinkPHP\Library\Think\Model.class.php 第 1776 行.
NOTIC: [8] Undefined variable: where E:\xampp\htdocs\SmartOrder\ThinkPHP\Library\Think\Model.class.php 第 1784 行.
SQL: SELECT * FROM `so_hall`  [ RunTime:0.0008s ]
SQL: SHOW COLUMNS FROM `so_table` [ RunTime:0.0056s ]
SQL: SELECT `id`,`table_name` FROM `so_table` WHERE `hall_id` = 1  [ RunTime:0.0008s ]
SQL: SELECT `id`,`table_name` FROM `so_table` WHERE `hall_id` = 2  [ RunTime:0.0008s ]
SQL: SELECT `id`,`table_name` FROM `so_table` WHERE `hall_id` = 3  [ RunTime:0.0007s ]
SQL: SELECT `id`,`table_name` FROM `so_table` WHERE `hall_id` = 4  [ RunTime:0.0007s ]
SQL: SELECT `id`,`table_name` FROM `so_table` WHERE `hall_id` = 5  [ RunTime:0.0006s ]
INFO: [ view_parse ] --START--
INFO: [ template_filter ] --START--
INFO: Run Behavior\ContentReplaceBehavior [ RunTime:0.000235s ]
INFO: [ template_filter ] --END-- [ RunTime:0.000310s ]
INFO: Run Behavior\ParseTemplateBehavior [ RunTime:0.031257s ]
INFO: [ view_parse ] --END-- [ RunTime:0.031375s ]
INFO: [ view_filter ] --START--
INFO: Run Behavior\WriteHtmlCacheBehavior [ RunTime:0.000889s ]
INFO: [ view_filter ] --END-- [ RunTime:0.000969s ]
INFO: [ app_end ] --START--
INFO: Run Behavior\ShowPageTraceBehavior [ RunTime:0.001302s ]
INFO: Run Common\Behavior\CronRunBehavior [ RunTime:0.004499s ]
INFO: [ app_end ] --END-- [ RunTime:0.005960s ]

[ 2017-11-02T10:58:22+08:00 ] ::1 /smartorder/admin.php/AdsManage/index.html
INFO: [ app_init ] --START--
INFO: Run Behavior\BuildLiteBehavior [ RunTime:0.000021s ]
INFO: [ app_init ] --END-- [ RunTime:0.000890s ]
INFO: [ app_begin ] --START--
INFO: Run Behavior\ReadHtmlCacheBehavior [ RunTime:0.000981s ]
INFO: [ app_begin ] --END-- [ RunTime:0.001068s ]
SQL: SHOW COLUMNS FROM `so_menu` [ RunTime:0.0046s ]
SQL: SELECT `id`,`title`,`url` FROM `so_menu` WHERE `pid` = 0 AND `hide` = 0 AND `is_dev` = 0 ORDER BY sort asc  [ RunTime:0.0008s ]
SQL: SELECT `pid` FROM `so_menu` WHERE ( pid !=0 AND url like '%AdsManage/index%' ) LIMIT 1   [ RunTime:0.0012s ]
SQL: SELECT * FROM `so_menu` WHERE `id` = 78 LIMIT 1   [ RunTime:0.0003s ]
SQL: SELECT DISTINCT  `group` FROM `so_menu` WHERE `group` <> '' AND `pid` = 78  [ RunTime:0.0004s ]
SQL: SELECT `id`,`url` FROM `so_menu` WHERE `pid` = 78 AND `hide` = 0 AND `is_dev` = 0  [ RunTime:0.0003s ]
SQL: SELECT `id`,`pid`,`title`,`url`,`tip` FROM `so_menu` WHERE `group` = '类别管理' AND `pid` = 78 AND `hide` = 0 AND `is_dev` = 0 ORDER BY sort asc  [ RunTime:0.0004s ]
SQL: SELECT `id`,`pid`,`title`,`url`,`tip` FROM `so_menu` WHERE `group` = '内容管理' AND `pid` = 78 AND `hide` = 0 AND `is_dev` = 0 ORDER BY sort asc  [ RunTime:0.0004s ]
SQL: SHOW COLUMNS FROM `so_ads_type` [ RunTime:0.1445s ]
SQL: SELECT * FROM `so_ads_type`  [ RunTime:0.0010s ]
INFO: [ view_parse ] --START--
INFO: [ template_filter ] --START--
INFO: Run Behavior\ContentReplaceBehavior [ RunTime:0.000220s ]
INFO: [ template_filter ] --END-- [ RunTime:0.000291s ]
INFO: Run Behavior\ParseTemplateBehavior [ RunTime:0.027019s ]
INFO: [ view_parse ] --END-- [ RunTime:0.027119s ]
INFO: [ view_filter ] --START--
INFO: Run Behavior\WriteHtmlCacheBehavior [ RunTime:0.000826s ]
INFO: [ view_filter ] --END-- [ RunTime:0.000890s ]
INFO: [ app_end ] --START--
INFO: Run Behavior\ShowPageTraceBehavior [ RunTime:0.001154s ]
INFO: Run Common\Behavior\CronRunBehavior [ RunTime:0.004473s ]
INFO: [ app_end ] --END-- [ RunTime:0.005758s ]

[ 2017-11-02T10:58:25+08:00 ] ::1 /smartorder/admin.php/Cash/index.html
INFO: [ app_init ] --START--
INFO: Run Behavior\BuildLiteBehavior [ RunTime:0.000018s ]
INFO: [ app_init ] --END-- [ RunTime:0.000439s ]
INFO: [ app_begin ] --START--
INFO: Run Behavior\ReadHtmlCacheBehavior [ RunTime:0.000667s ]
INFO: [ app_begin ] --END-- [ RunTime:0.000729s ]
SQL: SHOW COLUMNS FROM `so_menu` [ RunTime:0.0053s ]
SQL: SELECT `id`,`title`,`url` FROM `so_menu` WHERE `pid` = 0 AND `hide` = 0 AND `is_dev` = 0 ORDER BY sort asc  [ RunTime:0.0006s ]
SQL: SELECT `pid` FROM `so_menu` WHERE ( pid !=0 AND url like '%Cash/index%' ) LIMIT 1   [ RunTime:0.0006s ]
SQL: SELECT * FROM `so_menu` WHERE `id` = 85 LIMIT 1   [ RunTime:0.0003s ]
SQL: SELECT DISTINCT  `group` FROM `so_menu` WHERE `group` <> '' AND `pid` = 85  [ RunTime:0.0004s ]
SQL: SELECT `id`,`url` FROM `so_menu` WHERE `pid` = 85 AND `hide` = 0 AND `is_dev` = 0  [ RunTime:0.0004s ]
SQL: SELECT `id`,`pid`,`title`,`url`,`tip` FROM `so_menu` WHERE `group` = '桌号管理' AND `pid` = 85 AND `hide` = 0 AND `is_dev` = 0 ORDER BY sort asc  [ RunTime:0.0004s ]
SQL: SELECT `id`,`pid`,`title`,`url`,`tip` FROM `so_menu` WHERE `group` = '结账管理' AND `pid` = 85 AND `hide` = 0 AND `is_dev` = 0 ORDER BY sort asc  [ RunTime:0.0004s ]
SQL: SELECT `id`,`pid`,`title`,`url`,`tip` FROM `so_menu` WHERE `group` = '预约管理' AND `pid` = 85 AND `hide` = 0 AND `is_dev` = 0 ORDER BY sort asc  [ RunTime:0.0007s ]
SQL: SELECT `id`,`pid`,`title`,`url`,`tip` FROM `so_menu` WHERE `group` = '会员管理' AND `pid` = 85 AND `hide` = 0 AND `is_dev` = 0 ORDER BY sort asc  [ RunTime:0.0007s ]
SQL: SELECT `id`,`pid`,`title`,`url`,`tip` FROM `so_menu` WHERE `group` = '账务管理' AND `pid` = 85 AND `hide` = 0 AND `is_dev` = 0 ORDER BY sort asc  [ RunTime:0.0006s ]
SQL: SHOW COLUMNS FROM `so_table` [ RunTime:0.0398s ]
SQL: SELECT so_hall.id,count(hall_id),so_hall.name FROM `so_table` INNER JOIN so_hall ON so_hall.id = so_table.hall_id  GROUP BY hall_id  [ RunTime:0.0485s ]
SQL: SHOW COLUMNS FROM `so_temp` [ RunTime:0.0131s ]
SQL: SELECT so_hall.name as hall_name,`holding`,`hold_time`,`table_name` FROM `so_temp` INNER JOIN so_table ON so_table.id = so_temp.table_id INNER JOIN so_hall ON so_table.hall_id = so_hall.id  WHERE ( so_temp.holding is not null ) ORDER BY hold_time asc  [ RunTime:0.0197s ]
NOTIC: [2] implode(): Invalid arguments passed E:\xampp\htdocs\SmartOrder\Application\Admin\Controller\CashController.class.php 第 20 行.
NOTIC: [2] implode(): Invalid arguments passed E:\xampp\htdocs\SmartOrder\Application\Admin\Controller\CashController.class.php 第 20 行.
NOTIC: [2] implode(): Invalid arguments passed E:\xampp\htdocs\SmartOrder\Application\Admin\Controller\CashController.class.php 第 20 行.
NOTIC: [2] implode(): Invalid arguments passed E:\xampp\htdocs\SmartOrder\Application\Admin\Controller\CashController.class.php 第 20 行.
NOTIC: [2] implode(): Invalid arguments passed E:\xampp\htdocs\SmartOrder\Application\Admin\Controller\CashController.class.php 第 20 行.
NOTIC: [2] implode(): Invalid arguments passed E:\xampp\htdocs\SmartOrder\Application\Admin\Controller\CashController.class.php 第 20 行.
NOTIC: [2] implode(): Invalid arguments passed E:\xampp\htdocs\SmartOrder\Application\Admin\Controller\CashController.class.php 第 20 行.
NOTIC: [2] implode(): Invalid arguments passed E:\xampp\htdocs\SmartOrder\Application\Admin\Controller\CashController.class.php 第 20 行.
NOTIC: [2] implode(): Invalid arguments passed E:\xampp\htdocs\SmartOrder\Application\Admin\Controller\CashController.class.php 第 20 行.
NOTIC: [2] implode(): Invalid arguments passed E:\xampp\htdocs\SmartOrder\Application\Admin\Controller\CashController.class.php 第 20 行.
NOTIC: [2] implode(): Invalid arguments passed E:\xampp\htdocs\SmartOrder\Application\Admin\Controller\CashController.class.php 第 20 行.
NOTIC: [2] implode(): Invalid arguments passed E:\xampp\htdocs\SmartOrder\Application\Admin\Controller\CashController.class.php 第 20 行.
NOTIC: [2] implode(): Invalid arguments passed E:\xampp\htdocs\SmartOrder\Application\Admin\Controller\CashController.class.php 第 20 行.
INFO: [ view_parse ] --START--
INFO: [ template_filter ] --START--
INFO: Run Behavior\ContentReplaceBehavior [ RunTime:0.000187s ]
INFO: [ template_filter ] --END-- [ RunTime:0.000266s ]
INFO: Run Behavior\ParseTemplateBehavior [ RunTime:0.030604s ]
INFO: [ view_parse ] --END-- [ RunTime:0.030682s ]
INFO: [ view_filter ] --START--
INFO: Run Behavior\WriteHtmlCacheBehavior [ RunTime:0.000560s ]
INFO: [ view_filter ] --END-- [ RunTime:0.000599s ]
INFO: [ app_end ] --START--
INFO: Run Behavior\ShowPageTraceBehavior [ RunTime:0.000801s ]
INFO: Run Common\Behavior\CronRunBehavior [ RunTime:0.002899s ]
INFO: [ app_end ] --END-- [ RunTime:0.003803s ]

[ 2017-11-02T10:58:30+08:00 ] ::1 /smartorder/admin.php/Cash/Book.html
INFO: [ app_init ] --START--
INFO: Run Behavior\BuildLiteBehavior [ RunTime:0.000023s ]
INFO: [ app_init ] --END-- [ RunTime:0.000638s ]
INFO: [ app_begin ] --START--
INFO: Run Behavior\ReadHtmlCacheBehavior [ RunTime:0.000915s ]
INFO: [ app_begin ] --END-- [ RunTime:0.000992s ]
SQL: SHOW COLUMNS FROM `so_menu` [ RunTime:0.0044s ]
SQL: SELECT `id`,`title`,`url` FROM `so_menu` WHERE `pid` = 0 AND `hide` = 0 AND `is_dev` = 0 ORDER BY sort asc  [ RunTime:0.0005s ]
SQL: SELECT `pid` FROM `so_menu` WHERE ( pid !=0 AND url like '%Cash/Book%' ) LIMIT 1   [ RunTime:0.0006s ]
SQL: SELECT * FROM `so_menu` WHERE `id` = 85 LIMIT 1   [ RunTime:0.0004s ]
SQL: SELECT DISTINCT  `group` FROM `so_menu` WHERE `group` <> '' AND `pid` = 85  [ RunTime:0.0006s ]
SQL: SELECT `id`,`url` FROM `so_menu` WHERE `pid` = 85 AND `hide` = 0 AND `is_dev` = 0  [ RunTime:0.0006s ]
SQL: SELECT `id`,`pid`,`title`,`url`,`tip` FROM `so_menu` WHERE `group` = '桌号管理' AND `pid` = 85 AND `hide` = 0 AND `is_dev` = 0 ORDER BY sort asc  [ RunTime:0.0006s ]
SQL: SELECT `id`,`pid`,`title`,`url`,`tip` FROM `so_menu` WHERE `group` = '结账管理' AND `pid` = 85 AND `hide` = 0 AND `is_dev` = 0 ORDER BY sort asc  [ RunTime:0.0005s ]
SQL: SELECT `id`,`pid`,`title`,`url`,`tip` FROM `so_menu` WHERE `group` = '预约管理' AND `pid` = 85 AND `hide` = 0 AND `is_dev` = 0 ORDER BY sort asc  [ RunTime:0.0005s ]
SQL: SELECT `id`,`pid`,`title`,`url`,`tip` FROM `so_menu` WHERE `group` = '会员管理' AND `pid` = 85 AND `hide` = 0 AND `is_dev` = 0 ORDER BY sort asc  [ RunTime:0.0004s ]
SQL: SELECT `id`,`pid`,`title`,`url`,`tip` FROM `so_menu` WHERE `group` = '账务管理' AND `pid` = 85 AND `hide` = 0 AND `is_dev` = 0 ORDER BY sort asc  [ RunTime:0.0004s ]
SQL: SHOW COLUMNS FROM `so_book` [ RunTime:0.1130s ]
SQL: SELECT * FROM `so_book`  [ RunTime:0.0011s ]
INFO: [ view_parse ] --START--
INFO: [ template_filter ] --START--
INFO: Run Behavior\ContentReplaceBehavior [ RunTime:0.000181s ]
INFO: [ template_filter ] --END-- [ RunTime:0.000238s ]
INFO: Run Behavior\ParseTemplateBehavior [ RunTime:0.029838s ]
INFO: [ view_parse ] --END-- [ RunTime:0.029920s ]
INFO: [ view_filter ] --START--
INFO: Run Behavior\WriteHtmlCacheBehavior [ RunTime:0.000658s ]
INFO: [ view_filter ] --END-- [ RunTime:0.000706s ]
INFO: [ app_end ] --START--
INFO: Run Behavior\ShowPageTraceBehavior [ RunTime:0.000942s ]
INFO: Run Common\Behavior\CronRunBehavior [ RunTime:0.003008s ]
INFO: [ app_end ] --END-- [ RunTime:0.004064s ]

[ 2017-11-02T10:58:40+08:00 ] ::1 /smartorder/admin.php/Menu/index.html
INFO: [ app_init ] --START--
INFO: Run Behavior\BuildLiteBehavior [ RunTime:0.000014s ]
INFO: [ app_init ] --END-- [ RunTime:0.000497s ]
INFO: [ app_begin ] --START--
INFO: Run Behavior\ReadHtmlCacheBehavior [ RunTime:0.000684s ]
INFO: [ app_begin ] --END-- [ RunTime:0.000746s ]
SQL: SHOW COLUMNS FROM `so_menu` [ RunTime:0.0803s ]
SQL: SELECT `id`,`title`,`url` FROM `so_menu` WHERE `pid` = 0 AND `hide` = 0 AND `is_dev` = 0 ORDER BY sort asc  [ RunTime:0.0011s ]
SQL: SELECT `pid` FROM `so_menu` WHERE ( pid !=0 AND url like '%Menu/index%' ) LIMIT 1   [ RunTime:0.0010s ]
SQL: SELECT * FROM `so_menu` WHERE `id` = 4 LIMIT 1   [ RunTime:0.0008s ]
SQL: SELECT DISTINCT  `group` FROM `so_menu` WHERE `group` <> '' AND `pid` = 4  [ RunTime:0.0009s ]
SQL: SELECT `id`,`url` FROM `so_menu` WHERE `pid` = 4 AND `hide` = 0 AND `is_dev` = 0  [ RunTime:0.0008s ]
SQL: SELECT `id`,`pid`,`title`,`url`,`tip` FROM `so_menu` WHERE `group` = '菜单设置' AND `pid` = 4 AND `hide` = 0 AND `is_dev` = 0 ORDER BY sort asc  [ RunTime:0.0010s ]
SQL: SELECT `id`,`title` FROM `so_menu`  [ RunTime:0.0010s ]
SQL: SELECT `id`,`title`,`pid`,`sort`,`url`,`hide`,`tip`,`group`,`is_dev`,`status` FROM `so_menu` WHERE `pid` = 0 ORDER BY sort asc,id asc  [ RunTime:0.0011s ]
INFO: [ view_parse ] --START--
INFO: [ template_filter ] --START--
INFO: Run Behavior\ContentReplaceBehavior [ RunTime:0.000235s ]
INFO: [ template_filter ] --END-- [ RunTime:0.000299s ]
INFO: Run Behavior\ParseTemplateBehavior [ RunTime:0.027253s ]
INFO: [ view_parse ] --END-- [ RunTime:0.027342s ]
INFO: [ view_filter ] --START--
INFO: Run Behavior\WriteHtmlCacheBehavior [ RunTime:0.000716s ]
INFO: [ view_filter ] --END-- [ RunTime:0.000782s ]
INFO: [ app_end ] --START--
INFO: Run Behavior\ShowPageTraceBehavior [ RunTime:0.001195s ]
INFO: Run Common\Behavior\CronRunBehavior [ RunTime:0.002793s ]
INFO: [ app_end ] --END-- [ RunTime:0.004109s ]

[ 2017-11-02T10:58:46+08:00 ] ::1 /smartorder/admin.php/Cash/index.html
INFO: [ app_init ] --START--
INFO: Run Behavior\BuildLiteBehavior [ RunTime:0.000016s ]
INFO: [ app_init ] --END-- [ RunTime:0.000505s ]
INFO: [ app_begin ] --START--
INFO: Run Behavior\ReadHtmlCacheBehavior [ RunTime:0.000874s ]
INFO: [ app_begin ] --END-- [ RunTime:0.000950s ]
SQL: SHOW COLUMNS FROM `so_menu` [ RunTime:0.0034s ]
SQL: SELECT `id`,`title`,`url` FROM `so_menu` WHERE `pid` = 0 AND `hide` = 0 AND `is_dev` = 0 ORDER BY sort asc  [ RunTime:0.0005s ]
SQL: SELECT `pid` FROM `so_menu` WHERE ( pid !=0 AND url like '%Cash/index%' ) LIMIT 1   [ RunTime:0.0005s ]
SQL: SELECT * FROM `so_menu` WHERE `id` = 85 LIMIT 1   [ RunTime:0.0003s ]
SQL: SELECT DISTINCT  `group` FROM `so_menu` WHERE `group` <> '' AND `pid` = 85  [ RunTime:0.0004s ]
SQL: SELECT `id`,`url` FROM `so_menu` WHERE `pid` = 85 AND `hide` = 0 AND `is_dev` = 0  [ RunTime:0.0003s ]
SQL: SELECT `id`,`pid`,`title`,`url`,`tip` FROM `so_menu` WHERE `group` = '桌号管理' AND `pid` = 85 AND `hide` = 0 AND `is_dev` = 0 ORDER BY sort asc  [ RunTime:0.0004s ]
SQL: SELECT `id`,`pid`,`title`,`url`,`tip` FROM `so_menu` WHERE `group` = '结账管理' AND `pid` = 85 AND `hide` = 0 AND `is_dev` = 0 ORDER BY sort asc  [ RunTime:0.0003s ]
SQL: SELECT `id`,`pid`,`title`,`url`,`tip` FROM `so_menu` WHERE `group` = '预约管理' AND `pid` = 85 AND `hide` = 0 AND `is_dev` = 0 ORDER BY sort asc  [ RunTime:0.0004s ]
SQL: SELECT `id`,`pid`,`title`,`url`,`tip` FROM `so_menu` WHERE `group` = '会员管理' AND `pid` = 85 AND `hide` = 0 AND `is_dev` = 0 ORDER BY sort asc  [ RunTime:0.0003s ]
SQL: SELECT `id`,`pid`,`title`,`url`,`tip` FROM `so_menu` WHERE `group` = '账务管理' AND `pid` = 85 AND `hide` = 0 AND `is_dev` = 0 ORDER BY sort asc  [ RunTime:0.0003s ]
SQL: SHOW COLUMNS FROM `so_table` [ RunTime:0.0438s ]
SQL: SELECT so_hall.id,count(hall_id),so_hall.name FROM `so_table` INNER JOIN so_hall ON so_hall.id = so_table.hall_id  GROUP BY hall_id  [ RunTime:0.0006s ]
SQL: SHOW COLUMNS FROM `so_temp` [ RunTime:0.0028s ]
SQL: SELECT so_hall.name as hall_name,`holding`,`hold_time`,`table_name` FROM `so_temp` INNER JOIN so_table ON so_table.id = so_temp.table_id INNER JOIN so_hall ON so_table.hall_id = so_hall.id  WHERE ( so_temp.holding is not null ) ORDER BY hold_time asc  [ RunTime:0.0029s ]
NOTIC: [2] implode(): Invalid arguments passed E:\xampp\htdocs\SmartOrder\Application\Admin\Controller\CashController.class.php 第 20 行.
NOTIC: [2] implode(): Invalid arguments passed E:\xampp\htdocs\SmartOrder\Application\Admin\Controller\CashController.class.php 第 20 行.
NOTIC: [2] implode(): Invalid arguments passed E:\xampp\htdocs\SmartOrder\Application\Admin\Controller\CashController.class.php 第 20 行.
NOTIC: [2] implode(): Invalid arguments passed E:\xampp\htdocs\SmartOrder\Application\Admin\Controller\CashController.class.php 第 20 行.
NOTIC: [2] implode(): Invalid arguments passed E:\xampp\htdocs\SmartOrder\Application\Admin\Controller\CashController.class.php 第 20 行.
NOTIC: [2] implode(): Invalid arguments passed E:\xampp\htdocs\SmartOrder\Application\Admin\Controller\CashController.class.php 第 20 行.
NOTIC: [2] implode(): Invalid arguments passed E:\xampp\htdocs\SmartOrder\Application\Admin\Controller\CashController.class.php 第 20 行.
NOTIC: [2] implode(): Invalid arguments passed E:\xampp\htdocs\SmartOrder\Application\Admin\Controller\CashController.class.php 第 20 行.
NOTIC: [2] implode(): Invalid arguments passed E:\xampp\htdocs\SmartOrder\Application\Admin\Controller\CashController.class.php 第 20 行.
NOTIC: [2] implode(): Invalid arguments passed E:\xampp\htdocs\SmartOrder\Application\Admin\Controller\CashController.class.php 第 20 行.
NOTIC: [2] implode(): Invalid arguments passed E:\xampp\htdocs\SmartOrder\Application\Admin\Controller\CashController.class.php 第 20 行.
NOTIC: [2] implode(): Invalid arguments passed E:\xampp\htdocs\SmartOrder\Application\Admin\Controller\CashController.class.php 第 20 行.
NOTIC: [2] implode(): Invalid arguments passed E:\xampp\htdocs\SmartOrder\Application\Admin\Controller\CashController.class.php 第 20 行.
INFO: [ view_parse ] --START--
INFO: [ template_filter ] --START--
INFO: Run Behavior\ContentReplaceBehavior [ RunTime:0.000144s ]
INFO: [ template_filter ] --END-- [ RunTime:0.000195s ]
INFO: Run Behavior\ParseTemplateBehavior [ RunTime:0.015277s ]
INFO: [ view_parse ] --END-- [ RunTime:0.015328s ]
INFO: [ view_filter ] --START--
INFO: Run Behavior\WriteHtmlCacheBehavior [ RunTime:0.000524s ]
INFO: [ view_filter ] --END-- [ RunTime:0.000563s ]
INFO: [ app_end ] --START--
INFO: Run Behavior\ShowPageTraceBehavior [ RunTime:0.000820s ]
INFO: Run Common\Behavior\CronRunBehavior [ RunTime:0.002738s ]
INFO: [ app_end ] --END-- [ RunTime:0.003682s ]

[ 2017-11-02T13:26:30+08:00 ] ::1 /smartorder/admin.php/Menu/index.html
INFO: [ app_init ] --START--
INFO: Run Behavior\BuildLiteBehavior [ RunTime:0.000015s ]
INFO: [ app_init ] --END-- [ RunTime:0.000507s ]
INFO: [ app_begin ] --START--
INFO: Run Behavior\ReadHtmlCacheBehavior [ RunTime:0.001255s ]
INFO: [ app_begin ] --END-- [ RunTime:0.001353s ]
SQL: SHOW COLUMNS FROM `so_menu` [ RunTime:0.0059s ]
SQL: SELECT `id`,`title`,`url` FROM `so_menu` WHERE `pid` = 0 AND `hide` = 0 AND `is_dev` = 0 ORDER BY sort asc  [ RunTime:0.0006s ]
SQL: SELECT `pid` FROM `so_menu` WHERE ( pid !=0 AND url like '%Menu/index%' ) LIMIT 1   [ RunTime:0.0005s ]
SQL: SELECT * FROM `so_menu` WHERE `id` = 4 LIMIT 1   [ RunTime:0.0004s ]
SQL: SELECT DISTINCT  `group` FROM `so_menu` WHERE `group` <> '' AND `pid` = 4  [ RunTime:0.0005s ]
SQL: SELECT `id`,`url` FROM `so_menu` WHERE `pid` = 4 AND `hide` = 0 AND `is_dev` = 0  [ RunTime:0.0004s ]
SQL: SELECT `id`,`pid`,`title`,`url`,`tip` FROM `so_menu` WHERE `group` = '菜单设置' AND `pid` = 4 AND `hide` = 0 AND `is_dev` = 0 ORDER BY sort asc  [ RunTime:0.0005s ]
SQL: SELECT `id`,`title` FROM `so_menu`  [ RunTime:0.0005s ]
SQL: SELECT `id`,`title`,`pid`,`sort`,`url`,`hide`,`tip`,`group`,`is_dev`,`status` FROM `so_menu` WHERE `pid` = 0 ORDER BY sort asc,id asc  [ RunTime:0.0005s ]
INFO: [ view_parse ] --START--
INFO: [ template_filter ] --START--
INFO: Run Behavior\ContentReplaceBehavior [ RunTime:0.000191s ]
INFO: [ template_filter ] --END-- [ RunTime:0.000247s ]
INFO: Run Behavior\ParseTemplateBehavior [ RunTime:0.018916s ]
INFO: [ view_parse ] --END-- [ RunTime:0.018977s ]
INFO: [ view_filter ] --START--
INFO: Run Behavior\WriteHtmlCacheBehavior [ RunTime:0.000715s ]
INFO: [ view_filter ] --END-- [ RunTime:0.000758s ]
INFO: [ app_end ] --START--
INFO: Run Behavior\ShowPageTraceBehavior [ RunTime:0.001400s ]
INFO: Run Common\Behavior\CronRunBehavior [ RunTime:0.002790s ]
INFO: [ app_end ] --END-- [ RunTime:0.004325s ]

[ 2017-11-02T13:26:31+08:00 ] ::1 /smartorder/admin.php/Cash/index.html
INFO: [ app_init ] --START--
INFO: Run Behavior\BuildLiteBehavior [ RunTime:0.000017s ]
INFO: [ app_init ] --END-- [ RunTime:0.000718s ]
INFO: [ app_begin ] --START--
INFO: Run Behavior\ReadHtmlCacheBehavior [ RunTime:0.001409s ]
INFO: [ app_begin ] --END-- [ RunTime:0.001526s ]
SQL: SHOW COLUMNS FROM `so_menu` [ RunTime:0.0045s ]
SQL: SELECT `id`,`title`,`url` FROM `so_menu` WHERE `pid` = 0 AND `hide` = 0 AND `is_dev` = 0 ORDER BY sort asc  [ RunTime:0.0005s ]
SQL: SELECT `pid` FROM `so_menu` WHERE ( pid !=0 AND url like '%Cash/index%' ) LIMIT 1   [ RunTime:0.0005s ]
SQL: SELECT * FROM `so_menu` WHERE `id` = 85 LIMIT 1   [ RunTime:0.0003s ]
SQL: SELECT DISTINCT  `group` FROM `so_menu` WHERE `group` <> '' AND `pid` = 85  [ RunTime:0.0004s ]
SQL: SELECT `id`,`url` FROM `so_menu` WHERE `pid` = 85 AND `hide` = 0 AND `is_dev` = 0  [ RunTime:0.0003s ]
SQL: SELECT `id`,`pid`,`title`,`url`,`tip` FROM `so_menu` WHERE `group` = '桌号管理' AND `pid` = 85 AND `hide` = 0 AND `is_dev` = 0 ORDER BY sort asc  [ RunTime:0.0004s ]
SQL: SELECT `id`,`pid`,`title`,`url`,`tip` FROM `so_menu` WHERE `group` = '结账管理' AND `pid` = 85 AND `hide` = 0 AND `is_dev` = 0 ORDER BY sort asc  [ RunTime:0.0004s ]
SQL: SELECT `id`,`pid`,`title`,`url`,`tip` FROM `so_menu` WHERE `group` = '预约管理' AND `pid` = 85 AND `hide` = 0 AND `is_dev` = 0 ORDER BY sort asc  [ RunTime:0.0004s ]
SQL: SELECT `id`,`pid`,`title`,`url`,`tip` FROM `so_menu` WHERE `group` = '会员管理' AND `pid` = 85 AND `hide` = 0 AND `is_dev` = 0 ORDER BY sort asc  [ RunTime:0.0004s ]
SQL: SELECT `id`,`pid`,`title`,`url`,`tip` FROM `so_menu` WHERE `group` = '账务管理' AND `pid` = 85 AND `hide` = 0 AND `is_dev` = 0 ORDER BY sort asc  [ RunTime:0.0003s ]
SQL: SHOW COLUMNS FROM `so_table` [ RunTime:0.0388s ]
SQL: SELECT so_hall.id,count(hall_id),so_hall.name FROM `so_table` INNER JOIN so_hall ON so_hall.id = so_table.hall_id  GROUP BY hall_id  [ RunTime:0.0006s ]
SQL: SHOW COLUMNS FROM `so_temp` [ RunTime:0.0029s ]
SQL: SELECT so_hall.name as hall_name,`holding`,`hold_time`,`table_name` FROM `so_temp` INNER JOIN so_table ON so_table.id = so_temp.table_id INNER JOIN so_hall ON so_table.hall_id = so_hall.id  WHERE ( so_temp.holding is not null ) ORDER BY hold_time asc  [ RunTime:0.0048s ]
NOTIC: [2] implode(): Invalid arguments passed E:\xampp\htdocs\SmartOrder\Application\Admin\Controller\CashController.class.php 第 20 行.
NOTIC: [2] implode(): Invalid arguments passed E:\xampp\htdocs\SmartOrder\Application\Admin\Controller\CashController.class.php 第 20 行.
NOTIC: [2] implode(): Invalid arguments passed E:\xampp\htdocs\SmartOrder\Application\Admin\Controller\CashController.class.php 第 20 行.
NOTIC: [2] implode(): Invalid arguments passed E:\xampp\htdocs\SmartOrder\Application\Admin\Controller\CashController.class.php 第 20 行.
NOTIC: [2] implode(): Invalid arguments passed E:\xampp\htdocs\SmartOrder\Application\Admin\Controller\CashController.class.php 第 20 行.
NOTIC: [2] implode(): Invalid arguments passed E:\xampp\htdocs\SmartOrder\Application\Admin\Controller\CashController.class.php 第 20 行.
NOTIC: [2] implode(): Invalid arguments passed E:\xampp\htdocs\SmartOrder\Application\Admin\Controller\CashController.class.php 第 20 行.
NOTIC: [2] implode(): Invalid arguments passed E:\xampp\htdocs\SmartOrder\Application\Admin\Controller\CashController.class.php 第 20 行.
NOTIC: [2] implode(): Invalid arguments passed E:\xampp\htdocs\SmartOrder\Application\Admin\Controller\CashController.class.php 第 20 行.
NOTIC: [2] implode(): Invalid arguments passed E:\xampp\htdocs\SmartOrder\Application\Admin\Controller\CashController.class.php 第 20 行.
NOTIC: [2] implode(): Invalid arguments passed E:\xampp\htdocs\SmartOrder\Application\Admin\Controller\CashController.class.php 第 20 行.
NOTIC: [2] implode(): Invalid arguments passed E:\xampp\htdocs\SmartOrder\Application\Admin\Controller\CashController.class.php 第 20 行.
NOTIC: [2] implode(): Invalid arguments passed E:\xampp\htdocs\SmartOrder\Application\Admin\Controller\CashController.class.php 第 20 行.
INFO: [ view_parse ] --START--
INFO: [ template_filter ] --START--
INFO: Run Behavior\ContentReplaceBehavior [ RunTime:0.000335s ]
INFO: [ template_filter ] --END-- [ RunTime:0.000439s ]
INFO: Run Behavior\ParseTemplateBehavior [ RunTime:0.029467s ]
INFO: [ view_parse ] --END-- [ RunTime:0.029544s ]
INFO: [ view_filter ] --START--
INFO: Run Behavior\WriteHtmlCacheBehavior [ RunTime:0.000576s ]
INFO: [ view_filter ] --END-- [ RunTime:0.000615s ]
INFO: [ app_end ] --START--
INFO: Run Behavior\ShowPageTraceBehavior [ RunTime:0.000811s ]
INFO: Run Common\Behavior\CronRunBehavior [ RunTime:0.003134s ]
INFO: [ app_end ] --END-- [ RunTime:0.004048s ]

[ 2017-11-02T13:26:33+08:00 ] ::1 /smartorder/admin.php/AdsManage/index.html
INFO: [ app_init ] --START--
INFO: Run Behavior\BuildLiteBehavior [ RunTime:0.000017s ]
INFO: [ app_init ] --END-- [ RunTime:0.000532s ]
INFO: [ app_begin ] --START--
INFO: Run Behavior\ReadHtmlCacheBehavior [ RunTime:0.001002s ]
INFO: [ app_begin ] --END-- [ RunTime:0.001090s ]
SQL: SHOW COLUMNS FROM `so_menu` [ RunTime:0.0056s ]
SQL: SELECT `id`,`title`,`url` FROM `so_menu` WHERE `pid` = 0 AND `hide` = 0 AND `is_dev` = 0 ORDER BY sort asc  [ RunTime:0.0005s ]
SQL: SELECT `pid` FROM `so_menu` WHERE ( pid !=0 AND url like '%AdsManage/index%' ) LIMIT 1   [ RunTime:0.0005s ]
SQL: SELECT * FROM `so_menu` WHERE `id` = 78 LIMIT 1   [ RunTime:0.0003s ]
SQL: SELECT DISTINCT  `group` FROM `so_menu` WHERE `group` <> '' AND `pid` = 78  [ RunTime:0.0003s ]
SQL: SELECT `id`,`url` FROM `so_menu` WHERE `pid` = 78 AND `hide` = 0 AND `is_dev` = 0  [ RunTime:0.0003s ]
SQL: SELECT `id`,`pid`,`title`,`url`,`tip` FROM `so_menu` WHERE `group` = '类别管理' AND `pid` = 78 AND `hide` = 0 AND `is_dev` = 0 ORDER BY sort asc  [ RunTime:0.0004s ]
SQL: SELECT `id`,`pid`,`title`,`url`,`tip` FROM `so_menu` WHERE `group` = '内容管理' AND `pid` = 78 AND `hide` = 0 AND `is_dev` = 0 ORDER BY sort asc  [ RunTime:0.0004s ]
SQL: SHOW COLUMNS FROM `so_ads_type` [ RunTime:0.0445s ]
SQL: SELECT * FROM `so_ads_type`  [ RunTime:0.0003s ]
INFO: [ view_parse ] --START--
INFO: [ template_filter ] --START--
INFO: Run Behavior\ContentReplaceBehavior [ RunTime:0.000137s ]
INFO: [ template_filter ] --END-- [ RunTime:0.000180s ]
INFO: Run Behavior\ParseTemplateBehavior [ RunTime:0.012546s ]
INFO: [ view_parse ] --END-- [ RunTime:0.012597s ]
INFO: [ view_filter ] --START--
INFO: Run Behavior\WriteHtmlCacheBehavior [ RunTime:0.000565s ]
INFO: [ view_filter ] --END-- [ RunTime:0.000604s ]
INFO: [ app_end ] --START--
INFO: Run Behavior\ShowPageTraceBehavior [ RunTime:0.000812s ]
INFO: Run Common\Behavior\CronRunBehavior [ RunTime:0.003107s ]
INFO: [ app_end ] --END-- [ RunTime:0.004022s ]

[ 2017-11-02T13:26:59+08:00 ] ::1 /smartorder/admin.php/Table/index.html
INFO: [ app_init ] --START--
INFO: Run Behavior\BuildLiteBehavior [ RunTime:0.000022s ]
INFO: [ app_init ] --END-- [ RunTime:0.000654s ]
INFO: [ app_begin ] --START--
INFO: Run Behavior\ReadHtmlCacheBehavior [ RunTime:0.000653s ]
INFO: [ app_begin ] --END-- [ RunTime:0.000711s ]
SQL: SHOW COLUMNS FROM `so_menu` [ RunTime:0.0046s ]
SQL: SELECT `id`,`title`,`url` FROM `so_menu` WHERE `pid` = 0 AND `hide` = 0 AND `is_dev` = 0 ORDER BY sort asc  [ RunTime:0.0005s ]
SQL: SELECT `pid` FROM `so_menu` WHERE ( pid !=0 AND url like '%Table/index%' ) LIMIT 1   [ RunTime:0.0007s ]
SQL: SELECT * FROM `so_menu` WHERE `id` = 76 LIMIT 1   [ RunTime:0.0006s ]
SQL: SELECT DISTINCT  `group` FROM `so_menu` WHERE `group` <> '' AND `pid` = 76  [ RunTime:0.0003s ]
SQL: SELECT `id`,`url` FROM `so_menu` WHERE `pid` = 76 AND `hide` = 0 AND `is_dev` = 0  [ RunTime:0.0003s ]
SQL: SELECT `id`,`pid`,`title`,`url`,`tip` FROM `so_menu` WHERE `group` = '桌号设置' AND `pid` = 76 AND `hide` = 0 AND `is_dev` = 0 ORDER BY sort asc  [ RunTime:0.0003s ]
NOTIC: [2048] Declaration of Admin\Model\TableModel::Add() should be compatible with Think\Model::add($data = '', $options = Array, $replace = false) E:\xampp\htdocs\SmartOrder\Application\Admin\Model\TableModel.class.php 第 93 行.
SQL: SHOW COLUMNS FROM `so_table` [ RunTime:0.0414s ]
SQL: SHOW COLUMNS FROM `so_hall` [ RunTime:0.0072s ]
NOTIC: [2] Missing argument 1 for Think\Model::where(), called in E:\xampp\htdocs\SmartOrder\Application\Admin\Model\TableModel.class.php on line 38 and defined E:\xampp\htdocs\SmartOrder\ThinkPHP\Library\Think\Model.class.php 第 1765 行.
NOTIC: [8] Undefined variable: where E:\xampp\htdocs\SmartOrder\ThinkPHP\Library\Think\Model.class.php 第 1773 行.
NOTIC: [8] Undefined variable: where E:\xampp\htdocs\SmartOrder\ThinkPHP\Library\Think\Model.class.php 第 1776 行.
NOTIC: [8] Undefined variable: where E:\xampp\htdocs\SmartOrder\ThinkPHP\Library\Think\Model.class.php 第 1784 行.
SQL: SELECT * FROM `so_hall`  [ RunTime:0.0007s ]
SQL: SHOW COLUMNS FROM `so_table` [ RunTime:0.0071s ]
SQL: SELECT `id`,`table_name` FROM `so_table` WHERE `hall_id` = 1  [ RunTime:0.0008s ]
SQL: SELECT `id`,`table_name` FROM `so_table` WHERE `hall_id` = 2  [ RunTime:0.0007s ]
SQL: SELECT `id`,`table_name` FROM `so_table` WHERE `hall_id` = 3  [ RunTime:0.0006s ]
SQL: SELECT `id`,`table_name` FROM `so_table` WHERE `hall_id` = 4  [ RunTime:0.0004s ]
SQL: SELECT `id`,`table_name` FROM `so_table` WHERE `hall_id` = 5  [ RunTime:0.0004s ]
INFO: [ view_parse ] --START--
INFO: [ template_filter ] --START--
INFO: Run Behavior\ContentReplaceBehavior [ RunTime:0.000227s ]
INFO: [ template_filter ] --END-- [ RunTime:0.000287s ]
INFO: Run Behavior\ParseTemplateBehavior [ RunTime:0.020834s ]
INFO: [ view_parse ] --END-- [ RunTime:0.020908s ]
INFO: [ view_filter ] --START--
INFO: Run Behavior\WriteHtmlCacheBehavior [ RunTime:0.000614s ]
INFO: [ view_filter ] --END-- [ RunTime:0.000660s ]
INFO: [ app_end ] --START--
INFO: Run Behavior\ShowPageTraceBehavior [ RunTime:0.000906s ]
INFO: Run Common\Behavior\CronRunBehavior [ RunTime:0.003968s ]
INFO: [ app_end ] --END-- [ RunTime:0.005001s ]

[ 2017-11-02T13:27:02+08:00 ] ::1 /smartorder/admin.php/UserManage/index.html
INFO: [ app_init ] --START--
INFO: Run Behavior\BuildLiteBehavior [ RunTime:0.000038s ]
INFO: [ app_init ] --END-- [ RunTime:0.001215s ]
INFO: [ app_begin ] --START--
INFO: Run Behavior\ReadHtmlCacheBehavior [ RunTime:0.000852s ]
INFO: [ app_begin ] --END-- [ RunTime:0.000932s ]
SQL: SHOW COLUMNS FROM `so_menu` [ RunTime:0.0048s ]
SQL: SELECT `id`,`title`,`url` FROM `so_menu` WHERE `pid` = 0 AND `hide` = 0 AND `is_dev` = 0 ORDER BY sort asc  [ RunTime:0.0005s ]
SQL: SELECT `pid` FROM `so_menu` WHERE ( pid !=0 AND url like '%UserManage/index%' ) LIMIT 1   [ RunTime:0.0003s ]
SQL: SELECT * FROM `so_menu` WHERE `id` = 3 LIMIT 1   [ RunTime:0.0002s ]
SQL: SELECT DISTINCT  `group` FROM `so_menu` WHERE `group` <> '' AND `pid` = 3  [ RunTime:0.0003s ]
SQL: SELECT `id`,`url` FROM `so_menu` WHERE `pid` = 3 AND `hide` = 0 AND `is_dev` = 0  [ RunTime:0.0002s ]
SQL: SELECT `id`,`pid`,`title`,`url`,`tip` FROM `so_menu` WHERE `group` = '用户管理' AND `pid` = 3 AND `hide` = 0 AND `is_dev` = 0 ORDER BY sort asc  [ RunTime:0.0003s ]
SQL: SHOW COLUMNS FROM `so_user` [ RunTime:0.0515s ]
SQL: SELECT * FROM `so_user`  [ RunTime:0.0004s ]
SQL: SHOW COLUMNS FROM `so_position` [ RunTime:0.0062s ]
SQL: SELECT * FROM `so_position`  [ RunTime:0.0007s ]
NOTIC: [8] Undefined index: Position E:\xampp\htdocs\SmartOrder\Application\Admin\Controller\UserManageController.class.php 第 19 行.
NOTIC: [8] Undefined index: Position E:\xampp\htdocs\SmartOrder\Application\Admin\Controller\UserManageController.class.php 第 19 行.
NOTIC: [8] Undefined index: Position E:\xampp\htdocs\SmartOrder\Application\Admin\Controller\UserManageController.class.php 第 19 行.
NOTIC: [8] Undefined index: Position E:\xampp\htdocs\SmartOrder\Application\Admin\Controller\UserManageController.class.php 第 19 行.
NOTIC: [8] Undefined index: Position E:\xampp\htdocs\SmartOrder\Application\Admin\Controller\UserManageController.class.php 第 19 行.
NOTIC: [8] Undefined index: Position E:\xampp\htdocs\SmartOrder\Application\Admin\Controller\UserManageController.class.php 第 19 行.
NOTIC: [8] Undefined index: Position E:\xampp\htdocs\SmartOrder\Application\Admin\Controller\UserManageController.class.php 第 19 行.
NOTIC: [8] Undefined index: Position E:\xampp\htdocs\SmartOrder\Application\Admin\Controller\UserManageController.class.php 第 19 行.
NOTIC: [8] Undefined index: Position E:\xampp\htdocs\SmartOrder\Application\Admin\Controller\UserManageController.class.php 第 19 行.
NOTIC: [8] Undefined index: Position E:\xampp\htdocs\SmartOrder\Application\Admin\Controller\UserManageController.class.php 第 19 行.
NOTIC: [8] Undefined index: Position E:\xampp\htdocs\SmartOrder\Application\Admin\Controller\UserManageController.class.php 第 19 行.
NOTIC: [8] Undefined index: Position E:\xampp\htdocs\SmartOrder\Application\Admin\Controller\UserManageController.class.php 第 19 行.
NOTIC: [8] Undefined index: Position E:\xampp\htdocs\SmartOrder\Application\Admin\Controller\UserManageController.class.php 第 19 行.
NOTIC: [8] Undefined index: Position E:\xampp\htdocs\SmartOrder\Application\Admin\Controller\UserManageController.class.php 第 19 行.
NOTIC: [8] Undefined index: Position E:\xampp\htdocs\SmartOrder\Application\Admin\Controller\UserManageController.class.php 第 19 行.
NOTIC: [8] Undefined index: Position E:\xampp\htdocs\SmartOrder\Application\Admin\Controller\UserManageController.class.php 第 19 行.
NOTIC: [8] Undefined index: Position E:\xampp\htdocs\SmartOrder\Application\Admin\Controller\UserManageController.class.php 第 19 行.
NOTIC: [8] Undefined index: Position E:\xampp\htdocs\SmartOrder\Application\Admin\Controller\UserManageController.class.php 第 19 行.
NOTIC: [8] Undefined index: Position E:\xampp\htdocs\SmartOrder\Application\Admin\Controller\UserManageController.class.php 第 19 行.
NOTIC: [8] Undefined index: Position E:\xampp\htdocs\SmartOrder\Application\Admin\Controller\UserManageController.class.php 第 19 行.
INFO: [ view_parse ] --START--
INFO: [ template_filter ] --START--
INFO: Run Behavior\ContentReplaceBehavior [ RunTime:0.000261s ]
INFO: [ template_filter ] --END-- [ RunTime:0.000364s ]
NOTIC: [8] Undefined variable: meta_title E:\xampp\htdocs\SmartOrder\Runtime\Cache\Admin\3c7f6c15843b813090faa90a45856594.php 第 5 行.
INFO: Run Behavior\ParseTemplateBehavior [ RunTime:0.028689s ]
INFO: [ view_parse ] --END-- [ RunTime:0.028775s ]
INFO: [ view_filter ] --START--
INFO: Run Behavior\WriteHtmlCacheBehavior [ RunTime:0.000710s ]
INFO: [ view_filter ] --END-- [ RunTime:0.000758s ]
INFO: [ app_end ] --START--
INFO: Run Behavior\ShowPageTraceBehavior [ RunTime:0.000950s ]
INFO: Run Common\Behavior\CronRunBehavior [ RunTime:0.003296s ]
INFO: [ app_end ] --END-- [ RunTime:0.004372s ]

[ 2017-11-02T13:27:06+08:00 ] ::1 /smartorder/admin.php/MenuManage/index.html
INFO: [ app_init ] --START--
INFO: Run Behavior\BuildLiteBehavior [ RunTime:0.000021s ]
INFO: [ app_init ] --END-- [ RunTime:0.000569s ]
INFO: [ app_begin ] --START--
INFO: Run Behavior\ReadHtmlCacheBehavior [ RunTime:0.000862s ]
INFO: [ app_begin ] --END-- [ RunTime:0.000968s ]
SQL: SHOW COLUMNS FROM `so_menu` [ RunTime:0.0053s ]
SQL: SELECT `id`,`title`,`url` FROM `so_menu` WHERE `pid` = 0 AND `hide` = 0 AND `is_dev` = 0 ORDER BY sort asc  [ RunTime:0.0006s ]
SQL: SELECT `pid` FROM `so_menu` WHERE ( pid !=0 AND url like '%MenuManage/index%' ) LIMIT 1   [ RunTime:0.0003s ]
SQL: SELECT * FROM `so_menu` WHERE `id` = 2 LIMIT 1   [ RunTime:0.0004s ]
SQL: SELECT DISTINCT  `group` FROM `so_menu` WHERE `group` <> '' AND `pid` = 2  [ RunTime:0.0004s ]
SQL: SELECT `id`,`url` FROM `so_menu` WHERE `pid` = 2 AND `hide` = 0 AND `is_dev` = 0  [ RunTime:0.0003s ]
SQL: SELECT `id`,`pid`,`title`,`url`,`tip` FROM `so_menu` WHERE `group` = '菜系管理' AND `pid` = 2 AND `hide` = 0 AND `is_dev` = 0 ORDER BY sort asc  [ RunTime:0.0003s ]
SQL: SELECT `id`,`pid`,`title`,`url`,`tip` FROM `so_menu` WHERE `group` = '菜品管理' AND `pid` = 2 AND `hide` = 0 AND `is_dev` = 0 ORDER BY sort asc  [ RunTime:0.0003s ]
SQL: SHOW COLUMNS FROM `so_cookstyle` [ RunTime:0.0430s ]
SQL: SELECT * FROM `so_cookstyle` WHERE ( is_delete = 0 )  [ RunTime:0.0004s ]
INFO: [ view_parse ] --START--
INFO: [ template_filter ] --START--
INFO: Run Behavior\ContentReplaceBehavior [ RunTime:0.000138s ]
INFO: [ template_filter ] --END-- [ RunTime:0.000183s ]
SQL: SHOW COLUMNS FROM `so_cookmenu` [ RunTime:0.0032s ]
SQL: SELECT COUNT(*) AS tp_count FROM `so_cookmenu` WHERE `styleid` = 1 LIMIT 1   [ RunTime:0.0004s ]
SQL: SELECT COUNT(*) AS tp_count FROM `so_cookmenu` WHERE `styleid` = 2 LIMIT 1   [ RunTime:0.0003s ]
INFO: Run Behavior\ParseTemplateBehavior [ RunTime:0.017103s ]
INFO: [ view_parse ] --END-- [ RunTime:0.017147s ]
INFO: [ view_filter ] --START--
INFO: Run Behavior\WriteHtmlCacheBehavior [ RunTime:0.000683s ]
INFO: [ view_filter ] --END-- [ RunTime:0.000724s ]
INFO: [ app_end ] --START--
INFO: Run Behavior\ShowPageTraceBehavior [ RunTime:0.000784s ]
INFO: Run Common\Behavior\CronRunBehavior [ RunTime:0.002692s ]
INFO: [ app_end ] --END-- [ RunTime:0.003574s ]

[ 2017-11-02T13:27:08+08:00 ] ::1 /smartorder/admin.php/AdsManage/index.html
INFO: [ app_init ] --START--
INFO: Run Behavior\BuildLiteBehavior [ RunTime:0.000016s ]
INFO: [ app_init ] --END-- [ RunTime:0.000533s ]
INFO: [ app_begin ] --START--
INFO: Run Behavior\ReadHtmlCacheBehavior [ RunTime:0.000814s ]
INFO: [ app_begin ] --END-- [ RunTime:0.000887s ]
SQL: SHOW COLUMNS FROM `so_menu` [ RunTime:0.0046s ]
SQL: SELECT `id`,`title`,`url` FROM `so_menu` WHERE `pid` = 0 AND `hide` = 0 AND `is_dev` = 0 ORDER BY sort asc  [ RunTime:0.0006s ]
SQL: SELECT `pid` FROM `so_menu` WHERE ( pid !=0 AND url like '%AdsManage/index%' ) LIMIT 1   [ RunTime:0.0005s ]
SQL: SELECT * FROM `so_menu` WHERE `id` = 78 LIMIT 1   [ RunTime:0.0004s ]
SQL: SELECT DISTINCT  `group` FROM `so_menu` WHERE `group` <> '' AND `pid` = 78  [ RunTime:0.0004s ]
SQL: SELECT `id`,`url` FROM `so_menu` WHERE `pid` = 78 AND `hide` = 0 AND `is_dev` = 0  [ RunTime:0.0003s ]
SQL: SELECT `id`,`pid`,`title`,`url`,`tip` FROM `so_menu` WHERE `group` = '类别管理' AND `pid` = 78 AND `hide` = 0 AND `is_dev` = 0 ORDER BY sort asc  [ RunTime:0.0005s ]
SQL: SELECT `id`,`pid`,`title`,`url`,`tip` FROM `so_menu` WHERE `group` = '内容管理' AND `pid` = 78 AND `hide` = 0 AND `is_dev` = 0 ORDER BY sort asc  [ RunTime:0.0007s ]
SQL: SHOW COLUMNS FROM `so_ads_type` [ RunTime:0.0042s ]
SQL: SELECT * FROM `so_ads_type`  [ RunTime:0.0004s ]
INFO: [ view_parse ] --START--
INFO: [ template_filter ] --START--
INFO: Run Behavior\ContentReplaceBehavior [ RunTime:0.000147s ]
INFO: [ template_filter ] --END-- [ RunTime:0.000200s ]
INFO: Run Behavior\ParseTemplateBehavior [ RunTime:0.015444s ]
INFO: [ view_parse ] --END-- [ RunTime:0.015517s ]
INFO: [ view_filter ] --START--
INFO: Run Behavior\WriteHtmlCacheBehavior [ RunTime:0.000756s ]
INFO: [ view_filter ] --END-- [ RunTime:0.000815s ]
INFO: [ app_end ] --START--
INFO: Run Behavior\ShowPageTraceBehavior [ RunTime:0.000764s ]
INFO: Run Common\Behavior\CronRunBehavior [ RunTime:0.002861s ]
INFO: [ app_end ] --END-- [ RunTime:0.003784s ]

[ 2017-11-02T13:27:16+08:00 ] ::1 /smartorder/admin.php/Menu/index.html
INFO: [ app_init ] --START--
INFO: Run Behavior\BuildLiteBehavior [ RunTime:0.000015s ]
INFO: [ app_init ] --END-- [ RunTime:0.000499s ]
INFO: [ app_begin ] --START--
INFO: Run Behavior\ReadHtmlCacheBehavior [ RunTime:0.000707s ]
INFO: [ app_begin ] --END-- [ RunTime:0.001151s ]
SQL: SHOW COLUMNS FROM `so_menu` [ RunTime:0.0058s ]
SQL: SELECT `id`,`title`,`url` FROM `so_menu` WHERE `pid` = 0 AND `hide` = 0 AND `is_dev` = 0 ORDER BY sort asc  [ RunTime:0.0005s ]
SQL: SELECT `pid` FROM `so_menu` WHERE ( pid !=0 AND url like '%Menu/index%' ) LIMIT 1   [ RunTime:0.0004s ]
SQL: SELECT * FROM `so_menu` WHERE `id` = 4 LIMIT 1   [ RunTime:0.0004s ]
SQL: SELECT DISTINCT  `group` FROM `so_menu` WHERE `group` <> '' AND `pid` = 4  [ RunTime:0.0005s ]
SQL: SELECT `id`,`url` FROM `so_menu` WHERE `pid` = 4 AND `hide` = 0 AND `is_dev` = 0  [ RunTime:0.0004s ]
SQL: SELECT `id`,`pid`,`title`,`url`,`tip` FROM `so_menu` WHERE `group` = '菜单设置' AND `pid` = 4 AND `hide` = 0 AND `is_dev` = 0 ORDER BY sort asc  [ RunTime:0.0004s ]
SQL: SELECT `id`,`title` FROM `so_menu`  [ RunTime:0.0004s ]
SQL: SELECT `id`,`title`,`pid`,`sort`,`url`,`hide`,`tip`,`group`,`is_dev`,`status` FROM `so_menu` WHERE `pid` = 0 ORDER BY sort asc,id asc  [ RunTime:0.0005s ]
INFO: [ view_parse ] --START--
INFO: [ template_filter ] --START--
INFO: Run Behavior\ContentReplaceBehavior [ RunTime:0.000178s ]
INFO: [ template_filter ] --END-- [ RunTime:0.000228s ]
INFO: Run Behavior\ParseTemplateBehavior [ RunTime:0.016137s ]
INFO: [ view_parse ] --END-- [ RunTime:0.016192s ]
INFO: [ view_filter ] --START--
INFO: Run Behavior\WriteHtmlCacheBehavior [ RunTime:0.000517s ]
INFO: [ view_filter ] --END-- [ RunTime:0.000551s ]
INFO: [ app_end ] --START--
INFO: Run Behavior\ShowPageTraceBehavior [ RunTime:0.000853s ]
INFO: Run Common\Behavior\CronRunBehavior [ RunTime:0.002527s ]
INFO: [ app_end ] --END-- [ RunTime:0.003470s ]

[ 2017-11-02T13:27:17+08:00 ] ::1 /smartorder/admin.php/Cash/index.html
INFO: [ app_init ] --START--
INFO: Run Behavior\BuildLiteBehavior [ RunTime:0.000024s ]
INFO: [ app_init ] --END-- [ RunTime:0.000611s ]
INFO: [ app_begin ] --START--
INFO: Run Behavior\ReadHtmlCacheBehavior [ RunTime:0.001061s ]
INFO: [ app_begin ] --END-- [ RunTime:0.001188s ]
SQL: SHOW COLUMNS FROM `so_menu` [ RunTime:0.0044s ]
SQL: SELECT `id`,`title`,`url` FROM `so_menu` WHERE `pid` = 0 AND `hide` = 0 AND `is_dev` = 0 ORDER BY sort asc  [ RunTime:0.0005s ]
SQL: SELECT `pid` FROM `so_menu` WHERE ( pid !=0 AND url like '%Cash/index%' ) LIMIT 1   [ RunTime:0.0005s ]
SQL: SELECT * FROM `so_menu` WHERE `id` = 85 LIMIT 1   [ RunTime:0.0003s ]
SQL: SELECT DISTINCT  `group` FROM `so_menu` WHERE `group` <> '' AND `pid` = 85  [ RunTime:0.0004s ]
SQL: SELECT `id`,`url` FROM `so_menu` WHERE `pid` = 85 AND `hide` = 0 AND `is_dev` = 0  [ RunTime:0.0003s ]
SQL: SELECT `id`,`pid`,`title`,`url`,`tip` FROM `so_menu` WHERE `group` = '桌号管理' AND `pid` = 85 AND `hide` = 0 AND `is_dev` = 0 ORDER BY sort asc  [ RunTime:0.0004s ]
SQL: SELECT `id`,`pid`,`title`,`url`,`tip` FROM `so_menu` WHERE `group` = '结账管理' AND `pid` = 85 AND `hide` = 0 AND `is_dev` = 0 ORDER BY sort asc  [ RunTime:0.0004s ]
SQL: SELECT `id`,`pid`,`title`,`url`,`tip` FROM `so_menu` WHERE `group` = '预约管理' AND `pid` = 85 AND `hide` = 0 AND `is_dev` = 0 ORDER BY sort asc  [ RunTime:0.0004s ]
SQL: SELECT `id`,`pid`,`title`,`url`,`tip` FROM `so_menu` WHERE `group` = '会员管理' AND `pid` = 85 AND `hide` = 0 AND `is_dev` = 0 ORDER BY sort asc  [ RunTime:0.0003s ]
SQL: SELECT `id`,`pid`,`title`,`url`,`tip` FROM `so_menu` WHERE `group` = '账务管理' AND `pid` = 85 AND `hide` = 0 AND `is_dev` = 0 ORDER BY sort asc  [ RunTime:0.0003s ]
SQL: SHOW COLUMNS FROM `so_table` [ RunTime:0.0413s ]
SQL: SELECT so_hall.id,count(hall_id),so_hall.name FROM `so_table` INNER JOIN so_hall ON so_hall.id = so_table.hall_id  GROUP BY hall_id  [ RunTime:0.0005s ]
SQL: SHOW COLUMNS FROM `so_temp` [ RunTime:0.0051s ]
SQL: SELECT so_hall.name as hall_name,`holding`,`hold_time`,`table_name` FROM `so_temp` INNER JOIN so_table ON so_table.id = so_temp.table_id INNER JOIN so_hall ON so_table.hall_id = so_hall.id  WHERE ( so_temp.holding is not null ) ORDER BY hold_time asc  [ RunTime:0.0050s ]
NOTIC: [2] implode(): Invalid arguments passed E:\xampp\htdocs\SmartOrder\Application\Admin\Controller\CashController.class.php 第 20 行.
NOTIC: [2] implode(): Invalid arguments passed E:\xampp\htdocs\SmartOrder\Application\Admin\Controller\CashController.class.php 第 20 行.
NOTIC: [2] implode(): Invalid arguments passed E:\xampp\htdocs\SmartOrder\Application\Admin\Controller\CashController.class.php 第 20 行.
NOTIC: [2] implode(): Invalid arguments passed E:\xampp\htdocs\SmartOrder\Application\Admin\Controller\CashController.class.php 第 20 行.
NOTIC: [2] implode(): Invalid arguments passed E:\xampp\htdocs\SmartOrder\Application\Admin\Controller\CashController.class.php 第 20 行.
NOTIC: [2] implode(): Invalid arguments passed E:\xampp\htdocs\SmartOrder\Application\Admin\Controller\CashController.class.php 第 20 行.
NOTIC: [2] implode(): Invalid arguments passed E:\xampp\htdocs\SmartOrder\Application\Admin\Controller\CashController.class.php 第 20 行.
NOTIC: [2] implode(): Invalid arguments passed E:\xampp\htdocs\SmartOrder\Application\Admin\Controller\CashController.class.php 第 20 行.
NOTIC: [2] implode(): Invalid arguments passed E:\xampp\htdocs\SmartOrder\Application\Admin\Controller\CashController.class.php 第 20 行.
NOTIC: [2] implode(): Invalid arguments passed E:\xampp\htdocs\SmartOrder\Application\Admin\Controller\CashController.class.php 第 20 行.
NOTIC: [2] implode(): Invalid arguments passed E:\xampp\htdocs\SmartOrder\Application\Admin\Controller\CashController.class.php 第 20 行.
NOTIC: [2] implode(): Invalid arguments passed E:\xampp\htdocs\SmartOrder\Application\Admin\Controller\CashController.class.php 第 20 行.
NOTIC: [2] implode(): Invalid arguments passed E:\xampp\htdocs\SmartOrder\Application\Admin\Controller\CashController.class.php 第 20 行.
INFO: [ view_parse ] --START--
INFO: [ template_filter ] --START--
INFO: Run Behavior\ContentReplaceBehavior [ RunTime:0.000144s ]
INFO: [ template_filter ] --END-- [ RunTime:0.000192s ]
INFO: Run Behavior\ParseTemplateBehavior [ RunTime:0.024010s ]
INFO: [ view_parse ] --END-- [ RunTime:0.024086s ]
INFO: [ view_filter ] --START--
INFO: Run Behavior\WriteHtmlCacheBehavior [ RunTime:0.000571s ]
INFO: [ view_filter ] --END-- [ RunTime:0.000610s ]
INFO: [ app_end ] --START--
INFO: Run Behavior\ShowPageTraceBehavior [ RunTime:0.000847s ]
INFO: Run Common\Behavior\CronRunBehavior [ RunTime:0.002891s ]
INFO: [ app_end ] --END-- [ RunTime:0.003841s ]

[ 2017-11-02T13:27:22+08:00 ] ::1 /smartorder/admin.php/Cash/Book.html
INFO: [ app_init ] --START--
INFO: Run Behavior\BuildLiteBehavior [ RunTime:0.000025s ]
INFO: [ app_init ] --END-- [ RunTime:0.000732s ]
INFO: [ app_begin ] --START--
INFO: Run Behavior\ReadHtmlCacheBehavior [ RunTime:0.000801s ]
INFO: [ app_begin ] --END-- [ RunTime:0.000874s ]
SQL: SHOW COLUMNS FROM `so_menu` [ RunTime:0.0042s ]
SQL: SELECT `id`,`title`,`url` FROM `so_menu` WHERE `pid` = 0 AND `hide` = 0 AND `is_dev` = 0 ORDER BY sort asc  [ RunTime:0.0004s ]
SQL: SELECT `pid` FROM `so_menu` WHERE ( pid !=0 AND url like '%Cash/Book%' ) LIMIT 1   [ RunTime:0.0004s ]
SQL: SELECT * FROM `so_menu` WHERE `id` = 85 LIMIT 1   [ RunTime:0.0002s ]
SQL: SELECT DISTINCT  `group` FROM `so_menu` WHERE `group` <> '' AND `pid` = 85  [ RunTime:0.0003s ]
SQL: SELECT `id`,`url` FROM `so_menu` WHERE `pid` = 85 AND `hide` = 0 AND `is_dev` = 0  [ RunTime:0.0003s ]
SQL: SELECT `id`,`pid`,`title`,`url`,`tip` FROM `so_menu` WHERE `group` = '桌号管理' AND `pid` = 85 AND `hide` = 0 AND `is_dev` = 0 ORDER BY sort asc  [ RunTime:0.0003s ]
SQL: SELECT `id`,`pid`,`title`,`url`,`tip` FROM `so_menu` WHERE `group` = '结账管理' AND `pid` = 85 AND `hide` = 0 AND `is_dev` = 0 ORDER BY sort asc  [ RunTime:0.0003s ]
SQL: SELECT `id`,`pid`,`title`,`url`,`tip` FROM `so_menu` WHERE `group` = '预约管理' AND `pid` = 85 AND `hide` = 0 AND `is_dev` = 0 ORDER BY sort asc  [ RunTime:0.0003s ]
SQL: SELECT `id`,`pid`,`title`,`url`,`tip` FROM `so_menu` WHERE `group` = '会员管理' AND `pid` = 85 AND `hide` = 0 AND `is_dev` = 0 ORDER BY sort asc  [ RunTime:0.0003s ]
SQL: SELECT `id`,`pid`,`title`,`url`,`tip` FROM `so_menu` WHERE `group` = '账务管理' AND `pid` = 85 AND `hide` = 0 AND `is_dev` = 0 ORDER BY sort asc  [ RunTime:0.0003s ]
SQL: SHOW COLUMNS FROM `so_book` [ RunTime:0.0435s ]
SQL: SELECT * FROM `so_book`  [ RunTime:0.0005s ]
INFO: [ view_parse ] --START--
INFO: [ template_filter ] --START--
INFO: Run Behavior\ContentReplaceBehavior [ RunTime:0.000371s ]
INFO: [ template_filter ] --END-- [ RunTime:0.000485s ]
INFO: Run Behavior\ParseTemplateBehavior [ RunTime:0.033414s ]
INFO: [ view_parse ] --END-- [ RunTime:0.033471s ]
INFO: [ view_filter ] --START--
INFO: Run Behavior\WriteHtmlCacheBehavior [ RunTime:0.000641s ]
INFO: [ view_filter ] --END-- [ RunTime:0.000681s ]
INFO: [ app_end ] --START--
INFO: Run Behavior\ShowPageTraceBehavior [ RunTime:0.000802s ]
INFO: Run Common\Behavior\CronRunBehavior [ RunTime:0.003041s ]
INFO: [ app_end ] --END-- [ RunTime:0.003953s ]

[ 2017-11-02T13:27:39+08:00 ] ::1 /smartorder/admin.php/Cash/edit.html?
INFO: [ app_init ] --START--
INFO: Run Behavior\BuildLiteBehavior [ RunTime:0.000015s ]
INFO: [ app_init ] --END-- [ RunTime:0.000433s ]
INFO: [ app_begin ] --START--
INFO: Run Behavior\ReadHtmlCacheBehavior [ RunTime:0.000694s ]
INFO: [ app_begin ] --END-- [ RunTime:0.000757s ]
SQL: SHOW COLUMNS FROM `so_menu` [ RunTime:0.0042s ]
SQL: SELECT `id`,`title`,`url` FROM `so_menu` WHERE `pid` = 0 AND `hide` = 0 AND `is_dev` = 0 ORDER BY sort asc  [ RunTime:0.0005s ]
SQL: SELECT `pid` FROM `so_menu` WHERE ( pid !=0 AND url like '%Cash/edit%' ) LIMIT 1   [ RunTime:0.0005s ]
ERR: 非法操作:edit

[ 2017-11-02T13:27:44+08:00 ] ::1 /smartorder/admin.php/Cash/del.html?
INFO: [ app_init ] --START--
INFO: Run Behavior\BuildLiteBehavior [ RunTime:0.000024s ]
INFO: [ app_init ] --END-- [ RunTime:0.000769s ]
INFO: [ app_begin ] --START--
INFO: Run Behavior\ReadHtmlCacheBehavior [ RunTime:0.000745s ]
INFO: [ app_begin ] --END-- [ RunTime:0.000842s ]
SQL: SHOW COLUMNS FROM `so_menu` [ RunTime:0.0039s ]
SQL: SELECT `id`,`title`,`url` FROM `so_menu` WHERE `pid` = 0 AND `hide` = 0 AND `is_dev` = 0 ORDER BY sort asc  [ RunTime:0.0007s ]
SQL: SELECT `pid` FROM `so_menu` WHERE ( pid !=0 AND url like '%Cash/del%' ) LIMIT 1   [ RunTime:0.0006s ]
ERR: 非法操作:del

[ 2017-11-02T13:35:34+08:00 ] ::1 /smartorder/admin.php/Cash/Book.html
INFO: [ app_init ] --START--
INFO: Run Behavior\BuildLiteBehavior [ RunTime:0.000015s ]
INFO: [ app_init ] --END-- [ RunTime:0.000505s ]
INFO: [ app_begin ] --START--
INFO: Run Behavior\ReadHtmlCacheBehavior [ RunTime:0.000703s ]
INFO: [ app_begin ] --END-- [ RunTime:0.000765s ]
SQL: SHOW COLUMNS FROM `so_menu` [ RunTime:0.0060s ]
SQL: SELECT `id`,`title`,`url` FROM `so_menu` WHERE `pid` = 0 AND `hide` = 0 AND `is_dev` = 0 ORDER BY sort asc  [ RunTime:0.0006s ]
SQL: SELECT `pid` FROM `so_menu` WHERE ( pid !=0 AND url like '%Cash/Book%' ) LIMIT 1   [ RunTime:0.0007s ]
SQL: SELECT * FROM `so_menu` WHERE `id` = 85 LIMIT 1   [ RunTime:0.0004s ]
SQL: SELECT DISTINCT  `group` FROM `so_menu` WHERE `group` <> '' AND `pid` = 85  [ RunTime:0.0004s ]
SQL: SELECT `id`,`url` FROM `so_menu` WHERE `pid` = 85 AND `hide` = 0 AND `is_dev` = 0  [ RunTime:0.0003s ]
SQL: SELECT `id`,`pid`,`title`,`url`,`tip` FROM `so_menu` WHERE `group` = '桌号管理' AND `pid` = 85 AND `hide` = 0 AND `is_dev` = 0 ORDER BY sort asc  [ RunTime:0.0004s ]
SQL: SELECT `id`,`pid`,`title`,`url`,`tip` FROM `so_menu` WHERE `group` = '结账管理' AND `pid` = 85 AND `hide` = 0 AND `is_dev` = 0 ORDER BY sort asc  [ RunTime:0.0004s ]
SQL: SELECT `id`,`pid`,`title`,`url`,`tip` FROM `so_menu` WHERE `group` = '预约管理' AND `pid` = 85 AND `hide` = 0 AND `is_dev` = 0 ORDER BY sort asc  [ RunTime:0.0005s ]
SQL: SELECT `id`,`pid`,`title`,`url`,`tip` FROM `so_menu` WHERE `group` = '会员管理' AND `pid` = 85 AND `hide` = 0 AND `is_dev` = 0 ORDER BY sort asc  [ RunTime:0.0005s ]
SQL: SELECT `id`,`pid`,`title`,`url`,`tip` FROM `so_menu` WHERE `group` = '账务管理' AND `pid` = 85 AND `hide` = 0 AND `is_dev` = 0 ORDER BY sort asc  [ RunTime:0.0004s ]
SQL: SHOW COLUMNS FROM `so_book` [ RunTime:0.0352s ]
SQL: SELECT * FROM `so_book`  [ RunTime:0.0005s ]
INFO: [ view_parse ] --START--
INFO: [ template_filter ] --START--
INFO: Run Behavior\ContentReplaceBehavior [ RunTime:0.000155s ]
INFO: [ template_filter ] --END-- [ RunTime:0.000204s ]
INFO: Run Behavior\ParseTemplateBehavior [ RunTime:0.015404s ]
INFO: [ view_parse ] --END-- [ RunTime:0.015477s ]
INFO: [ view_filter ] --START--
INFO: Run Behavior\WriteHtmlCacheBehavior [ RunTime:0.000395s ]
INFO: [ view_filter ] --END-- [ RunTime:0.000430s ]
INFO: [ app_end ] --START--
INFO: Run Behavior\ShowPageTraceBehavior [ RunTime:0.000958s ]
INFO: Run Common\Behavior\CronRunBehavior [ RunTime:0.003242s ]
INFO: [ app_end ] --END-- [ RunTime:0.004325s ]

[ 2017-11-02T13:35:36+08:00 ] ::1 /smartorder/admin.php/AdsManage/index.html
INFO: [ app_init ] --START--
INFO: Run Behavior\BuildLiteBehavior [ RunTime:0.000043s ]
INFO: [ app_init ] --END-- [ RunTime:0.001368s ]
INFO: [ app_begin ] --START--
INFO: Run Behavior\ReadHtmlCacheBehavior [ RunTime:0.000838s ]
INFO: [ app_begin ] --END-- [ RunTime:0.000920s ]
SQL: SHOW COLUMNS FROM `so_menu` [ RunTime:0.0042s ]
SQL: SELECT `id`,`title`,`url` FROM `so_menu` WHERE `pid` = 0 AND `hide` = 0 AND `is_dev` = 0 ORDER BY sort asc  [ RunTime:0.0005s ]
SQL: SELECT `pid` FROM `so_menu` WHERE ( pid !=0 AND url like '%AdsManage/index%' ) LIMIT 1   [ RunTime:0.0005s ]
SQL: SELECT * FROM `so_menu` WHERE `id` = 78 LIMIT 1   [ RunTime:0.0003s ]
SQL: SELECT DISTINCT  `group` FROM `so_menu` WHERE `group` <> '' AND `pid` = 78  [ RunTime:0.0003s ]
SQL: SELECT `id`,`url` FROM `so_menu` WHERE `pid` = 78 AND `hide` = 0 AND `is_dev` = 0  [ RunTime:0.0003s ]
SQL: SELECT `id`,`pid`,`title`,`url`,`tip` FROM `so_menu` WHERE `group` = '类别管理' AND `pid` = 78 AND `hide` = 0 AND `is_dev` = 0 ORDER BY sort asc  [ RunTime:0.0004s ]
SQL: SELECT `id`,`pid`,`title`,`url`,`tip` FROM `so_menu` WHERE `group` = '内容管理' AND `pid` = 78 AND `hide` = 0 AND `is_dev` = 0 ORDER BY sort asc  [ RunTime:0.0003s ]
SQL: SHOW COLUMNS FROM `so_ads_type` [ RunTime:0.0468s ]
SQL: SELECT * FROM `so_ads_type`  [ RunTime:0.0008s ]
INFO: [ view_parse ] --START--
INFO: [ template_filter ] --START--
INFO: Run Behavior\ContentReplaceBehavior [ RunTime:0.000343s ]
INFO: [ template_filter ] --END-- [ RunTime:0.000452s ]
INFO: Run Behavior\ParseTemplateBehavior [ RunTime:0.032660s ]
INFO: [ view_parse ] --END-- [ RunTime:0.032791s ]
INFO: [ view_filter ] --START--
INFO: Run Behavior\WriteHtmlCacheBehavior [ RunTime:0.001303s ]
INFO: [ view_filter ] --END-- [ RunTime:0.001401s ]
INFO: [ app_end ] --START--
INFO: Run Behavior\ShowPageTraceBehavior [ RunTime:0.002013s ]
INFO: Run Common\Behavior\CronRunBehavior [ RunTime:0.006550s ]
INFO: [ app_end ] --END-- [ RunTime:0.008765s ]

[ 2017-11-02T13:35:37+08:00 ] ::1 /smartorder/admin.php/Cash/index.html
INFO: [ app_init ] --START--
INFO: Run Behavior\BuildLiteBehavior [ RunTime:0.000023s ]
INFO: [ app_init ] --END-- [ RunTime:0.000752s ]
INFO: [ app_begin ] --START--
INFO: Run Behavior\ReadHtmlCacheBehavior [ RunTime:0.000970s ]
INFO: [ app_begin ] --END-- [ RunTime:0.001044s ]
SQL: SHOW COLUMNS FROM `so_menu` [ RunTime:0.0043s ]
SQL: SELECT `id`,`title`,`url` FROM `so_menu` WHERE `pid` = 0 AND `hide` = 0 AND `is_dev` = 0 ORDER BY sort asc  [ RunTime:0.0004s ]
SQL: SELECT `pid` FROM `so_menu` WHERE ( pid !=0 AND url like '%Cash/index%' ) LIMIT 1   [ RunTime:0.0004s ]
SQL: SELECT * FROM `so_menu` WHERE `id` = 85 LIMIT 1   [ RunTime:0.0002s ]
SQL: SELECT DISTINCT  `group` FROM `so_menu` WHERE `group` <> '' AND `pid` = 85  [ RunTime:0.0003s ]
SQL: SELECT `id`,`url` FROM `so_menu` WHERE `pid` = 85 AND `hide` = 0 AND `is_dev` = 0  [ RunTime:0.0002s ]
SQL: SELECT `id`,`pid`,`title`,`url`,`tip` FROM `so_menu` WHERE `group` = '桌号管理' AND `pid` = 85 AND `hide` = 0 AND `is_dev` = 0 ORDER BY sort asc  [ RunTime:0.0003s ]
SQL: SELECT `id`,`pid`,`title`,`url`,`tip` FROM `so_menu` WHERE `group` = '结账管理' AND `pid` = 85 AND `hide` = 0 AND `is_dev` = 0 ORDER BY sort asc  [ RunTime:0.0003s ]
SQL: SELECT `id`,`pid`,`title`,`url`,`tip` FROM `so_menu` WHERE `group` = '预约管理' AND `pid` = 85 AND `hide` = 0 AND `is_dev` = 0 ORDER BY sort asc  [ RunTime:0.0003s ]
SQL: SELECT `id`,`pid`,`title`,`url`,`tip` FROM `so_menu` WHERE `group` = '会员管理' AND `pid` = 85 AND `hide` = 0 AND `is_dev` = 0 ORDER BY sort asc  [ RunTime:0.0003s ]
SQL: SELECT `id`,`pid`,`title`,`url`,`tip` FROM `so_menu` WHERE `group` = '账务管理' AND `pid` = 85 AND `hide` = 0 AND `is_dev` = 0 ORDER BY sort asc  [ RunTime:0.0003s ]
SQL: SHOW COLUMNS FROM `so_table` [ RunTime:0.0462s ]
SQL: SELECT so_hall.id,count(hall_id),so_hall.name FROM `so_table` INNER JOIN so_hall ON so_hall.id = so_table.hall_id  GROUP BY hall_id  [ RunTime:0.0005s ]
SQL: SHOW COLUMNS FROM `so_temp` [ RunTime:0.0054s ]
SQL: SELECT so_hall.name as hall_name,`holding`,`hold_time`,`table_name` FROM `so_temp` INNER JOIN so_table ON so_table.id = so_temp.table_id INNER JOIN so_hall ON so_table.hall_id = so_hall.id  WHERE ( so_temp.holding is not null ) ORDER BY hold_time asc  [ RunTime:0.0062s ]
NOTIC: [2] implode(): Invalid arguments passed E:\xampp\htdocs\SmartOrder\Application\Admin\Controller\CashController.class.php 第 20 行.
NOTIC: [2] implode(): Invalid arguments passed E:\xampp\htdocs\SmartOrder\Application\Admin\Controller\CashController.class.php 第 20 行.
NOTIC: [2] implode(): Invalid arguments passed E:\xampp\htdocs\SmartOrder\Application\Admin\Controller\CashController.class.php 第 20 行.
NOTIC: [2] implode(): Invalid arguments passed E:\xampp\htdocs\SmartOrder\Application\Admin\Controller\CashController.class.php 第 20 行.
NOTIC: [2] implode(): Invalid arguments passed E:\xampp\htdocs\SmartOrder\Application\Admin\Controller\CashController.class.php 第 20 行.
NOTIC: [2] implode(): Invalid arguments passed E:\xampp\htdocs\SmartOrder\Application\Admin\Controller\CashController.class.php 第 20 行.
NOTIC: [2] implode(): Invalid arguments passed E:\xampp\htdocs\SmartOrder\Application\Admin\Controller\CashController.class.php 第 20 行.
NOTIC: [2] implode(): Invalid arguments passed E:\xampp\htdocs\SmartOrder\Application\Admin\Controller\CashController.class.php 第 20 行.
NOTIC: [2] implode(): Invalid arguments passed E:\xampp\htdocs\SmartOrder\Application\Admin\Controller\CashController.class.php 第 20 行.
NOTIC: [2] implode(): Invalid arguments passed E:\xampp\htdocs\SmartOrder\Application\Admin\Controller\CashController.class.php 第 20 行.
NOTIC: [2] implode(): Invalid arguments passed E:\xampp\htdocs\SmartOrder\Application\Admin\Controller\CashController.class.php 第 20 行.
NOTIC: [2] implode(): Invalid arguments passed E:\xampp\htdocs\SmartOrder\Application\Admin\Controller\CashController.class.php 第 20 行.
NOTIC: [2] implode(): Invalid arguments passed E:\xampp\htdocs\SmartOrder\Application\Admin\Controller\CashController.class.php 第 20 行.
INFO: [ view_parse ] --START--
INFO: [ template_filter ] --START--
INFO: Run Behavior\ContentReplaceBehavior [ RunTime:0.000362s ]
INFO: [ template_filter ] --END-- [ RunTime:0.000475s ]
INFO: Run Behavior\ParseTemplateBehavior [ RunTime:0.034049s ]
INFO: [ view_parse ] --END-- [ RunTime:0.034201s ]
INFO: [ view_filter ] --START--
INFO: Run Behavior\WriteHtmlCacheBehavior [ RunTime:0.000918s ]
INFO: [ view_filter ] --END-- [ RunTime:0.000976s ]
INFO: [ app_end ] --START--
INFO: Run Behavior\ShowPageTraceBehavior [ RunTime:0.000793s ]
INFO: Run Common\Behavior\CronRunBehavior [ RunTime:0.002783s ]
INFO: [ app_end ] --END-- [ RunTime:0.003674s ]

[ 2017-11-02T13:35:41+08:00 ] ::1 /smartorder/admin.php/Cash/Book.html
INFO: [ app_init ] --START--
INFO: Run Behavior\BuildLiteBehavior [ RunTime:0.000020s ]
INFO: [ app_init ] --END-- [ RunTime:0.000665s ]
INFO: [ app_begin ] --START--
INFO: Run Behavior\ReadHtmlCacheBehavior [ RunTime:0.000823s ]
INFO: [ app_begin ] --END-- [ RunTime:0.000917s ]
SQL: SHOW COLUMNS FROM `so_menu` [ RunTime:0.0030s ]
SQL: SELECT `id`,`title`,`url` FROM `so_menu` WHERE `pid` = 0 AND `hide` = 0 AND `is_dev` = 0 ORDER BY sort asc  [ RunTime:0.0006s ]
SQL: SELECT `pid` FROM `so_menu` WHERE ( pid !=0 AND url like '%Cash/Book%' ) LIMIT 1   [ RunTime:0.0007s ]
SQL: SELECT * FROM `so_menu` WHERE `id` = 85 LIMIT 1   [ RunTime:0.0005s ]
SQL: SELECT DISTINCT  `group` FROM `so_menu` WHERE `group` <> '' AND `pid` = 85  [ RunTime:0.0004s ]
SQL: SELECT `id`,`url` FROM `so_menu` WHERE `pid` = 85 AND `hide` = 0 AND `is_dev` = 0  [ RunTime:0.0003s ]
SQL: SELECT `id`,`pid`,`title`,`url`,`tip` FROM `so_menu` WHERE `group` = '桌号管理' AND `pid` = 85 AND `hide` = 0 AND `is_dev` = 0 ORDER BY sort asc  [ RunTime:0.0004s ]
SQL: SELECT `id`,`pid`,`title`,`url`,`tip` FROM `so_menu` WHERE `group` = '结账管理' AND `pid` = 85 AND `hide` = 0 AND `is_dev` = 0 ORDER BY sort asc  [ RunTime:0.0004s ]
SQL: SELECT `id`,`pid`,`title`,`url`,`tip` FROM `so_menu` WHERE `group` = '预约管理' AND `pid` = 85 AND `hide` = 0 AND `is_dev` = 0 ORDER BY sort asc  [ RunTime:0.0004s ]
SQL: SELECT `id`,`pid`,`title`,`url`,`tip` FROM `so_menu` WHERE `group` = '会员管理' AND `pid` = 85 AND `hide` = 0 AND `is_dev` = 0 ORDER BY sort asc  [ RunTime:0.0003s ]
SQL: SELECT `id`,`pid`,`title`,`url`,`tip` FROM `so_menu` WHERE `group` = '账务管理' AND `pid` = 85 AND `hide` = 0 AND `is_dev` = 0 ORDER BY sort asc  [ RunTime:0.0004s ]
SQL: SHOW COLUMNS FROM `so_book` [ RunTime:0.0030s ]
SQL: SELECT * FROM `so_book`  [ RunTime:0.0004s ]
INFO: [ view_parse ] --START--
INFO: [ template_filter ] --START--
INFO: Run Behavior\ContentReplaceBehavior [ RunTime:0.000147s ]
INFO: [ template_filter ] --END-- [ RunTime:0.000196s ]
INFO: Run Behavior\ParseTemplateBehavior [ RunTime:0.015192s ]
INFO: [ view_parse ] --END-- [ RunTime:0.015248s ]
INFO: [ view_filter ] --START--
INFO: Run Behavior\WriteHtmlCacheBehavior [ RunTime:0.000539s ]
INFO: [ view_filter ] --END-- [ RunTime:0.000580s ]
INFO: [ app_end ] --START--
INFO: Run Behavior\ShowPageTraceBehavior [ RunTime:0.000738s ]
INFO: Run Common\Behavior\CronRunBehavior [ RunTime:0.002448s ]
INFO: [ app_end ] --END-- [ RunTime:0.003285s ]

[ 2017-11-02T13:36:55+08:00 ] ::1 /smartorder/admin.php/Queue
INFO: [ app_init ] --START--
INFO: Run Behavior\BuildLiteBehavior [ RunTime:0.000022s ]
INFO: [ app_init ] --END-- [ RunTime:0.001000s ]
INFO: [ app_begin ] --START--
INFO: Run Behavior\ReadHtmlCacheBehavior [ RunTime:0.001126s ]
INFO: [ app_begin ] --END-- [ RunTime:0.001244s ]
ERR: 无法加载控制器:Queue

[ 2017-11-02T13:38:10+08:00 ] ::1 /smartorder/admin.php/Queue/index.html
INFO: [ app_init ] --START--
INFO: Run Behavior\BuildLiteBehavior [ RunTime:0.000019s ]
INFO: [ app_init ] --END-- [ RunTime:0.000674s ]
INFO: [ app_begin ] --START--
INFO: Run Behavior\ReadHtmlCacheBehavior [ RunTime:0.001326s ]
INFO: [ app_begin ] --END-- [ RunTime:0.001448s ]
ERR: 无法加载控制器:Queue

[ 2017-11-02T13:38:58+08:00 ] ::1 /smartorder/admin.php
INFO: [ app_init ] --START--
INFO: Run Behavior\BuildLiteBehavior [ RunTime:0.000021s ]
INFO: [ app_init ] --END-- [ RunTime:0.000748s ]
INFO: [ app_begin ] --START--
INFO: Run Behavior\ReadHtmlCacheBehavior [ RunTime:0.001098s ]
INFO: [ app_begin ] --END-- [ RunTime:0.001206s ]
SQL: SHOW COLUMNS FROM `so_menu` [ RunTime:0.0782s ]
SQL: SELECT `id`,`title`,`url` FROM `so_menu` WHERE `pid` = 0 AND `hide` = 0 AND `is_dev` = 0 ORDER BY sort asc  [ RunTime:0.0005s ]
SQL: SELECT `pid` FROM `so_menu` WHERE ( pid !=0 AND url like '%Index/index%' ) LIMIT 1   [ RunTime:0.0005s ]
INFO: [ view_parse ] --START--
INFO: [ template_filter ] --START--
INFO: Run Behavior\ContentReplaceBehavior [ RunTime:0.000534s ]
INFO: [ template_filter ] --END-- [ RunTime:0.000646s ]
INFO: Run Behavior\ParseTemplateBehavior [ RunTime:0.025346s ]
INFO: [ view_parse ] --END-- [ RunTime:0.025438s ]
INFO: [ view_filter ] --START--
INFO: Run Behavior\WriteHtmlCacheBehavior [ RunTime:0.001085s ]
INFO: [ view_filter ] --END-- [ RunTime:0.001178s ]
INFO: [ app_end ] --START--
INFO: Run Behavior\ShowPageTraceBehavior [ RunTime:0.001674s ]
INFO: Run Common\Behavior\CronRunBehavior [ RunTime:0.007110s ]
INFO: [ app_end ] --END-- [ RunTime:0.008994s ]

[ 2017-11-02T13:42:54+08:00 ] ::1 /smartorder/admin.php/AdsManage/index.html
INFO: [ app_init ] --START--
INFO: Run Behavior\BuildLiteBehavior [ RunTime:0.000023s ]
INFO: [ app_init ] --END-- [ RunTime:0.000775s ]
INFO: [ app_begin ] --START--
INFO: Run Behavior\ReadHtmlCacheBehavior [ RunTime:0.000857s ]
INFO: [ app_begin ] --END-- [ RunTime:0.000919s ]
SQL: SHOW COLUMNS FROM `so_menu` [ RunTime:0.0795s ]
SQL: SELECT `id`,`title`,`url` FROM `so_menu` WHERE `pid` = 0 AND `hide` = 0 AND `is_dev` = 0 ORDER BY sort asc  [ RunTime:0.0012s ]
SQL: SELECT `pid` FROM `so_menu` WHERE ( pid !=0 AND url like '%AdsManage/index%' ) LIMIT 1   [ RunTime:0.0012s ]
SQL: SELECT * FROM `so_menu` WHERE `id` = 78 LIMIT 1   [ RunTime:0.0008s ]
SQL: SELECT DISTINCT  `group` FROM `so_menu` WHERE `group` <> '' AND `pid` = 78  [ RunTime:0.0009s ]
SQL: SELECT `id`,`url` FROM `so_menu` WHERE `pid` = 78 AND `hide` = 0 AND `is_dev` = 0  [ RunTime:0.0008s ]
SQL: SELECT `id`,`pid`,`title`,`url`,`tip` FROM `so_menu` WHERE `group` = '类别管理' AND `pid` = 78 AND `hide` = 0 AND `is_dev` = 0 ORDER BY sort asc  [ RunTime:0.0010s ]
SQL: SELECT `id`,`pid`,`title`,`url`,`tip` FROM `so_menu` WHERE `group` = '内容管理' AND `pid` = 78 AND `hide` = 0 AND `is_dev` = 0 ORDER BY sort asc  [ RunTime:0.0009s ]
SQL: SHOW COLUMNS FROM `so_ads_type` [ RunTime:0.0062s ]
SQL: SELECT * FROM `so_ads_type`  [ RunTime:0.0008s ]
INFO: [ view_parse ] --START--
INFO: [ template_filter ] --START--
INFO: Run Behavior\ContentReplaceBehavior [ RunTime:0.000140s ]
INFO: [ template_filter ] --END-- [ RunTime:0.000189s ]
INFO: Run Behavior\ParseTemplateBehavior [ RunTime:0.030157s ]
INFO: [ view_parse ] --END-- [ RunTime:0.030243s ]
INFO: [ view_filter ] --START--
INFO: Run Behavior\WriteHtmlCacheBehavior [ RunTime:0.000867s ]
INFO: [ view_filter ] --END-- [ RunTime:0.000919s ]
INFO: [ app_end ] --START--
INFO: Run Behavior\ShowPageTraceBehavior [ RunTime:0.000962s ]
INFO: Run Common\Behavior\CronRunBehavior [ RunTime:0.003843s ]
INFO: [ app_end ] --END-- [ RunTime:0.004932s ]

[ 2017-11-02T14:04:15+08:00 ] ::1 /smartorder/admin.php/queue
INFO: [ app_init ] --START--
INFO: Run Behavior\BuildLiteBehavior [ RunTime:0.000024s ]
INFO: [ app_init ] --END-- [ RunTime:0.000796s ]
INFO: [ app_begin ] --START--
INFO: Run Behavior\ReadHtmlCacheBehavior [ RunTime:0.001404s ]
INFO: [ app_begin ] --END-- [ RunTime:0.001504s ]
ERR: 无法加载控制器:Queue

[ 2017-11-02T14:05:23+08:00 ] ::1 /smartorder/admin.php/Queue
INFO: [ app_init ] --START--
INFO: Run Behavior\BuildLiteBehavior [ RunTime:0.000025s ]
INFO: [ app_init ] --END-- [ RunTime:0.001169s ]
INFO: [ app_begin ] --START--
INFO: Run Behavior\ReadHtmlCacheBehavior [ RunTime:0.000626s ]
INFO: [ app_begin ] --END-- [ RunTime:0.000707s ]
ERR: 无法加载控制器:Queue

[ 2017-11-02T14:12:30+08:00 ] ::1 /smartorder/admin.php/queue/queue
INFO: [ app_init ] --START--
INFO: Run Behavior\BuildLiteBehavior [ RunTime:0.000024s ]
INFO: [ app_init ] --END-- [ RunTime:0.004502s ]
INFO: [ app_begin ] --START--
INFO: Run Behavior\ReadHtmlCacheBehavior [ RunTime:0.001049s ]
INFO: [ app_begin ] --END-- [ RunTime:0.001150s ]
ERR: 无法加载控制器:Queue

