[ 2018-01-22T19:48:55+08:00 ] ::1 /smartorder/admin.php/Cash/Pay_order.html
INFO: [ app_init ] --START--
INFO: Run Behavior\BuildLiteBehavior [ RunTime:0.000000s ]
INFO: [ app_init ] --END-- [ RunTime:0.001000s ]
INFO: [ app_begin ] --START--
INFO: Run Behavior\ReadHtmlCacheBehavior [ RunTime:0.001000s ]
INFO: [ app_begin ] --END-- [ RunTime:0.001000s ]

[ 2018-01-22T19:48:55+08:00 ] ::1 /smartorder/admin.php/Public/login.html
INFO: [ app_init ] --START--
INFO: Run Behavior\BuildLiteBehavior [ RunTime:0.000000s ]
INFO: [ app_init ] --END-- [ RunTime:0.000000s ]
INFO: [ app_begin ] --START--
INFO: Run Behavior\ReadHtmlCacheBehavior [ RunTime:0.001000s ]
INFO: [ app_begin ] --END-- [ RunTime:0.001000s ]
INFO: [ view_parse ] --START--
INFO: [ template_filter ] --START--
INFO: Run Behavior\ContentReplaceBehavior [ RunTime:0.001000s ]
INFO: [ template_filter ] --END-- [ RunTime:0.001000s ]
INFO: Run Behavior\ParseTemplateBehavior [ RunTime:0.262015s ]
INFO: [ view_parse ] --END-- [ RunTime:0.263015s ]
INFO: [ view_filter ] --START--
INFO: Run Behavior\WriteHtmlCacheBehavior [ RunTime:0.000000s ]
INFO: [ view_filter ] --END-- [ RunTime:0.001000s ]
INFO: [ app_end ] --START--
INFO: Run Behavior\ShowPageTraceBehavior [ RunTime:0.001000s ]
INFO: Run Common\Behavior\CronRunBehavior [ RunTime:0.004000s ]
INFO: [ app_end ] --END-- [ RunTime:0.005000s ]

[ 2018-01-22T19:48:57+08:00 ] ::1 /smartorder/admin.php/Public/verify.html
INFO: [ app_init ] --START--
INFO: Run Behavior\BuildLiteBehavior [ RunTime:0.000000s ]
INFO: [ app_init ] --END-- [ RunTime:0.001000s ]
INFO: [ app_begin ] --START--
INFO: Run Behavior\ReadHtmlCacheBehavior [ RunTime:0.002000s ]
INFO: [ app_begin ] --END-- [ RunTime:0.002000s ]
INFO: [ app_end ] --START--
INFO: Run Behavior\ShowPageTraceBehavior [ RunTime:0.001000s ]
INFO: Run Common\Behavior\CronRunBehavior [ RunTime:0.003000s ]
INFO: [ app_end ] --END-- [ RunTime:0.004000s ]

[ 2018-01-22T20:03:52+08:00 ] ::1 /smartorder/admin.php/Public/login.html
INFO: [ app_init ] --START--
INFO: Run Behavior\BuildLiteBehavior [ RunTime:0.000000s ]
INFO: [ app_init ] --END-- [ RunTime:0.000000s ]
INFO: [ app_begin ] --START--
INFO: Run Behavior\ReadHtmlCacheBehavior [ RunTime:0.000000s ]
INFO: [ app_begin ] --END-- [ RunTime:0.000000s ]
NOTIC: [8] Undefined index: lite E:\xampp\htdocs\SmartOrder\ThinkPHP\Library\Think\Db.class.php 第 37 行.
SQL: SHOW COLUMNS FROM `so_member` [ RunTime:0.0340s ]
SQL: SELECT `uid`,`nickname`,`sex`,`birthday`,`qq`,`score`,`login`,`reg_ip`,`reg_time`,`last_login_ip`,`last_login_time`,`status` FROM `so_member` WHERE `uid` = 1 LIMIT 1   [ RunTime:0.0000s ]
SQL: SHOW COLUMNS FROM `so_action` [ RunTime:0.0030s ]
SQL: SELECT * FROM `so_action` WHERE `name` = 'user_login' LIMIT 1   [ RunTime:0.0490s ]
SQL: SHOW COLUMNS FROM `so_action_log` [ RunTime:0.0050s ]
SQL: INSERT INTO `so_action_log` (`action_id`,`user_id`,`action_ip`,`model`,`record_id`,`create_time`,`remark`) VALUES ('1','1','0','member','1','1516622631','admin在2018-01-22 20:03登录了后台') [ RunTime:0.0680s ]
SQL: SELECT * FROM `so_action` WHERE `name` = 'user_login' LIMIT 1   [ RunTime:0.0000s ]
NOTIC: [8] Undefined offset: 1 E:\xampp\htdocs\SmartOrder\Application\Common\Common\function.php 第 679 行.
NOTIC: [2] array_key_exists() expects parameter 2 to be array, null given E:\xampp\htdocs\SmartOrder\Application\Common\Common\function.php 第 679 行.
SQL: SELECT COUNT(*) AS tp_count FROM `so_action_log` WHERE `action_id` = 1 AND `user_id` = 1 AND `create_time` > 1516536231 LIMIT 1   [ RunTime:0.0760s ]
SQL: SHOW COLUMNS FROM `so_member` [ RunTime:0.0040s ]
SQL: UPDATE `so_member` SET `score`=score+10 WHERE ( uid=1 AND status>-1 ) [ RunTime:0.0080s ]
SQL: UPDATE `so_member` SET `login`=`login`+1,`last_login_time`='1516622631',`last_login_ip`='0' WHERE `uid` = 1 [ RunTime:0.0000s ]

[ 2018-01-22T20:03:52+08:00 ] ::1 /smartorder/admin.php/Index/index.html
INFO: [ app_init ] --START--
INFO: Run Behavior\BuildLiteBehavior [ RunTime:0.000000s ]
INFO: [ app_init ] --END-- [ RunTime:0.001000s ]
INFO: [ app_begin ] --START--
INFO: Run Behavior\ReadHtmlCacheBehavior [ RunTime:0.001000s ]
INFO: [ app_begin ] --END-- [ RunTime:0.001000s ]
SQL: SHOW COLUMNS FROM `so_menu` [ RunTime:0.0040s ]
SQL: SELECT `id`,`title`,`url` FROM `so_menu` WHERE `pid` = 0 AND `hide` = 0 AND `is_dev` = 0 ORDER BY sort asc  [ RunTime:0.0640s ]
SQL: SELECT `pid` FROM `so_menu` WHERE ( pid !=0 AND url like '%Index/index%' ) LIMIT 1   [ RunTime:0.0010s ]
INFO: [ view_parse ] --START--
INFO: [ template_filter ] --START--
INFO: Run Behavior\ContentReplaceBehavior [ RunTime:0.000000s ]
INFO: [ template_filter ] --END-- [ RunTime:0.000000s ]
INFO: Run Behavior\ParseTemplateBehavior [ RunTime:0.117007s ]
INFO: [ view_parse ] --END-- [ RunTime:0.117007s ]
INFO: [ view_filter ] --START--
INFO: Run Behavior\WriteHtmlCacheBehavior [ RunTime:0.001000s ]
INFO: [ view_filter ] --END-- [ RunTime:0.001000s ]
INFO: [ app_end ] --START--
INFO: Run Behavior\ShowPageTraceBehavior [ RunTime:0.001000s ]
INFO: Run Common\Behavior\CronRunBehavior [ RunTime:0.006000s ]
INFO: [ app_end ] --END-- [ RunTime:0.008000s ]

[ 2018-01-22T20:03:55+08:00 ] ::1 /smartorder/admin.php/Table/index.html
INFO: [ app_init ] --START--
INFO: Run Behavior\BuildLiteBehavior [ RunTime:0.000000s ]
INFO: [ app_init ] --END-- [ RunTime:0.000000s ]
INFO: [ app_begin ] --START--
INFO: Run Behavior\ReadHtmlCacheBehavior [ RunTime:0.001000s ]
INFO: [ app_begin ] --END-- [ RunTime:0.001000s ]
SQL: SHOW COLUMNS FROM `so_menu` [ RunTime:0.0040s ]
SQL: SELECT `id`,`title`,`url` FROM `so_menu` WHERE `pid` = 0 AND `hide` = 0 AND `is_dev` = 0 ORDER BY sort asc  [ RunTime:0.0010s ]
SQL: SELECT `pid` FROM `so_menu` WHERE ( pid !=0 AND url like '%Table/index%' ) LIMIT 1   [ RunTime:0.0010s ]
SQL: SELECT * FROM `so_menu` WHERE `id` = 76 LIMIT 1   [ RunTime:0.0000s ]
SQL: SELECT DISTINCT  `group` FROM `so_menu` WHERE `group` <> '' AND `pid` = 76  [ RunTime:0.0000s ]
SQL: SELECT `id`,`url` FROM `so_menu` WHERE `pid` = 76 AND `hide` = 0 AND `is_dev` = 0  [ RunTime:0.0010s ]
SQL: SELECT `id`,`pid`,`title`,`url`,`tip` FROM `so_menu` WHERE `group` = '桌号设置' AND `pid` = 76 AND `hide` = 0 AND `is_dev` = 0 ORDER BY sort asc  [ RunTime:0.0010s ]
NOTIC: [2048] Declaration of Admin\Model\TableModel::Add() should be compatible with Think\Model::add($data = '', $options = Array, $replace = false) E:\xampp\htdocs\SmartOrder\Application\Admin\Model\TableModel.class.php 第 93 行.
SQL: SHOW COLUMNS FROM `so_table` [ RunTime:0.0040s ]
SQL: SHOW COLUMNS FROM `so_hall` [ RunTime:0.0040s ]
NOTIC: [2] Missing argument 1 for Think\Model::where(), called in E:\xampp\htdocs\SmartOrder\Application\Admin\Model\TableModel.class.php on line 38 and defined E:\xampp\htdocs\SmartOrder\ThinkPHP\Library\Think\Model.class.php 第 1765 行.
NOTIC: [8] Undefined variable: where E:\xampp\htdocs\SmartOrder\ThinkPHP\Library\Think\Model.class.php 第 1773 行.
NOTIC: [8] Undefined variable: where E:\xampp\htdocs\SmartOrder\ThinkPHP\Library\Think\Model.class.php 第 1776 行.
NOTIC: [8] Undefined variable: where E:\xampp\htdocs\SmartOrder\ThinkPHP\Library\Think\Model.class.php 第 1784 行.
SQL: SELECT * FROM `so_hall`  [ RunTime:0.0010s ]
SQL: SHOW COLUMNS FROM `so_table` [ RunTime:0.0040s ]
SQL: SELECT `id`,`table_name` FROM `so_table` WHERE `hall_id` = 1  [ RunTime:0.0010s ]
SQL: SELECT `id`,`table_name` FROM `so_table` WHERE `hall_id` = 2  [ RunTime:0.0000s ]
SQL: SELECT `id`,`table_name` FROM `so_table` WHERE `hall_id` = 3  [ RunTime:0.0000s ]
SQL: SELECT `id`,`table_name` FROM `so_table` WHERE `hall_id` = 4  [ RunTime:0.0010s ]
SQL: SELECT `id`,`table_name` FROM `so_table` WHERE `hall_id` = 5  [ RunTime:0.0000s ]
INFO: [ view_parse ] --START--
INFO: [ template_filter ] --START--
INFO: Run Behavior\ContentReplaceBehavior [ RunTime:0.000000s ]
INFO: [ template_filter ] --END-- [ RunTime:0.000000s ]
INFO: Run Behavior\ParseTemplateBehavior [ RunTime:0.047002s ]
INFO: [ view_parse ] --END-- [ RunTime:0.048002s ]
INFO: [ view_filter ] --START--
INFO: Run Behavior\WriteHtmlCacheBehavior [ RunTime:0.000000s ]
INFO: [ view_filter ] --END-- [ RunTime:0.000000s ]
INFO: [ app_end ] --START--
INFO: Run Behavior\ShowPageTraceBehavior [ RunTime:0.001000s ]
INFO: Run Common\Behavior\CronRunBehavior [ RunTime:0.006001s ]
INFO: [ app_end ] --END-- [ RunTime:0.007001s ]

[ 2018-01-22T20:03:57+08:00 ] ::1 /smartorder/admin.php/AdsManage/adslist.html
INFO: [ app_init ] --START--
INFO: Run Behavior\BuildLiteBehavior [ RunTime:0.000000s ]
INFO: [ app_init ] --END-- [ RunTime:0.001000s ]
INFO: [ app_begin ] --START--
INFO: Run Behavior\ReadHtmlCacheBehavior [ RunTime:0.002000s ]
INFO: [ app_begin ] --END-- [ RunTime:0.002000s ]
SQL: SHOW COLUMNS FROM `so_menu` [ RunTime:0.0040s ]
SQL: SELECT `id`,`title`,`url` FROM `so_menu` WHERE `pid` = 0 AND `hide` = 0 AND `is_dev` = 0 ORDER BY sort asc  [ RunTime:0.0010s ]
SQL: SELECT `pid` FROM `so_menu` WHERE ( pid !=0 AND url like '%AdsManage/adslist%' ) LIMIT 1   [ RunTime:0.0000s ]
SQL: SELECT * FROM `so_menu` WHERE `id` = 78 LIMIT 1   [ RunTime:0.0000s ]
SQL: SELECT DISTINCT  `group` FROM `so_menu` WHERE `group` <> '' AND `pid` = 78  [ RunTime:0.0010s ]
SQL: SELECT `id`,`url` FROM `so_menu` WHERE `pid` = 78 AND `hide` = 0 AND `is_dev` = 0  [ RunTime:0.0010s ]
SQL: SELECT `id`,`pid`,`title`,`url`,`tip` FROM `so_menu` WHERE `group` = '内容管理' AND `pid` = 78 AND `hide` = 0 AND `is_dev` = 0 ORDER BY sort asc  [ RunTime:0.0000s ]
SQL: SHOW COLUMNS FROM `so_ads` [ RunTime:0.0030s ]
SQL: UPDATE `so_ads` SET `is_delete`='1' WHERE `endtime` < '2018-01-22' [ RunTime:0.0000s ]
SQL: UPDATE `so_ads` SET `is_delete`='0' WHERE `endtime` > '2018-01-22' [ RunTime:0.0000s ]
NOTIC: [2] Missing argument 1 for Think\Model::where(), called in E:\xampp\htdocs\SmartOrder\Application\Admin\Controller\AdsManageController.class.php on line 77 and defined E:\xampp\htdocs\SmartOrder\ThinkPHP\Library\Think\Model.class.php 第 1765 行.
NOTIC: [8] Undefined variable: where E:\xampp\htdocs\SmartOrder\ThinkPHP\Library\Think\Model.class.php 第 1773 行.
NOTIC: [8] Undefined variable: where E:\xampp\htdocs\SmartOrder\ThinkPHP\Library\Think\Model.class.php 第 1776 行.
NOTIC: [8] Undefined variable: where E:\xampp\htdocs\SmartOrder\ThinkPHP\Library\Think\Model.class.php 第 1784 行.
SQL: SELECT * FROM `so_ads`  [ RunTime:0.0010s ]
INFO: [ view_parse ] --START--
INFO: [ template_filter ] --START--
INFO: Run Behavior\ContentReplaceBehavior [ RunTime:0.001000s ]
INFO: [ template_filter ] --END-- [ RunTime:0.001000s ]
NOTIC: [8] Undefined index: address E:\xampp\htdocs\SmartOrder\Runtime\Cache\Admin\77d73abeffe3a6f7cba70c70987d60a8.php 第 160 行.
NOTIC: [8] Undefined index: address E:\xampp\htdocs\SmartOrder\Runtime\Cache\Admin\77d73abeffe3a6f7cba70c70987d60a8.php 第 160 行.
NOTIC: [8] Undefined index: address E:\xampp\htdocs\SmartOrder\Runtime\Cache\Admin\77d73abeffe3a6f7cba70c70987d60a8.php 第 160 行.
NOTIC: [8] Undefined index: address E:\xampp\htdocs\SmartOrder\Runtime\Cache\Admin\77d73abeffe3a6f7cba70c70987d60a8.php 第 160 行.
NOTIC: [8] Undefined index: address E:\xampp\htdocs\SmartOrder\Runtime\Cache\Admin\77d73abeffe3a6f7cba70c70987d60a8.php 第 214 行.
INFO: Run Behavior\ParseTemplateBehavior [ RunTime:0.061003s ]
INFO: [ view_parse ] --END-- [ RunTime:0.061003s ]
INFO: [ view_filter ] --START--
INFO: Run Behavior\WriteHtmlCacheBehavior [ RunTime:0.001000s ]
INFO: [ view_filter ] --END-- [ RunTime:0.001000s ]
INFO: [ app_end ] --START--
INFO: Run Behavior\ShowPageTraceBehavior [ RunTime:0.002000s ]
INFO: Run Common\Behavior\CronRunBehavior [ RunTime:0.005001s ]
INFO: [ app_end ] --END-- [ RunTime:0.007001s ]

[ 2018-01-22T20:03:58+08:00 ] ::1 /smartorder/admin.php/Cash/index.html
INFO: [ app_init ] --START--
INFO: Run Behavior\BuildLiteBehavior [ RunTime:0.000000s ]
INFO: [ app_init ] --END-- [ RunTime:0.001000s ]
INFO: [ app_begin ] --START--
INFO: Run Behavior\ReadHtmlCacheBehavior [ RunTime:0.001000s ]
INFO: [ app_begin ] --END-- [ RunTime:0.001000s ]
SQL: SHOW COLUMNS FROM `so_menu` [ RunTime:0.0030s ]
SQL: SELECT `id`,`title`,`url` FROM `so_menu` WHERE `pid` = 0 AND `hide` = 0 AND `is_dev` = 0 ORDER BY sort asc  [ RunTime:0.0000s ]
SQL: SELECT `pid` FROM `so_menu` WHERE ( pid !=0 AND url like '%Cash/index%' ) LIMIT 1   [ RunTime:0.0010s ]
SQL: SELECT * FROM `so_menu` WHERE `id` = 85 LIMIT 1   [ RunTime:0.0000s ]
SQL: SELECT DISTINCT  `group` FROM `so_menu` WHERE `group` <> '' AND `pid` = 85  [ RunTime:0.0000s ]
SQL: SELECT `id`,`url` FROM `so_menu` WHERE `pid` = 85 AND `hide` = 0 AND `is_dev` = 0  [ RunTime:0.0000s ]
SQL: SELECT `id`,`pid`,`title`,`url`,`tip` FROM `so_menu` WHERE `group` = '结账管理' AND `pid` = 85 AND `hide` = 0 AND `is_dev` = 0 ORDER BY sort asc  [ RunTime:0.0010s ]
SQL: SELECT `id`,`pid`,`title`,`url`,`tip` FROM `so_menu` WHERE `group` = '桌号管理' AND `pid` = 85 AND `hide` = 0 AND `is_dev` = 0 ORDER BY sort asc  [ RunTime:0.0000s ]
SQL: SELECT `id`,`pid`,`title`,`url`,`tip` FROM `so_menu` WHERE `group` = '预约管理' AND `pid` = 85 AND `hide` = 0 AND `is_dev` = 0 ORDER BY sort asc  [ RunTime:0.0010s ]
SQL: SELECT `id`,`pid`,`title`,`url`,`tip` FROM `so_menu` WHERE `group` = '会员管理' AND `pid` = 85 AND `hide` = 0 AND `is_dev` = 0 ORDER BY sort asc  [ RunTime:0.0000s ]
SQL: SHOW COLUMNS FROM `so_table` [ RunTime:0.0030s ]
SQL: SELECT so_hall.id,count(hall_id),so_hall.name FROM `so_table` INNER JOIN so_hall ON so_hall.id = so_table.hall_id  GROUP BY hall_id  [ RunTime:0.0000s ]
SQL: SHOW COLUMNS FROM `so_temp` [ RunTime:0.0040s ]
SQL: SELECT so_hall.name as hall_name,`holding`,`hold_time`,`table_name` FROM `so_temp` INNER JOIN so_table ON so_table.id = so_temp.table_id INNER JOIN so_hall ON so_table.hall_id = so_hall.id  WHERE ( so_temp.holding is not null ) ORDER BY hold_time asc  [ RunTime:0.0010s ]
INFO: [ view_parse ] --START--
INFO: [ template_filter ] --START--
INFO: Run Behavior\ContentReplaceBehavior [ RunTime:0.000000s ]
INFO: [ template_filter ] --END-- [ RunTime:0.000000s ]
INFO: Run Behavior\ParseTemplateBehavior [ RunTime:0.015001s ]
INFO: [ view_parse ] --END-- [ RunTime:0.015001s ]
INFO: [ view_filter ] --START--
INFO: Run Behavior\WriteHtmlCacheBehavior [ RunTime:0.001000s ]
INFO: [ view_filter ] --END-- [ RunTime:0.001000s ]
INFO: [ app_end ] --START--
INFO: Run Behavior\ShowPageTraceBehavior [ RunTime:0.001000s ]
INFO: Run Common\Behavior\CronRunBehavior [ RunTime:0.005001s ]
INFO: [ app_end ] --END-- [ RunTime:0.006001s ]

[ 2018-01-22T20:04:00+08:00 ] ::1 /smartorder/admin.php/Cash/Nopay_order.html
INFO: [ app_init ] --START--
INFO: Run Behavior\BuildLiteBehavior [ RunTime:0.001000s ]
INFO: [ app_init ] --END-- [ RunTime:0.001000s ]
INFO: [ app_begin ] --START--
INFO: Run Behavior\ReadHtmlCacheBehavior [ RunTime:0.000000s ]
INFO: [ app_begin ] --END-- [ RunTime:0.000000s ]
SQL: SHOW COLUMNS FROM `so_menu` [ RunTime:0.0040s ]
SQL: SELECT `id`,`title`,`url` FROM `so_menu` WHERE `pid` = 0 AND `hide` = 0 AND `is_dev` = 0 ORDER BY sort asc  [ RunTime:0.0010s ]
SQL: SELECT `pid` FROM `so_menu` WHERE ( pid !=0 AND url like '%Cash/Nopay_order%' ) LIMIT 1   [ RunTime:0.0010s ]
SQL: SELECT * FROM `so_menu` WHERE `id` = 85 LIMIT 1   [ RunTime:0.0010s ]
SQL: SELECT DISTINCT  `group` FROM `so_menu` WHERE `group` <> '' AND `pid` = 85  [ RunTime:0.0010s ]
SQL: SELECT `id`,`url` FROM `so_menu` WHERE `pid` = 85 AND `hide` = 0 AND `is_dev` = 0  [ RunTime:0.0010s ]
SQL: SELECT `id`,`pid`,`title`,`url`,`tip` FROM `so_menu` WHERE `group` = '结账管理' AND `pid` = 85 AND `hide` = 0 AND `is_dev` = 0 ORDER BY sort asc  [ RunTime:0.0020s ]
SQL: SELECT `id`,`pid`,`title`,`url`,`tip` FROM `so_menu` WHERE `group` = '桌号管理' AND `pid` = 85 AND `hide` = 0 AND `is_dev` = 0 ORDER BY sort asc  [ RunTime:0.0010s ]
SQL: SELECT `id`,`pid`,`title`,`url`,`tip` FROM `so_menu` WHERE `group` = '预约管理' AND `pid` = 85 AND `hide` = 0 AND `is_dev` = 0 ORDER BY sort asc  [ RunTime:0.0010s ]
SQL: SELECT `id`,`pid`,`title`,`url`,`tip` FROM `so_menu` WHERE `group` = '会员管理' AND `pid` = 85 AND `hide` = 0 AND `is_dev` = 0 ORDER BY sort asc  [ RunTime:0.0010s ]
SQL: SELECT o.*,t.table_name,h.id,h.name FROM so_order as o,so_table as t,so_hall as h WHERE o.table_id=t.id AND t.hall_id=h.id AND o.is_pay=0 ORDER BY oid ASC  [ RunTime:0.0040s ]
SQL: SHOW COLUMNS FROM `so_hall` [ RunTime:0.0040s ]
SQL: SELECT * FROM `so_hall`  [ RunTime:0.0010s ]
INFO: [ view_parse ] --START--
INFO: [ template_filter ] --START--
INFO: Run Behavior\ContentReplaceBehavior [ RunTime:0.000000s ]
INFO: [ template_filter ] --END-- [ RunTime:0.000000s ]
INFO: Run Behavior\ParseTemplateBehavior [ RunTime:0.022001s ]
INFO: [ view_parse ] --END-- [ RunTime:0.022001s ]
INFO: [ view_filter ] --START--
INFO: Run Behavior\WriteHtmlCacheBehavior [ RunTime:0.001000s ]
INFO: [ view_filter ] --END-- [ RunTime:0.001000s ]
INFO: [ app_end ] --START--
INFO: Run Behavior\ShowPageTraceBehavior [ RunTime:0.001001s ]
INFO: Run Common\Behavior\CronRunBehavior [ RunTime:0.004000s ]
INFO: [ app_end ] --END-- [ RunTime:0.005001s ]

[ 2018-01-22T20:04:03+08:00 ] ::1 /smartorder/admin.php/Cash/Pay_order.html
INFO: [ app_init ] --START--
INFO: Run Behavior\BuildLiteBehavior [ RunTime:0.000000s ]
INFO: [ app_init ] --END-- [ RunTime:0.000000s ]
INFO: [ app_begin ] --START--
INFO: Run Behavior\ReadHtmlCacheBehavior [ RunTime:0.000000s ]
INFO: [ app_begin ] --END-- [ RunTime:0.000000s ]
SQL: SHOW COLUMNS FROM `so_menu` [ RunTime:0.0030s ]
SQL: SELECT `id`,`title`,`url` FROM `so_menu` WHERE `pid` = 0 AND `hide` = 0 AND `is_dev` = 0 ORDER BY sort asc  [ RunTime:0.0000s ]
SQL: SELECT `pid` FROM `so_menu` WHERE ( pid !=0 AND url like '%Cash/Pay_order%' ) LIMIT 1   [ RunTime:0.0010s ]
SQL: SELECT * FROM `so_menu` WHERE `id` = 85 LIMIT 1   [ RunTime:0.0000s ]
SQL: SELECT DISTINCT  `group` FROM `so_menu` WHERE `group` <> '' AND `pid` = 85  [ RunTime:0.0000s ]
SQL: SELECT `id`,`url` FROM `so_menu` WHERE `pid` = 85 AND `hide` = 0 AND `is_dev` = 0  [ RunTime:0.0010s ]
SQL: SELECT `id`,`pid`,`title`,`url`,`tip` FROM `so_menu` WHERE `group` = '结账管理' AND `pid` = 85 AND `hide` = 0 AND `is_dev` = 0 ORDER BY sort asc  [ RunTime:0.0000s ]
SQL: SELECT `id`,`pid`,`title`,`url`,`tip` FROM `so_menu` WHERE `group` = '桌号管理' AND `pid` = 85 AND `hide` = 0 AND `is_dev` = 0 ORDER BY sort asc  [ RunTime:0.0000s ]
SQL: SELECT `id`,`pid`,`title`,`url`,`tip` FROM `so_menu` WHERE `group` = '预约管理' AND `pid` = 85 AND `hide` = 0 AND `is_dev` = 0 ORDER BY sort asc  [ RunTime:0.0000s ]
SQL: SELECT `id`,`pid`,`title`,`url`,`tip` FROM `so_menu` WHERE `group` = '会员管理' AND `pid` = 85 AND `hide` = 0 AND `is_dev` = 0 ORDER BY sort asc  [ RunTime:0.0000s ]
SQL: SELECT o.*,t.table_name,h.id,h.name FROM so_order as o,so_table as t,so_hall as h WHERE o.table_id=t.id AND t.hall_id=h.id AND o.is_pay=1 ORDER BY oid ASC  [ RunTime:0.0270s ]
SQL: SHOW COLUMNS FROM `so_hall` [ RunTime:0.0040s ]
SQL: SELECT * FROM `so_hall`  [ RunTime:0.0000s ]
INFO: [ view_parse ] --START--
INFO: [ template_filter ] --START--
INFO: Run Behavior\ContentReplaceBehavior [ RunTime:0.000000s ]
INFO: [ template_filter ] --END-- [ RunTime:0.001000s ]
INFO: Run Behavior\ParseTemplateBehavior [ RunTime:0.043003s ]
INFO: [ view_parse ] --END-- [ RunTime:0.043003s ]
INFO: [ view_filter ] --START--
INFO: Run Behavior\WriteHtmlCacheBehavior [ RunTime:0.000000s ]
INFO: [ view_filter ] --END-- [ RunTime:0.000000s ]
INFO: [ app_end ] --START--
INFO: Run Behavior\ShowPageTraceBehavior [ RunTime:0.000000s ]
INFO: Run Common\Behavior\CronRunBehavior [ RunTime:0.006000s ]
INFO: [ app_end ] --END-- [ RunTime:0.006000s ]

[ 2018-01-22T20:04:06+08:00 ] ::1 /smartorder/admin.php/Cash/Nopay_order.html
INFO: [ app_init ] --START--
INFO: Run Behavior\BuildLiteBehavior [ RunTime:0.000000s ]
INFO: [ app_init ] --END-- [ RunTime:0.001000s ]
INFO: [ app_begin ] --START--
INFO: Run Behavior\ReadHtmlCacheBehavior [ RunTime:0.001000s ]
INFO: [ app_begin ] --END-- [ RunTime:0.001000s ]
SQL: SHOW COLUMNS FROM `so_menu` [ RunTime:0.0040s ]
SQL: SELECT `id`,`title`,`url` FROM `so_menu` WHERE `pid` = 0 AND `hide` = 0 AND `is_dev` = 0 ORDER BY sort asc  [ RunTime:0.0010s ]
SQL: SELECT `pid` FROM `so_menu` WHERE ( pid !=0 AND url like '%Cash/Nopay_order%' ) LIMIT 1   [ RunTime:0.0010s ]
SQL: SELECT * FROM `so_menu` WHERE `id` = 85 LIMIT 1   [ RunTime:0.0000s ]
SQL: SELECT DISTINCT  `group` FROM `so_menu` WHERE `group` <> '' AND `pid` = 85  [ RunTime:0.0010s ]
SQL: SELECT `id`,`url` FROM `so_menu` WHERE `pid` = 85 AND `hide` = 0 AND `is_dev` = 0  [ RunTime:0.0010s ]
SQL: SELECT `id`,`pid`,`title`,`url`,`tip` FROM `so_menu` WHERE `group` = '结账管理' AND `pid` = 85 AND `hide` = 0 AND `is_dev` = 0 ORDER BY sort asc  [ RunTime:0.0010s ]
SQL: SELECT `id`,`pid`,`title`,`url`,`tip` FROM `so_menu` WHERE `group` = '桌号管理' AND `pid` = 85 AND `hide` = 0 AND `is_dev` = 0 ORDER BY sort asc  [ RunTime:0.0010s ]
SQL: SELECT `id`,`pid`,`title`,`url`,`tip` FROM `so_menu` WHERE `group` = '预约管理' AND `pid` = 85 AND `hide` = 0 AND `is_dev` = 0 ORDER BY sort asc  [ RunTime:0.0010s ]
SQL: SELECT `id`,`pid`,`title`,`url`,`tip` FROM `so_menu` WHERE `group` = '会员管理' AND `pid` = 85 AND `hide` = 0 AND `is_dev` = 0 ORDER BY sort asc  [ RunTime:0.0020s ]
SQL: SELECT o.*,t.table_name,h.id,h.name FROM so_order as o,so_table as t,so_hall as h WHERE o.table_id=t.id AND t.hall_id=h.id AND o.is_pay=0 ORDER BY oid ASC  [ RunTime:0.0040s ]
SQL: SHOW COLUMNS FROM `so_hall` [ RunTime:0.0040s ]
SQL: SELECT * FROM `so_hall`  [ RunTime:0.0010s ]
INFO: [ view_parse ] --START--
INFO: [ template_filter ] --START--
INFO: Run Behavior\ContentReplaceBehavior [ RunTime:0.000000s ]
INFO: [ template_filter ] --END-- [ RunTime:0.000000s ]
INFO: Run Behavior\ParseTemplateBehavior [ RunTime:0.020002s ]
INFO: [ view_parse ] --END-- [ RunTime:0.020002s ]
INFO: [ view_filter ] --START--
INFO: Run Behavior\WriteHtmlCacheBehavior [ RunTime:0.001000s ]
INFO: [ view_filter ] --END-- [ RunTime:0.001000s ]
INFO: [ app_end ] --START--
INFO: Run Behavior\ShowPageTraceBehavior [ RunTime:0.001000s ]
INFO: Run Common\Behavior\CronRunBehavior [ RunTime:0.007000s ]
INFO: [ app_end ] --END-- [ RunTime:0.008000s ]

[ 2018-01-22T20:04:08+08:00 ] ::1 /smartorder/admin.php/Cash/Pay_order.html
INFO: [ app_init ] --START--
INFO: Run Behavior\BuildLiteBehavior [ RunTime:0.000000s ]
INFO: [ app_init ] --END-- [ RunTime:0.000000s ]
INFO: [ app_begin ] --START--
INFO: Run Behavior\ReadHtmlCacheBehavior [ RunTime:0.000000s ]
INFO: [ app_begin ] --END-- [ RunTime:0.000000s ]
SQL: SHOW COLUMNS FROM `so_menu` [ RunTime:0.0030s ]
SQL: SELECT `id`,`title`,`url` FROM `so_menu` WHERE `pid` = 0 AND `hide` = 0 AND `is_dev` = 0 ORDER BY sort asc  [ RunTime:0.0010s ]
SQL: SELECT `pid` FROM `so_menu` WHERE ( pid !=0 AND url like '%Cash/Pay_order%' ) LIMIT 1   [ RunTime:0.0010s ]
SQL: SELECT * FROM `so_menu` WHERE `id` = 85 LIMIT 1   [ RunTime:0.0010s ]
SQL: SELECT DISTINCT  `group` FROM `so_menu` WHERE `group` <> '' AND `pid` = 85  [ RunTime:0.0000s ]
SQL: SELECT `id`,`url` FROM `so_menu` WHERE `pid` = 85 AND `hide` = 0 AND `is_dev` = 0  [ RunTime:0.0010s ]
SQL: SELECT `id`,`pid`,`title`,`url`,`tip` FROM `so_menu` WHERE `group` = '结账管理' AND `pid` = 85 AND `hide` = 0 AND `is_dev` = 0 ORDER BY sort asc  [ RunTime:0.0000s ]
SQL: SELECT `id`,`pid`,`title`,`url`,`tip` FROM `so_menu` WHERE `group` = '桌号管理' AND `pid` = 85 AND `hide` = 0 AND `is_dev` = 0 ORDER BY sort asc  [ RunTime:0.0000s ]
SQL: SELECT `id`,`pid`,`title`,`url`,`tip` FROM `so_menu` WHERE `group` = '预约管理' AND `pid` = 85 AND `hide` = 0 AND `is_dev` = 0 ORDER BY sort asc  [ RunTime:0.0010s ]
SQL: SELECT `id`,`pid`,`title`,`url`,`tip` FROM `so_menu` WHERE `group` = '会员管理' AND `pid` = 85 AND `hide` = 0 AND `is_dev` = 0 ORDER BY sort asc  [ RunTime:0.0000s ]
SQL: SELECT o.*,t.table_name,h.id,h.name FROM so_order as o,so_table as t,so_hall as h WHERE o.table_id=t.id AND t.hall_id=h.id AND o.is_pay=1 ORDER BY oid ASC  [ RunTime:0.0040s ]
SQL: SHOW COLUMNS FROM `so_hall` [ RunTime:0.0030s ]
SQL: SELECT * FROM `so_hall`  [ RunTime:0.0010s ]
INFO: [ view_parse ] --START--
INFO: [ template_filter ] --START--
INFO: Run Behavior\ContentReplaceBehavior [ RunTime:0.000000s ]
INFO: [ template_filter ] --END-- [ RunTime:0.000000s ]
INFO: Run Behavior\ParseTemplateBehavior [ RunTime:0.023002s ]
INFO: [ view_parse ] --END-- [ RunTime:0.023002s ]
INFO: [ view_filter ] --START--
INFO: Run Behavior\WriteHtmlCacheBehavior [ RunTime:0.001000s ]
INFO: [ view_filter ] --END-- [ RunTime:0.001000s ]
INFO: [ app_end ] --START--
INFO: Run Behavior\ShowPageTraceBehavior [ RunTime:0.001000s ]
INFO: Run Common\Behavior\CronRunBehavior [ RunTime:0.004000s ]
INFO: [ app_end ] --END-- [ RunTime:0.005000s ]

[ 2018-01-22T20:04:10+08:00 ] ::1 /smartorder/admin.php/Cash/Nopay_order.html
INFO: [ app_init ] --START--
INFO: Run Behavior\BuildLiteBehavior [ RunTime:0.000000s ]
INFO: [ app_init ] --END-- [ RunTime:0.001000s ]
INFO: [ app_begin ] --START--
INFO: Run Behavior\ReadHtmlCacheBehavior [ RunTime:0.000000s ]
INFO: [ app_begin ] --END-- [ RunTime:0.000000s ]
SQL: SHOW COLUMNS FROM `so_menu` [ RunTime:0.0040s ]
SQL: SELECT `id`,`title`,`url` FROM `so_menu` WHERE `pid` = 0 AND `hide` = 0 AND `is_dev` = 0 ORDER BY sort asc  [ RunTime:0.0010s ]
SQL: SELECT `pid` FROM `so_menu` WHERE ( pid !=0 AND url like '%Cash/Nopay_order%' ) LIMIT 1   [ RunTime:0.0010s ]
SQL: SELECT * FROM `so_menu` WHERE `id` = 85 LIMIT 1   [ RunTime:0.0010s ]
SQL: SELECT DISTINCT  `group` FROM `so_menu` WHERE `group` <> '' AND `pid` = 85  [ RunTime:0.0000s ]
SQL: SELECT `id`,`url` FROM `so_menu` WHERE `pid` = 85 AND `hide` = 0 AND `is_dev` = 0  [ RunTime:0.0000s ]
SQL: SELECT `id`,`pid`,`title`,`url`,`tip` FROM `so_menu` WHERE `group` = '结账管理' AND `pid` = 85 AND `hide` = 0 AND `is_dev` = 0 ORDER BY sort asc  [ RunTime:0.0010s ]
SQL: SELECT `id`,`pid`,`title`,`url`,`tip` FROM `so_menu` WHERE `group` = '桌号管理' AND `pid` = 85 AND `hide` = 0 AND `is_dev` = 0 ORDER BY sort asc  [ RunTime:0.0010s ]
SQL: SELECT `id`,`pid`,`title`,`url`,`tip` FROM `so_menu` WHERE `group` = '预约管理' AND `pid` = 85 AND `hide` = 0 AND `is_dev` = 0 ORDER BY sort asc  [ RunTime:0.0010s ]
SQL: SELECT `id`,`pid`,`title`,`url`,`tip` FROM `so_menu` WHERE `group` = '会员管理' AND `pid` = 85 AND `hide` = 0 AND `is_dev` = 0 ORDER BY sort asc  [ RunTime:0.0010s ]
SQL: SELECT o.*,t.table_name,h.id,h.name FROM so_order as o,so_table as t,so_hall as h WHERE o.table_id=t.id AND t.hall_id=h.id AND o.is_pay=0 ORDER BY oid ASC  [ RunTime:0.0040s ]
SQL: SHOW COLUMNS FROM `so_hall` [ RunTime:0.0040s ]
SQL: SELECT * FROM `so_hall`  [ RunTime:0.0010s ]
INFO: [ view_parse ] --START--
INFO: [ template_filter ] --START--
INFO: Run Behavior\ContentReplaceBehavior [ RunTime:0.001000s ]
INFO: [ template_filter ] --END-- [ RunTime:0.001000s ]
INFO: Run Behavior\ParseTemplateBehavior [ RunTime:0.019001s ]
INFO: [ view_parse ] --END-- [ RunTime:0.019001s ]
INFO: [ view_filter ] --START--
INFO: Run Behavior\WriteHtmlCacheBehavior [ RunTime:0.001000s ]
INFO: [ view_filter ] --END-- [ RunTime:0.001000s ]
INFO: [ app_end ] --START--
INFO: Run Behavior\ShowPageTraceBehavior [ RunTime:0.001000s ]
INFO: Run Common\Behavior\CronRunBehavior [ RunTime:0.004001s ]
INFO: [ app_end ] --END-- [ RunTime:0.006001s ]

[ 2018-01-22T20:04:12+08:00 ] ::1 /smartorder/admin.php/Cash/Pay_order.html
INFO: [ app_init ] --START--
INFO: Run Behavior\BuildLiteBehavior [ RunTime:0.000000s ]
INFO: [ app_init ] --END-- [ RunTime:0.000000s ]
INFO: [ app_begin ] --START--
INFO: Run Behavior\ReadHtmlCacheBehavior [ RunTime:0.001000s ]
INFO: [ app_begin ] --END-- [ RunTime:0.001000s ]
SQL: SHOW COLUMNS FROM `so_menu` [ RunTime:0.0040s ]
SQL: SELECT `id`,`title`,`url` FROM `so_menu` WHERE `pid` = 0 AND `hide` = 0 AND `is_dev` = 0 ORDER BY sort asc  [ RunTime:0.0010s ]
SQL: SELECT `pid` FROM `so_menu` WHERE ( pid !=0 AND url like '%Cash/Pay_order%' ) LIMIT 1   [ RunTime:0.0000s ]
SQL: SELECT * FROM `so_menu` WHERE `id` = 85 LIMIT 1   [ RunTime:0.0010s ]
SQL: SELECT DISTINCT  `group` FROM `so_menu` WHERE `group` <> '' AND `pid` = 85  [ RunTime:0.0000s ]
SQL: SELECT `id`,`url` FROM `so_menu` WHERE `pid` = 85 AND `hide` = 0 AND `is_dev` = 0  [ RunTime:0.0010s ]
SQL: SELECT `id`,`pid`,`title`,`url`,`tip` FROM `so_menu` WHERE `group` = '结账管理' AND `pid` = 85 AND `hide` = 0 AND `is_dev` = 0 ORDER BY sort asc  [ RunTime:0.0000s ]
SQL: SELECT `id`,`pid`,`title`,`url`,`tip` FROM `so_menu` WHERE `group` = '桌号管理' AND `pid` = 85 AND `hide` = 0 AND `is_dev` = 0 ORDER BY sort asc  [ RunTime:0.0000s ]
SQL: SELECT `id`,`pid`,`title`,`url`,`tip` FROM `so_menu` WHERE `group` = '预约管理' AND `pid` = 85 AND `hide` = 0 AND `is_dev` = 0 ORDER BY sort asc  [ RunTime:0.0010s ]
SQL: SELECT `id`,`pid`,`title`,`url`,`tip` FROM `so_menu` WHERE `group` = '会员管理' AND `pid` = 85 AND `hide` = 0 AND `is_dev` = 0 ORDER BY sort asc  [ RunTime:0.0000s ]
SQL: SELECT o.*,t.table_name,h.id,h.name FROM so_order as o,so_table as t,so_hall as h WHERE o.table_id=t.id AND t.hall_id=h.id AND o.is_pay=1 ORDER BY oid ASC  [ RunTime:0.0060s ]
SQL: SHOW COLUMNS FROM `so_hall` [ RunTime:0.0030s ]
SQL: SELECT * FROM `so_hall`  [ RunTime:0.0000s ]
INFO: [ view_parse ] --START--
INFO: [ template_filter ] --START--
INFO: Run Behavior\ContentReplaceBehavior [ RunTime:0.001000s ]
INFO: [ template_filter ] --END-- [ RunTime:0.001000s ]
INFO: Run Behavior\ParseTemplateBehavior [ RunTime:0.024002s ]
INFO: [ view_parse ] --END-- [ RunTime:0.024002s ]
INFO: [ view_filter ] --START--
INFO: Run Behavior\WriteHtmlCacheBehavior [ RunTime:0.000000s ]
INFO: [ view_filter ] --END-- [ RunTime:0.000000s ]
INFO: [ app_end ] --START--
INFO: Run Behavior\ShowPageTraceBehavior [ RunTime:0.001000s ]
INFO: Run Common\Behavior\CronRunBehavior [ RunTime:0.006000s ]
INFO: [ app_end ] --END-- [ RunTime:0.007000s ]

[ 2018-01-22T21:26:24+08:00 ] ::1 /smartorder/admin.php/Cash/Nopay_order.html
INFO: [ app_init ] --START--
INFO: Run Behavior\BuildLiteBehavior [ RunTime:0.000000s ]
INFO: [ app_init ] --END-- [ RunTime:0.001000s ]
INFO: [ app_begin ] --START--
INFO: Run Behavior\ReadHtmlCacheBehavior [ RunTime:0.014001s ]
INFO: [ app_begin ] --END-- [ RunTime:0.014001s ]
SQL: SHOW COLUMNS FROM `so_menu` [ RunTime:0.0390s ]
SQL: SELECT `id`,`title`,`url` FROM `so_menu` WHERE `pid` = 0 AND `hide` = 0 AND `is_dev` = 0 ORDER BY sort asc  [ RunTime:0.0010s ]
SQL: SELECT `pid` FROM `so_menu` WHERE ( pid !=0 AND url like '%Cash/Nopay_order%' ) LIMIT 1   [ RunTime:0.0010s ]
SQL: SELECT * FROM `so_menu` WHERE `id` = 85 LIMIT 1   [ RunTime:0.0000s ]
SQL: SELECT DISTINCT  `group` FROM `so_menu` WHERE `group` <> '' AND `pid` = 85  [ RunTime:0.0010s ]
SQL: SELECT `id`,`url` FROM `so_menu` WHERE `pid` = 85 AND `hide` = 0 AND `is_dev` = 0  [ RunTime:0.0000s ]
SQL: SELECT `id`,`pid`,`title`,`url`,`tip` FROM `so_menu` WHERE `group` = '结账管理' AND `pid` = 85 AND `hide` = 0 AND `is_dev` = 0 ORDER BY sort asc  [ RunTime:0.0000s ]
SQL: SELECT `id`,`pid`,`title`,`url`,`tip` FROM `so_menu` WHERE `group` = '桌号管理' AND `pid` = 85 AND `hide` = 0 AND `is_dev` = 0 ORDER BY sort asc  [ RunTime:0.0010s ]
SQL: SELECT `id`,`pid`,`title`,`url`,`tip` FROM `so_menu` WHERE `group` = '预约管理' AND `pid` = 85 AND `hide` = 0 AND `is_dev` = 0 ORDER BY sort asc  [ RunTime:0.0000s ]
SQL: SELECT `id`,`pid`,`title`,`url`,`tip` FROM `so_menu` WHERE `group` = '会员管理' AND `pid` = 85 AND `hide` = 0 AND `is_dev` = 0 ORDER BY sort asc  [ RunTime:0.0010s ]
SQL: SELECT o.*,t.table_name,h.id,h.name FROM so_order as o,so_table as t,so_hall as h WHERE o.table_id=t.id AND t.hall_id=h.id AND o.is_pay=0 ORDER BY oid ASC  [ RunTime:0.0150s ]
SQL: SHOW COLUMNS FROM `so_hall` [ RunTime:0.0040s ]
SQL: SELECT * FROM `so_hall`  [ RunTime:0.0000s ]
INFO: [ view_parse ] --START--
INFO: [ template_filter ] --START--
INFO: Run Behavior\ContentReplaceBehavior [ RunTime:0.001000s ]
INFO: [ template_filter ] --END-- [ RunTime:0.001000s ]
INFO: Run Behavior\ParseTemplateBehavior [ RunTime:0.115007s ]
INFO: [ view_parse ] --END-- [ RunTime:0.115007s ]
INFO: [ view_filter ] --START--
INFO: Run Behavior\WriteHtmlCacheBehavior [ RunTime:0.019001s ]
INFO: [ view_filter ] --END-- [ RunTime:0.019001s ]
INFO: [ app_end ] --START--
INFO: Run Behavior\ShowPageTraceBehavior [ RunTime:0.002000s ]
INFO: Run Common\Behavior\CronRunBehavior [ RunTime:0.098006s ]
INFO: [ app_end ] --END-- [ RunTime:0.100006s ]

[ 2018-01-22T21:27:02+08:00 ] ::1 /smartorder/admin.php/Cash/orderList.html?oid=2&tid=8
INFO: [ app_init ] --START--
INFO: Run Behavior\BuildLiteBehavior [ RunTime:0.000000s ]
INFO: [ app_init ] --END-- [ RunTime:0.000000s ]
INFO: [ app_begin ] --START--
INFO: Run Behavior\ReadHtmlCacheBehavior [ RunTime:0.000000s ]
INFO: [ app_begin ] --END-- [ RunTime:0.000000s ]
SQL: SHOW COLUMNS FROM `so_menu` [ RunTime:0.0040s ]
SQL: SELECT `id`,`title`,`url` FROM `so_menu` WHERE `pid` = 0 AND `hide` = 0 AND `is_dev` = 0 ORDER BY sort asc  [ RunTime:0.0020s ]
SQL: SELECT `pid` FROM `so_menu` WHERE ( pid !=0 AND url like '%Cash/orderList%' ) LIMIT 1   [ RunTime:0.0010s ]
SQL: SHOW COLUMNS FROM `so_order` [ RunTime:0.0050s ]
SQL: SELECT * FROM `so_order` WHERE ( oid = 2 ) LIMIT 1   [ RunTime:0.0300s ]
SQL: SELECT `detail` FROM `so_order` WHERE ( oid = 2 ) LIMIT 1   [ RunTime:0.0010s ]
INFO: [ view_parse ] --START--
INFO: [ template_filter ] --START--
INFO: Run Behavior\ContentReplaceBehavior [ RunTime:0.001000s ]
INFO: [ template_filter ] --END-- [ RunTime:0.001000s ]
NOTIC: [8] Undefined variable: tableId E:\xampp\htdocs\SmartOrder\Runtime\Cache\Admin\b1853b4c255d9106cc2493d280b34423.php 第 123 行.
INFO: Run Behavior\ParseTemplateBehavior [ RunTime:0.054003s ]
INFO: [ view_parse ] --END-- [ RunTime:0.054003s ]
INFO: [ view_filter ] --START--
INFO: Run Behavior\WriteHtmlCacheBehavior [ RunTime:0.001000s ]
INFO: [ view_filter ] --END-- [ RunTime:0.001000s ]
INFO: [ app_end ] --START--
INFO: Run Behavior\ShowPageTraceBehavior [ RunTime:0.001000s ]
INFO: Run Common\Behavior\CronRunBehavior [ RunTime:0.004000s ]
INFO: [ app_end ] --END-- [ RunTime:0.005000s ]

[ 2018-01-22T21:27:07+08:00 ] ::1 /smartorder/admin.php/Cash/edit.html?
INFO: [ app_init ] --START--
INFO: Run Behavior\BuildLiteBehavior [ RunTime:0.000000s ]
INFO: [ app_init ] --END-- [ RunTime:0.000000s ]
INFO: [ app_begin ] --START--
INFO: Run Behavior\ReadHtmlCacheBehavior [ RunTime:0.001000s ]
INFO: [ app_begin ] --END-- [ RunTime:0.001000s ]
SQL: SHOW COLUMNS FROM `so_menu` [ RunTime:0.0060s ]
SQL: SELECT `id`,`title`,`url` FROM `so_menu` WHERE `pid` = 0 AND `hide` = 0 AND `is_dev` = 0 ORDER BY sort asc  [ RunTime:0.0010s ]
SQL: SELECT `pid` FROM `so_menu` WHERE ( pid !=0 AND url like '%Cash/edit%' ) LIMIT 1   [ RunTime:0.0020s ]
ERR: 非法操作:edit

[ 2018-01-22T21:28:47+08:00 ] ::1 /smartorder/admin.php/Cash/Vip.html
INFO: [ app_init ] --START--
INFO: Run Behavior\BuildLiteBehavior [ RunTime:0.000000s ]
INFO: [ app_init ] --END-- [ RunTime:0.000000s ]
INFO: [ app_begin ] --START--
INFO: Run Behavior\ReadHtmlCacheBehavior [ RunTime:0.000000s ]
INFO: [ app_begin ] --END-- [ RunTime:0.000000s ]
SQL: SHOW COLUMNS FROM `so_menu` [ RunTime:0.0050s ]
SQL: SELECT `id`,`title`,`url` FROM `so_menu` WHERE `pid` = 0 AND `hide` = 0 AND `is_dev` = 0 ORDER BY sort asc  [ RunTime:0.0010s ]
SQL: SELECT `pid` FROM `so_menu` WHERE ( pid !=0 AND url like '%Cash/Vip%' ) LIMIT 1   [ RunTime:0.0010s ]
SQL: SELECT * FROM `so_menu` WHERE `id` = 85 LIMIT 1   [ RunTime:0.0000s ]
SQL: SELECT DISTINCT  `group` FROM `so_menu` WHERE `group` <> '' AND `pid` = 85  [ RunTime:0.0000s ]
SQL: SELECT `id`,`url` FROM `so_menu` WHERE `pid` = 85 AND `hide` = 0 AND `is_dev` = 0  [ RunTime:0.0010s ]
SQL: SELECT `id`,`pid`,`title`,`url`,`tip` FROM `so_menu` WHERE `group` = '结账管理' AND `pid` = 85 AND `hide` = 0 AND `is_dev` = 0 ORDER BY sort asc  [ RunTime:0.0010s ]
SQL: SELECT `id`,`pid`,`title`,`url`,`tip` FROM `so_menu` WHERE `group` = '桌号管理' AND `pid` = 85 AND `hide` = 0 AND `is_dev` = 0 ORDER BY sort asc  [ RunTime:0.0000s ]
SQL: SELECT `id`,`pid`,`title`,`url`,`tip` FROM `so_menu` WHERE `group` = '预约管理' AND `pid` = 85 AND `hide` = 0 AND `is_dev` = 0 ORDER BY sort asc  [ RunTime:0.0010s ]
SQL: SELECT `id`,`pid`,`title`,`url`,`tip` FROM `so_menu` WHERE `group` = '会员管理' AND `pid` = 85 AND `hide` = 0 AND `is_dev` = 0 ORDER BY sort asc  [ RunTime:0.0010s ]
SQL: SHOW COLUMNS FROM `so_member` [ RunTime:0.0030s ]
SQL: SELECT * FROM `so_member`  [ RunTime:0.0010s ]
INFO: [ view_parse ] --START--
INFO: [ template_filter ] --START--
INFO: Run Behavior\ContentReplaceBehavior [ RunTime:0.000000s ]
INFO: [ template_filter ] --END-- [ RunTime:0.000000s ]
INFO: Run Behavior\ParseTemplateBehavior [ RunTime:0.032002s ]
INFO: [ view_parse ] --END-- [ RunTime:0.032002s ]
INFO: [ view_filter ] --START--
INFO: Run Behavior\WriteHtmlCacheBehavior [ RunTime:0.001000s ]
INFO: [ view_filter ] --END-- [ RunTime:0.001000s ]
INFO: [ app_end ] --START--
INFO: Run Behavior\ShowPageTraceBehavior [ RunTime:0.001000s ]
INFO: Run Common\Behavior\CronRunBehavior [ RunTime:0.005000s ]
INFO: [ app_end ] --END-- [ RunTime:0.007000s ]

[ 2018-01-22T21:28:50+08:00 ] ::1 /smartorder/admin.php/Cash/Book.html
INFO: [ app_init ] --START--
INFO: Run Behavior\BuildLiteBehavior [ RunTime:0.000000s ]
INFO: [ app_init ] --END-- [ RunTime:0.000000s ]
INFO: [ app_begin ] --START--
INFO: Run Behavior\ReadHtmlCacheBehavior [ RunTime:0.001000s ]
INFO: [ app_begin ] --END-- [ RunTime:0.001000s ]
SQL: SHOW COLUMNS FROM `so_menu` [ RunTime:0.0040s ]
SQL: SELECT `id`,`title`,`url` FROM `so_menu` WHERE `pid` = 0 AND `hide` = 0 AND `is_dev` = 0 ORDER BY sort asc  [ RunTime:0.0010s ]
SQL: SELECT `pid` FROM `so_menu` WHERE ( pid !=0 AND url like '%Cash/Book%' ) LIMIT 1   [ RunTime:0.0010s ]
SQL: SELECT * FROM `so_menu` WHERE `id` = 85 LIMIT 1   [ RunTime:0.0010s ]
SQL: SELECT DISTINCT  `group` FROM `so_menu` WHERE `group` <> '' AND `pid` = 85  [ RunTime:0.0010s ]
SQL: SELECT `id`,`url` FROM `so_menu` WHERE `pid` = 85 AND `hide` = 0 AND `is_dev` = 0  [ RunTime:0.0010s ]
SQL: SELECT `id`,`pid`,`title`,`url`,`tip` FROM `so_menu` WHERE `group` = '结账管理' AND `pid` = 85 AND `hide` = 0 AND `is_dev` = 0 ORDER BY sort asc  [ RunTime:0.0010s ]
SQL: SELECT `id`,`pid`,`title`,`url`,`tip` FROM `so_menu` WHERE `group` = '桌号管理' AND `pid` = 85 AND `hide` = 0 AND `is_dev` = 0 ORDER BY sort asc  [ RunTime:0.0010s ]
SQL: SELECT `id`,`pid`,`title`,`url`,`tip` FROM `so_menu` WHERE `group` = '预约管理' AND `pid` = 85 AND `hide` = 0 AND `is_dev` = 0 ORDER BY sort asc  [ RunTime:0.0000s ]
SQL: SELECT `id`,`pid`,`title`,`url`,`tip` FROM `so_menu` WHERE `group` = '会员管理' AND `pid` = 85 AND `hide` = 0 AND `is_dev` = 0 ORDER BY sort asc  [ RunTime:0.0010s ]
SQL: SHOW COLUMNS FROM `so_book` [ RunTime:0.0050s ]
SQL: SELECT * FROM `so_book`  [ RunTime:0.0010s ]
INFO: [ view_parse ] --START--
INFO: [ template_filter ] --START--
INFO: Run Behavior\ContentReplaceBehavior [ RunTime:0.001000s ]
INFO: [ template_filter ] --END-- [ RunTime:0.001000s ]
INFO: Run Behavior\ParseTemplateBehavior [ RunTime:0.039002s ]
INFO: [ view_parse ] --END-- [ RunTime:0.039002s ]
INFO: [ view_filter ] --START--
INFO: Run Behavior\WriteHtmlCacheBehavior [ RunTime:0.001000s ]
INFO: [ view_filter ] --END-- [ RunTime:0.001000s ]
INFO: [ app_end ] --START--
INFO: Run Behavior\ShowPageTraceBehavior [ RunTime:0.002000s ]
INFO: Run Common\Behavior\CronRunBehavior [ RunTime:0.004001s ]
INFO: [ app_end ] --END-- [ RunTime:0.006001s ]

[ 2018-01-22T21:28:56+08:00 ] ::1 /smartorder/admin.php/Cash/Index.html
INFO: [ app_init ] --START--
INFO: Run Behavior\BuildLiteBehavior [ RunTime:0.000000s ]
INFO: [ app_init ] --END-- [ RunTime:0.000000s ]
INFO: [ app_begin ] --START--
INFO: Run Behavior\ReadHtmlCacheBehavior [ RunTime:0.000000s ]
INFO: [ app_begin ] --END-- [ RunTime:0.000000s ]
SQL: SHOW COLUMNS FROM `so_menu` [ RunTime:0.0030s ]
SQL: SELECT `id`,`title`,`url` FROM `so_menu` WHERE `pid` = 0 AND `hide` = 0 AND `is_dev` = 0 ORDER BY sort asc  [ RunTime:0.0010s ]
SQL: SELECT `pid` FROM `so_menu` WHERE ( pid !=0 AND url like '%Cash/Index%' ) LIMIT 1   [ RunTime:0.0010s ]
SQL: SELECT * FROM `so_menu` WHERE `id` = 85 LIMIT 1   [ RunTime:0.0010s ]
SQL: SELECT DISTINCT  `group` FROM `so_menu` WHERE `group` <> '' AND `pid` = 85  [ RunTime:0.0000s ]
SQL: SELECT `id`,`url` FROM `so_menu` WHERE `pid` = 85 AND `hide` = 0 AND `is_dev` = 0  [ RunTime:0.0000s ]
SQL: SELECT `id`,`pid`,`title`,`url`,`tip` FROM `so_menu` WHERE `group` = '结账管理' AND `pid` = 85 AND `hide` = 0 AND `is_dev` = 0 ORDER BY sort asc  [ RunTime:0.0010s ]
SQL: SELECT `id`,`pid`,`title`,`url`,`tip` FROM `so_menu` WHERE `group` = '桌号管理' AND `pid` = 85 AND `hide` = 0 AND `is_dev` = 0 ORDER BY sort asc  [ RunTime:0.0010s ]
SQL: SELECT `id`,`pid`,`title`,`url`,`tip` FROM `so_menu` WHERE `group` = '预约管理' AND `pid` = 85 AND `hide` = 0 AND `is_dev` = 0 ORDER BY sort asc  [ RunTime:0.0010s ]
SQL: SELECT `id`,`pid`,`title`,`url`,`tip` FROM `so_menu` WHERE `group` = '会员管理' AND `pid` = 85 AND `hide` = 0 AND `is_dev` = 0 ORDER BY sort asc  [ RunTime:0.0000s ]
SQL: SHOW COLUMNS FROM `so_table` [ RunTime:0.0040s ]
SQL: SELECT so_hall.id,count(hall_id),so_hall.name FROM `so_table` INNER JOIN so_hall ON so_hall.id = so_table.hall_id  GROUP BY hall_id  [ RunTime:0.0000s ]
SQL: SHOW COLUMNS FROM `so_temp` [ RunTime:0.0040s ]
SQL: SELECT so_hall.name as hall_name,`holding`,`hold_time`,`table_name` FROM `so_temp` INNER JOIN so_table ON so_table.id = so_temp.table_id INNER JOIN so_hall ON so_table.hall_id = so_hall.id  WHERE ( so_temp.holding is not null ) ORDER BY hold_time asc  [ RunTime:0.0010s ]
INFO: [ view_parse ] --START--
INFO: [ template_filter ] --START--
INFO: Run Behavior\ContentReplaceBehavior [ RunTime:0.001000s ]
INFO: [ template_filter ] --END-- [ RunTime:0.001000s ]
INFO: Run Behavior\ParseTemplateBehavior [ RunTime:0.034001s ]
INFO: [ view_parse ] --END-- [ RunTime:0.034001s ]
INFO: [ view_filter ] --START--
INFO: Run Behavior\WriteHtmlCacheBehavior [ RunTime:0.001001s ]
INFO: [ view_filter ] --END-- [ RunTime:0.001001s ]
INFO: [ app_end ] --START--
INFO: Run Behavior\ShowPageTraceBehavior [ RunTime:0.001000s ]
INFO: Run Common\Behavior\CronRunBehavior [ RunTime:0.006000s ]
INFO: [ app_end ] --END-- [ RunTime:0.007000s ]

[ 2018-01-22T21:29:02+08:00 ] ::1 /smartorder/admin.php/Cash/Nopay_order.html
INFO: [ app_init ] --START--
INFO: Run Behavior\BuildLiteBehavior [ RunTime:0.000000s ]
INFO: [ app_init ] --END-- [ RunTime:0.001000s ]
INFO: [ app_begin ] --START--
INFO: Run Behavior\ReadHtmlCacheBehavior [ RunTime:0.001000s ]
INFO: [ app_begin ] --END-- [ RunTime:0.001000s ]
SQL: SHOW COLUMNS FROM `so_menu` [ RunTime:0.0040s ]
SQL: SELECT `id`,`title`,`url` FROM `so_menu` WHERE `pid` = 0 AND `hide` = 0 AND `is_dev` = 0 ORDER BY sort asc  [ RunTime:0.0010s ]
SQL: SELECT `pid` FROM `so_menu` WHERE ( pid !=0 AND url like '%Cash/Nopay_order%' ) LIMIT 1   [ RunTime:0.0000s ]
SQL: SELECT * FROM `so_menu` WHERE `id` = 85 LIMIT 1   [ RunTime:0.0000s ]
SQL: SELECT DISTINCT  `group` FROM `so_menu` WHERE `group` <> '' AND `pid` = 85  [ RunTime:0.0010s ]
SQL: SELECT `id`,`url` FROM `so_menu` WHERE `pid` = 85 AND `hide` = 0 AND `is_dev` = 0  [ RunTime:0.0010s ]
SQL: SELECT `id`,`pid`,`title`,`url`,`tip` FROM `so_menu` WHERE `group` = '结账管理' AND `pid` = 85 AND `hide` = 0 AND `is_dev` = 0 ORDER BY sort asc  [ RunTime:0.0010s ]
SQL: SELECT `id`,`pid`,`title`,`url`,`tip` FROM `so_menu` WHERE `group` = '桌号管理' AND `pid` = 85 AND `hide` = 0 AND `is_dev` = 0 ORDER BY sort asc  [ RunTime:0.0010s ]
SQL: SELECT `id`,`pid`,`title`,`url`,`tip` FROM `so_menu` WHERE `group` = '预约管理' AND `pid` = 85 AND `hide` = 0 AND `is_dev` = 0 ORDER BY sort asc  [ RunTime:0.0010s ]
SQL: SELECT `id`,`pid`,`title`,`url`,`tip` FROM `so_menu` WHERE `group` = '会员管理' AND `pid` = 85 AND `hide` = 0 AND `is_dev` = 0 ORDER BY sort asc  [ RunTime:0.0010s ]
SQL: SELECT o.*,t.table_name,h.id,h.name FROM so_order as o,so_table as t,so_hall as h WHERE o.table_id=t.id AND t.hall_id=h.id AND o.is_pay=0 ORDER BY oid ASC  [ RunTime:0.0040s ]
SQL: SHOW COLUMNS FROM `so_hall` [ RunTime:0.0030s ]
SQL: SELECT * FROM `so_hall`  [ RunTime:0.0010s ]
INFO: [ view_parse ] --START--
INFO: [ template_filter ] --START--
INFO: Run Behavior\ContentReplaceBehavior [ RunTime:0.001000s ]
INFO: [ template_filter ] --END-- [ RunTime:0.001000s ]
INFO: Run Behavior\ParseTemplateBehavior [ RunTime:0.021002s ]
INFO: [ view_parse ] --END-- [ RunTime:0.022002s ]
INFO: [ view_filter ] --START--
INFO: Run Behavior\WriteHtmlCacheBehavior [ RunTime:0.000000s ]
INFO: [ view_filter ] --END-- [ RunTime:0.000000s ]
INFO: [ app_end ] --START--
INFO: Run Behavior\ShowPageTraceBehavior [ RunTime:0.001000s ]
INFO: Run Common\Behavior\CronRunBehavior [ RunTime:0.005000s ]
INFO: [ app_end ] --END-- [ RunTime:0.006000s ]

[ 2018-01-22T21:29:03+08:00 ] ::1 /smartorder/admin.php/Cash/Pay_order.html
INFO: [ app_init ] --START--
INFO: Run Behavior\BuildLiteBehavior [ RunTime:0.000000s ]
INFO: [ app_init ] --END-- [ RunTime:0.000000s ]
INFO: [ app_begin ] --START--
INFO: Run Behavior\ReadHtmlCacheBehavior [ RunTime:0.001000s ]
INFO: [ app_begin ] --END-- [ RunTime:0.001000s ]
SQL: SHOW COLUMNS FROM `so_menu` [ RunTime:0.0040s ]
SQL: SELECT `id`,`title`,`url` FROM `so_menu` WHERE `pid` = 0 AND `hide` = 0 AND `is_dev` = 0 ORDER BY sort asc  [ RunTime:0.0010s ]
SQL: SELECT `pid` FROM `so_menu` WHERE ( pid !=0 AND url like '%Cash/Pay_order%' ) LIMIT 1   [ RunTime:0.0000s ]
SQL: SELECT * FROM `so_menu` WHERE `id` = 85 LIMIT 1   [ RunTime:0.0000s ]
SQL: SELECT DISTINCT  `group` FROM `so_menu` WHERE `group` <> '' AND `pid` = 85  [ RunTime:0.0010s ]
SQL: SELECT `id`,`url` FROM `so_menu` WHERE `pid` = 85 AND `hide` = 0 AND `is_dev` = 0  [ RunTime:0.0010s ]
SQL: SELECT `id`,`pid`,`title`,`url`,`tip` FROM `so_menu` WHERE `group` = '结账管理' AND `pid` = 85 AND `hide` = 0 AND `is_dev` = 0 ORDER BY sort asc  [ RunTime:0.0020s ]
SQL: SELECT `id`,`pid`,`title`,`url`,`tip` FROM `so_menu` WHERE `group` = '桌号管理' AND `pid` = 85 AND `hide` = 0 AND `is_dev` = 0 ORDER BY sort asc  [ RunTime:0.0010s ]
SQL: SELECT `id`,`pid`,`title`,`url`,`tip` FROM `so_menu` WHERE `group` = '预约管理' AND `pid` = 85 AND `hide` = 0 AND `is_dev` = 0 ORDER BY sort asc  [ RunTime:0.0010s ]
SQL: SELECT `id`,`pid`,`title`,`url`,`tip` FROM `so_menu` WHERE `group` = '会员管理' AND `pid` = 85 AND `hide` = 0 AND `is_dev` = 0 ORDER BY sort asc  [ RunTime:0.0010s ]
SQL: SELECT o.*,t.table_name,h.id,h.name FROM so_order as o,so_table as t,so_hall as h WHERE o.table_id=t.id AND t.hall_id=h.id AND o.is_pay=1 ORDER BY oid ASC  [ RunTime:0.0050s ]
SQL: SHOW COLUMNS FROM `so_hall` [ RunTime:0.0030s ]
SQL: SELECT * FROM `so_hall`  [ RunTime:0.0010s ]
INFO: [ view_parse ] --START--
INFO: [ template_filter ] --START--
INFO: Run Behavior\ContentReplaceBehavior [ RunTime:0.000000s ]
INFO: [ template_filter ] --END-- [ RunTime:0.000000s ]
INFO: Run Behavior\ParseTemplateBehavior [ RunTime:0.045003s ]
INFO: [ view_parse ] --END-- [ RunTime:0.045003s ]
INFO: [ view_filter ] --START--
INFO: Run Behavior\WriteHtmlCacheBehavior [ RunTime:0.000000s ]
INFO: [ view_filter ] --END-- [ RunTime:0.000000s ]
INFO: [ app_end ] --START--
INFO: Run Behavior\ShowPageTraceBehavior [ RunTime:0.000000s ]
INFO: Run Common\Behavior\CronRunBehavior [ RunTime:0.006000s ]
INFO: [ app_end ] --END-- [ RunTime:0.007000s ]

[ 2018-01-22T21:29:06+08:00 ] ::1 /smartorder/admin.php/Cash/Nopay_order.html
INFO: [ app_init ] --START--
INFO: Run Behavior\BuildLiteBehavior [ RunTime:0.000000s ]
INFO: [ app_init ] --END-- [ RunTime:0.000000s ]
INFO: [ app_begin ] --START--
INFO: Run Behavior\ReadHtmlCacheBehavior [ RunTime:0.000000s ]
INFO: [ app_begin ] --END-- [ RunTime:0.000000s ]
SQL: SHOW COLUMNS FROM `so_menu` [ RunTime:0.0070s ]
SQL: SELECT `id`,`title`,`url` FROM `so_menu` WHERE `pid` = 0 AND `hide` = 0 AND `is_dev` = 0 ORDER BY sort asc  [ RunTime:0.0010s ]
SQL: SELECT `pid` FROM `so_menu` WHERE ( pid !=0 AND url like '%Cash/Nopay_order%' ) LIMIT 1   [ RunTime:0.0010s ]
SQL: SELECT * FROM `so_menu` WHERE `id` = 85 LIMIT 1   [ RunTime:0.0010s ]
SQL: SELECT DISTINCT  `group` FROM `so_menu` WHERE `group` <> '' AND `pid` = 85  [ RunTime:0.0010s ]
SQL: SELECT `id`,`url` FROM `so_menu` WHERE `pid` = 85 AND `hide` = 0 AND `is_dev` = 0  [ RunTime:0.0000s ]
SQL: SELECT `id`,`pid`,`title`,`url`,`tip` FROM `so_menu` WHERE `group` = '结账管理' AND `pid` = 85 AND `hide` = 0 AND `is_dev` = 0 ORDER BY sort asc  [ RunTime:0.0010s ]
SQL: SELECT `id`,`pid`,`title`,`url`,`tip` FROM `so_menu` WHERE `group` = '桌号管理' AND `pid` = 85 AND `hide` = 0 AND `is_dev` = 0 ORDER BY sort asc  [ RunTime:0.0010s ]
SQL: SELECT `id`,`pid`,`title`,`url`,`tip` FROM `so_menu` WHERE `group` = '预约管理' AND `pid` = 85 AND `hide` = 0 AND `is_dev` = 0 ORDER BY sort asc  [ RunTime:0.0000s ]
SQL: SELECT `id`,`pid`,`title`,`url`,`tip` FROM `so_menu` WHERE `group` = '会员管理' AND `pid` = 85 AND `hide` = 0 AND `is_dev` = 0 ORDER BY sort asc  [ RunTime:0.0000s ]
SQL: SELECT o.*,t.table_name,h.id,h.name FROM so_order as o,so_table as t,so_hall as h WHERE o.table_id=t.id AND t.hall_id=h.id AND o.is_pay=0 ORDER BY oid ASC  [ RunTime:0.0050s ]
SQL: SHOW COLUMNS FROM `so_hall` [ RunTime:0.0040s ]
SQL: SELECT * FROM `so_hall`  [ RunTime:0.0010s ]
INFO: [ view_parse ] --START--
INFO: [ template_filter ] --START--
INFO: Run Behavior\ContentReplaceBehavior [ RunTime:0.000000s ]
INFO: [ template_filter ] --END-- [ RunTime:0.000000s ]
INFO: Run Behavior\ParseTemplateBehavior [ RunTime:0.021002s ]
INFO: [ view_parse ] --END-- [ RunTime:0.021002s ]
INFO: [ view_filter ] --START--
INFO: Run Behavior\WriteHtmlCacheBehavior [ RunTime:0.001000s ]
INFO: [ view_filter ] --END-- [ RunTime:0.001000s ]
INFO: [ app_end ] --START--
INFO: Run Behavior\ShowPageTraceBehavior [ RunTime:0.001000s ]
INFO: Run Common\Behavior\CronRunBehavior [ RunTime:0.006000s ]
INFO: [ app_end ] --END-- [ RunTime:0.007000s ]

[ 2018-01-22T21:29:07+08:00 ] ::1 /smartorder/admin.php/Cash/Pay_order.html
INFO: [ app_init ] --START--
INFO: Run Behavior\BuildLiteBehavior [ RunTime:0.000000s ]
INFO: [ app_init ] --END-- [ RunTime:0.000000s ]
INFO: [ app_begin ] --START--
INFO: Run Behavior\ReadHtmlCacheBehavior [ RunTime:0.000000s ]
INFO: [ app_begin ] --END-- [ RunTime:0.000000s ]
SQL: SHOW COLUMNS FROM `so_menu` [ RunTime:0.0050s ]
SQL: SELECT `id`,`title`,`url` FROM `so_menu` WHERE `pid` = 0 AND `hide` = 0 AND `is_dev` = 0 ORDER BY sort asc  [ RunTime:0.0010s ]
SQL: SELECT `pid` FROM `so_menu` WHERE ( pid !=0 AND url like '%Cash/Pay_order%' ) LIMIT 1   [ RunTime:0.0010s ]
SQL: SELECT * FROM `so_menu` WHERE `id` = 85 LIMIT 1   [ RunTime:0.0010s ]
SQL: SELECT DISTINCT  `group` FROM `so_menu` WHERE `group` <> '' AND `pid` = 85  [ RunTime:0.0010s ]
SQL: SELECT `id`,`url` FROM `so_menu` WHERE `pid` = 85 AND `hide` = 0 AND `is_dev` = 0  [ RunTime:0.0010s ]
SQL: SELECT `id`,`pid`,`title`,`url`,`tip` FROM `so_menu` WHERE `group` = '结账管理' AND `pid` = 85 AND `hide` = 0 AND `is_dev` = 0 ORDER BY sort asc  [ RunTime:0.0010s ]
SQL: SELECT `id`,`pid`,`title`,`url`,`tip` FROM `so_menu` WHERE `group` = '桌号管理' AND `pid` = 85 AND `hide` = 0 AND `is_dev` = 0 ORDER BY sort asc  [ RunTime:0.0010s ]
SQL: SELECT `id`,`pid`,`title`,`url`,`tip` FROM `so_menu` WHERE `group` = '预约管理' AND `pid` = 85 AND `hide` = 0 AND `is_dev` = 0 ORDER BY sort asc  [ RunTime:0.0010s ]
SQL: SELECT `id`,`pid`,`title`,`url`,`tip` FROM `so_menu` WHERE `group` = '会员管理' AND `pid` = 85 AND `hide` = 0 AND `is_dev` = 0 ORDER BY sort asc  [ RunTime:0.0020s ]
SQL: SELECT o.*,t.table_name,h.id,h.name FROM so_order as o,so_table as t,so_hall as h WHERE o.table_id=t.id AND t.hall_id=h.id AND o.is_pay=1 ORDER BY oid ASC  [ RunTime:0.0130s ]
SQL: SHOW COLUMNS FROM `so_hall` [ RunTime:0.0050s ]
SQL: SELECT * FROM `so_hall`  [ RunTime:0.0010s ]
INFO: [ view_parse ] --START--
INFO: [ template_filter ] --START--
INFO: Run Behavior\ContentReplaceBehavior [ RunTime:0.000000s ]
INFO: [ template_filter ] --END-- [ RunTime:0.000000s ]
INFO: Run Behavior\ParseTemplateBehavior [ RunTime:0.024002s ]
INFO: [ view_parse ] --END-- [ RunTime:0.024002s ]
INFO: [ view_filter ] --START--
INFO: Run Behavior\WriteHtmlCacheBehavior [ RunTime:0.000000s ]
INFO: [ view_filter ] --END-- [ RunTime:0.000000s ]
INFO: [ app_end ] --START--
INFO: Run Behavior\ShowPageTraceBehavior [ RunTime:0.001000s ]
INFO: Run Common\Behavior\CronRunBehavior [ RunTime:0.007000s ]
INFO: [ app_end ] --END-- [ RunTime:0.008000s ]

