[ 2018-01-13T11:19:42+08:00 ] ::1 /smartorder/admin.php
INFO: [ app_init ] --START--
INFO: Run Behavior\BuildLiteBehavior [ RunTime:0.000015s ]
INFO: [ app_init ] --END-- [ RunTime:0.000687s ]
INFO: [ app_begin ] --START--
INFO: Run Behavior\ReadHtmlCacheBehavior [ RunTime:0.001099s ]
INFO: [ app_begin ] --END-- [ RunTime:0.001161s ]

[ 2018-01-13T11:19:42+08:00 ] ::1 /smartorder/admin.php/Public/login.html
INFO: [ app_init ] --START--
INFO: Run Behavior\BuildLiteBehavior [ RunTime:0.000018s ]
INFO: [ app_init ] --END-- [ RunTime:0.000614s ]
INFO: [ app_begin ] --START--
INFO: Run Behavior\ReadHtmlCacheBehavior [ RunTime:0.000961s ]
INFO: [ app_begin ] --END-- [ RunTime:0.001041s ]
INFO: [ view_parse ] --START--
INFO: [ template_filter ] --START--
INFO: Run Behavior\ContentReplaceBehavior [ RunTime:0.000048s ]
INFO: [ template_filter ] --END-- [ RunTime:0.000075s ]
INFO: Run Behavior\ParseTemplateBehavior [ RunTime:0.006458s ]
INFO: [ view_parse ] --END-- [ RunTime:0.006486s ]
INFO: [ view_filter ] --START--
INFO: Run Behavior\WriteHtmlCacheBehavior [ RunTime:0.000355s ]
INFO: [ view_filter ] --END-- [ RunTime:0.000379s ]
INFO: [ app_end ] --START--
INFO: Run Behavior\ShowPageTraceBehavior [ RunTime:0.000505s ]
INFO: Run Common\Behavior\CronRunBehavior [ RunTime:0.002126s ]
INFO: [ app_end ] --END-- [ RunTime:0.002695s ]

[ 2018-01-13T11:19:47+08:00 ] ::1 /smartorder/admin.php/Public/verify.html
INFO: [ app_init ] --START--
INFO: Run Behavior\BuildLiteBehavior [ RunTime:0.000014s ]
INFO: [ app_init ] --END-- [ RunTime:0.000334s ]
INFO: [ app_begin ] --START--
INFO: Run Behavior\ReadHtmlCacheBehavior [ RunTime:0.000514s ]
INFO: [ app_begin ] --END-- [ RunTime:0.000569s ]
INFO: [ app_end ] --START--
INFO: Run Behavior\ShowPageTraceBehavior [ RunTime:0.000758s ]
INFO: Run Common\Behavior\CronRunBehavior [ RunTime:0.002293s ]
INFO: [ app_end ] --END-- [ RunTime:0.003193s ]

[ 2018-01-13T11:20:00+08:00 ] ::1 /smartorder/admin.php/Public/login.html
INFO: [ app_init ] --START--
INFO: Run Behavior\BuildLiteBehavior [ RunTime:0.000010s ]
INFO: [ app_init ] --END-- [ RunTime:0.000372s ]
INFO: [ app_begin ] --START--
INFO: Run Behavior\ReadHtmlCacheBehavior [ RunTime:0.000967s ]
INFO: [ app_begin ] --END-- [ RunTime:0.001018s ]
NOTIC: [8] Undefined index: lite D:\xampp\htdocs\SmartOrder\ThinkPHP\Library\Think\Db.class.php 第 37 行.
SQL: SHOW COLUMNS FROM `so_member` [ RunTime:0.0164s ]
SQL: SELECT `uid`,`nickname`,`sex`,`birthday`,`qq`,`score`,`login`,`reg_ip`,`reg_time`,`last_login_ip`,`last_login_time`,`status` FROM `so_member` WHERE `uid` = 1 LIMIT 1   [ RunTime:0.0002s ]
SQL: SHOW COLUMNS FROM `so_action` [ RunTime:0.0079s ]
SQL: SELECT * FROM `so_action` WHERE `name` = 'user_login' LIMIT 1   [ RunTime:0.0003s ]
SQL: SHOW COLUMNS FROM `so_action_log` [ RunTime:0.0399s ]
SQL: INSERT INTO `so_action_log` (`action_id`,`user_id`,`action_ip`,`model`,`record_id`,`create_time`,`remark`) VALUES ('1','1','0','member','1','1515813599','admin在2018-01-13 11:19登录了后台') [ RunTime:0.0020s ]
SQL: SELECT * FROM `so_action` WHERE `name` = 'user_login' LIMIT 1   [ RunTime:0.0003s ]
NOTIC: [8] Undefined offset: 1 D:\xampp\htdocs\SmartOrder\Application\Common\Common\function.php 第 679 行.
NOTIC: [2] array_key_exists() expects parameter 2 to be array, null given D:\xampp\htdocs\SmartOrder\Application\Common\Common\function.php 第 679 行.
SQL: SELECT COUNT(*) AS tp_count FROM `so_action_log` WHERE `action_id` = 1 AND `user_id` = 1 AND `create_time` > 1515727199 LIMIT 1   [ RunTime:0.0011s ]
SQL: UPDATE `so_member` SET `login`=`login`+1,`last_login_time`='1515813599',`last_login_ip`='0' WHERE `uid` = 1 [ RunTime:0.0003s ]

[ 2018-01-13T11:20:00+08:00 ] ::1 /smartorder/admin.php/Index/index.html
INFO: [ app_init ] --START--
INFO: Run Behavior\BuildLiteBehavior [ RunTime:0.000008s ]
INFO: [ app_init ] --END-- [ RunTime:0.000386s ]
INFO: [ app_begin ] --START--
INFO: Run Behavior\ReadHtmlCacheBehavior [ RunTime:0.000674s ]
INFO: [ app_begin ] --END-- [ RunTime:0.000730s ]
SQL: SHOW COLUMNS FROM `so_menu` [ RunTime:0.0034s ]
SQL: SELECT `id`,`title`,`url` FROM `so_menu` WHERE `pid` = 0 AND `hide` = 0 AND `is_dev` = 0 ORDER BY sort asc  [ RunTime:0.0003s ]
SQL: SELECT `pid` FROM `so_menu` WHERE ( pid !=0 AND url like '%Index/index%' ) LIMIT 1   [ RunTime:0.0003s ]
INFO: [ view_parse ] --START--
INFO: [ template_filter ] --START--
INFO: Run Behavior\ContentReplaceBehavior [ RunTime:0.000138s ]
INFO: [ template_filter ] --END-- [ RunTime:0.000181s ]
INFO: Run Behavior\ParseTemplateBehavior [ RunTime:0.013097s ]
INFO: [ view_parse ] --END-- [ RunTime:0.013132s ]
INFO: [ view_filter ] --START--
INFO: Run Behavior\WriteHtmlCacheBehavior [ RunTime:0.000388s ]
INFO: [ view_filter ] --END-- [ RunTime:0.000413s ]
INFO: [ app_end ] --START--
INFO: Run Behavior\ShowPageTraceBehavior [ RunTime:0.000826s ]
INFO: Run Common\Behavior\CronRunBehavior [ RunTime:0.003775s ]
INFO: [ app_end ] --END-- [ RunTime:0.004740s ]

[ 2018-01-13T11:20:02+08:00 ] ::1 /smartorder/admin.php/Cash/index.html
INFO: [ app_init ] --START--
INFO: Run Behavior\BuildLiteBehavior [ RunTime:0.000022s ]
INFO: [ app_init ] --END-- [ RunTime:0.000582s ]
INFO: [ app_begin ] --START--
INFO: Run Behavior\ReadHtmlCacheBehavior [ RunTime:0.000483s ]
INFO: [ app_begin ] --END-- [ RunTime:0.000518s ]
SQL: SHOW COLUMNS FROM `so_menu` [ RunTime:0.0021s ]
SQL: SELECT `id`,`title`,`url` FROM `so_menu` WHERE `pid` = 0 AND `hide` = 0 AND `is_dev` = 0 ORDER BY sort asc  [ RunTime:0.0003s ]
SQL: SELECT `pid` FROM `so_menu` WHERE ( pid !=0 AND url like '%Cash/index%' ) LIMIT 1   [ RunTime:0.0003s ]
SQL: SELECT * FROM `so_menu` WHERE `id` = 85 LIMIT 1   [ RunTime:0.0002s ]
SQL: SELECT DISTINCT  `group` FROM `so_menu` WHERE `group` <> '' AND `pid` = 85  [ RunTime:0.0003s ]
SQL: SELECT `id`,`url` FROM `so_menu` WHERE `pid` = 85 AND `hide` = 0 AND `is_dev` = 0  [ RunTime:0.0002s ]
SQL: SELECT `id`,`pid`,`title`,`url`,`tip` FROM `so_menu` WHERE `group` = '结账管理' AND `pid` = 85 AND `hide` = 0 AND `is_dev` = 0 ORDER BY sort asc  [ RunTime:0.0003s ]
SQL: SELECT `id`,`pid`,`title`,`url`,`tip` FROM `so_menu` WHERE `group` = '桌号管理' AND `pid` = 85 AND `hide` = 0 AND `is_dev` = 0 ORDER BY sort asc  [ RunTime:0.0003s ]
SQL: SELECT `id`,`pid`,`title`,`url`,`tip` FROM `so_menu` WHERE `group` = '预约管理' AND `pid` = 85 AND `hide` = 0 AND `is_dev` = 0 ORDER BY sort asc  [ RunTime:0.0003s ]
SQL: SELECT `id`,`pid`,`title`,`url`,`tip` FROM `so_menu` WHERE `group` = '会员管理' AND `pid` = 85 AND `hide` = 0 AND `is_dev` = 0 ORDER BY sort asc  [ RunTime:0.0003s ]
SQL: SELECT `id`,`pid`,`title`,`url`,`tip` FROM `so_menu` WHERE `group` = '账务管理' AND `pid` = 85 AND `hide` = 0 AND `is_dev` = 0 ORDER BY sort asc  [ RunTime:0.0003s ]
SQL: SHOW COLUMNS FROM `so_table` [ RunTime:0.0022s ]
SQL: SELECT so_hall.id,count(hall_id),so_hall.name FROM `so_table` INNER JOIN so_hall ON so_hall.id = so_table.hall_id  GROUP BY hall_id  [ RunTime:0.0026s ]
SQL: SHOW COLUMNS FROM `so_temp` [ RunTime:0.0032s ]
SQL: SELECT so_hall.name as hall_name,`holding`,`hold_time`,`table_name` FROM `so_temp` INNER JOIN so_table ON so_table.id = so_temp.table_id INNER JOIN so_hall ON so_table.hall_id = so_hall.id  WHERE ( so_temp.holding is not null ) ORDER BY hold_time asc  [ RunTime:0.0003s ]
INFO: [ view_parse ] --START--
INFO: [ template_filter ] --START--
INFO: Run Behavior\ContentReplaceBehavior [ RunTime:0.000125s ]
INFO: [ template_filter ] --END-- [ RunTime:0.000156s ]
INFO: Run Behavior\ParseTemplateBehavior [ RunTime:0.010154s ]
INFO: [ view_parse ] --END-- [ RunTime:0.010211s ]
INFO: [ view_filter ] --START--
INFO: Run Behavior\WriteHtmlCacheBehavior [ RunTime:0.000643s ]
INFO: [ view_filter ] --END-- [ RunTime:0.000674s ]
INFO: [ app_end ] --START--
INFO: Run Behavior\ShowPageTraceBehavior [ RunTime:0.002291s ]
INFO: Run Common\Behavior\CronRunBehavior [ RunTime:0.002373s ]
INFO: [ app_end ] --END-- [ RunTime:0.004765s ]

[ 2018-01-13T11:20:14+08:00 ] ::1 /smartorder/admin.php/Cash/Nopay_order.html
INFO: [ app_init ] --START--
INFO: Run Behavior\BuildLiteBehavior [ RunTime:0.000010s ]
INFO: [ app_init ] --END-- [ RunTime:0.000379s ]
INFO: [ app_begin ] --START--
INFO: Run Behavior\ReadHtmlCacheBehavior [ RunTime:0.000518s ]
INFO: [ app_begin ] --END-- [ RunTime:0.000566s ]
SQL: SHOW COLUMNS FROM `so_menu` [ RunTime:0.0021s ]
SQL: SELECT `id`,`title`,`url` FROM `so_menu` WHERE `pid` = 0 AND `hide` = 0 AND `is_dev` = 0 ORDER BY sort asc  [ RunTime:0.0003s ]
SQL: SELECT `pid` FROM `so_menu` WHERE ( pid !=0 AND url like '%Cash/Nopay_order%' ) LIMIT 1   [ RunTime:0.0003s ]
SQL: SELECT * FROM `so_menu` WHERE `id` = 85 LIMIT 1   [ RunTime:0.0002s ]
SQL: SELECT DISTINCT  `group` FROM `so_menu` WHERE `group` <> '' AND `pid` = 85  [ RunTime:0.0002s ]
SQL: SELECT `id`,`url` FROM `so_menu` WHERE `pid` = 85 AND `hide` = 0 AND `is_dev` = 0  [ RunTime:0.0002s ]
SQL: SELECT `id`,`pid`,`title`,`url`,`tip` FROM `so_menu` WHERE `group` = '结账管理' AND `pid` = 85 AND `hide` = 0 AND `is_dev` = 0 ORDER BY sort asc  [ RunTime:0.0002s ]
SQL: SELECT `id`,`pid`,`title`,`url`,`tip` FROM `so_menu` WHERE `group` = '桌号管理' AND `pid` = 85 AND `hide` = 0 AND `is_dev` = 0 ORDER BY sort asc  [ RunTime:0.0002s ]
SQL: SELECT `id`,`pid`,`title`,`url`,`tip` FROM `so_menu` WHERE `group` = '预约管理' AND `pid` = 85 AND `hide` = 0 AND `is_dev` = 0 ORDER BY sort asc  [ RunTime:0.0002s ]
SQL: SELECT `id`,`pid`,`title`,`url`,`tip` FROM `so_menu` WHERE `group` = '会员管理' AND `pid` = 85 AND `hide` = 0 AND `is_dev` = 0 ORDER BY sort asc  [ RunTime:0.0002s ]
SQL: SELECT `id`,`pid`,`title`,`url`,`tip` FROM `so_menu` WHERE `group` = '账务管理' AND `pid` = 85 AND `hide` = 0 AND `is_dev` = 0 ORDER BY sort asc  [ RunTime:0.0002s ]
SQL: SELECT o.*,t.table_name,h.id,h.name FROM so_order as o,so_table as t,so_hall as h WHERE o.table_id=t.id AND t.hall_id=h.id AND o.is_pay=0 ORDER BY oid ASC  [ RunTime:0.0247s ]
SQL: SHOW COLUMNS FROM `so_hall` [ RunTime:0.0019s ]
SQL: SELECT * FROM `so_hall`  [ RunTime:0.0006s ]
INFO: [ view_parse ] --START--
INFO: [ template_filter ] --START--
INFO: Run Behavior\ContentReplaceBehavior [ RunTime:0.000161s ]
INFO: [ template_filter ] --END-- [ RunTime:0.000207s ]
INFO: Run Behavior\ParseTemplateBehavior [ RunTime:0.021215s ]
INFO: [ view_parse ] --END-- [ RunTime:0.021258s ]
INFO: [ view_filter ] --START--
INFO: Run Behavior\WriteHtmlCacheBehavior [ RunTime:0.000450s ]
INFO: [ view_filter ] --END-- [ RunTime:0.000477s ]
INFO: [ app_end ] --START--
INFO: Run Behavior\ShowPageTraceBehavior [ RunTime:0.000570s ]
INFO: Run Common\Behavior\CronRunBehavior [ RunTime:0.002507s ]
INFO: [ app_end ] --END-- [ RunTime:0.003152s ]

[ 2018-01-13T11:20:16+08:00 ] ::1 /smartorder/admin.php/Cash/Index.html
INFO: [ app_init ] --START--
INFO: Run Behavior\BuildLiteBehavior [ RunTime:0.000009s ]
INFO: [ app_init ] --END-- [ RunTime:0.000303s ]
INFO: [ app_begin ] --START--
INFO: Run Behavior\ReadHtmlCacheBehavior [ RunTime:0.000573s ]
INFO: [ app_begin ] --END-- [ RunTime:0.000630s ]
SQL: SHOW COLUMNS FROM `so_menu` [ RunTime:0.0022s ]
SQL: SELECT `id`,`title`,`url` FROM `so_menu` WHERE `pid` = 0 AND `hide` = 0 AND `is_dev` = 0 ORDER BY sort asc  [ RunTime:0.0003s ]
SQL: SELECT `pid` FROM `so_menu` WHERE ( pid !=0 AND url like '%Cash/Index%' ) LIMIT 1   [ RunTime:0.0003s ]
SQL: SELECT * FROM `so_menu` WHERE `id` = 85 LIMIT 1   [ RunTime:0.0002s ]
SQL: SELECT DISTINCT  `group` FROM `so_menu` WHERE `group` <> '' AND `pid` = 85  [ RunTime:0.0003s ]
SQL: SELECT `id`,`url` FROM `so_menu` WHERE `pid` = 85 AND `hide` = 0 AND `is_dev` = 0  [ RunTime:0.0002s ]
SQL: SELECT `id`,`pid`,`title`,`url`,`tip` FROM `so_menu` WHERE `group` = '结账管理' AND `pid` = 85 AND `hide` = 0 AND `is_dev` = 0 ORDER BY sort asc  [ RunTime:0.0003s ]
SQL: SELECT `id`,`pid`,`title`,`url`,`tip` FROM `so_menu` WHERE `group` = '桌号管理' AND `pid` = 85 AND `hide` = 0 AND `is_dev` = 0 ORDER BY sort asc  [ RunTime:0.0003s ]
SQL: SELECT `id`,`pid`,`title`,`url`,`tip` FROM `so_menu` WHERE `group` = '预约管理' AND `pid` = 85 AND `hide` = 0 AND `is_dev` = 0 ORDER BY sort asc  [ RunTime:0.0003s ]
SQL: SELECT `id`,`pid`,`title`,`url`,`tip` FROM `so_menu` WHERE `group` = '会员管理' AND `pid` = 85 AND `hide` = 0 AND `is_dev` = 0 ORDER BY sort asc  [ RunTime:0.0003s ]
SQL: SELECT `id`,`pid`,`title`,`url`,`tip` FROM `so_menu` WHERE `group` = '账务管理' AND `pid` = 85 AND `hide` = 0 AND `is_dev` = 0 ORDER BY sort asc  [ RunTime:0.0003s ]
SQL: SHOW COLUMNS FROM `so_table` [ RunTime:0.0021s ]
SQL: SELECT so_hall.id,count(hall_id),so_hall.name FROM `so_table` INNER JOIN so_hall ON so_hall.id = so_table.hall_id  GROUP BY hall_id  [ RunTime:0.0003s ]
SQL: SHOW COLUMNS FROM `so_temp` [ RunTime:0.0021s ]
SQL: SELECT so_hall.name as hall_name,`holding`,`hold_time`,`table_name` FROM `so_temp` INNER JOIN so_table ON so_table.id = so_temp.table_id INNER JOIN so_hall ON so_table.hall_id = so_hall.id  WHERE ( so_temp.holding is not null ) ORDER BY hold_time asc  [ RunTime:0.0006s ]
INFO: [ view_parse ] --START--
INFO: [ template_filter ] --START--
INFO: Run Behavior\ContentReplaceBehavior [ RunTime:0.000113s ]
INFO: [ template_filter ] --END-- [ RunTime:0.000149s ]
INFO: Run Behavior\ParseTemplateBehavior [ RunTime:0.010179s ]
INFO: [ view_parse ] --END-- [ RunTime:0.010231s ]
INFO: [ view_filter ] --START--
INFO: Run Behavior\WriteHtmlCacheBehavior [ RunTime:0.000410s ]
INFO: [ view_filter ] --END-- [ RunTime:0.000446s ]
INFO: [ app_end ] --START--
INFO: Run Behavior\ShowPageTraceBehavior [ RunTime:0.000627s ]
INFO: Run Common\Behavior\CronRunBehavior [ RunTime:0.002468s ]
INFO: [ app_end ] --END-- [ RunTime:0.003165s ]

[ 2018-01-13T11:20:18+08:00 ] ::1 /smartorder/admin.php/Cash/tableList.html?hall_id=1
INFO: [ app_init ] --START--
INFO: Run Behavior\BuildLiteBehavior [ RunTime:0.000017s ]
INFO: [ app_init ] --END-- [ RunTime:0.000569s ]
INFO: [ app_begin ] --START--
INFO: Run Behavior\ReadHtmlCacheBehavior [ RunTime:0.000523s ]
INFO: [ app_begin ] --END-- [ RunTime:0.000567s ]
SQL: SHOW COLUMNS FROM `so_menu` [ RunTime:0.0022s ]
SQL: SELECT `id`,`title`,`url` FROM `so_menu` WHERE `pid` = 0 AND `hide` = 0 AND `is_dev` = 0 ORDER BY sort asc  [ RunTime:0.0003s ]
SQL: SELECT `pid` FROM `so_menu` WHERE ( pid !=0 AND url like '%Cash/tableList%' ) LIMIT 1   [ RunTime:0.0003s ]
SQL: SHOW COLUMNS FROM `so_table` [ RunTime:0.0019s ]
SQL: SELECT * FROM `so_table` WHERE ( hall_id = 1 )  [ RunTime:0.0002s ]
INFO: [ view_parse ] --START--
INFO: [ template_filter ] --START--
INFO: Run Behavior\ContentReplaceBehavior [ RunTime:0.000112s ]
INFO: [ template_filter ] --END-- [ RunTime:0.000152s ]
INFO: Run Behavior\ParseTemplateBehavior [ RunTime:0.012131s ]
INFO: [ view_parse ] --END-- [ RunTime:0.012199s ]
INFO: [ view_filter ] --START--
INFO: Run Behavior\WriteHtmlCacheBehavior [ RunTime:0.000791s ]
INFO: [ view_filter ] --END-- [ RunTime:0.000838s ]
INFO: [ app_end ] --START--
INFO: Run Behavior\ShowPageTraceBehavior [ RunTime:0.000655s ]
INFO: Run Common\Behavior\CronRunBehavior [ RunTime:0.002844s ]
INFO: [ app_end ] --END-- [ RunTime:0.003563s ]

[ 2018-01-13T11:20:19+08:00 ] ::1 /smartorder/admin.php/Cash/orderList.html?tid=1
INFO: [ app_init ] --START--
INFO: Run Behavior\BuildLiteBehavior [ RunTime:0.000010s ]
INFO: [ app_init ] --END-- [ RunTime:0.000344s ]
INFO: [ app_begin ] --START--
INFO: Run Behavior\ReadHtmlCacheBehavior [ RunTime:0.000462s ]
INFO: [ app_begin ] --END-- [ RunTime:0.000496s ]
SQL: SHOW COLUMNS FROM `so_menu` [ RunTime:0.0044s ]
SQL: SELECT `id`,`title`,`url` FROM `so_menu` WHERE `pid` = 0 AND `hide` = 0 AND `is_dev` = 0 ORDER BY sort asc  [ RunTime:0.0003s ]
SQL: SELECT `pid` FROM `so_menu` WHERE ( pid !=0 AND url like '%Cash/orderList%' ) LIMIT 1   [ RunTime:0.0004s ]
SQL: SHOW COLUMNS FROM `so_order` [ RunTime:0.0019s ]
SQL: SELECT * FROM `so_order` WHERE ( table_id = 1 AND is_pay = 0 ) LIMIT 1   [ RunTime:0.0003s ]
SQL: SELECT `detail` FROM `so_order` WHERE ( table_id = 1 AND is_pay = 0 ) LIMIT 1   [ RunTime:0.0002s ]
INFO: [ view_parse ] --START--
INFO: [ template_filter ] --START--
INFO: Run Behavior\ContentReplaceBehavior [ RunTime:0.000168s ]
INFO: [ template_filter ] --END-- [ RunTime:0.000229s ]
NOTIC: [8] Undefined variable: tableId D:\xampp\htdocs\SmartOrder\Runtime\Cache\Admin\b1853b4c255d9106cc2493d280b34423.php 第 121 行.
NOTIC: [8] Undefined variable: pay_time D:\xampp\htdocs\SmartOrder\Runtime\Cache\Admin\b1853b4c255d9106cc2493d280b34423.php 第 123 行.
NOTIC: [8] Undefined variable: payInfo D:\xampp\htdocs\SmartOrder\Runtime\Cache\Admin\b1853b4c255d9106cc2493d280b34423.php 第 136 行.
NOTIC: [8] Undefined variable: totle D:\xampp\htdocs\SmartOrder\Runtime\Cache\Admin\b1853b4c255d9106cc2493d280b34423.php 第 144 行.
NOTIC: [8] Undefined variable: totle D:\xampp\htdocs\SmartOrder\Runtime\Cache\Admin\b1853b4c255d9106cc2493d280b34423.php 第 146 行.
INFO: Run Behavior\ParseTemplateBehavior [ RunTime:0.010718s ]
INFO: [ view_parse ] --END-- [ RunTime:0.010758s ]
INFO: [ view_filter ] --START--
INFO: Run Behavior\WriteHtmlCacheBehavior [ RunTime:0.000363s ]
INFO: [ view_filter ] --END-- [ RunTime:0.000387s ]
INFO: [ app_end ] --START--
INFO: Run Behavior\ShowPageTraceBehavior [ RunTime:0.000601s ]
INFO: Run Common\Behavior\CronRunBehavior [ RunTime:0.002437s ]
INFO: [ app_end ] --END-- [ RunTime:0.003117s ]

[ 2018-01-13T11:20:59+08:00 ] ::1 /smartorder/admin.php/Cash/tableList.html?hall_id=1
INFO: [ app_init ] --START--
INFO: Run Behavior\BuildLiteBehavior [ RunTime:0.000007s ]
INFO: [ app_init ] --END-- [ RunTime:0.000337s ]
INFO: [ app_begin ] --START--
INFO: Run Behavior\ReadHtmlCacheBehavior [ RunTime:0.000469s ]
INFO: [ app_begin ] --END-- [ RunTime:0.000499s ]
SQL: SHOW COLUMNS FROM `so_menu` [ RunTime:0.0027s ]
SQL: SELECT `id`,`title`,`url` FROM `so_menu` WHERE `pid` = 0 AND `hide` = 0 AND `is_dev` = 0 ORDER BY sort asc  [ RunTime:0.0003s ]
SQL: SELECT `pid` FROM `so_menu` WHERE ( pid !=0 AND url like '%Cash/tableList%' ) LIMIT 1   [ RunTime:0.0003s ]
SQL: SHOW COLUMNS FROM `so_table` [ RunTime:0.0017s ]
SQL: SELECT * FROM `so_table` WHERE ( hall_id = 1 )  [ RunTime:0.0002s ]
INFO: [ view_parse ] --START--
INFO: [ template_filter ] --START--
INFO: Run Behavior\ContentReplaceBehavior [ RunTime:0.000108s ]
INFO: [ template_filter ] --END-- [ RunTime:0.000139s ]
INFO: Run Behavior\ParseTemplateBehavior [ RunTime:0.009271s ]
INFO: [ view_parse ] --END-- [ RunTime:0.009306s ]
INFO: [ view_filter ] --START--
INFO: Run Behavior\WriteHtmlCacheBehavior [ RunTime:0.000365s ]
INFO: [ view_filter ] --END-- [ RunTime:0.000390s ]
INFO: [ app_end ] --START--
INFO: Run Behavior\ShowPageTraceBehavior [ RunTime:0.000664s ]
INFO: Run Common\Behavior\CronRunBehavior [ RunTime:0.002222s ]
INFO: [ app_end ] --END-- [ RunTime:0.002948s ]

[ 2018-01-13T11:21:00+08:00 ] ::1 /smartorder/admin.php/Cash/tableList.html?hall_id=1
INFO: [ app_init ] --START--
INFO: Run Behavior\BuildLiteBehavior [ RunTime:0.000018s ]
INFO: [ app_init ] --END-- [ RunTime:0.000624s ]
INFO: [ app_begin ] --START--
INFO: Run Behavior\ReadHtmlCacheBehavior [ RunTime:0.000537s ]
INFO: [ app_begin ] --END-- [ RunTime:0.000580s ]
SQL: SHOW COLUMNS FROM `so_menu` [ RunTime:0.0048s ]
SQL: SELECT `id`,`title`,`url` FROM `so_menu` WHERE `pid` = 0 AND `hide` = 0 AND `is_dev` = 0 ORDER BY sort asc  [ RunTime:0.0003s ]
SQL: SELECT `pid` FROM `so_menu` WHERE ( pid !=0 AND url like '%Cash/tableList%' ) LIMIT 1   [ RunTime:0.0003s ]
SQL: SHOW COLUMNS FROM `so_table` [ RunTime:0.0021s ]
SQL: SELECT * FROM `so_table` WHERE ( hall_id = 1 )  [ RunTime:0.0003s ]
INFO: [ view_parse ] --START--
INFO: [ template_filter ] --START--
INFO: Run Behavior\ContentReplaceBehavior [ RunTime:0.000126s ]
INFO: [ template_filter ] --END-- [ RunTime:0.000167s ]
INFO: Run Behavior\ParseTemplateBehavior [ RunTime:0.011419s ]
INFO: [ view_parse ] --END-- [ RunTime:0.011452s ]
INFO: [ view_filter ] --START--
INFO: Run Behavior\WriteHtmlCacheBehavior [ RunTime:0.000399s ]
INFO: [ view_filter ] --END-- [ RunTime:0.000427s ]
INFO: [ app_end ] --START--
INFO: Run Behavior\ShowPageTraceBehavior [ RunTime:0.000492s ]
INFO: Run Common\Behavior\CronRunBehavior [ RunTime:0.002422s ]
INFO: [ app_end ] --END-- [ RunTime:0.002996s ]

[ 2018-01-13T11:21:01+08:00 ] ::1 /smartorder/admin.php/Cash/orderList.html?tid=1
INFO: [ app_init ] --START--
INFO: Run Behavior\BuildLiteBehavior [ RunTime:0.000014s ]
INFO: [ app_init ] --END-- [ RunTime:0.000373s ]
INFO: [ app_begin ] --START--
INFO: Run Behavior\ReadHtmlCacheBehavior [ RunTime:0.000481s ]
INFO: [ app_begin ] --END-- [ RunTime:0.000524s ]
SQL: SHOW COLUMNS FROM `so_menu` [ RunTime:0.0023s ]
SQL: SELECT `id`,`title`,`url` FROM `so_menu` WHERE `pid` = 0 AND `hide` = 0 AND `is_dev` = 0 ORDER BY sort asc  [ RunTime:0.0003s ]
SQL: SELECT `pid` FROM `so_menu` WHERE ( pid !=0 AND url like '%Cash/orderList%' ) LIMIT 1   [ RunTime:0.0003s ]
SQL: SHOW COLUMNS FROM `so_order` [ RunTime:0.0020s ]
SQL: SELECT * FROM `so_order` WHERE ( table_id = 1 AND is_pay = 0 ) LIMIT 1   [ RunTime:0.0003s ]
SQL: SELECT `detail` FROM `so_order` WHERE ( table_id = 1 AND is_pay = 0 ) LIMIT 1   [ RunTime:0.0002s ]
INFO: [ view_parse ] --START--
INFO: [ template_filter ] --START--
INFO: Run Behavior\ContentReplaceBehavior [ RunTime:0.000164s ]
INFO: [ template_filter ] --END-- [ RunTime:0.000219s ]
NOTIC: [8] Undefined variable: tableId D:\xampp\htdocs\SmartOrder\Runtime\Cache\Admin\b1853b4c255d9106cc2493d280b34423.php 第 121 行.
NOTIC: [8] Undefined variable: pay_time D:\xampp\htdocs\SmartOrder\Runtime\Cache\Admin\b1853b4c255d9106cc2493d280b34423.php 第 123 行.
NOTIC: [8] Undefined variable: payInfo D:\xampp\htdocs\SmartOrder\Runtime\Cache\Admin\b1853b4c255d9106cc2493d280b34423.php 第 136 行.
NOTIC: [8] Undefined variable: totle D:\xampp\htdocs\SmartOrder\Runtime\Cache\Admin\b1853b4c255d9106cc2493d280b34423.php 第 144 行.
NOTIC: [8] Undefined variable: totle D:\xampp\htdocs\SmartOrder\Runtime\Cache\Admin\b1853b4c255d9106cc2493d280b34423.php 第 146 行.
INFO: Run Behavior\ParseTemplateBehavior [ RunTime:0.012231s ]
INFO: [ view_parse ] --END-- [ RunTime:0.012267s ]
INFO: [ view_filter ] --START--
INFO: Run Behavior\WriteHtmlCacheBehavior [ RunTime:0.000383s ]
INFO: [ view_filter ] --END-- [ RunTime:0.000408s ]
INFO: [ app_end ] --START--
INFO: Run Behavior\ShowPageTraceBehavior [ RunTime:0.000674s ]
INFO: Run Common\Behavior\CronRunBehavior [ RunTime:0.002405s ]
INFO: [ app_end ] --END-- [ RunTime:0.003150s ]

[ 2018-01-13T11:21:36+08:00 ] ::1 /smartorder/admin.php/Cash/tableList.html?hall_id=1
INFO: [ app_init ] --START--
INFO: Run Behavior\BuildLiteBehavior [ RunTime:0.000009s ]
INFO: [ app_init ] --END-- [ RunTime:0.000362s ]
INFO: [ app_begin ] --START--
INFO: Run Behavior\ReadHtmlCacheBehavior [ RunTime:0.000477s ]
INFO: [ app_begin ] --END-- [ RunTime:0.000508s ]
SQL: SHOW COLUMNS FROM `so_menu` [ RunTime:0.0031s ]
SQL: SELECT `id`,`title`,`url` FROM `so_menu` WHERE `pid` = 0 AND `hide` = 0 AND `is_dev` = 0 ORDER BY sort asc  [ RunTime:0.0004s ]
SQL: SELECT `pid` FROM `so_menu` WHERE ( pid !=0 AND url like '%Cash/tableList%' ) LIMIT 1   [ RunTime:0.0003s ]
SQL: SHOW COLUMNS FROM `so_table` [ RunTime:0.0021s ]
SQL: SELECT * FROM `so_table` WHERE ( hall_id = 1 )  [ RunTime:0.0003s ]
INFO: [ view_parse ] --START--
INFO: [ template_filter ] --START--
INFO: Run Behavior\ContentReplaceBehavior [ RunTime:0.000109s ]
INFO: [ template_filter ] --END-- [ RunTime:0.000144s ]
INFO: Run Behavior\ParseTemplateBehavior [ RunTime:0.009964s ]
INFO: [ view_parse ] --END-- [ RunTime:0.009998s ]
INFO: [ view_filter ] --START--
INFO: Run Behavior\WriteHtmlCacheBehavior [ RunTime:0.000550s ]
INFO: [ view_filter ] --END-- [ RunTime:0.000587s ]
INFO: [ app_end ] --START--
INFO: Run Behavior\ShowPageTraceBehavior [ RunTime:0.002277s ]
INFO: Run Common\Behavior\CronRunBehavior [ RunTime:0.002502s ]
INFO: [ app_end ] --END-- [ RunTime:0.004866s ]

[ 2018-01-13T11:21:37+08:00 ] ::1 /smartorder/admin.php/Cash/tableList.html?hall_id=1
INFO: [ app_init ] --START--
INFO: Run Behavior\BuildLiteBehavior [ RunTime:0.000009s ]
INFO: [ app_init ] --END-- [ RunTime:0.000339s ]
INFO: [ app_begin ] --START--
INFO: Run Behavior\ReadHtmlCacheBehavior [ RunTime:0.000465s ]
INFO: [ app_begin ] --END-- [ RunTime:0.000497s ]
SQL: SHOW COLUMNS FROM `so_menu` [ RunTime:0.0041s ]
SQL: SELECT `id`,`title`,`url` FROM `so_menu` WHERE `pid` = 0 AND `hide` = 0 AND `is_dev` = 0 ORDER BY sort asc  [ RunTime:0.0004s ]
SQL: SELECT `pid` FROM `so_menu` WHERE ( pid !=0 AND url like '%Cash/tableList%' ) LIMIT 1   [ RunTime:0.0003s ]
SQL: SHOW COLUMNS FROM `so_table` [ RunTime:0.0022s ]
SQL: SELECT * FROM `so_table` WHERE ( hall_id = 1 )  [ RunTime:0.0004s ]
INFO: [ view_parse ] --START--
INFO: [ template_filter ] --START--
INFO: Run Behavior\ContentReplaceBehavior [ RunTime:0.000122s ]
INFO: [ template_filter ] --END-- [ RunTime:0.000180s ]
INFO: Run Behavior\ParseTemplateBehavior [ RunTime:0.011144s ]
INFO: [ view_parse ] --END-- [ RunTime:0.011191s ]
INFO: [ view_filter ] --START--
INFO: Run Behavior\WriteHtmlCacheBehavior [ RunTime:0.000375s ]
INFO: [ view_filter ] --END-- [ RunTime:0.000400s ]
INFO: [ app_end ] --START--
INFO: Run Behavior\ShowPageTraceBehavior [ RunTime:0.000645s ]
INFO: Run Common\Behavior\CronRunBehavior [ RunTime:0.002436s ]
INFO: [ app_end ] --END-- [ RunTime:0.003141s ]

[ 2018-01-13T11:21:40+08:00 ] ::1 /smartorder/admin.php/Cash/orderList.html?tid=1
INFO: [ app_init ] --START--
INFO: Run Behavior\BuildLiteBehavior [ RunTime:0.000011s ]
INFO: [ app_init ] --END-- [ RunTime:0.000395s ]
INFO: [ app_begin ] --START--
INFO: Run Behavior\ReadHtmlCacheBehavior [ RunTime:0.000474s ]
INFO: [ app_begin ] --END-- [ RunTime:0.000509s ]
SQL: SHOW COLUMNS FROM `so_menu` [ RunTime:0.0022s ]
SQL: SELECT `id`,`title`,`url` FROM `so_menu` WHERE `pid` = 0 AND `hide` = 0 AND `is_dev` = 0 ORDER BY sort asc  [ RunTime:0.0003s ]
SQL: SELECT `pid` FROM `so_menu` WHERE ( pid !=0 AND url like '%Cash/orderList%' ) LIMIT 1   [ RunTime:0.0003s ]
SQL: SHOW COLUMNS FROM `so_order` [ RunTime:0.0021s ]
SQL: SELECT * FROM `so_order` WHERE ( table_id = 1 AND is_pay = 0 ) LIMIT 1   [ RunTime:0.0005s ]
SQL: SELECT `detail` FROM `so_order` WHERE ( table_id = 1 AND is_pay = 0 ) LIMIT 1   [ RunTime:0.0002s ]
INFO: [ view_parse ] --START--
INFO: [ template_filter ] --START--
INFO: Run Behavior\ContentReplaceBehavior [ RunTime:0.000126s ]
INFO: [ template_filter ] --END-- [ RunTime:0.000153s ]
NOTIC: [8] Undefined variable: tableId D:\xampp\htdocs\SmartOrder\Runtime\Cache\Admin\b1853b4c255d9106cc2493d280b34423.php 第 121 行.
NOTIC: [8] Undefined variable: pay_time D:\xampp\htdocs\SmartOrder\Runtime\Cache\Admin\b1853b4c255d9106cc2493d280b34423.php 第 123 行.
NOTIC: [8] Undefined variable: payInfo D:\xampp\htdocs\SmartOrder\Runtime\Cache\Admin\b1853b4c255d9106cc2493d280b34423.php 第 136 行.
NOTIC: [8] Undefined variable: totle D:\xampp\htdocs\SmartOrder\Runtime\Cache\Admin\b1853b4c255d9106cc2493d280b34423.php 第 144 行.
NOTIC: [8] Undefined variable: totle D:\xampp\htdocs\SmartOrder\Runtime\Cache\Admin\b1853b4c255d9106cc2493d280b34423.php 第 146 行.
INFO: Run Behavior\ParseTemplateBehavior [ RunTime:0.009943s ]
INFO: [ view_parse ] --END-- [ RunTime:0.009973s ]
INFO: [ view_filter ] --START--
INFO: Run Behavior\WriteHtmlCacheBehavior [ RunTime:0.000386s ]
INFO: [ view_filter ] --END-- [ RunTime:0.000412s ]
INFO: [ app_end ] --START--
INFO: Run Behavior\ShowPageTraceBehavior [ RunTime:0.000508s ]
INFO: Run Common\Behavior\CronRunBehavior [ RunTime:0.003041s ]
INFO: [ app_end ] --END-- [ RunTime:0.003612s ]

[ 2018-01-13T11:22:17+08:00 ] ::1 /smartorder/admin.php/Cash/orderList.html?tid=1
INFO: [ app_init ] --START--
INFO: Run Behavior\BuildLiteBehavior [ RunTime:0.000010s ]
INFO: [ app_init ] --END-- [ RunTime:0.000341s ]
INFO: [ app_begin ] --START--
INFO: Run Behavior\ReadHtmlCacheBehavior [ RunTime:0.000526s ]
INFO: [ app_begin ] --END-- [ RunTime:0.000565s ]
SQL: SHOW COLUMNS FROM `so_menu` [ RunTime:0.0026s ]
SQL: SELECT `id`,`title`,`url` FROM `so_menu` WHERE `pid` = 0 AND `hide` = 0 AND `is_dev` = 0 ORDER BY sort asc  [ RunTime:0.0003s ]
SQL: SELECT `pid` FROM `so_menu` WHERE ( pid !=0 AND url like '%Cash/orderList%' ) LIMIT 1   [ RunTime:0.0003s ]
SQL: SHOW COLUMNS FROM `so_order` [ RunTime:0.0020s ]
SQL: SELECT * FROM `so_order` WHERE ( table_id = 1 AND is_pay = 0 ) LIMIT 1   [ RunTime:0.0002s ]
SQL: SELECT `detail` FROM `so_order` WHERE ( table_id = 1 AND is_pay = 0 ) LIMIT 1   [ RunTime:0.0002s ]
INFO: [ view_parse ] --START--
INFO: [ template_filter ] --START--
INFO: Run Behavior\ContentReplaceBehavior [ RunTime:0.000129s ]
INFO: [ template_filter ] --END-- [ RunTime:0.000163s ]
NOTIC: [8] Undefined variable: tableId D:\xampp\htdocs\SmartOrder\Runtime\Cache\Admin\b1853b4c255d9106cc2493d280b34423.php 第 121 行.
NOTIC: [8] Undefined variable: pay_time D:\xampp\htdocs\SmartOrder\Runtime\Cache\Admin\b1853b4c255d9106cc2493d280b34423.php 第 123 行.
NOTIC: [8] Undefined variable: payInfo D:\xampp\htdocs\SmartOrder\Runtime\Cache\Admin\b1853b4c255d9106cc2493d280b34423.php 第 136 行.
NOTIC: [8] Undefined variable: totle D:\xampp\htdocs\SmartOrder\Runtime\Cache\Admin\b1853b4c255d9106cc2493d280b34423.php 第 144 行.
NOTIC: [8] Undefined variable: totle D:\xampp\htdocs\SmartOrder\Runtime\Cache\Admin\b1853b4c255d9106cc2493d280b34423.php 第 146 行.
INFO: Run Behavior\ParseTemplateBehavior [ RunTime:0.012048s ]
INFO: [ view_parse ] --END-- [ RunTime:0.012088s ]
INFO: [ view_filter ] --START--
INFO: Run Behavior\WriteHtmlCacheBehavior [ RunTime:0.000369s ]
INFO: [ view_filter ] --END-- [ RunTime:0.000402s ]
INFO: [ app_end ] --START--
INFO: Run Behavior\ShowPageTraceBehavior [ RunTime:0.000643s ]
INFO: Run Common\Behavior\CronRunBehavior [ RunTime:0.003057s ]
INFO: [ app_end ] --END-- [ RunTime:0.003814s ]

[ 2018-01-13T11:22:25+08:00 ] ::1 /smartorder/admin.php/Cash/orderList.html?tid=1
INFO: [ app_init ] --START--
INFO: Run Behavior\BuildLiteBehavior [ RunTime:0.000009s ]
INFO: [ app_init ] --END-- [ RunTime:0.000357s ]
INFO: [ app_begin ] --START--
INFO: Run Behavior\ReadHtmlCacheBehavior [ RunTime:0.002008s ]
INFO: [ app_begin ] --END-- [ RunTime:0.002211s ]
SQL: SHOW COLUMNS FROM `so_menu` [ RunTime:0.0024s ]
SQL: SELECT `id`,`title`,`url` FROM `so_menu` WHERE `pid` = 0 AND `hide` = 0 AND `is_dev` = 0 ORDER BY sort asc  [ RunTime:0.0006s ]
SQL: SELECT `pid` FROM `so_menu` WHERE ( pid !=0 AND url like '%Cash/orderList%' ) LIMIT 1   [ RunTime:0.0006s ]
SQL: SHOW COLUMNS FROM `so_order` [ RunTime:0.0037s ]
SQL: SELECT * FROM `so_order` WHERE ( table_id = 1 AND is_pay = 0 ) LIMIT 1   [ RunTime:0.0003s ]
SQL: SELECT `detail` FROM `so_order` WHERE ( table_id = 1 AND is_pay = 0 ) LIMIT 1   [ RunTime:0.0002s ]
INFO: [ view_parse ] --START--
INFO: [ template_filter ] --START--
INFO: Run Behavior\ContentReplaceBehavior [ RunTime:0.000129s ]
INFO: [ template_filter ] --END-- [ RunTime:0.000158s ]
NOTIC: [8] Undefined variable: tableId D:\xampp\htdocs\SmartOrder\Runtime\Cache\Admin\b1853b4c255d9106cc2493d280b34423.php 第 121 行.
NOTIC: [8] Undefined variable: pay_time D:\xampp\htdocs\SmartOrder\Runtime\Cache\Admin\b1853b4c255d9106cc2493d280b34423.php 第 123 行.
NOTIC: [8] Undefined variable: payInfo D:\xampp\htdocs\SmartOrder\Runtime\Cache\Admin\b1853b4c255d9106cc2493d280b34423.php 第 136 行.
NOTIC: [8] Undefined variable: totle D:\xampp\htdocs\SmartOrder\Runtime\Cache\Admin\b1853b4c255d9106cc2493d280b34423.php 第 144 行.
NOTIC: [8] Undefined variable: totle D:\xampp\htdocs\SmartOrder\Runtime\Cache\Admin\b1853b4c255d9106cc2493d280b34423.php 第 146 行.
INFO: Run Behavior\ParseTemplateBehavior [ RunTime:0.010351s ]
INFO: [ view_parse ] --END-- [ RunTime:0.010398s ]
INFO: [ view_filter ] --START--
INFO: Run Behavior\WriteHtmlCacheBehavior [ RunTime:0.000712s ]
INFO: [ view_filter ] --END-- [ RunTime:0.000750s ]
INFO: [ app_end ] --START--
INFO: Run Behavior\ShowPageTraceBehavior [ RunTime:0.000591s ]
INFO: Run Common\Behavior\CronRunBehavior [ RunTime:0.002663s ]
INFO: [ app_end ] --END-- [ RunTime:0.003333s ]

[ 2018-01-13T11:22:26+08:00 ] ::1 /smartorder/admin.php/Cash/orderList.html?tid=1
INFO: [ app_init ] --START--
INFO: Run Behavior\BuildLiteBehavior [ RunTime:0.000019s ]
INFO: [ app_init ] --END-- [ RunTime:0.000584s ]
INFO: [ app_begin ] --START--
INFO: Run Behavior\ReadHtmlCacheBehavior [ RunTime:0.000511s ]
INFO: [ app_begin ] --END-- [ RunTime:0.000558s ]
SQL: SHOW COLUMNS FROM `so_menu` [ RunTime:0.0157s ]
SQL: SELECT `id`,`title`,`url` FROM `so_menu` WHERE `pid` = 0 AND `hide` = 0 AND `is_dev` = 0 ORDER BY sort asc  [ RunTime:0.0004s ]
SQL: SELECT `pid` FROM `so_menu` WHERE ( pid !=0 AND url like '%Cash/orderList%' ) LIMIT 1   [ RunTime:0.0004s ]
SQL: SHOW COLUMNS FROM `so_order` [ RunTime:0.0286s ]
SQL: SELECT * FROM `so_order` WHERE ( table_id = 1 AND is_pay = 0 ) LIMIT 1   [ RunTime:0.0003s ]
SQL: SELECT `detail` FROM `so_order` WHERE ( table_id = 1 AND is_pay = 0 ) LIMIT 1   [ RunTime:0.0002s ]
INFO: [ view_parse ] --START--
INFO: [ template_filter ] --START--
INFO: Run Behavior\ContentReplaceBehavior [ RunTime:0.000156s ]
INFO: [ template_filter ] --END-- [ RunTime:0.000219s ]
NOTIC: [8] Undefined variable: tableId D:\xampp\htdocs\SmartOrder\Runtime\Cache\Admin\b1853b4c255d9106cc2493d280b34423.php 第 121 行.
NOTIC: [8] Undefined variable: pay_time D:\xampp\htdocs\SmartOrder\Runtime\Cache\Admin\b1853b4c255d9106cc2493d280b34423.php 第 123 行.
NOTIC: [8] Undefined variable: payInfo D:\xampp\htdocs\SmartOrder\Runtime\Cache\Admin\b1853b4c255d9106cc2493d280b34423.php 第 136 行.
NOTIC: [8] Undefined variable: totle D:\xampp\htdocs\SmartOrder\Runtime\Cache\Admin\b1853b4c255d9106cc2493d280b34423.php 第 144 行.
NOTIC: [8] Undefined variable: totle D:\xampp\htdocs\SmartOrder\Runtime\Cache\Admin\b1853b4c255d9106cc2493d280b34423.php 第 146 行.
INFO: Run Behavior\ParseTemplateBehavior [ RunTime:0.012300s ]
INFO: [ view_parse ] --END-- [ RunTime:0.012356s ]
INFO: [ view_filter ] --START--
INFO: Run Behavior\WriteHtmlCacheBehavior [ RunTime:0.000549s ]
INFO: [ view_filter ] --END-- [ RunTime:0.000577s ]
INFO: [ app_end ] --START--
INFO: Run Behavior\ShowPageTraceBehavior [ RunTime:0.000657s ]
INFO: Run Common\Behavior\CronRunBehavior [ RunTime:0.002308s ]
INFO: [ app_end ] --END-- [ RunTime:0.003028s ]

[ 2018-01-13T11:22:27+08:00 ] ::1 /smartorder/admin.php/Cash/orderList.html?tid=1
INFO: [ app_init ] --START--
INFO: Run Behavior\BuildLiteBehavior [ RunTime:0.000018s ]
INFO: [ app_init ] --END-- [ RunTime:0.000438s ]
INFO: [ app_begin ] --START--
INFO: Run Behavior\ReadHtmlCacheBehavior [ RunTime:0.000467s ]
INFO: [ app_begin ] --END-- [ RunTime:0.000501s ]
SQL: SHOW COLUMNS FROM `so_menu` [ RunTime:0.0112s ]
SQL: SELECT `id`,`title`,`url` FROM `so_menu` WHERE `pid` = 0 AND `hide` = 0 AND `is_dev` = 0 ORDER BY sort asc  [ RunTime:0.0007s ]
SQL: SELECT `pid` FROM `so_menu` WHERE ( pid !=0 AND url like '%Cash/orderList%' ) LIMIT 1   [ RunTime:0.0005s ]
SQL: SHOW COLUMNS FROM `so_order` [ RunTime:0.0371s ]
SQL: SELECT * FROM `so_order` WHERE ( table_id = 1 AND is_pay = 0 ) LIMIT 1   [ RunTime:0.0003s ]
SQL: SELECT `detail` FROM `so_order` WHERE ( table_id = 1 AND is_pay = 0 ) LIMIT 1   [ RunTime:0.0002s ]
INFO: [ view_parse ] --START--
INFO: [ template_filter ] --START--
INFO: Run Behavior\ContentReplaceBehavior [ RunTime:0.000129s ]
INFO: [ template_filter ] --END-- [ RunTime:0.000158s ]
NOTIC: [8] Undefined variable: tableId D:\xampp\htdocs\SmartOrder\Runtime\Cache\Admin\b1853b4c255d9106cc2493d280b34423.php 第 121 行.
NOTIC: [8] Undefined variable: pay_time D:\xampp\htdocs\SmartOrder\Runtime\Cache\Admin\b1853b4c255d9106cc2493d280b34423.php 第 123 行.
NOTIC: [8] Undefined variable: payInfo D:\xampp\htdocs\SmartOrder\Runtime\Cache\Admin\b1853b4c255d9106cc2493d280b34423.php 第 136 行.
NOTIC: [8] Undefined variable: totle D:\xampp\htdocs\SmartOrder\Runtime\Cache\Admin\b1853b4c255d9106cc2493d280b34423.php 第 144 行.
NOTIC: [8] Undefined variable: totle D:\xampp\htdocs\SmartOrder\Runtime\Cache\Admin\b1853b4c255d9106cc2493d280b34423.php 第 146 行.
INFO: Run Behavior\ParseTemplateBehavior [ RunTime:0.010113s ]
INFO: [ view_parse ] --END-- [ RunTime:0.010145s ]
INFO: [ view_filter ] --START--
INFO: Run Behavior\WriteHtmlCacheBehavior [ RunTime:0.000397s ]
INFO: [ view_filter ] --END-- [ RunTime:0.000423s ]
INFO: [ app_end ] --START--
INFO: Run Behavior\ShowPageTraceBehavior [ RunTime:0.000609s ]
INFO: Run Common\Behavior\CronRunBehavior [ RunTime:0.003522s ]
INFO: [ app_end ] --END-- [ RunTime:0.004273s ]

[ 2018-01-13T11:22:27+08:00 ] ::1 /smartorder/admin.php/Cash/orderList.html?tid=1
INFO: [ app_init ] --START--
INFO: Run Behavior\BuildLiteBehavior [ RunTime:0.000019s ]
INFO: [ app_init ] --END-- [ RunTime:0.000748s ]
INFO: [ app_begin ] --START--
INFO: Run Behavior\ReadHtmlCacheBehavior [ RunTime:0.000503s ]
INFO: [ app_begin ] --END-- [ RunTime:0.000547s ]
SQL: SHOW COLUMNS FROM `so_menu` [ RunTime:0.0034s ]
SQL: SELECT `id`,`title`,`url` FROM `so_menu` WHERE `pid` = 0 AND `hide` = 0 AND `is_dev` = 0 ORDER BY sort asc  [ RunTime:0.0003s ]
SQL: SELECT `pid` FROM `so_menu` WHERE ( pid !=0 AND url like '%Cash/orderList%' ) LIMIT 1   [ RunTime:0.0003s ]
SQL: SHOW COLUMNS FROM `so_order` [ RunTime:0.0022s ]
SQL: SELECT * FROM `so_order` WHERE ( table_id = 1 AND is_pay = 0 ) LIMIT 1   [ RunTime:0.0002s ]
SQL: SELECT `detail` FROM `so_order` WHERE ( table_id = 1 AND is_pay = 0 ) LIMIT 1   [ RunTime:0.0002s ]
INFO: [ view_parse ] --START--
INFO: [ template_filter ] --START--
INFO: Run Behavior\ContentReplaceBehavior [ RunTime:0.000129s ]
INFO: [ template_filter ] --END-- [ RunTime:0.000163s ]
NOTIC: [8] Undefined variable: tableId D:\xampp\htdocs\SmartOrder\Runtime\Cache\Admin\b1853b4c255d9106cc2493d280b34423.php 第 121 行.
NOTIC: [8] Undefined variable: pay_time D:\xampp\htdocs\SmartOrder\Runtime\Cache\Admin\b1853b4c255d9106cc2493d280b34423.php 第 123 行.
NOTIC: [8] Undefined variable: payInfo D:\xampp\htdocs\SmartOrder\Runtime\Cache\Admin\b1853b4c255d9106cc2493d280b34423.php 第 136 行.
NOTIC: [8] Undefined variable: totle D:\xampp\htdocs\SmartOrder\Runtime\Cache\Admin\b1853b4c255d9106cc2493d280b34423.php 第 144 行.
NOTIC: [8] Undefined variable: totle D:\xampp\htdocs\SmartOrder\Runtime\Cache\Admin\b1853b4c255d9106cc2493d280b34423.php 第 146 行.
INFO: Run Behavior\ParseTemplateBehavior [ RunTime:0.012196s ]
INFO: [ view_parse ] --END-- [ RunTime:0.012238s ]
INFO: [ view_filter ] --START--
INFO: Run Behavior\WriteHtmlCacheBehavior [ RunTime:0.000362s ]
INFO: [ view_filter ] --END-- [ RunTime:0.000387s ]
INFO: [ app_end ] --START--
INFO: Run Behavior\ShowPageTraceBehavior [ RunTime:0.000638s ]
INFO: Run Common\Behavior\CronRunBehavior [ RunTime:0.002153s ]
INFO: [ app_end ] --END-- [ RunTime:0.002881s ]

[ 2018-01-13T11:22:32+08:00 ] ::1 /smartorder/admin.php/Cash/index.html
INFO: [ app_init ] --START--
INFO: Run Behavior\BuildLiteBehavior [ RunTime:0.000008s ]
INFO: [ app_init ] --END-- [ RunTime:0.000334s ]
INFO: [ app_begin ] --START--
INFO: Run Behavior\ReadHtmlCacheBehavior [ RunTime:0.000462s ]
INFO: [ app_begin ] --END-- [ RunTime:0.000496s ]
SQL: SHOW COLUMNS FROM `so_menu` [ RunTime:0.0021s ]
SQL: SELECT `id`,`title`,`url` FROM `so_menu` WHERE `pid` = 0 AND `hide` = 0 AND `is_dev` = 0 ORDER BY sort asc  [ RunTime:0.0003s ]
SQL: SELECT `pid` FROM `so_menu` WHERE ( pid !=0 AND url like '%Cash/index%' ) LIMIT 1   [ RunTime:0.0003s ]
SQL: SELECT * FROM `so_menu` WHERE `id` = 85 LIMIT 1   [ RunTime:0.0002s ]
SQL: SELECT DISTINCT  `group` FROM `so_menu` WHERE `group` <> '' AND `pid` = 85  [ RunTime:0.0003s ]
SQL: SELECT `id`,`url` FROM `so_menu` WHERE `pid` = 85 AND `hide` = 0 AND `is_dev` = 0  [ RunTime:0.0002s ]
SQL: SELECT `id`,`pid`,`title`,`url`,`tip` FROM `so_menu` WHERE `group` = '结账管理' AND `pid` = 85 AND `hide` = 0 AND `is_dev` = 0 ORDER BY sort asc  [ RunTime:0.0002s ]
SQL: SELECT `id`,`pid`,`title`,`url`,`tip` FROM `so_menu` WHERE `group` = '桌号管理' AND `pid` = 85 AND `hide` = 0 AND `is_dev` = 0 ORDER BY sort asc  [ RunTime:0.0002s ]
SQL: SELECT `id`,`pid`,`title`,`url`,`tip` FROM `so_menu` WHERE `group` = '预约管理' AND `pid` = 85 AND `hide` = 0 AND `is_dev` = 0 ORDER BY sort asc  [ RunTime:0.0002s ]
SQL: SELECT `id`,`pid`,`title`,`url`,`tip` FROM `so_menu` WHERE `group` = '会员管理' AND `pid` = 85 AND `hide` = 0 AND `is_dev` = 0 ORDER BY sort asc  [ RunTime:0.0002s ]
SQL: SELECT `id`,`pid`,`title`,`url`,`tip` FROM `so_menu` WHERE `group` = '账务管理' AND `pid` = 85 AND `hide` = 0 AND `is_dev` = 0 ORDER BY sort asc  [ RunTime:0.0002s ]
SQL: SHOW COLUMNS FROM `so_table` [ RunTime:0.0018s ]
SQL: SELECT so_hall.id,count(hall_id),so_hall.name FROM `so_table` INNER JOIN so_hall ON so_hall.id = so_table.hall_id  GROUP BY hall_id  [ RunTime:0.0003s ]
SQL: SHOW COLUMNS FROM `so_temp` [ RunTime:0.0022s ]
SQL: SELECT so_hall.name as hall_name,`holding`,`hold_time`,`table_name` FROM `so_temp` INNER JOIN so_table ON so_table.id = so_temp.table_id INNER JOIN so_hall ON so_table.hall_id = so_hall.id  WHERE ( so_temp.holding is not null ) ORDER BY hold_time asc  [ RunTime:0.0004s ]
INFO: [ view_parse ] --START--
INFO: [ template_filter ] --START--
INFO: Run Behavior\ContentReplaceBehavior [ RunTime:0.000115s ]
INFO: [ template_filter ] --END-- [ RunTime:0.000148s ]
INFO: Run Behavior\ParseTemplateBehavior [ RunTime:0.009477s ]
INFO: [ view_parse ] --END-- [ RunTime:0.009512s ]
INFO: [ view_filter ] --START--
INFO: Run Behavior\WriteHtmlCacheBehavior [ RunTime:0.000349s ]
INFO: [ view_filter ] --END-- [ RunTime:0.000374s ]
INFO: [ app_end ] --START--
INFO: Run Behavior\ShowPageTraceBehavior [ RunTime:0.000651s ]
INFO: Run Common\Behavior\CronRunBehavior [ RunTime:0.002615s ]
INFO: [ app_end ] --END-- [ RunTime:0.003334s ]

[ 2018-01-13T11:22:34+08:00 ] ::1 /smartorder/admin.php/Cash/index.html
INFO: [ app_init ] --START--
INFO: Run Behavior\BuildLiteBehavior [ RunTime:0.000009s ]
INFO: [ app_init ] --END-- [ RunTime:0.000327s ]
INFO: [ app_begin ] --START--
INFO: Run Behavior\ReadHtmlCacheBehavior [ RunTime:0.000471s ]
INFO: [ app_begin ] --END-- [ RunTime:0.000505s ]
SQL: SHOW COLUMNS FROM `so_menu` [ RunTime:0.0041s ]
SQL: SELECT `id`,`title`,`url` FROM `so_menu` WHERE `pid` = 0 AND `hide` = 0 AND `is_dev` = 0 ORDER BY sort asc  [ RunTime:0.0004s ]
SQL: SELECT `pid` FROM `so_menu` WHERE ( pid !=0 AND url like '%Cash/index%' ) LIMIT 1   [ RunTime:0.0003s ]
SQL: SELECT * FROM `so_menu` WHERE `id` = 85 LIMIT 1   [ RunTime:0.0003s ]
SQL: SELECT DISTINCT  `group` FROM `so_menu` WHERE `group` <> '' AND `pid` = 85  [ RunTime:0.0003s ]
SQL: SELECT `id`,`url` FROM `so_menu` WHERE `pid` = 85 AND `hide` = 0 AND `is_dev` = 0  [ RunTime:0.0002s ]
SQL: SELECT `id`,`pid`,`title`,`url`,`tip` FROM `so_menu` WHERE `group` = '结账管理' AND `pid` = 85 AND `hide` = 0 AND `is_dev` = 0 ORDER BY sort asc  [ RunTime:0.0003s ]
SQL: SELECT `id`,`pid`,`title`,`url`,`tip` FROM `so_menu` WHERE `group` = '桌号管理' AND `pid` = 85 AND `hide` = 0 AND `is_dev` = 0 ORDER BY sort asc  [ RunTime:0.0003s ]
SQL: SELECT `id`,`pid`,`title`,`url`,`tip` FROM `so_menu` WHERE `group` = '预约管理' AND `pid` = 85 AND `hide` = 0 AND `is_dev` = 0 ORDER BY sort asc  [ RunTime:0.0003s ]
SQL: SELECT `id`,`pid`,`title`,`url`,`tip` FROM `so_menu` WHERE `group` = '会员管理' AND `pid` = 85 AND `hide` = 0 AND `is_dev` = 0 ORDER BY sort asc  [ RunTime:0.0002s ]
SQL: SELECT `id`,`pid`,`title`,`url`,`tip` FROM `so_menu` WHERE `group` = '账务管理' AND `pid` = 85 AND `hide` = 0 AND `is_dev` = 0 ORDER BY sort asc  [ RunTime:0.0002s ]
SQL: SHOW COLUMNS FROM `so_table` [ RunTime:0.0026s ]
SQL: SELECT so_hall.id,count(hall_id),so_hall.name FROM `so_table` INNER JOIN so_hall ON so_hall.id = so_table.hall_id  GROUP BY hall_id  [ RunTime:0.0003s ]
SQL: SHOW COLUMNS FROM `so_temp` [ RunTime:0.0018s ]
SQL: SELECT so_hall.name as hall_name,`holding`,`hold_time`,`table_name` FROM `so_temp` INNER JOIN so_table ON so_table.id = so_temp.table_id INNER JOIN so_hall ON so_table.hall_id = so_hall.id  WHERE ( so_temp.holding is not null ) ORDER BY hold_time asc  [ RunTime:0.0003s ]
INFO: [ view_parse ] --START--
INFO: [ template_filter ] --START--
INFO: Run Behavior\ContentReplaceBehavior [ RunTime:0.000150s ]
INFO: [ template_filter ] --END-- [ RunTime:0.000216s ]
INFO: Run Behavior\ParseTemplateBehavior [ RunTime:0.011146s ]
INFO: [ view_parse ] --END-- [ RunTime:0.011182s ]
INFO: [ view_filter ] --START--
INFO: Run Behavior\WriteHtmlCacheBehavior [ RunTime:0.000359s ]
INFO: [ view_filter ] --END-- [ RunTime:0.000384s ]
INFO: [ app_end ] --START--
INFO: Run Behavior\ShowPageTraceBehavior [ RunTime:0.000518s ]
INFO: Run Common\Behavior\CronRunBehavior [ RunTime:0.002283s ]
INFO: [ app_end ] --END-- [ RunTime:0.002864s ]

[ 2018-01-13T11:22:36+08:00 ] ::1 /smartorder/admin.php/Cash/Index.html
INFO: [ app_init ] --START--
INFO: Run Behavior\BuildLiteBehavior [ RunTime:0.000018s ]
INFO: [ app_init ] --END-- [ RunTime:0.000526s ]
INFO: [ app_begin ] --START--
INFO: Run Behavior\ReadHtmlCacheBehavior [ RunTime:0.000497s ]
INFO: [ app_begin ] --END-- [ RunTime:0.000537s ]
SQL: SHOW COLUMNS FROM `so_menu` [ RunTime:0.0028s ]
SQL: SELECT `id`,`title`,`url` FROM `so_menu` WHERE `pid` = 0 AND `hide` = 0 AND `is_dev` = 0 ORDER BY sort asc  [ RunTime:0.0003s ]
SQL: SELECT `pid` FROM `so_menu` WHERE ( pid !=0 AND url like '%Cash/Index%' ) LIMIT 1   [ RunTime:0.0003s ]
SQL: SELECT * FROM `so_menu` WHERE `id` = 85 LIMIT 1   [ RunTime:0.0002s ]
SQL: SELECT DISTINCT  `group` FROM `so_menu` WHERE `group` <> '' AND `pid` = 85  [ RunTime:0.0002s ]
SQL: SELECT `id`,`url` FROM `so_menu` WHERE `pid` = 85 AND `hide` = 0 AND `is_dev` = 0  [ RunTime:0.0002s ]
SQL: SELECT `id`,`pid`,`title`,`url`,`tip` FROM `so_menu` WHERE `group` = '结账管理' AND `pid` = 85 AND `hide` = 0 AND `is_dev` = 0 ORDER BY sort asc  [ RunTime:0.0002s ]
SQL: SELECT `id`,`pid`,`title`,`url`,`tip` FROM `so_menu` WHERE `group` = '桌号管理' AND `pid` = 85 AND `hide` = 0 AND `is_dev` = 0 ORDER BY sort asc  [ RunTime:0.0002s ]
SQL: SELECT `id`,`pid`,`title`,`url`,`tip` FROM `so_menu` WHERE `group` = '预约管理' AND `pid` = 85 AND `hide` = 0 AND `is_dev` = 0 ORDER BY sort asc  [ RunTime:0.0002s ]
SQL: SELECT `id`,`pid`,`title`,`url`,`tip` FROM `so_menu` WHERE `group` = '会员管理' AND `pid` = 85 AND `hide` = 0 AND `is_dev` = 0 ORDER BY sort asc  [ RunTime:0.0002s ]
SQL: SELECT `id`,`pid`,`title`,`url`,`tip` FROM `so_menu` WHERE `group` = '账务管理' AND `pid` = 85 AND `hide` = 0 AND `is_dev` = 0 ORDER BY sort asc  [ RunTime:0.0002s ]
SQL: SHOW COLUMNS FROM `so_table` [ RunTime:0.0021s ]
SQL: SELECT so_hall.id,count(hall_id),so_hall.name FROM `so_table` INNER JOIN so_hall ON so_hall.id = so_table.hall_id  GROUP BY hall_id  [ RunTime:0.0004s ]
SQL: SHOW COLUMNS FROM `so_temp` [ RunTime:0.0021s ]
SQL: SELECT so_hall.name as hall_name,`holding`,`hold_time`,`table_name` FROM `so_temp` INNER JOIN so_table ON so_table.id = so_temp.table_id INNER JOIN so_hall ON so_table.hall_id = so_hall.id  WHERE ( so_temp.holding is not null ) ORDER BY hold_time asc  [ RunTime:0.0003s ]
INFO: [ view_parse ] --START--
INFO: [ template_filter ] --START--
INFO: Run Behavior\ContentReplaceBehavior [ RunTime:0.000146s ]
INFO: [ template_filter ] --END-- [ RunTime:0.000187s ]
INFO: Run Behavior\ParseTemplateBehavior [ RunTime:0.011828s ]
INFO: [ view_parse ] --END-- [ RunTime:0.011887s ]
INFO: [ view_filter ] --START--
INFO: Run Behavior\WriteHtmlCacheBehavior [ RunTime:0.000332s ]
INFO: [ view_filter ] --END-- [ RunTime:0.000357s ]
INFO: [ app_end ] --START--
INFO: Run Behavior\ShowPageTraceBehavior [ RunTime:0.000815s ]
INFO: Run Common\Behavior\CronRunBehavior [ RunTime:0.002629s ]
INFO: [ app_end ] --END-- [ RunTime:0.003554s ]

[ 2018-01-13T11:22:36+08:00 ] ::1 /smartorder/admin.php/Cash/Index.html
INFO: [ app_init ] --START--
INFO: Run Behavior\BuildLiteBehavior [ RunTime:0.000009s ]
INFO: [ app_init ] --END-- [ RunTime:0.000289s ]
INFO: [ app_begin ] --START--
INFO: Run Behavior\ReadHtmlCacheBehavior [ RunTime:0.000483s ]
INFO: [ app_begin ] --END-- [ RunTime:0.000519s ]
SQL: SHOW COLUMNS FROM `so_menu` [ RunTime:0.0021s ]
SQL: SELECT `id`,`title`,`url` FROM `so_menu` WHERE `pid` = 0 AND `hide` = 0 AND `is_dev` = 0 ORDER BY sort asc  [ RunTime:0.0003s ]
SQL: SELECT `pid` FROM `so_menu` WHERE ( pid !=0 AND url like '%Cash/Index%' ) LIMIT 1   [ RunTime:0.0003s ]
SQL: SELECT * FROM `so_menu` WHERE `id` = 85 LIMIT 1   [ RunTime:0.0002s ]
SQL: SELECT DISTINCT  `group` FROM `so_menu` WHERE `group` <> '' AND `pid` = 85  [ RunTime:0.0002s ]
SQL: SELECT `id`,`url` FROM `so_menu` WHERE `pid` = 85 AND `hide` = 0 AND `is_dev` = 0  [ RunTime:0.0002s ]
SQL: SELECT `id`,`pid`,`title`,`url`,`tip` FROM `so_menu` WHERE `group` = '结账管理' AND `pid` = 85 AND `hide` = 0 AND `is_dev` = 0 ORDER BY sort asc  [ RunTime:0.0003s ]
SQL: SELECT `id`,`pid`,`title`,`url`,`tip` FROM `so_menu` WHERE `group` = '桌号管理' AND `pid` = 85 AND `hide` = 0 AND `is_dev` = 0 ORDER BY sort asc  [ RunTime:0.0003s ]
SQL: SELECT `id`,`pid`,`title`,`url`,`tip` FROM `so_menu` WHERE `group` = '预约管理' AND `pid` = 85 AND `hide` = 0 AND `is_dev` = 0 ORDER BY sort asc  [ RunTime:0.0002s ]
SQL: SELECT `id`,`pid`,`title`,`url`,`tip` FROM `so_menu` WHERE `group` = '会员管理' AND `pid` = 85 AND `hide` = 0 AND `is_dev` = 0 ORDER BY sort asc  [ RunTime:0.0002s ]
SQL: SELECT `id`,`pid`,`title`,`url`,`tip` FROM `so_menu` WHERE `group` = '账务管理' AND `pid` = 85 AND `hide` = 0 AND `is_dev` = 0 ORDER BY sort asc  [ RunTime:0.0002s ]
SQL: SHOW COLUMNS FROM `so_table` [ RunTime:0.0022s ]
SQL: SELECT so_hall.id,count(hall_id),so_hall.name FROM `so_table` INNER JOIN so_hall ON so_hall.id = so_table.hall_id  GROUP BY hall_id  [ RunTime:0.0004s ]
SQL: SHOW COLUMNS FROM `so_temp` [ RunTime:0.0020s ]
SQL: SELECT so_hall.name as hall_name,`holding`,`hold_time`,`table_name` FROM `so_temp` INNER JOIN so_table ON so_table.id = so_temp.table_id INNER JOIN so_hall ON so_table.hall_id = so_hall.id  WHERE ( so_temp.holding is not null ) ORDER BY hold_time asc  [ RunTime:0.0002s ]
INFO: [ view_parse ] --START--
INFO: [ template_filter ] --START--
INFO: Run Behavior\ContentReplaceBehavior [ RunTime:0.000112s ]
INFO: [ template_filter ] --END-- [ RunTime:0.000146s ]
INFO: Run Behavior\ParseTemplateBehavior [ RunTime:0.010227s ]
INFO: [ view_parse ] --END-- [ RunTime:0.010272s ]
INFO: [ view_filter ] --START--
INFO: Run Behavior\WriteHtmlCacheBehavior [ RunTime:0.000298s ]
INFO: [ view_filter ] --END-- [ RunTime:0.000321s ]
INFO: [ app_end ] --START--
INFO: Run Behavior\ShowPageTraceBehavior [ RunTime:0.000599s ]
INFO: Run Common\Behavior\CronRunBehavior [ RunTime:0.002528s ]
INFO: [ app_end ] --END-- [ RunTime:0.003224s ]

[ 2018-01-13T11:22:37+08:00 ] ::1 /smartorder/admin.php/Cash/tableList.html?hall_id=1
INFO: [ app_init ] --START--
INFO: Run Behavior\BuildLiteBehavior [ RunTime:0.000010s ]
INFO: [ app_init ] --END-- [ RunTime:0.000390s ]
INFO: [ app_begin ] --START--
INFO: Run Behavior\ReadHtmlCacheBehavior [ RunTime:0.000502s ]
INFO: [ app_begin ] --END-- [ RunTime:0.000533s ]
SQL: SHOW COLUMNS FROM `so_menu` [ RunTime:0.0087s ]
SQL: SELECT `id`,`title`,`url` FROM `so_menu` WHERE `pid` = 0 AND `hide` = 0 AND `is_dev` = 0 ORDER BY sort asc  [ RunTime:0.0003s ]
SQL: SELECT `pid` FROM `so_menu` WHERE ( pid !=0 AND url like '%Cash/tableList%' ) LIMIT 1   [ RunTime:0.0003s ]
SQL: SHOW COLUMNS FROM `so_table` [ RunTime:0.0019s ]
SQL: SELECT * FROM `so_table` WHERE ( hall_id = 1 )  [ RunTime:0.0002s ]
INFO: [ view_parse ] --START--
INFO: [ template_filter ] --START--
INFO: Run Behavior\ContentReplaceBehavior [ RunTime:0.000108s ]
INFO: [ template_filter ] --END-- [ RunTime:0.000136s ]
INFO: Run Behavior\ParseTemplateBehavior [ RunTime:0.008593s ]
INFO: [ view_parse ] --END-- [ RunTime:0.008626s ]
INFO: [ view_filter ] --START--
INFO: Run Behavior\WriteHtmlCacheBehavior [ RunTime:0.000315s ]
INFO: [ view_filter ] --END-- [ RunTime:0.000339s ]
INFO: [ app_end ] --START--
INFO: Run Behavior\ShowPageTraceBehavior [ RunTime:0.000614s ]
INFO: Run Common\Behavior\CronRunBehavior [ RunTime:0.002735s ]
INFO: [ app_end ] --END-- [ RunTime:0.003419s ]

[ 2018-01-13T11:22:40+08:00 ] ::1 /smartorder/admin.php/Cash/orderList.html?tid=1
INFO: [ app_init ] --START--
INFO: Run Behavior\BuildLiteBehavior [ RunTime:0.000014s ]
INFO: [ app_init ] --END-- [ RunTime:0.002207s ]
INFO: [ app_begin ] --START--
INFO: Run Behavior\ReadHtmlCacheBehavior [ RunTime:0.000505s ]
INFO: [ app_begin ] --END-- [ RunTime:0.000546s ]
SQL: SHOW COLUMNS FROM `so_menu` [ RunTime:0.0021s ]
SQL: SELECT `id`,`title`,`url` FROM `so_menu` WHERE `pid` = 0 AND `hide` = 0 AND `is_dev` = 0 ORDER BY sort asc  [ RunTime:0.0003s ]
SQL: SELECT `pid` FROM `so_menu` WHERE ( pid !=0 AND url like '%Cash/orderList%' ) LIMIT 1   [ RunTime:0.0003s ]
SQL: SHOW COLUMNS FROM `so_order` [ RunTime:0.0019s ]
SQL: SELECT * FROM `so_order` WHERE ( table_id = 1 AND is_pay = 0 ) LIMIT 1   [ RunTime:0.0002s ]
SQL: SELECT `detail` FROM `so_order` WHERE ( table_id = 1 AND is_pay = 0 ) LIMIT 1   [ RunTime:0.0002s ]
INFO: [ view_parse ] --START--
INFO: [ template_filter ] --START--
INFO: Run Behavior\ContentReplaceBehavior [ RunTime:0.000134s ]
INFO: [ template_filter ] --END-- [ RunTime:0.000175s ]
NOTIC: [8] Undefined variable: tableId D:\xampp\htdocs\SmartOrder\Runtime\Cache\Admin\b1853b4c255d9106cc2493d280b34423.php 第 121 行.
NOTIC: [8] Undefined variable: pay_time D:\xampp\htdocs\SmartOrder\Runtime\Cache\Admin\b1853b4c255d9106cc2493d280b34423.php 第 123 行.
NOTIC: [8] Undefined variable: payInfo D:\xampp\htdocs\SmartOrder\Runtime\Cache\Admin\b1853b4c255d9106cc2493d280b34423.php 第 136 行.
NOTIC: [8] Undefined variable: totle D:\xampp\htdocs\SmartOrder\Runtime\Cache\Admin\b1853b4c255d9106cc2493d280b34423.php 第 144 行.
NOTIC: [8] Undefined variable: totle D:\xampp\htdocs\SmartOrder\Runtime\Cache\Admin\b1853b4c255d9106cc2493d280b34423.php 第 146 行.
INFO: Run Behavior\ParseTemplateBehavior [ RunTime:0.013514s ]
INFO: [ view_parse ] --END-- [ RunTime:0.013564s ]
INFO: [ view_filter ] --START--
INFO: Run Behavior\WriteHtmlCacheBehavior [ RunTime:0.000661s ]
INFO: [ view_filter ] --END-- [ RunTime:0.000698s ]
INFO: [ app_end ] --START--
INFO: Run Behavior\ShowPageTraceBehavior [ RunTime:0.000689s ]
INFO: Run Common\Behavior\CronRunBehavior [ RunTime:0.003035s ]
INFO: [ app_end ] --END-- [ RunTime:0.003831s ]

[ 2018-01-13T11:24:20+08:00 ] ::1 /smartorder/admin.php
INFO: [ app_init ] --START--
INFO: Run Behavior\BuildLiteBehavior [ RunTime:0.000010s ]
INFO: [ app_init ] --END-- [ RunTime:0.000378s ]
INFO: [ app_begin ] --START--
INFO: Run Behavior\ReadHtmlCacheBehavior [ RunTime:0.000484s ]
INFO: [ app_begin ] --END-- [ RunTime:0.000521s ]
SQL: SHOW COLUMNS FROM `so_menu` [ RunTime:0.0146s ]
SQL: SELECT `id`,`title`,`url` FROM `so_menu` WHERE `pid` = 0 AND `hide` = 0 AND `is_dev` = 0 ORDER BY sort asc  [ RunTime:0.0004s ]
SQL: SELECT `pid` FROM `so_menu` WHERE ( pid !=0 AND url like '%Index/index%' ) LIMIT 1   [ RunTime:0.0004s ]
INFO: [ view_parse ] --START--
INFO: [ template_filter ] --START--
INFO: Run Behavior\ContentReplaceBehavior [ RunTime:0.000142s ]
INFO: [ template_filter ] --END-- [ RunTime:0.000192s ]
INFO: Run Behavior\ParseTemplateBehavior [ RunTime:0.009600s ]
INFO: [ view_parse ] --END-- [ RunTime:0.009677s ]
INFO: [ view_filter ] --START--
INFO: Run Behavior\WriteHtmlCacheBehavior [ RunTime:0.000785s ]
INFO: [ view_filter ] --END-- [ RunTime:0.000837s ]
INFO: [ app_end ] --START--
INFO: Run Behavior\ShowPageTraceBehavior [ RunTime:0.002228s ]
INFO: Run Common\Behavior\CronRunBehavior [ RunTime:0.002440s ]
INFO: [ app_end ] --END-- [ RunTime:0.004777s ]

[ 2018-01-13T11:24:23+08:00 ] ::1 /smartorder/admin.php/Cash/index.html
INFO: [ app_init ] --START--
INFO: Run Behavior\BuildLiteBehavior [ RunTime:0.000009s ]
INFO: [ app_init ] --END-- [ RunTime:0.000377s ]
INFO: [ app_begin ] --START--
INFO: Run Behavior\ReadHtmlCacheBehavior [ RunTime:0.000863s ]
INFO: [ app_begin ] --END-- [ RunTime:0.000927s ]
SQL: SHOW COLUMNS FROM `so_menu` [ RunTime:0.0035s ]
SQL: SELECT `id`,`title`,`url` FROM `so_menu` WHERE `pid` = 0 AND `hide` = 0 AND `is_dev` = 0 ORDER BY sort asc  [ RunTime:0.0008s ]
SQL: SELECT `pid` FROM `so_menu` WHERE ( pid !=0 AND url like '%Cash/index%' ) LIMIT 1   [ RunTime:0.0005s ]
SQL: SELECT * FROM `so_menu` WHERE `id` = 85 LIMIT 1   [ RunTime:0.0019s ]
SQL: SELECT DISTINCT  `group` FROM `so_menu` WHERE `group` <> '' AND `pid` = 85  [ RunTime:0.0003s ]
SQL: SELECT `id`,`url` FROM `so_menu` WHERE `pid` = 85 AND `hide` = 0 AND `is_dev` = 0  [ RunTime:0.0002s ]
SQL: SELECT `id`,`pid`,`title`,`url`,`tip` FROM `so_menu` WHERE `group` = '结账管理' AND `pid` = 85 AND `hide` = 0 AND `is_dev` = 0 ORDER BY sort asc  [ RunTime:0.0003s ]
SQL: SELECT `id`,`pid`,`title`,`url`,`tip` FROM `so_menu` WHERE `group` = '桌号管理' AND `pid` = 85 AND `hide` = 0 AND `is_dev` = 0 ORDER BY sort asc  [ RunTime:0.0002s ]
SQL: SELECT `id`,`pid`,`title`,`url`,`tip` FROM `so_menu` WHERE `group` = '预约管理' AND `pid` = 85 AND `hide` = 0 AND `is_dev` = 0 ORDER BY sort asc  [ RunTime:0.0002s ]
SQL: SELECT `id`,`pid`,`title`,`url`,`tip` FROM `so_menu` WHERE `group` = '会员管理' AND `pid` = 85 AND `hide` = 0 AND `is_dev` = 0 ORDER BY sort asc  [ RunTime:0.0002s ]
SQL: SELECT `id`,`pid`,`title`,`url`,`tip` FROM `so_menu` WHERE `group` = '账务管理' AND `pid` = 85 AND `hide` = 0 AND `is_dev` = 0 ORDER BY sort asc  [ RunTime:0.0002s ]
SQL: SHOW COLUMNS FROM `so_table` [ RunTime:0.0021s ]
SQL: SELECT so_hall.id,count(hall_id),so_hall.name FROM `so_table` INNER JOIN so_hall ON so_hall.id = so_table.hall_id  GROUP BY hall_id  [ RunTime:0.0003s ]
SQL: SHOW COLUMNS FROM `so_temp` [ RunTime:0.0020s ]
SQL: SELECT so_hall.name as hall_name,`holding`,`hold_time`,`table_name` FROM `so_temp` INNER JOIN so_table ON so_table.id = so_temp.table_id INNER JOIN so_hall ON so_table.hall_id = so_hall.id  WHERE ( so_temp.holding is not null ) ORDER BY hold_time asc  [ RunTime:0.0003s ]
INFO: [ view_parse ] --START--
INFO: [ template_filter ] --START--
INFO: Run Behavior\ContentReplaceBehavior [ RunTime:0.000131s ]
INFO: [ template_filter ] --END-- [ RunTime:0.000173s ]
INFO: Run Behavior\ParseTemplateBehavior [ RunTime:0.010427s ]
INFO: [ view_parse ] --END-- [ RunTime:0.010463s ]
INFO: [ view_filter ] --START--
INFO: Run Behavior\WriteHtmlCacheBehavior [ RunTime:0.000589s ]
INFO: [ view_filter ] --END-- [ RunTime:0.000628s ]
INFO: [ app_end ] --START--
INFO: Run Behavior\ShowPageTraceBehavior [ RunTime:0.000722s ]
INFO: Run Common\Behavior\CronRunBehavior [ RunTime:0.002668s ]
INFO: [ app_end ] --END-- [ RunTime:0.003481s ]

[ 2018-01-13T11:24:23+08:00 ] ::1 /smartorder/admin.php/Cash/index.html
INFO: [ app_init ] --START--
INFO: Run Behavior\BuildLiteBehavior [ RunTime:0.000014s ]
INFO: [ app_init ] --END-- [ RunTime:0.000482s ]
INFO: [ app_begin ] --START--
INFO: Run Behavior\ReadHtmlCacheBehavior [ RunTime:0.000491s ]
INFO: [ app_begin ] --END-- [ RunTime:0.000554s ]
SQL: SHOW COLUMNS FROM `so_menu` [ RunTime:0.0020s ]
SQL: SELECT `id`,`title`,`url` FROM `so_menu` WHERE `pid` = 0 AND `hide` = 0 AND `is_dev` = 0 ORDER BY sort asc  [ RunTime:0.0003s ]
SQL: SELECT `pid` FROM `so_menu` WHERE ( pid !=0 AND url like '%Cash/index%' ) LIMIT 1   [ RunTime:0.0003s ]
SQL: SELECT * FROM `so_menu` WHERE `id` = 85 LIMIT 1   [ RunTime:0.0002s ]
SQL: SELECT DISTINCT  `group` FROM `so_menu` WHERE `group` <> '' AND `pid` = 85  [ RunTime:0.0002s ]
SQL: SELECT `id`,`url` FROM `so_menu` WHERE `pid` = 85 AND `hide` = 0 AND `is_dev` = 0  [ RunTime:0.0002s ]
SQL: SELECT `id`,`pid`,`title`,`url`,`tip` FROM `so_menu` WHERE `group` = '结账管理' AND `pid` = 85 AND `hide` = 0 AND `is_dev` = 0 ORDER BY sort asc  [ RunTime:0.0002s ]
SQL: SELECT `id`,`pid`,`title`,`url`,`tip` FROM `so_menu` WHERE `group` = '桌号管理' AND `pid` = 85 AND `hide` = 0 AND `is_dev` = 0 ORDER BY sort asc  [ RunTime:0.0002s ]
SQL: SELECT `id`,`pid`,`title`,`url`,`tip` FROM `so_menu` WHERE `group` = '预约管理' AND `pid` = 85 AND `hide` = 0 AND `is_dev` = 0 ORDER BY sort asc  [ RunTime:0.0002s ]
SQL: SELECT `id`,`pid`,`title`,`url`,`tip` FROM `so_menu` WHERE `group` = '会员管理' AND `pid` = 85 AND `hide` = 0 AND `is_dev` = 0 ORDER BY sort asc  [ RunTime:0.0002s ]
SQL: SELECT `id`,`pid`,`title`,`url`,`tip` FROM `so_menu` WHERE `group` = '账务管理' AND `pid` = 85 AND `hide` = 0 AND `is_dev` = 0 ORDER BY sort asc  [ RunTime:0.0002s ]
SQL: SHOW COLUMNS FROM `so_table` [ RunTime:0.0019s ]
SQL: SELECT so_hall.id,count(hall_id),so_hall.name FROM `so_table` INNER JOIN so_hall ON so_hall.id = so_table.hall_id  GROUP BY hall_id  [ RunTime:0.0003s ]
SQL: SHOW COLUMNS FROM `so_temp` [ RunTime:0.0020s ]
SQL: SELECT so_hall.name as hall_name,`holding`,`hold_time`,`table_name` FROM `so_temp` INNER JOIN so_table ON so_table.id = so_temp.table_id INNER JOIN so_hall ON so_table.hall_id = so_hall.id  WHERE ( so_temp.holding is not null ) ORDER BY hold_time asc  [ RunTime:0.0005s ]
INFO: [ view_parse ] --START--
INFO: [ template_filter ] --START--
INFO: Run Behavior\ContentReplaceBehavior [ RunTime:0.000112s ]
INFO: [ template_filter ] --END-- [ RunTime:0.000138s ]
INFO: Run Behavior\ParseTemplateBehavior [ RunTime:0.009484s ]
INFO: [ view_parse ] --END-- [ RunTime:0.009523s ]
INFO: [ view_filter ] --START--
INFO: Run Behavior\WriteHtmlCacheBehavior [ RunTime:0.000308s ]
INFO: [ view_filter ] --END-- [ RunTime:0.000334s ]
INFO: [ app_end ] --START--
INFO: Run Behavior\ShowPageTraceBehavior [ RunTime:0.000606s ]
INFO: Run Common\Behavior\CronRunBehavior [ RunTime:0.002230s ]
INFO: [ app_end ] --END-- [ RunTime:0.002904s ]

[ 2018-01-13T11:24:24+08:00 ] ::1 /smartorder/admin.php/Cash/Index.html
INFO: [ app_init ] --START--
INFO: Run Behavior\BuildLiteBehavior [ RunTime:0.000010s ]
INFO: [ app_init ] --END-- [ RunTime:0.000348s ]
INFO: [ app_begin ] --START--
INFO: Run Behavior\ReadHtmlCacheBehavior [ RunTime:0.000421s ]
INFO: [ app_begin ] --END-- [ RunTime:0.000452s ]
SQL: SHOW COLUMNS FROM `so_menu` [ RunTime:0.0030s ]
SQL: SELECT `id`,`title`,`url` FROM `so_menu` WHERE `pid` = 0 AND `hide` = 0 AND `is_dev` = 0 ORDER BY sort asc  [ RunTime:0.0003s ]
SQL: SELECT `pid` FROM `so_menu` WHERE ( pid !=0 AND url like '%Cash/Index%' ) LIMIT 1   [ RunTime:0.0003s ]
SQL: SELECT * FROM `so_menu` WHERE `id` = 85 LIMIT 1   [ RunTime:0.0002s ]
SQL: SELECT DISTINCT  `group` FROM `so_menu` WHERE `group` <> '' AND `pid` = 85  [ RunTime:0.0003s ]
SQL: SELECT `id`,`url` FROM `so_menu` WHERE `pid` = 85 AND `hide` = 0 AND `is_dev` = 0  [ RunTime:0.0002s ]
SQL: SELECT `id`,`pid`,`title`,`url`,`tip` FROM `so_menu` WHERE `group` = '结账管理' AND `pid` = 85 AND `hide` = 0 AND `is_dev` = 0 ORDER BY sort asc  [ RunTime:0.0003s ]
SQL: SELECT `id`,`pid`,`title`,`url`,`tip` FROM `so_menu` WHERE `group` = '桌号管理' AND `pid` = 85 AND `hide` = 0 AND `is_dev` = 0 ORDER BY sort asc  [ RunTime:0.0003s ]
SQL: SELECT `id`,`pid`,`title`,`url`,`tip` FROM `so_menu` WHERE `group` = '预约管理' AND `pid` = 85 AND `hide` = 0 AND `is_dev` = 0 ORDER BY sort asc  [ RunTime:0.0003s ]
SQL: SELECT `id`,`pid`,`title`,`url`,`tip` FROM `so_menu` WHERE `group` = '会员管理' AND `pid` = 85 AND `hide` = 0 AND `is_dev` = 0 ORDER BY sort asc  [ RunTime:0.0003s ]
SQL: SELECT `id`,`pid`,`title`,`url`,`tip` FROM `so_menu` WHERE `group` = '账务管理' AND `pid` = 85 AND `hide` = 0 AND `is_dev` = 0 ORDER BY sort asc  [ RunTime:0.0003s ]
SQL: SHOW COLUMNS FROM `so_table` [ RunTime:0.0018s ]
SQL: SELECT so_hall.id,count(hall_id),so_hall.name FROM `so_table` INNER JOIN so_hall ON so_hall.id = so_table.hall_id  GROUP BY hall_id  [ RunTime:0.0005s ]
SQL: SHOW COLUMNS FROM `so_temp` [ RunTime:0.0038s ]
SQL: SELECT so_hall.name as hall_name,`holding`,`hold_time`,`table_name` FROM `so_temp` INNER JOIN so_table ON so_table.id = so_temp.table_id INNER JOIN so_hall ON so_table.hall_id = so_hall.id  WHERE ( so_temp.holding is not null ) ORDER BY hold_time asc  [ RunTime:0.0004s ]
INFO: [ view_parse ] --START--
INFO: [ template_filter ] --START--
INFO: Run Behavior\ContentReplaceBehavior [ RunTime:0.000111s ]
INFO: [ template_filter ] --END-- [ RunTime:0.000141s ]
INFO: Run Behavior\ParseTemplateBehavior [ RunTime:0.009350s ]
INFO: [ view_parse ] --END-- [ RunTime:0.009383s ]
INFO: [ view_filter ] --START--
INFO: Run Behavior\WriteHtmlCacheBehavior [ RunTime:0.000364s ]
INFO: [ view_filter ] --END-- [ RunTime:0.000388s ]
INFO: [ app_end ] --START--
INFO: Run Behavior\ShowPageTraceBehavior [ RunTime:0.000911s ]
INFO: Run Common\Behavior\CronRunBehavior [ RunTime:0.005395s ]
INFO: [ app_end ] --END-- [ RunTime:0.006405s ]

[ 2018-01-13T11:24:25+08:00 ] ::1 /smartorder/admin.php/Cash/tableList.html?hall_id=1
INFO: [ app_init ] --START--
INFO: Run Behavior\BuildLiteBehavior [ RunTime:0.000011s ]
INFO: [ app_init ] --END-- [ RunTime:0.000364s ]
INFO: [ app_begin ] --START--
INFO: Run Behavior\ReadHtmlCacheBehavior [ RunTime:0.000487s ]
INFO: [ app_begin ] --END-- [ RunTime:0.000529s ]
SQL: SHOW COLUMNS FROM `so_menu` [ RunTime:0.0047s ]
SQL: SELECT `id`,`title`,`url` FROM `so_menu` WHERE `pid` = 0 AND `hide` = 0 AND `is_dev` = 0 ORDER BY sort asc  [ RunTime:0.0003s ]
SQL: SELECT `pid` FROM `so_menu` WHERE ( pid !=0 AND url like '%Cash/tableList%' ) LIMIT 1   [ RunTime:0.0003s ]
SQL: SHOW COLUMNS FROM `so_table` [ RunTime:0.0031s ]
SQL: SELECT * FROM `so_table` WHERE ( hall_id = 1 )  [ RunTime:0.0006s ]
INFO: [ view_parse ] --START--
INFO: [ template_filter ] --START--
INFO: Run Behavior\ContentReplaceBehavior [ RunTime:0.000168s ]
INFO: [ template_filter ] --END-- [ RunTime:0.000216s ]
INFO: Run Behavior\ParseTemplateBehavior [ RunTime:0.011048s ]
INFO: [ view_parse ] --END-- [ RunTime:0.011089s ]
INFO: [ view_filter ] --START--
INFO: Run Behavior\WriteHtmlCacheBehavior [ RunTime:0.000409s ]
INFO: [ view_filter ] --END-- [ RunTime:0.000434s ]
INFO: [ app_end ] --START--
INFO: Run Behavior\ShowPageTraceBehavior [ RunTime:0.000686s ]
INFO: Run Common\Behavior\CronRunBehavior [ RunTime:0.002330s ]
INFO: [ app_end ] --END-- [ RunTime:0.003083s ]

[ 2018-01-13T11:24:28+08:00 ] ::1 /smartorder/admin.php/Cash/orderList.html?tid=1
INFO: [ app_init ] --START--
INFO: Run Behavior\BuildLiteBehavior [ RunTime:0.000009s ]
INFO: [ app_init ] --END-- [ RunTime:0.000373s ]
INFO: [ app_begin ] --START--
INFO: Run Behavior\ReadHtmlCacheBehavior [ RunTime:0.000416s ]
INFO: [ app_begin ] --END-- [ RunTime:0.000449s ]
SQL: SHOW COLUMNS FROM `so_menu` [ RunTime:0.0030s ]
SQL: SELECT `id`,`title`,`url` FROM `so_menu` WHERE `pid` = 0 AND `hide` = 0 AND `is_dev` = 0 ORDER BY sort asc  [ RunTime:0.0003s ]
SQL: SELECT `pid` FROM `so_menu` WHERE ( pid !=0 AND url like '%Cash/orderList%' ) LIMIT 1   [ RunTime:0.0003s ]
SQL: SHOW COLUMNS FROM `so_order` [ RunTime:0.0018s ]
SQL: SELECT * FROM `so_order` WHERE ( table_id = 1 AND is_pay = 0 ) LIMIT 1   [ RunTime:0.0002s ]
SQL: SELECT `detail` FROM `so_order` WHERE ( table_id = 1 AND is_pay = 0 ) LIMIT 1   [ RunTime:0.0001s ]
INFO: [ view_parse ] --START--
INFO: [ template_filter ] --START--
INFO: Run Behavior\ContentReplaceBehavior [ RunTime:0.000127s ]
INFO: [ template_filter ] --END-- [ RunTime:0.000156s ]
NOTIC: [8] Undefined variable: tableId D:\xampp\htdocs\SmartOrder\Runtime\Cache\Admin\b1853b4c255d9106cc2493d280b34423.php 第 121 行.
NOTIC: [8] Undefined variable: pay_time D:\xampp\htdocs\SmartOrder\Runtime\Cache\Admin\b1853b4c255d9106cc2493d280b34423.php 第 123 行.
NOTIC: [8] Undefined variable: payInfo D:\xampp\htdocs\SmartOrder\Runtime\Cache\Admin\b1853b4c255d9106cc2493d280b34423.php 第 136 行.
NOTIC: [8] Undefined variable: totle D:\xampp\htdocs\SmartOrder\Runtime\Cache\Admin\b1853b4c255d9106cc2493d280b34423.php 第 144 行.
NOTIC: [8] Undefined variable: totle D:\xampp\htdocs\SmartOrder\Runtime\Cache\Admin\b1853b4c255d9106cc2493d280b34423.php 第 146 行.
INFO: Run Behavior\ParseTemplateBehavior [ RunTime:0.009706s ]
INFO: [ view_parse ] --END-- [ RunTime:0.009734s ]
INFO: [ view_filter ] --START--
INFO: Run Behavior\WriteHtmlCacheBehavior [ RunTime:0.000312s ]
INFO: [ view_filter ] --END-- [ RunTime:0.000335s ]
INFO: [ app_end ] --START--
INFO: Run Behavior\ShowPageTraceBehavior [ RunTime:0.000599s ]
INFO: Run Common\Behavior\CronRunBehavior [ RunTime:0.002595s ]
INFO: [ app_end ] --END-- [ RunTime:0.003266s ]

