[ 2018-01-10T14:47:55+08:00 ] ::1 /smartorder/SynData/Update/updataAd
INFO: [ app_init ] --START--
INFO: Run Behavior\BuildLiteBehavior [ RunTime:0.000010s ]
INFO: [ app_init ] --END-- [ RunTime:0.000330s ]
INFO: [ app_begin ] --START--
INFO: Run Behavior\ReadHtmlCacheBehavior [ RunTime:0.016231s ]
INFO: [ app_begin ] --END-- [ RunTime:0.016283s ]

[ 2018-01-10T14:48:26+08:00 ] ::1 /smartorder/SynData/Update/updataAd
INFO: [ app_init ] --START--
INFO: Run Behavior\BuildLiteBehavior [ RunTime:0.000016s ]
INFO: [ app_init ] --END-- [ RunTime:0.000424s ]
INFO: [ app_begin ] --START--
INFO: Run Behavior\ReadHtmlCacheBehavior [ RunTime:0.000610s ]
INFO: [ app_begin ] --END-- [ RunTime:0.000646s ]

[ 2018-01-10T14:49:17+08:00 ] ::1 /smartorder/SynData/Update/updataAd
INFO: [ app_init ] --START--
INFO: Run Behavior\BuildLiteBehavior [ RunTime:0.000011s ]
INFO: [ app_init ] --END-- [ RunTime:0.000326s ]
INFO: [ app_begin ] --START--
INFO: Run Behavior\ReadHtmlCacheBehavior [ RunTime:0.000486s ]
INFO: [ app_begin ] --END-- [ RunTime:0.000521s ]
SQL: SHOW COLUMNS FROM `so_config` [ RunTime:0.0020s ]
SQL: SELECT * FROM `so_config` WHERE `conf` = 'cloud_ip' LIMIT 1   [ RunTime:0.0003s ]
SQL: SELECT * FROM `so_config` WHERE `conf` = 'synKey' LIMIT 1   [ RunTime:0.0001s ]
SQL: SELECT * FROM `so_config` WHERE `conf` = 'adSynVersion' LIMIT 1   [ RunTime:0.0001s ]

[ 2018-01-10T14:51:44+08:00 ] ::1 /smartorder/SynData/Update/updataAd
INFO: [ app_init ] --START--
INFO: Run Behavior\BuildLiteBehavior [ RunTime:0.000009s ]
INFO: [ app_init ] --END-- [ RunTime:0.000431s ]
INFO: [ app_begin ] --START--
INFO: Run Behavior\ReadHtmlCacheBehavior [ RunTime:0.000610s ]
INFO: [ app_begin ] --END-- [ RunTime:0.000644s ]
SQL: SHOW COLUMNS FROM `so_config` [ RunTime:0.0022s ]
SQL: SELECT * FROM `so_config` WHERE `conf` = 'cloud_ip' LIMIT 1   [ RunTime:0.0003s ]
SQL: SELECT * FROM `so_config` WHERE `conf` = 'synKey' LIMIT 1   [ RunTime:0.0002s ]
SQL: SELECT * FROM `so_config` WHERE `conf` = 'adSynVersion' LIMIT 1   [ RunTime:0.0002s ]

[ 2018-01-10T14:53:38+08:00 ] ::1 /smartorder/SynData/Update/updataAd
INFO: [ app_init ] --START--
INFO: Run Behavior\BuildLiteBehavior [ RunTime:0.000009s ]
INFO: [ app_init ] --END-- [ RunTime:0.000402s ]
INFO: [ app_begin ] --START--
INFO: Run Behavior\ReadHtmlCacheBehavior [ RunTime:0.000876s ]
INFO: [ app_begin ] --END-- [ RunTime:0.000940s ]
SQL: SHOW COLUMNS FROM `so_config` [ RunTime:0.0018s ]
SQL: SELECT * FROM `so_config` WHERE `conf` = 'cloud_ip' LIMIT 1   [ RunTime:0.0002s ]
SQL: SELECT * FROM `so_config` WHERE `conf` = 'synKey' LIMIT 1   [ RunTime:0.0002s ]
SQL: SELECT * FROM `so_config` WHERE `conf` = 'adSynVersion' LIMIT 1   [ RunTime:0.0002s ]

[ 2018-01-10T14:54:21+08:00 ] ::1 /smartorder/SynData/Update/updataAd
INFO: [ app_init ] --START--
INFO: Run Behavior\BuildLiteBehavior [ RunTime:0.000009s ]
INFO: [ app_init ] --END-- [ RunTime:0.000330s ]
INFO: [ app_begin ] --START--
INFO: Run Behavior\ReadHtmlCacheBehavior [ RunTime:0.000523s ]
INFO: [ app_begin ] --END-- [ RunTime:0.000557s ]
SQL: SHOW COLUMNS FROM `so_config` [ RunTime:0.0021s ]
SQL: SELECT * FROM `so_config` WHERE `conf` = 'cloud_ip' LIMIT 1   [ RunTime:0.0005s ]
SQL: SELECT * FROM `so_config` WHERE `conf` = 'synKey' LIMIT 1   [ RunTime:0.0002s ]
SQL: SELECT * FROM `so_config` WHERE `conf` = 'adSynVersion' LIMIT 1   [ RunTime:0.0001s ]

[ 2018-01-10T14:55:56+08:00 ] ::1 /smartorder/SynData/Update/updataAd
INFO: [ app_init ] --START--
INFO: Run Behavior\BuildLiteBehavior [ RunTime:0.000009s ]
INFO: [ app_init ] --END-- [ RunTime:0.000411s ]
INFO: [ app_begin ] --START--
INFO: Run Behavior\ReadHtmlCacheBehavior [ RunTime:0.002260s ]
INFO: [ app_begin ] --END-- [ RunTime:0.002311s ]
SQL: SHOW COLUMNS FROM `so_config` [ RunTime:0.0024s ]
SQL: SELECT * FROM `so_config` WHERE `conf` = 'cloud_ip' LIMIT 1   [ RunTime:0.0003s ]
SQL: SELECT * FROM `so_config` WHERE `conf` = 'synKey' LIMIT 1   [ RunTime:0.0002s ]
SQL: SELECT * FROM `so_config` WHERE `conf` = 'adSynVersion' LIMIT 1   [ RunTime:0.0003s ]

[ 2018-01-10T14:55:58+08:00 ] ::1 /smartorder/SynData/Update/updataAd
INFO: [ app_init ] --START--
INFO: Run Behavior\BuildLiteBehavior [ RunTime:0.000010s ]
INFO: [ app_init ] --END-- [ RunTime:0.000420s ]
INFO: [ app_begin ] --START--
INFO: Run Behavior\ReadHtmlCacheBehavior [ RunTime:0.000613s ]
INFO: [ app_begin ] --END-- [ RunTime:0.000647s ]
SQL: SHOW COLUMNS FROM `so_config` [ RunTime:0.0018s ]
SQL: SELECT * FROM `so_config` WHERE `conf` = 'cloud_ip' LIMIT 1   [ RunTime:0.0002s ]
SQL: SELECT * FROM `so_config` WHERE `conf` = 'synKey' LIMIT 1   [ RunTime:0.0002s ]
SQL: SELECT * FROM `so_config` WHERE `conf` = 'adSynVersion' LIMIT 1   [ RunTime:0.0002s ]

[ 2018-01-10T14:55:58+08:00 ] ::1 /smartorder/SynData/Update/updataAd
INFO: [ app_init ] --START--
INFO: Run Behavior\BuildLiteBehavior [ RunTime:0.000022s ]
INFO: [ app_init ] --END-- [ RunTime:0.000701s ]
INFO: [ app_begin ] --START--
INFO: Run Behavior\ReadHtmlCacheBehavior [ RunTime:0.000601s ]
INFO: [ app_begin ] --END-- [ RunTime:0.000633s ]
SQL: SHOW COLUMNS FROM `so_config` [ RunTime:0.0026s ]
SQL: SELECT * FROM `so_config` WHERE `conf` = 'cloud_ip' LIMIT 1   [ RunTime:0.0008s ]
SQL: SELECT * FROM `so_config` WHERE `conf` = 'synKey' LIMIT 1   [ RunTime:0.0004s ]
SQL: SELECT * FROM `so_config` WHERE `conf` = 'adSynVersion' LIMIT 1   [ RunTime:0.0002s ]

[ 2018-01-10T15:06:47+08:00 ] ::1 /smartorder/SynData/Update/updataAd
INFO: [ app_init ] --START--
INFO: Run Behavior\BuildLiteBehavior [ RunTime:0.000009s ]
INFO: [ app_init ] --END-- [ RunTime:0.000340s ]
INFO: [ app_begin ] --START--
INFO: Run Behavior\ReadHtmlCacheBehavior [ RunTime:0.000500s ]
INFO: [ app_begin ] --END-- [ RunTime:0.000532s ]
SQL: SHOW COLUMNS FROM `so_config` [ RunTime:0.0041s ]
SQL: SELECT * FROM `so_config` WHERE `conf` = 'cloud_ip' LIMIT 1   [ RunTime:0.0004s ]
SQL: SELECT * FROM `so_config` WHERE `conf` = 'synKey' LIMIT 1   [ RunTime:0.0002s ]
SQL: SELECT * FROM `so_config` WHERE `conf` = 'adSynVersion' LIMIT 1   [ RunTime:0.0002s ]

[ 2018-01-10T15:07:42+08:00 ] ::1 /smartorder/SynData/Update/updataAd
INFO: [ app_init ] --START--
INFO: Run Behavior\BuildLiteBehavior [ RunTime:0.000012s ]
INFO: [ app_init ] --END-- [ RunTime:0.000467s ]
INFO: [ app_begin ] --START--
INFO: Run Behavior\ReadHtmlCacheBehavior [ RunTime:0.000544s ]
INFO: [ app_begin ] --END-- [ RunTime:0.000584s ]
SQL: SHOW COLUMNS FROM `so_config` [ RunTime:0.0017s ]
SQL: SELECT * FROM `so_config` WHERE `conf` = 'cloud_ip' LIMIT 1   [ RunTime:0.0003s ]
SQL: SELECT * FROM `so_config` WHERE `conf` = 'synKey' LIMIT 1   [ RunTime:0.0002s ]
SQL: SELECT * FROM `so_config` WHERE `conf` = 'adSynVersion' LIMIT 1   [ RunTime:0.0002s ]
SQL: SHOW COLUMNS FROM `so_ads` [ RunTime:0.0017s ]

[ 2018-01-10T15:08:31+08:00 ] ::1 /smartorder/SynData/Update/updataAd
INFO: [ app_init ] --START--
INFO: Run Behavior\BuildLiteBehavior [ RunTime:0.000014s ]
INFO: [ app_init ] --END-- [ RunTime:0.000375s ]
INFO: [ app_begin ] --START--
INFO: Run Behavior\ReadHtmlCacheBehavior [ RunTime:0.000549s ]
INFO: [ app_begin ] --END-- [ RunTime:0.000590s ]
SQL: SHOW COLUMNS FROM `so_config` [ RunTime:0.0035s ]
SQL: SELECT * FROM `so_config` WHERE `conf` = 'cloud_ip' LIMIT 1   [ RunTime:0.0003s ]
SQL: SELECT * FROM `so_config` WHERE `conf` = 'synKey' LIMIT 1   [ RunTime:0.0002s ]
SQL: SELECT * FROM `so_config` WHERE `conf` = 'adSynVersion' LIMIT 1   [ RunTime:0.0002s ]
SQL: SHOW COLUMNS FROM `so_ads` [ RunTime:0.0024s ]
SQL: INSERT INTO `so_ads` (`adnum`,`starttime`,`endtime`,`adname`,`adtext`,`adremark`,`adpic`,`adhref`,`adtitle`,`adtype`,`introduction`,`activity`,`phone`,`vehicle`,`detail`,`is_delete`,`adverify_time`,`ad_hotel`) VALUES ('76','2017-12-01','2018-12-22','侯氏集团','这里写内容撒','撒旦','/cloud/Data/Uploads/Images/微信图片_20171211222906.png','撒旦','撒旦','1','撒旦','撒','15034104778','1','0','0','1515565392','12,13') [ RunTime:0.0006s ]
SQL: INSERT INTO `so_ads` (`adnum`,`starttime`,`endtime`,`adname`,`adtext`,`adremark`,`adpic`,`adhref`,`adtitle`,`adtype`,`introduction`,`activity`,`phone`,`vehicle`,`detail`,`is_delete`,`adverify_time`,`ad_hotel`) VALUES ('56','2017-12-02','2018-12-30','金拱门','金拱门欢迎你！','这是备注','/cloud/Data/Uploads/Images/卢浮宫.png','http://balabala','金拱门','1','金拱门欢迎你！','无','18310189377','0','0','0','1515565104','13') [ RunTime:0.0004s ]
INFO: [ app_end ] --START--
INFO: Run Behavior\ShowPageTraceBehavior [ RunTime:0.006599s ]
INFO: Run Common\Behavior\CronRunBehavior [ RunTime:0.011008s ]
INFO: [ app_end ] --END-- [ RunTime:0.017715s ]

[ 2018-01-10T15:10:32+08:00 ] 127.0.0.1 /SmartOrder/SynData/update/updateAd
INFO: [ app_init ] --START--
INFO: Run Behavior\BuildLiteBehavior [ RunTime:0.000009s ]
INFO: [ app_init ] --END-- [ RunTime:0.000372s ]
INFO: [ app_begin ] --START--
INFO: Run Behavior\ReadHtmlCacheBehavior [ RunTime:0.000553s ]
INFO: [ app_begin ] --END-- [ RunTime:0.000585s ]
ERR: 非法操作:updateAd

[ 2018-01-10T15:13:19+08:00 ] 127.0.0.1 /SmartOrder/SynData/update/updateAd
INFO: [ app_init ] --START--
INFO: Run Behavior\BuildLiteBehavior [ RunTime:0.000010s ]
INFO: [ app_init ] --END-- [ RunTime:0.000342s ]
INFO: [ app_begin ] --START--
INFO: Run Behavior\ReadHtmlCacheBehavior [ RunTime:0.000473s ]
INFO: [ app_begin ] --END-- [ RunTime:0.000504s ]
ERR: 非法操作:updateAd

[ 2018-01-10T15:16:58+08:00 ] 127.0.0.1 /SmartOrder/SynData/update/updateAd
INFO: [ app_init ] --START--
INFO: Run Behavior\BuildLiteBehavior [ RunTime:0.000008s ]
INFO: [ app_init ] --END-- [ RunTime:0.000316s ]
INFO: [ app_begin ] --START--
INFO: Run Behavior\ReadHtmlCacheBehavior [ RunTime:0.000477s ]
INFO: [ app_begin ] --END-- [ RunTime:0.000508s ]
SQL: SHOW COLUMNS FROM `so_config` [ RunTime:0.0021s ]
SQL: SELECT * FROM `so_config` WHERE `conf` = 'cloud_ip' LIMIT 1   [ RunTime:0.0197s ]
SQL: SELECT * FROM `so_config` WHERE `conf` = 'synKey' LIMIT 1   [ RunTime:0.0002s ]
SQL: SELECT * FROM `so_config` WHERE `conf` = 'adSynVersion' LIMIT 1   [ RunTime:0.0001s ]
SQL: SHOW COLUMNS FROM `so_ads` [ RunTime:0.0018s ]
ERR: SQLSTATE[23000]: Integrity constraint violation: 1062 Duplicate entry '76' for key 'PRIMARY'
NOTIC: [2] Cannot modify header information - headers already sent by (output started at D:\xampp\htdocs\SmartOrder\ThinkPHP\Common\functions.php:793) D:\xampp\htdocs\SmartOrder\ThinkPHP\Library\Think\Think.class.php 第 229 行.
NOTIC: [2] Cannot modify header information - headers already sent by (output started at D:\xampp\htdocs\SmartOrder\ThinkPHP\Common\functions.php:793) D:\xampp\htdocs\SmartOrder\ThinkPHP\Library\Think\Think.class.php 第 230 行.

[ 2018-01-10T15:19:25+08:00 ] 127.0.0.1 /SmartOrder/SynData/Update/updateAd
INFO: [ app_init ] --START--
INFO: Run Behavior\BuildLiteBehavior [ RunTime:0.000013s ]
INFO: [ app_init ] --END-- [ RunTime:0.000378s ]
INFO: [ app_begin ] --START--
INFO: Run Behavior\ReadHtmlCacheBehavior [ RunTime:0.001199s ]
INFO: [ app_begin ] --END-- [ RunTime:0.001252s ]
SQL: SHOW COLUMNS FROM `so_config` [ RunTime:0.0017s ]
SQL: SELECT * FROM `so_config` WHERE `conf` = 'cloud_ip' LIMIT 1   [ RunTime:0.0002s ]
SQL: SELECT * FROM `so_config` WHERE `conf` = 'synKey' LIMIT 1   [ RunTime:0.0002s ]
SQL: SELECT * FROM `so_config` WHERE `conf` = 'adSynVersion' LIMIT 1   [ RunTime:0.0002s ]
SQL: SHOW COLUMNS FROM `so_ads` [ RunTime:0.0036s ]
ERR: SQLSTATE[23000]: Integrity constraint violation: 1062 Duplicate entry '76' for key 'PRIMARY'
NOTIC: [2] Cannot modify header information - headers already sent by (output started at D:\xampp\htdocs\SmartOrder\ThinkPHP\Common\functions.php:793) D:\xampp\htdocs\SmartOrder\ThinkPHP\Library\Think\Think.class.php 第 229 行.
NOTIC: [2] Cannot modify header information - headers already sent by (output started at D:\xampp\htdocs\SmartOrder\ThinkPHP\Common\functions.php:793) D:\xampp\htdocs\SmartOrder\ThinkPHP\Library\Think\Think.class.php 第 230 行.

[ 2018-01-10T15:20:15+08:00 ] ::1 /smartorder/SynData/Update/updateAd
INFO: [ app_init ] --START--
INFO: Run Behavior\BuildLiteBehavior [ RunTime:0.000011s ]
INFO: [ app_init ] --END-- [ RunTime:0.000433s ]
INFO: [ app_begin ] --START--
INFO: Run Behavior\ReadHtmlCacheBehavior [ RunTime:0.000587s ]
INFO: [ app_begin ] --END-- [ RunTime:0.000628s ]
SQL: SHOW COLUMNS FROM `so_config` [ RunTime:0.0074s ]
SQL: SELECT * FROM `so_config` WHERE `conf` = 'cloud_ip' LIMIT 1   [ RunTime:0.0010s ]
SQL: SELECT * FROM `so_config` WHERE `conf` = 'synKey' LIMIT 1   [ RunTime:0.0002s ]
SQL: SELECT * FROM `so_config` WHERE `conf` = 'adSynVersion' LIMIT 1   [ RunTime:0.0002s ]
SQL: SHOW COLUMNS FROM `so_ads` [ RunTime:0.0027s ]
ERR: SQLSTATE[23000]: Integrity constraint violation: 1062 Duplicate entry '76' for key 'PRIMARY'
NOTIC: [2] Cannot modify header information - headers already sent by (output started at D:\xampp\htdocs\SmartOrder\ThinkPHP\Common\functions.php:793) D:\xampp\htdocs\SmartOrder\ThinkPHP\Library\Think\Think.class.php 第 229 行.
NOTIC: [2] Cannot modify header information - headers already sent by (output started at D:\xampp\htdocs\SmartOrder\ThinkPHP\Common\functions.php:793) D:\xampp\htdocs\SmartOrder\ThinkPHP\Library\Think\Think.class.php 第 230 行.

[ 2018-01-10T15:58:22+08:00 ] ::1 /smartorder/SynData/Update/updateAd
INFO: [ app_init ] --START--
INFO: Run Behavior\BuildLiteBehavior [ RunTime:0.000010s ]
INFO: [ app_init ] --END-- [ RunTime:0.000451s ]
INFO: [ app_begin ] --START--
INFO: Run Behavior\ReadHtmlCacheBehavior [ RunTime:0.000629s ]
INFO: [ app_begin ] --END-- [ RunTime:0.000664s ]
SQL: SHOW COLUMNS FROM `so_config` [ RunTime:0.0018s ]
SQL: SELECT * FROM `so_config` WHERE `conf` = 'cloud_ip' LIMIT 1   [ RunTime:0.0003s ]
SQL: SELECT * FROM `so_config` WHERE `conf` = 'synKey' LIMIT 1   [ RunTime:0.0002s ]
SQL: SELECT * FROM `so_config` WHERE `conf` = 'adSynVersion' LIMIT 1   [ RunTime:0.0002s ]

[ 2018-01-10T15:58:40+08:00 ] ::1 /smartorder/SynData/Update/updateAd
INFO: [ app_init ] --START--
INFO: Run Behavior\BuildLiteBehavior [ RunTime:0.000010s ]
INFO: [ app_init ] --END-- [ RunTime:0.000345s ]
INFO: [ app_begin ] --START--
INFO: Run Behavior\ReadHtmlCacheBehavior [ RunTime:0.000756s ]
INFO: [ app_begin ] --END-- [ RunTime:0.000834s ]
SQL: SHOW COLUMNS FROM `so_config` [ RunTime:0.0017s ]
SQL: SELECT * FROM `so_config` WHERE `conf` = 'cloud_ip' LIMIT 1   [ RunTime:0.0002s ]
SQL: SELECT * FROM `so_config` WHERE `conf` = 'synKey' LIMIT 1   [ RunTime:0.0001s ]
SQL: SELECT * FROM `so_config` WHERE `conf` = 'adSynVersion' LIMIT 1   [ RunTime:0.0001s ]
SQL: SHOW COLUMNS FROM `so_ads` [ RunTime:0.0026s ]
ERR: SQLSTATE[23000]: Integrity constraint violation: 1062 Duplicate entry '76' for key 'PRIMARY'
NOTIC: [2] Cannot modify header information - headers already sent by (output started at D:\xampp\htdocs\SmartOrder\ThinkPHP\Common\functions.php:793) D:\xampp\htdocs\SmartOrder\ThinkPHP\Library\Think\Think.class.php 第 229 行.
NOTIC: [2] Cannot modify header information - headers already sent by (output started at D:\xampp\htdocs\SmartOrder\ThinkPHP\Common\functions.php:793) D:\xampp\htdocs\SmartOrder\ThinkPHP\Library\Think\Think.class.php 第 230 行.

[ 2018-01-10T15:58:56+08:00 ] ::1 /smartorder/SynData/Update/updateAd
INFO: [ app_init ] --START--
INFO: Run Behavior\BuildLiteBehavior [ RunTime:0.000015s ]
INFO: [ app_init ] --END-- [ RunTime:0.000567s ]
INFO: [ app_begin ] --START--
INFO: Run Behavior\ReadHtmlCacheBehavior [ RunTime:0.001166s ]
INFO: [ app_begin ] --END-- [ RunTime:0.001238s ]
SQL: SHOW COLUMNS FROM `so_config` [ RunTime:0.0019s ]
SQL: SELECT * FROM `so_config` WHERE `conf` = 'cloud_ip' LIMIT 1   [ RunTime:0.0002s ]
SQL: SELECT * FROM `so_config` WHERE `conf` = 'synKey' LIMIT 1   [ RunTime:0.0002s ]
SQL: SELECT * FROM `so_config` WHERE `conf` = 'adSynVersion' LIMIT 1   [ RunTime:0.0004s ]

[ 2018-01-10T16:02:40+08:00 ] ::1 /smartorder/SynData/Update/updateAd
INFO: [ app_init ] --START--
INFO: Run Behavior\BuildLiteBehavior [ RunTime:0.000010s ]
INFO: [ app_init ] --END-- [ RunTime:0.000323s ]
INFO: [ app_begin ] --START--
INFO: Run Behavior\ReadHtmlCacheBehavior [ RunTime:0.000521s ]
INFO: [ app_begin ] --END-- [ RunTime:0.000554s ]

[ 2018-01-10T16:02:54+08:00 ] ::1 /smartorder/SynData/Update/updateAd
INFO: [ app_init ] --START--
INFO: Run Behavior\BuildLiteBehavior [ RunTime:0.000011s ]
INFO: [ app_init ] --END-- [ RunTime:0.000351s ]
INFO: [ app_begin ] --START--
INFO: Run Behavior\ReadHtmlCacheBehavior [ RunTime:0.000490s ]
INFO: [ app_begin ] --END-- [ RunTime:0.000523s ]
SQL: SHOW COLUMNS FROM `so_config` [ RunTime:0.0018s ]
SQL: SELECT * FROM `so_config` WHERE `conf` = 'cloud_ip' LIMIT 1   [ RunTime:0.0003s ]
SQL: SELECT * FROM `so_config` WHERE `conf` = 'synKey' LIMIT 1   [ RunTime:0.0003s ]
SQL: SELECT * FROM `so_config` WHERE `conf` = 'adSynVersion' LIMIT 1   [ RunTime:0.0002s ]

[ 2018-01-10T16:03:09+08:00 ] ::1 /smartorder/SynData/Update/updateAd
INFO: [ app_init ] --START--
INFO: Run Behavior\BuildLiteBehavior [ RunTime:0.000010s ]
INFO: [ app_init ] --END-- [ RunTime:0.000326s ]
INFO: [ app_begin ] --START--
INFO: Run Behavior\ReadHtmlCacheBehavior [ RunTime:0.000477s ]
INFO: [ app_begin ] --END-- [ RunTime:0.000510s ]
SQL: SHOW COLUMNS FROM `so_config` [ RunTime:0.0033s ]
SQL: SELECT * FROM `so_config` WHERE `conf` = 'cloud_ip' LIMIT 1   [ RunTime:0.0002s ]
SQL: SELECT * FROM `so_config` WHERE `conf` = 'synKey' LIMIT 1   [ RunTime:0.0002s ]
SQL: SELECT * FROM `so_config` WHERE `conf` = 'adSynVersion' LIMIT 1   [ RunTime:0.0002s ]
SQL: SHOW COLUMNS FROM `so_ads` [ RunTime:0.0017s ]
SQL: INSERT INTO `so_ads` (`starttime`,`endtime`,`adname`,`adtext`,`adremark`,`adpic`,`adhref`,`adtitle`,`adtype`,`introduction`,`activity`,`phone`,`vehicle`,`is_delete`,`adverify_time`,`ad_hotel`) VALUES ('2017-12-01','2018-12-22','侯氏集团','这里写内容撒','撒旦','/cloud/Data/Uploads/Images/微信图片_20171211222906.png','撒旦','撒旦','1','撒旦','撒','15034104778','1','0','1515568232','12,13') [ RunTime:0.0002s ]
SQL: INSERT INTO `so_ads` (`starttime`,`endtime`,`adname`,`adtext`,`adremark`,`adpic`,`adhref`,`adtitle`,`adtype`,`introduction`,`activity`,`phone`,`vehicle`,`is_delete`,`adverify_time`,`ad_hotel`) VALUES ('2017-12-01','2018-12-22','我是侯自强','这里写内容撒','撒旦','/cloud/Data/Uploads/Images/微信图片_20171211222906.png','撒旦','撒旦','1','撒旦','撒','15034104778','1','0','1515568765','13') [ RunTime:0.0001s ]
SQL: INSERT INTO `so_ads` (`starttime`,`endtime`,`adname`,`adtext`,`adremark`,`adpic`,`adhref`,`adtitle`,`adtype`,`introduction`,`activity`,`phone`,`vehicle`,`is_delete`,`adverify_time`,`ad_hotel`) VALUES ('2017-12-06','2018-12-25','223','第三方','','/cloud/Data/Uploads/Images/72100AF9D76F.jpg','','','1','','','18800107178','','0','1515568399','13,12') [ RunTime:0.0001s ]
SQL: INSERT INTO `so_ads` (`starttime`,`endtime`,`adname`,`adtext`,`adremark`,`adpic`,`adhref`,`adtitle`,`adtype`,`introduction`,`activity`,`phone`,`vehicle`,`is_delete`,`adverify_time`,`ad_hotel`) VALUES ('2017-12-02','2018-12-30','金拱门','金拱门欢迎你！','这是备注','/cloud/Data/Uploads/Images/卢浮宫.png','http://balabala','金拱门','1','金拱门欢迎你！','无','18310189377','0','0','1515565104','13') [ RunTime:0.0001s ]
INFO: [ app_end ] --START--
INFO: Run Behavior\ShowPageTraceBehavior [ RunTime:0.000611s ]
INFO: Run Common\Behavior\CronRunBehavior [ RunTime:0.001653s ]
INFO: [ app_end ] --END-- [ RunTime:0.002317s ]

[ 2018-01-10T16:04:30+08:00 ] 127.0.0.1 /SmartOrder/SynData/Update/updateAd
INFO: [ app_init ] --START--
INFO: Run Behavior\BuildLiteBehavior [ RunTime:0.000015s ]
INFO: [ app_init ] --END-- [ RunTime:0.002021s ]
INFO: [ app_begin ] --START--
INFO: Run Behavior\ReadHtmlCacheBehavior [ RunTime:0.000660s ]
INFO: [ app_begin ] --END-- [ RunTime:0.000693s ]
SQL: SHOW COLUMNS FROM `so_config` [ RunTime:0.0029s ]
SQL: SELECT * FROM `so_config` WHERE `conf` = 'cloud_ip' LIMIT 1   [ RunTime:0.0005s ]
SQL: SELECT * FROM `so_config` WHERE `conf` = 'synKey' LIMIT 1   [ RunTime:0.0003s ]
SQL: SELECT * FROM `so_config` WHERE `conf` = 'adSynVersion' LIMIT 1   [ RunTime:0.0003s ]
SQL: SHOW COLUMNS FROM `so_ads` [ RunTime:0.0025s ]
SQL: INSERT INTO `so_ads` (`starttime`,`endtime`,`adname`,`adtext`,`adremark`,`adpic`,`adhref`,`adtitle`,`adtype`,`introduction`,`activity`,`phone`,`vehicle`,`is_delete`,`adverify_time`,`ad_hotel`) VALUES ('2017-12-01','2018-12-22','侯氏集团','这里写内容撒','撒旦','/cloud/Data/Uploads/Images/微信图片_20171211222906.png','撒旦','撒旦','1','撒旦','撒','15034104778','1','0','1515568232','12,13') [ RunTime:0.0004s ]
SQL: INSERT INTO `so_ads` (`starttime`,`endtime`,`adname`,`adtext`,`adremark`,`adpic`,`adhref`,`adtitle`,`adtype`,`introduction`,`activity`,`phone`,`vehicle`,`is_delete`,`adverify_time`,`ad_hotel`) VALUES ('2017-12-01','2018-12-22','我是侯自强','这里写内容撒','撒旦','/cloud/Data/Uploads/Images/微信图片_20171211222906.png','撒旦','撒旦','1','撒旦','撒','15034104778','1','0','1515568765','13') [ RunTime:0.0001s ]
SQL: INSERT INTO `so_ads` (`starttime`,`endtime`,`adname`,`adtext`,`adremark`,`adpic`,`adhref`,`adtitle`,`adtype`,`introduction`,`activity`,`phone`,`vehicle`,`is_delete`,`adverify_time`,`ad_hotel`) VALUES ('2017-12-06','2018-12-25','223','第三方','','/cloud/Data/Uploads/Images/72100AF9D76F.jpg','','','1','','','18800107178','','0','1515568399','13,12') [ RunTime:0.0002s ]
SQL: INSERT INTO `so_ads` (`starttime`,`endtime`,`adname`,`adtext`,`adremark`,`adpic`,`adhref`,`adtitle`,`adtype`,`introduction`,`activity`,`phone`,`vehicle`,`is_delete`,`adverify_time`,`ad_hotel`) VALUES ('2017-12-02','2018-12-30','金拱门','金拱门欢迎你！','这是备注','/cloud/Data/Uploads/Images/卢浮宫.png','http://balabala','金拱门','1','金拱门欢迎你！','无','18310189377','0','0','1515565104','13') [ RunTime:0.0001s ]
INFO: [ app_end ] --START--
INFO: Run Behavior\ShowPageTraceBehavior [ RunTime:0.000665s ]
INFO: Run Common\Behavior\CronRunBehavior [ RunTime:0.001828s ]
INFO: [ app_end ] --END-- [ RunTime:0.002544s ]

[ 2018-01-10T16:08:20+08:00 ] 127.0.0.1 /smartorder/SynData/Update/updateAd
INFO: [ app_init ] --START--
INFO: Run Behavior\BuildLiteBehavior [ RunTime:0.000011s ]
INFO: [ app_init ] --END-- [ RunTime:0.000355s ]
INFO: [ app_begin ] --START--
INFO: Run Behavior\ReadHtmlCacheBehavior [ RunTime:0.000531s ]
INFO: [ app_begin ] --END-- [ RunTime:0.000567s ]
SQL: SHOW COLUMNS FROM `so_config` [ RunTime:0.0385s ]
SQL: SELECT * FROM `so_config` WHERE `conf` = 'cloud_ip' LIMIT 1   [ RunTime:0.0003s ]
SQL: SELECT * FROM `so_config` WHERE `conf` = 'synKey' LIMIT 1   [ RunTime:0.0002s ]
SQL: SELECT * FROM `so_config` WHERE `conf` = 'adSynVersion' LIMIT 1   [ RunTime:0.0002s ]
SQL: SHOW COLUMNS FROM `so_ads` [ RunTime:0.0029s ]
SQL: INSERT INTO `so_ads` (`starttime`,`endtime`,`adname`,`adtext`,`adremark`,`adpic`,`adhref`,`adtitle`,`adtype`,`introduction`,`activity`,`phone`,`vehicle`,`is_delete`,`adverify_time`,`ad_hotel`) VALUES ('2017-12-01','2018-12-22','侯氏集团','这里写内容撒','撒旦','/cloud/Data/Uploads/Images/微信图片_20171211222906.png','撒旦','撒旦','1','撒旦','撒','15034104778','1','0','1515568232','12,13') [ RunTime:0.0005s ]
SQL: INSERT INTO `so_ads` (`starttime`,`endtime`,`adname`,`adtext`,`adremark`,`adpic`,`adhref`,`adtitle`,`adtype`,`introduction`,`activity`,`phone`,`vehicle`,`is_delete`,`adverify_time`,`ad_hotel`) VALUES ('2017-12-01','2018-12-22','我是侯自强','这里写内容撒','撒旦','/cloud/Data/Uploads/Images/微信图片_20171211222906.png','撒旦','撒旦','1','撒旦','撒','15034104778','1','0','1515568765','13') [ RunTime:0.0019s ]
SQL: INSERT INTO `so_ads` (`starttime`,`endtime`,`adname`,`adtext`,`adremark`,`adpic`,`adhref`,`adtitle`,`adtype`,`introduction`,`activity`,`phone`,`vehicle`,`is_delete`,`adverify_time`,`ad_hotel`) VALUES ('2017-12-06','2018-12-25','223','第三方','','/cloud/Data/Uploads/Images/72100AF9D76F.jpg','','','1','','','18800107178','','0','1515568399','13,12') [ RunTime:0.0002s ]
SQL: INSERT INTO `so_ads` (`starttime`,`endtime`,`adname`,`adtext`,`adremark`,`adpic`,`adhref`,`adtitle`,`adtype`,`introduction`,`activity`,`phone`,`vehicle`,`is_delete`,`adverify_time`,`ad_hotel`) VALUES ('2017-12-02','2018-12-30','金拱门','金拱门欢迎你！','这是备注','/cloud/Data/Uploads/Images/卢浮宫.png','http://balabala','金拱门','1','金拱门欢迎你！','无','18310189377','0','0','1515565104','13') [ RunTime:0.0002s ]
INFO: [ app_end ] --START--
INFO: Run Behavior\ShowPageTraceBehavior [ RunTime:0.000692s ]
INFO: Run Common\Behavior\CronRunBehavior [ RunTime:0.002050s ]
INFO: [ app_end ] --END-- [ RunTime:0.002804s ]

[ 2018-01-10T16:31:41+08:00 ] 127.0.0.1 /smartorder/SynData/Update/updateAd
INFO: [ app_init ] --START--
INFO: Run Behavior\BuildLiteBehavior [ RunTime:0.001545s ]
INFO: [ app_init ] --END-- [ RunTime:0.001988s ]
INFO: [ app_begin ] --START--
INFO: Run Behavior\ReadHtmlCacheBehavior [ RunTime:0.000640s ]
INFO: [ app_begin ] --END-- [ RunTime:0.000687s ]

[ 2018-01-10T16:31:59+08:00 ] 127.0.0.1 /smartorder/SynData/Update/updateAd
INFO: [ app_init ] --START--
INFO: Run Behavior\BuildLiteBehavior [ RunTime:0.000013s ]
INFO: [ app_init ] --END-- [ RunTime:0.000387s ]
INFO: [ app_begin ] --START--
INFO: Run Behavior\ReadHtmlCacheBehavior [ RunTime:0.000477s ]
INFO: [ app_begin ] --END-- [ RunTime:0.000517s ]

[ 2018-01-10T16:33:15+08:00 ] ::1 /smartorder/SynData/Update/updateAd
INFO: [ app_init ] --START--
INFO: Run Behavior\BuildLiteBehavior [ RunTime:0.000009s ]
INFO: [ app_init ] --END-- [ RunTime:0.000339s ]
INFO: [ app_begin ] --START--
INFO: Run Behavior\ReadHtmlCacheBehavior [ RunTime:0.000479s ]
INFO: [ app_begin ] --END-- [ RunTime:0.000512s ]

[ 2018-01-10T16:33:55+08:00 ] ::1 /smartorder/SynData/Update/updateAd
INFO: [ app_init ] --START--
INFO: Run Behavior\BuildLiteBehavior [ RunTime:0.000011s ]
INFO: [ app_init ] --END-- [ RunTime:0.000346s ]
INFO: [ app_begin ] --START--
INFO: Run Behavior\ReadHtmlCacheBehavior [ RunTime:0.000661s ]
INFO: [ app_begin ] --END-- [ RunTime:0.000733s ]
SQL: SHOW COLUMNS FROM `so_config` [ RunTime:0.0019s ]
SQL: SELECT * FROM `so_config` WHERE `conf` = 'cloud_ip' LIMIT 1   [ RunTime:0.0002s ]
SQL: SELECT * FROM `so_config` WHERE `conf` = 'synKey' LIMIT 1   [ RunTime:0.0002s ]
SQL: SELECT * FROM `so_config` WHERE `conf` = 'adSynVersion' LIMIT 1   [ RunTime:0.0001s ]

[ 2018-01-10T16:36:07+08:00 ] ::1 /smartorder/SynData/Update/updateAd
INFO: [ app_init ] --START--
INFO: Run Behavior\BuildLiteBehavior [ RunTime:0.000019s ]
INFO: [ app_init ] --END-- [ RunTime:0.000563s ]
INFO: [ app_begin ] --START--
INFO: Run Behavior\ReadHtmlCacheBehavior [ RunTime:0.000941s ]
INFO: [ app_begin ] --END-- [ RunTime:0.001000s ]
SQL: SHOW COLUMNS FROM `so_config` [ RunTime:0.0023s ]
SQL: SELECT * FROM `so_config` WHERE `conf` = 'cloud_ip' LIMIT 1   [ RunTime:0.0003s ]
SQL: SELECT * FROM `so_config` WHERE `conf` = 'synKey' LIMIT 1   [ RunTime:0.0002s ]
SQL: SELECT * FROM `so_config` WHERE `conf` = 'adSynVersion' LIMIT 1   [ RunTime:0.0002s ]

[ 2018-01-10T16:36:32+08:00 ] ::1 /smartorder/SynData/Update/updateAd
INFO: [ app_init ] --START--
INFO: Run Behavior\BuildLiteBehavior [ RunTime:0.000010s ]
INFO: [ app_init ] --END-- [ RunTime:0.000347s ]
INFO: [ app_begin ] --START--
INFO: Run Behavior\ReadHtmlCacheBehavior [ RunTime:0.000484s ]
INFO: [ app_begin ] --END-- [ RunTime:0.000519s ]
SQL: SHOW COLUMNS FROM `so_config` [ RunTime:0.0017s ]
SQL: SELECT * FROM `so_config` WHERE `conf` = 'cloud_ip' LIMIT 1   [ RunTime:0.0002s ]
SQL: SELECT * FROM `so_config` WHERE `conf` = 'synKey' LIMIT 1   [ RunTime:0.0001s ]
SQL: SELECT * FROM `so_config` WHERE `conf` = 'adSynVersion' LIMIT 1   [ RunTime:0.0001s ]
ERR: Think\Controller:setConfig方法不存在！

[ 2018-01-10T16:37:04+08:00 ] ::1 /smartorder/SynData/Update/updateAd
INFO: [ app_init ] --START--
INFO: Run Behavior\BuildLiteBehavior [ RunTime:0.000011s ]
INFO: [ app_init ] --END-- [ RunTime:0.000335s ]
INFO: [ app_begin ] --START--
INFO: Run Behavior\ReadHtmlCacheBehavior [ RunTime:0.000803s ]
INFO: [ app_begin ] --END-- [ RunTime:0.000865s ]
SQL: SHOW COLUMNS FROM `so_config` [ RunTime:0.0018s ]
SQL: SELECT * FROM `so_config` WHERE `conf` = 'cloud_ip' LIMIT 1   [ RunTime:0.0002s ]
SQL: SELECT * FROM `so_config` WHERE `conf` = 'synKey' LIMIT 1   [ RunTime:0.0001s ]
SQL: SELECT * FROM `so_config` WHERE `conf` = 'adSynVersion' LIMIT 1   [ RunTime:0.0001s ]
ERR: Think\Controller:setConfig方法不存在！
NOTIC: [2] Cannot modify header information - headers already sent by (output started at D:\xampp\htdocs\SmartOrder\ThinkPHP\Common\functions.php:793) D:\xampp\htdocs\SmartOrder\ThinkPHP\Library\Think\Think.class.php 第 229 行.
NOTIC: [2] Cannot modify header information - headers already sent by (output started at D:\xampp\htdocs\SmartOrder\ThinkPHP\Common\functions.php:793) D:\xampp\htdocs\SmartOrder\ThinkPHP\Library\Think\Think.class.php 第 230 行.

[ 2018-01-10T16:38:06+08:00 ] ::1 /smartorder/SynData/Update/updateAd
INFO: [ app_init ] --START--
INFO: Run Behavior\BuildLiteBehavior [ RunTime:0.000012s ]
INFO: [ app_init ] --END-- [ RunTime:0.000379s ]
INFO: [ app_begin ] --START--
INFO: Run Behavior\ReadHtmlCacheBehavior [ RunTime:0.000501s ]
INFO: [ app_begin ] --END-- [ RunTime:0.000540s ]

[ 2018-01-10T16:38:19+08:00 ] ::1 /smartorder/SynData/Update/updateAd
INFO: [ app_init ] --START--
INFO: Run Behavior\BuildLiteBehavior [ RunTime:0.000010s ]
INFO: [ app_init ] --END-- [ RunTime:0.000322s ]
INFO: [ app_begin ] --START--
INFO: Run Behavior\ReadHtmlCacheBehavior [ RunTime:0.000480s ]
INFO: [ app_begin ] --END-- [ RunTime:0.000516s ]
SQL: SHOW COLUMNS FROM `so_config` [ RunTime:0.0025s ]
SQL: SELECT * FROM `so_config` WHERE `conf` = 'cloud_ip' LIMIT 1   [ RunTime:0.0003s ]
SQL: SELECT * FROM `so_config` WHERE `conf` = 'synKey' LIMIT 1   [ RunTime:0.0003s ]
SQL: SELECT * FROM `so_config` WHERE `conf` = 'adSynVersion' LIMIT 1   [ RunTime:0.0002s ]
NOTIC: [2] Invalid argument supplied for foreach() D:\xampp\htdocs\SmartOrder\ThinkPHP\Library\Think\Model.class.php 第 265 行.
NOTIC: [2] Invalid argument supplied for foreach() D:\xampp\htdocs\SmartOrder\ThinkPHP\Library\Think\Db\Driver.class.php 第 353 行.
NOTIC: [8] Undefined variable: set D:\xampp\htdocs\SmartOrder\ThinkPHP\Library\Think\Db\Driver.class.php 第 366 行.
NOTIC: [2] implode(): Invalid arguments passed D:\xampp\htdocs\SmartOrder\ThinkPHP\Library\Think\Db\Driver.class.php 第 366 行.
ERR: SQLSTATE[42000]: Syntax error or access violation: 1064 You have an error in your SQL syntax; check the manual that corresponds to your MariaDB server version for the right syntax to use near 'WHERE ( Conf="adSynVersion" )' at line 1
NOTIC: [2] Cannot modify header information - headers already sent by (output started at D:\xampp\htdocs\SmartOrder\ThinkPHP\Common\functions.php:793) D:\xampp\htdocs\SmartOrder\ThinkPHP\Library\Think\Think.class.php 第 229 行.
NOTIC: [2] Cannot modify header information - headers already sent by (output started at D:\xampp\htdocs\SmartOrder\ThinkPHP\Common\functions.php:793) D:\xampp\htdocs\SmartOrder\ThinkPHP\Library\Think\Think.class.php 第 230 行.

[ 2018-01-10T16:39:17+08:00 ] ::1 /smartorder/SynData/Update/updateAd
INFO: [ app_init ] --START--
INFO: Run Behavior\BuildLiteBehavior [ RunTime:0.000012s ]
INFO: [ app_init ] --END-- [ RunTime:0.000415s ]
INFO: [ app_begin ] --START--
INFO: Run Behavior\ReadHtmlCacheBehavior [ RunTime:0.000565s ]
INFO: [ app_begin ] --END-- [ RunTime:0.000608s ]
SQL: SHOW COLUMNS FROM `so_config` [ RunTime:0.0051s ]
SQL: SELECT * FROM `so_config` WHERE `conf` = 'cloud_ip' LIMIT 1   [ RunTime:0.0003s ]
SQL: SELECT * FROM `so_config` WHERE `conf` = 'synKey' LIMIT 1   [ RunTime:0.0002s ]
SQL: SELECT * FROM `so_config` WHERE `conf` = 'adSynVersion' LIMIT 1   [ RunTime:0.0002s ]
NOTIC: [2] Invalid argument supplied for foreach() D:\xampp\htdocs\SmartOrder\ThinkPHP\Library\Think\Model.class.php 第 265 行.
NOTIC: [2] Invalid argument supplied for foreach() D:\xampp\htdocs\SmartOrder\ThinkPHP\Library\Think\Db\Driver.class.php 第 353 行.
NOTIC: [8] Undefined variable: set D:\xampp\htdocs\SmartOrder\ThinkPHP\Library\Think\Db\Driver.class.php 第 366 行.
NOTIC: [2] implode(): Invalid arguments passed D:\xampp\htdocs\SmartOrder\ThinkPHP\Library\Think\Db\Driver.class.php 第 366 行.
ERR: SQLSTATE[42000]: Syntax error or access violation: 1064 You have an error in your SQL syntax; check the manual that corresponds to your MariaDB server version for the right syntax to use near 'WHERE ( conf="adSynVersion" )' at line 1
NOTIC: [2] Cannot modify header information - headers already sent by (output started at D:\xampp\htdocs\SmartOrder\ThinkPHP\Common\functions.php:793) D:\xampp\htdocs\SmartOrder\ThinkPHP\Library\Think\Think.class.php 第 229 行.
NOTIC: [2] Cannot modify header information - headers already sent by (output started at D:\xampp\htdocs\SmartOrder\ThinkPHP\Common\functions.php:793) D:\xampp\htdocs\SmartOrder\ThinkPHP\Library\Think\Think.class.php 第 230 行.

[ 2018-01-10T16:39:53+08:00 ] ::1 /smartorder/SynData/Update/updateAd
INFO: [ app_init ] --START--
INFO: Run Behavior\BuildLiteBehavior [ RunTime:0.000013s ]
INFO: [ app_init ] --END-- [ RunTime:0.000362s ]
INFO: [ app_begin ] --START--
INFO: Run Behavior\ReadHtmlCacheBehavior [ RunTime:0.000471s ]
INFO: [ app_begin ] --END-- [ RunTime:0.000509s ]
SQL: SHOW COLUMNS FROM `so_config` [ RunTime:0.0019s ]
SQL: SELECT * FROM `so_config` WHERE `conf` = 'cloud_ip' LIMIT 1   [ RunTime:0.0002s ]
SQL: SELECT * FROM `so_config` WHERE `conf` = 'synKey' LIMIT 1   [ RunTime:0.0001s ]
SQL: SELECT * FROM `so_config` WHERE `conf` = 'adSynVersion' LIMIT 1   [ RunTime:0.0002s ]
NOTIC: [2] Invalid argument supplied for foreach() D:\xampp\htdocs\SmartOrder\ThinkPHP\Library\Think\Model.class.php 第 265 行.
NOTIC: [2] Invalid argument supplied for foreach() D:\xampp\htdocs\SmartOrder\ThinkPHP\Library\Think\Db\Driver.class.php 第 353 行.
NOTIC: [8] Undefined variable: set D:\xampp\htdocs\SmartOrder\ThinkPHP\Library\Think\Db\Driver.class.php 第 366 行.
NOTIC: [2] implode(): Invalid arguments passed D:\xampp\htdocs\SmartOrder\ThinkPHP\Library\Think\Db\Driver.class.php 第 366 行.
ERR: SQLSTATE[42000]: Syntax error or access violation: 1064 You have an error in your SQL syntax; check the manual that corresponds to your MariaDB server version for the right syntax to use near 'WHERE ( conf="adSynVersion" )' at line 1
NOTIC: [2] Cannot modify header information - headers already sent by (output started at D:\xampp\htdocs\SmartOrder\ThinkPHP\Common\functions.php:793) D:\xampp\htdocs\SmartOrder\ThinkPHP\Library\Think\Think.class.php 第 229 行.
NOTIC: [2] Cannot modify header information - headers already sent by (output started at D:\xampp\htdocs\SmartOrder\ThinkPHP\Common\functions.php:793) D:\xampp\htdocs\SmartOrder\ThinkPHP\Library\Think\Think.class.php 第 230 行.

[ 2018-01-10T16:40:48+08:00 ] ::1 /smartorder/SynData/Update/updateAd
INFO: [ app_init ] --START--
INFO: Run Behavior\BuildLiteBehavior [ RunTime:0.000009s ]
INFO: [ app_init ] --END-- [ RunTime:0.000315s ]
INFO: [ app_begin ] --START--
INFO: Run Behavior\ReadHtmlCacheBehavior [ RunTime:0.000440s ]
INFO: [ app_begin ] --END-- [ RunTime:0.000474s ]
SQL: SHOW COLUMNS FROM `so_config` [ RunTime:0.0018s ]
SQL: SELECT * FROM `so_config` WHERE `conf` = 'cloud_ip' LIMIT 1   [ RunTime:0.0002s ]
SQL: SELECT * FROM `so_config` WHERE `conf` = 'synKey' LIMIT 1   [ RunTime:0.0001s ]
SQL: SELECT * FROM `so_config` WHERE `conf` = 'adSynVersion' LIMIT 1   [ RunTime:0.0001s ]
NOTIC: [2] Illegal string offset 'val' D:\xampp\htdocs\SmartOrder\Application\SynData\Controller\UpdateController.class.php 第 180 行.
NOTIC: [2] Invalid argument supplied for foreach() D:\xampp\htdocs\SmartOrder\ThinkPHP\Library\Think\Model.class.php 第 265 行.
NOTIC: [2] Invalid argument supplied for foreach() D:\xampp\htdocs\SmartOrder\ThinkPHP\Library\Think\Db\Driver.class.php 第 353 行.
NOTIC: [8] Undefined variable: set D:\xampp\htdocs\SmartOrder\ThinkPHP\Library\Think\Db\Driver.class.php 第 366 行.
NOTIC: [2] implode(): Invalid arguments passed D:\xampp\htdocs\SmartOrder\ThinkPHP\Library\Think\Db\Driver.class.php 第 366 行.
ERR: SQLSTATE[42000]: Syntax error or access violation: 1064 You have an error in your SQL syntax; check the manual that corresponds to your MariaDB server version for the right syntax to use near 'WHERE ( conf="adSynVersion" )' at line 1
NOTIC: [2] Cannot modify header information - headers already sent by (output started at D:\xampp\htdocs\SmartOrder\ThinkPHP\Common\functions.php:793) D:\xampp\htdocs\SmartOrder\ThinkPHP\Library\Think\Think.class.php 第 229 行.
NOTIC: [2] Cannot modify header information - headers already sent by (output started at D:\xampp\htdocs\SmartOrder\ThinkPHP\Common\functions.php:793) D:\xampp\htdocs\SmartOrder\ThinkPHP\Library\Think\Think.class.php 第 230 行.

[ 2018-01-10T16:40:50+08:00 ] ::1 /smartorder/SynData/Update/updateAd
INFO: [ app_init ] --START--
INFO: Run Behavior\BuildLiteBehavior [ RunTime:0.000012s ]
INFO: [ app_init ] --END-- [ RunTime:0.000357s ]
INFO: [ app_begin ] --START--
INFO: Run Behavior\ReadHtmlCacheBehavior [ RunTime:0.000472s ]
INFO: [ app_begin ] --END-- [ RunTime:0.000507s ]
SQL: SHOW COLUMNS FROM `so_config` [ RunTime:0.0016s ]
SQL: SELECT * FROM `so_config` WHERE `conf` = 'cloud_ip' LIMIT 1   [ RunTime:0.0003s ]
SQL: SELECT * FROM `so_config` WHERE `conf` = 'synKey' LIMIT 1   [ RunTime:0.0002s ]
SQL: SELECT * FROM `so_config` WHERE `conf` = 'adSynVersion' LIMIT 1   [ RunTime:0.0002s ]
NOTIC: [2] Illegal string offset 'val' D:\xampp\htdocs\SmartOrder\Application\SynData\Controller\UpdateController.class.php 第 180 行.
NOTIC: [2] Invalid argument supplied for foreach() D:\xampp\htdocs\SmartOrder\ThinkPHP\Library\Think\Model.class.php 第 265 行.
NOTIC: [2] Invalid argument supplied for foreach() D:\xampp\htdocs\SmartOrder\ThinkPHP\Library\Think\Db\Driver.class.php 第 353 行.
NOTIC: [8] Undefined variable: set D:\xampp\htdocs\SmartOrder\ThinkPHP\Library\Think\Db\Driver.class.php 第 366 行.
NOTIC: [2] implode(): Invalid arguments passed D:\xampp\htdocs\SmartOrder\ThinkPHP\Library\Think\Db\Driver.class.php 第 366 行.
ERR: SQLSTATE[42000]: Syntax error or access violation: 1064 You have an error in your SQL syntax; check the manual that corresponds to your MariaDB server version for the right syntax to use near 'WHERE ( conf="adSynVersion" )' at line 1
NOTIC: [2] Cannot modify header information - headers already sent by (output started at D:\xampp\htdocs\SmartOrder\ThinkPHP\Common\functions.php:793) D:\xampp\htdocs\SmartOrder\ThinkPHP\Library\Think\Think.class.php 第 229 行.
NOTIC: [2] Cannot modify header information - headers already sent by (output started at D:\xampp\htdocs\SmartOrder\ThinkPHP\Common\functions.php:793) D:\xampp\htdocs\SmartOrder\ThinkPHP\Library\Think\Think.class.php 第 230 行.

[ 2018-01-10T16:41:24+08:00 ] ::1 /smartorder/SynData/Update/updateAd
INFO: [ app_init ] --START--
INFO: Run Behavior\BuildLiteBehavior [ RunTime:0.000013s ]
INFO: [ app_init ] --END-- [ RunTime:0.000370s ]
INFO: [ app_begin ] --START--
INFO: Run Behavior\ReadHtmlCacheBehavior [ RunTime:0.000512s ]
INFO: [ app_begin ] --END-- [ RunTime:0.000551s ]
SQL: SHOW COLUMNS FROM `so_config` [ RunTime:0.0035s ]
SQL: SELECT * FROM `so_config` WHERE `conf` = 'cloud_ip' LIMIT 1   [ RunTime:0.0002s ]
SQL: SELECT * FROM `so_config` WHERE `conf` = 'synKey' LIMIT 1   [ RunTime:0.0001s ]
SQL: SELECT * FROM `so_config` WHERE `conf` = 'adSynVersion' LIMIT 1   [ RunTime:0.0001s ]
SQL: UPDATE `so_config` SET `val`='1515573119' WHERE ( conf="adSynVersion" ) [ RunTime:0.0405s ]
NOTIC: [8] Undefined variable: updateConfig D:\xampp\htdocs\SmartOrder\Application\SynData\Controller\UpdateController.class.php 第 146 行.

[ 2018-01-10T16:43:31+08:00 ] ::1 /smartorder/SynData/Update/updateAd
ERR: 没有要更新的广告数据
[ 2018-01-10T16:43:31+08:00 ] ::1 /smartorder/SynData/Update/updateAd
INFO: [ app_init ] --START--
INFO: Run Behavior\BuildLiteBehavior [ RunTime:0.000010s ]
INFO: [ app_init ] --END-- [ RunTime:0.000346s ]
INFO: [ app_begin ] --START--
INFO: Run Behavior\ReadHtmlCacheBehavior [ RunTime:0.000466s ]
INFO: [ app_begin ] --END-- [ RunTime:0.000499s ]
SQL: SHOW COLUMNS FROM `so_config` [ RunTime:0.0023s ]
SQL: SELECT * FROM `so_config` WHERE `conf` = 'cloud_ip' LIMIT 1   [ RunTime:0.0003s ]
SQL: SELECT * FROM `so_config` WHERE `conf` = 'synKey' LIMIT 1   [ RunTime:0.0002s ]
SQL: SELECT * FROM `so_config` WHERE `conf` = 'adSynVersion' LIMIT 1   [ RunTime:0.0002s ]
INFO: [ app_end ] --START--
INFO: Run Behavior\ShowPageTraceBehavior [ RunTime:0.000480s ]
INFO: Run Common\Behavior\CronRunBehavior [ RunTime:0.001977s ]
INFO: [ app_end ] --END-- [ RunTime:0.002537s ]

[ 2018-01-10T16:44:46+08:00 ] ::1 /smartorder/SynData/Update/updateAd
INFO: [ app_init ] --START--
INFO: Run Behavior\BuildLiteBehavior [ RunTime:0.000010s ]
INFO: [ app_init ] --END-- [ RunTime:0.000315s ]
INFO: [ app_begin ] --START--
INFO: Run Behavior\ReadHtmlCacheBehavior [ RunTime:0.000531s ]
INFO: [ app_begin ] --END-- [ RunTime:0.000566s ]
SQL: SHOW COLUMNS FROM `so_config` [ RunTime:0.0018s ]
SQL: SELECT * FROM `so_config` WHERE `conf` = 'cloud_ip' LIMIT 1   [ RunTime:0.0002s ]
SQL: SELECT * FROM `so_config` WHERE `conf` = 'synKey' LIMIT 1   [ RunTime:0.0001s ]
SQL: SELECT * FROM `so_config` WHERE `conf` = 'adSynVersion' LIMIT 1   [ RunTime:0.0002s ]
SQL: UPDATE `so_config` SET `val`='1515573119' WHERE ( conf="adSynVersion" ) [ RunTime:0.0407s ]
NOTIC: [8] Undefined variable: updateConfig D:\xampp\htdocs\SmartOrder\Application\SynData\Controller\UpdateController.class.php 第 145 行.

[ 2018-01-10T16:46:50+08:00 ] ::1 /smartorder/SynData/Update/updateAd
ERR: 没有要更新的广告数据
[ 2018-01-10T16:46:50+08:00 ] ::1 /smartorder/SynData/Update/updateAd
INFO: [ app_init ] --START--
INFO: Run Behavior\BuildLiteBehavior [ RunTime:0.000019s ]
INFO: [ app_init ] --END-- [ RunTime:0.000650s ]
INFO: [ app_begin ] --START--
INFO: Run Behavior\ReadHtmlCacheBehavior [ RunTime:0.001410s ]
INFO: [ app_begin ] --END-- [ RunTime:0.001504s ]
SQL: SHOW COLUMNS FROM `so_config` [ RunTime:0.0017s ]
SQL: SELECT * FROM `so_config` WHERE `conf` = 'cloud_ip' LIMIT 1   [ RunTime:0.0002s ]
SQL: SELECT * FROM `so_config` WHERE `conf` = 'synKey' LIMIT 1   [ RunTime:0.0001s ]
SQL: SELECT * FROM `so_config` WHERE `conf` = 'adSynVersion' LIMIT 1   [ RunTime:0.0001s ]
INFO: [ app_end ] --START--
INFO: Run Behavior\ShowPageTraceBehavior [ RunTime:0.000561s ]
INFO: Run Common\Behavior\CronRunBehavior [ RunTime:0.001861s ]
INFO: [ app_end ] --END-- [ RunTime:0.002487s ]

[ 2018-01-10T16:47:56+08:00 ] ::1 /smartorder/SynData/Update/updateAd
ERR: 没有要更新的广告数据
[ 2018-01-10T16:47:56+08:00 ] ::1 /smartorder/SynData/Update/updateAd
INFO: [ app_init ] --START--
INFO: Run Behavior\BuildLiteBehavior [ RunTime:0.000018s ]
INFO: [ app_init ] --END-- [ RunTime:0.000447s ]
INFO: [ app_begin ] --START--
INFO: Run Behavior\ReadHtmlCacheBehavior [ RunTime:0.000868s ]
INFO: [ app_begin ] --END-- [ RunTime:0.000926s ]
SQL: SHOW COLUMNS FROM `so_config` [ RunTime:0.0018s ]
SQL: SELECT * FROM `so_config` WHERE `conf` = 'cloud_ip' LIMIT 1   [ RunTime:0.0002s ]
SQL: SELECT * FROM `so_config` WHERE `conf` = 'synKey' LIMIT 1   [ RunTime:0.0002s ]
SQL: SELECT * FROM `so_config` WHERE `conf` = 'adSynVersion' LIMIT 1   [ RunTime:0.0002s ]
INFO: [ app_end ] --START--
INFO: Run Behavior\ShowPageTraceBehavior [ RunTime:0.000547s ]
INFO: Run Common\Behavior\CronRunBehavior [ RunTime:0.001774s ]
INFO: [ app_end ] --END-- [ RunTime:0.002397s ]

[ 2018-01-10T16:47:57+08:00 ] ::1 /smartorder/SynData/Update/updateAd
ERR: 没有要更新的广告数据
[ 2018-01-10T16:47:57+08:00 ] ::1 /smartorder/SynData/Update/updateAd
INFO: [ app_init ] --START--
INFO: Run Behavior\BuildLiteBehavior [ RunTime:0.000011s ]
INFO: [ app_init ] --END-- [ RunTime:0.000439s ]
INFO: [ app_begin ] --START--
INFO: Run Behavior\ReadHtmlCacheBehavior [ RunTime:0.000454s ]
INFO: [ app_begin ] --END-- [ RunTime:0.000486s ]
SQL: SHOW COLUMNS FROM `so_config` [ RunTime:0.0017s ]
SQL: SELECT * FROM `so_config` WHERE `conf` = 'cloud_ip' LIMIT 1   [ RunTime:0.0003s ]
SQL: SELECT * FROM `so_config` WHERE `conf` = 'synKey' LIMIT 1   [ RunTime:0.0001s ]
SQL: SELECT * FROM `so_config` WHERE `conf` = 'adSynVersion' LIMIT 1   [ RunTime:0.0001s ]
INFO: [ app_end ] --START--
INFO: Run Behavior\ShowPageTraceBehavior [ RunTime:0.002214s ]
INFO: Run Common\Behavior\CronRunBehavior [ RunTime:0.001543s ]
INFO: [ app_end ] --END-- [ RunTime:0.003841s ]

[ 2018-01-10T16:48:39+08:00 ] ::1 /smartorder/SynData/Update/updateAd
INFO: [ app_init ] --START--
INFO: Run Behavior\BuildLiteBehavior [ RunTime:0.000020s ]
INFO: [ app_init ] --END-- [ RunTime:0.000673s ]
INFO: [ app_begin ] --START--
INFO: Run Behavior\ReadHtmlCacheBehavior [ RunTime:0.000750s ]
INFO: [ app_begin ] --END-- [ RunTime:0.000792s ]
SQL: SHOW COLUMNS FROM `so_config` [ RunTime:0.0018s ]
SQL: SELECT * FROM `so_config` WHERE `conf` = 'cloud_ip' LIMIT 1   [ RunTime:0.0002s ]
SQL: SELECT * FROM `so_config` WHERE `conf` = 'synKey' LIMIT 1   [ RunTime:0.0002s ]
SQL: SELECT * FROM `so_config` WHERE `conf` = 'adSynVersion' LIMIT 1   [ RunTime:0.0002s ]
SQL: UPDATE `so_config` SET `val`='1515573119' WHERE ( conf="adSynVersion" ) [ RunTime:0.0507s ]
SQL: SHOW COLUMNS FROM `so_ads` [ RunTime:0.0030s ]
SQL: SELECT * FROM `so_ads` WHERE `adnum` = 77 LIMIT 1   [ RunTime:0.0005s ]

[ 2018-01-10T16:49:28+08:00 ] ::1 /smartorder/SynData/Update/updateAd
INFO: [ app_init ] --START--
INFO: Run Behavior\BuildLiteBehavior [ RunTime:0.000020s ]
INFO: [ app_init ] --END-- [ RunTime:0.000421s ]
INFO: [ app_begin ] --START--
INFO: Run Behavior\ReadHtmlCacheBehavior [ RunTime:0.001777s ]
INFO: [ app_begin ] --END-- [ RunTime:0.001854s ]
SQL: SHOW COLUMNS FROM `so_config` [ RunTime:0.0017s ]
SQL: SELECT * FROM `so_config` WHERE `conf` = 'cloud_ip' LIMIT 1   [ RunTime:0.0002s ]
SQL: SELECT * FROM `so_config` WHERE `conf` = 'synKey' LIMIT 1   [ RunTime:0.0001s ]
SQL: SELECT * FROM `so_config` WHERE `conf` = 'adSynVersion' LIMIT 1   [ RunTime:0.0002s ]
SQL: UPDATE `so_config` SET `val`='1515573119' WHERE ( conf="adSynVersion" ) [ RunTime:0.0381s ]
SQL: SHOW COLUMNS FROM `so_ads` [ RunTime:0.0017s ]
SQL: SELECT * FROM `so_ads` WHERE `adnum` = 77 LIMIT 1   [ RunTime:0.0002s ]
NOTIC: [8] Undefined variable: adinfo D:\xampp\htdocs\SmartOrder\Application\SynData\Controller\UpdateController.class.php 第 154 行.

[ 2018-01-10T16:51:29+08:00 ] ::1 /smartorder/SynData/Update/updateAd
INFO: [ app_init ] --START--
INFO: Run Behavior\BuildLiteBehavior [ RunTime:0.000013s ]
INFO: [ app_init ] --END-- [ RunTime:0.000398s ]
INFO: [ app_begin ] --START--
INFO: Run Behavior\ReadHtmlCacheBehavior [ RunTime:0.000552s ]
INFO: [ app_begin ] --END-- [ RunTime:0.000588s ]
SQL: SHOW COLUMNS FROM `so_config` [ RunTime:0.0042s ]
SQL: SELECT * FROM `so_config` WHERE `conf` = 'cloud_ip' LIMIT 1   [ RunTime:0.0002s ]
SQL: SELECT * FROM `so_config` WHERE `conf` = 'synKey' LIMIT 1   [ RunTime:0.0001s ]
SQL: SELECT * FROM `so_config` WHERE `conf` = 'adSynVersion' LIMIT 1   [ RunTime:0.0001s ]
SQL: UPDATE `so_config` SET `val`='1515573119' WHERE ( conf="adSynVersion" ) [ RunTime:0.0533s ]
SQL: SHOW COLUMNS FROM `so_ads` [ RunTime:0.0020s ]
SQL: SELECT * FROM `so_ads` WHERE `adnum` = 77 LIMIT 1   [ RunTime:0.0002s ]
NOTIC: [8] Undefined variable: adinfo D:\xampp\htdocs\SmartOrder\Application\SynData\Controller\UpdateController.class.php 第 155 行.

[ 2018-01-10T16:52:49+08:00 ] ::1 /smartorder/SynData/Update/updateAd
INFO: [ app_init ] --START--
INFO: Run Behavior\BuildLiteBehavior [ RunTime:0.000010s ]
INFO: [ app_init ] --END-- [ RunTime:0.000381s ]
INFO: [ app_begin ] --START--
INFO: Run Behavior\ReadHtmlCacheBehavior [ RunTime:0.000993s ]
INFO: [ app_begin ] --END-- [ RunTime:0.001041s ]
SQL: SHOW COLUMNS FROM `so_config` [ RunTime:0.0019s ]
SQL: SELECT * FROM `so_config` WHERE `conf` = 'cloud_ip' LIMIT 1   [ RunTime:0.0003s ]
SQL: SELECT * FROM `so_config` WHERE `conf` = 'synKey' LIMIT 1   [ RunTime:0.0002s ]
SQL: SELECT * FROM `so_config` WHERE `conf` = 'adSynVersion' LIMIT 1   [ RunTime:0.0005s ]
SQL: UPDATE `so_config` SET `val`='1515573119' WHERE ( conf="adSynVersion" ) [ RunTime:0.0677s ]
SQL: SHOW COLUMNS FROM `so_ads` [ RunTime:0.0041s ]
SQL: SELECT * FROM `so_ads` WHERE `adnum` = 77 LIMIT 1   [ RunTime:0.0003s ]
NOTIC: [8] Undefined variable: adinfo D:\xampp\htdocs\SmartOrder\Application\SynData\Controller\UpdateController.class.php 第 159 行.
NOTIC: [8] Undefined variable: adinfo D:\xampp\htdocs\SmartOrder\Application\SynData\Controller\UpdateController.class.php 第 160 行.
SQL: SELECT * FROM `so_ads` WHERE `adnum` = 67 LIMIT 1   [ RunTime:0.0004s ]
NOTIC: [8] Undefined variable: adinfo D:\xampp\htdocs\SmartOrder\Application\SynData\Controller\UpdateController.class.php 第 159 行.
NOTIC: [8] Undefined variable: adinfo D:\xampp\htdocs\SmartOrder\Application\SynData\Controller\UpdateController.class.php 第 160 行.
SQL: SELECT * FROM `so_ads` WHERE `adnum` = 59 LIMIT 1   [ RunTime:0.0003s ]
NOTIC: [8] Undefined variable: adinfo D:\xampp\htdocs\SmartOrder\Application\SynData\Controller\UpdateController.class.php 第 159 行.
NOTIC: [8] Undefined variable: adinfo D:\xampp\htdocs\SmartOrder\Application\SynData\Controller\UpdateController.class.php 第 160 行.
SQL: SELECT * FROM `so_ads` WHERE `adnum` = 56 LIMIT 1   [ RunTime:0.0004s ]
NOTIC: [8] Undefined variable: adinfo D:\xampp\htdocs\SmartOrder\Application\SynData\Controller\UpdateController.class.php 第 159 行.
NOTIC: [8] Undefined variable: adinfo D:\xampp\htdocs\SmartOrder\Application\SynData\Controller\UpdateController.class.php 第 160 行.
INFO: [ app_end ] --START--
INFO: Run Behavior\ShowPageTraceBehavior [ RunTime:0.001082s ]
INFO: Run Common\Behavior\CronRunBehavior [ RunTime:0.003353s ]
INFO: [ app_end ] --END-- [ RunTime:0.004553s ]

[ 2018-01-10T16:57:34+08:00 ] ::1 /smartorder/SynData/Update/updateAd
INFO: [ app_init ] --START--
INFO: Run Behavior\BuildLiteBehavior [ RunTime:0.000031s ]
INFO: [ app_init ] --END-- [ RunTime:0.000824s ]
INFO: [ app_begin ] --START--
INFO: Run Behavior\ReadHtmlCacheBehavior [ RunTime:0.000858s ]
INFO: [ app_begin ] --END-- [ RunTime:0.000940s ]
SQL: SHOW COLUMNS FROM `so_config` [ RunTime:0.0020s ]
SQL: SELECT * FROM `so_config` WHERE `conf` = 'cloud_ip' LIMIT 1   [ RunTime:0.0002s ]
SQL: SELECT * FROM `so_config` WHERE `conf` = 'synKey' LIMIT 1   [ RunTime:0.0002s ]
SQL: SELECT * FROM `so_config` WHERE `conf` = 'adSynVersion' LIMIT 1   [ RunTime:0.0002s ]
SQL: UPDATE `so_config` SET `val`='1515573119' WHERE ( conf="adSynVersion" ) [ RunTime:0.0376s ]
SQL: SHOW COLUMNS FROM `so_ads` [ RunTime:0.0022s ]
SQL: SELECT * FROM `so_ads` WHERE `adnum` = 77 LIMIT 1   [ RunTime:0.0005s ]
NOTIC: [8] Undefined variable: adinfo D:\xampp\htdocs\SmartOrder\Application\SynData\Controller\UpdateController.class.php 第 159 行.
NOTIC: [8] Undefined variable: adinfo D:\xampp\htdocs\SmartOrder\Application\SynData\Controller\UpdateController.class.php 第 160 行.
SQL: SELECT * FROM `so_ads` WHERE `adnum` = 67 LIMIT 1   [ RunTime:0.0004s ]
NOTIC: [8] Undefined variable: adinfo D:\xampp\htdocs\SmartOrder\Application\SynData\Controller\UpdateController.class.php 第 159 行.
NOTIC: [8] Undefined variable: adinfo D:\xampp\htdocs\SmartOrder\Application\SynData\Controller\UpdateController.class.php 第 160 行.
SQL: SELECT * FROM `so_ads` WHERE `adnum` = 59 LIMIT 1   [ RunTime:0.0003s ]
NOTIC: [8] Undefined variable: adinfo D:\xampp\htdocs\SmartOrder\Application\SynData\Controller\UpdateController.class.php 第 159 行.
NOTIC: [8] Undefined variable: adinfo D:\xampp\htdocs\SmartOrder\Application\SynData\Controller\UpdateController.class.php 第 160 行.
SQL: SELECT * FROM `so_ads` WHERE `adnum` = 56 LIMIT 1   [ RunTime:0.0003s ]
NOTIC: [8] Undefined variable: adinfo D:\xampp\htdocs\SmartOrder\Application\SynData\Controller\UpdateController.class.php 第 159 行.
NOTIC: [8] Undefined variable: adinfo D:\xampp\htdocs\SmartOrder\Application\SynData\Controller\UpdateController.class.php 第 160 行.
INFO: [ app_end ] --START--
INFO: Run Behavior\ShowPageTraceBehavior [ RunTime:0.001178s ]
INFO: Run Common\Behavior\CronRunBehavior [ RunTime:0.002096s ]
INFO: [ app_end ] --END-- [ RunTime:0.003343s ]

[ 2018-01-10T17:00:27+08:00 ] ::1 /smartorder/SynData/Update/updateAd
INFO: [ app_init ] --START--
INFO: Run Behavior\BuildLiteBehavior [ RunTime:0.000011s ]
INFO: [ app_init ] --END-- [ RunTime:0.000376s ]
INFO: [ app_begin ] --START--
INFO: Run Behavior\ReadHtmlCacheBehavior [ RunTime:0.000525s ]
INFO: [ app_begin ] --END-- [ RunTime:0.000556s ]
SQL: SHOW COLUMNS FROM `so_config` [ RunTime:0.0020s ]
SQL: SELECT * FROM `so_config` WHERE `conf` = 'cloud_ip' LIMIT 1   [ RunTime:0.0003s ]
SQL: SELECT * FROM `so_config` WHERE `conf` = 'synKey' LIMIT 1   [ RunTime:0.0002s ]
SQL: SELECT * FROM `so_config` WHERE `conf` = 'adSynVersion' LIMIT 1   [ RunTime:0.0002s ]
SQL: UPDATE `so_config` SET `val`='1515573119' WHERE ( conf="adSynVersion" ) [ RunTime:0.0418s ]
SQL: SHOW COLUMNS FROM `so_ads` [ RunTime:0.0032s ]
SQL: SELECT * FROM `so_ads` WHERE `adnum` = 77 LIMIT 1   [ RunTime:0.0002s ]
SQL: INSERT INTO `so_ads` (`adnum`,`starttime`,`endtime`,`adname`,`adtext`,`adremark`,`adpic`,`adhref`,`adtitle`,`adtype`,`introduction`,`activity`,`phone`,`vehicle`,`is_delete`,`adverify_time`,`ad_hotel`) VALUES ('77','2017-12-06','2018-12-28','测试修改','这里写内容撒','撒旦','/cloud/Data/Uploads/Images/微信图片_20171211222906.png','撒旦','撒旦','1','撒旦','撒','15034104778','1','0','1515571700','13') [ RunTime:0.0002s ]

[ 2018-01-10T17:01:12+08:00 ] ::1 /smartorder/SynData/Update/updateAd
INFO: [ app_init ] --START--
INFO: Run Behavior\BuildLiteBehavior [ RunTime:0.000019s ]
INFO: [ app_init ] --END-- [ RunTime:0.000423s ]
INFO: [ app_begin ] --START--
INFO: Run Behavior\ReadHtmlCacheBehavior [ RunTime:0.000634s ]
INFO: [ app_begin ] --END-- [ RunTime:0.000666s ]
SQL: SHOW COLUMNS FROM `so_config` [ RunTime:0.0019s ]
SQL: SELECT * FROM `so_config` WHERE `conf` = 'cloud_ip' LIMIT 1   [ RunTime:0.0003s ]
SQL: SELECT * FROM `so_config` WHERE `conf` = 'synKey' LIMIT 1   [ RunTime:0.0021s ]
SQL: SELECT * FROM `so_config` WHERE `conf` = 'adSynVersion' LIMIT 1   [ RunTime:0.0002s ]
SQL: UPDATE `so_config` SET `val`='1515573119' WHERE ( conf="adSynVersion" ) [ RunTime:0.0710s ]
SQL: SHOW COLUMNS FROM `so_ads` [ RunTime:0.0018s ]
SQL: SELECT * FROM `so_ads` WHERE `adnum` = 77 LIMIT 1   [ RunTime:0.0002s ]
SQL: UPDATE `so_ads` SET `starttime`='2017-12-06',`endtime`='2018-12-28',`adname`='测试修改',`adtext`='这里写内容撒',`adremark`='撒旦',`adpic`='/cloud/Data/Uploads/Images/微信图片_20171211222906.png',`adhref`='撒旦',`adtitle`='撒旦',`adtype`='1',`introduction`='撒旦',`activity`='撒',`phone`='15034104778',`vehicle`='1',`is_delete`='0',`adverify_time`='1515571700',`ad_hotel`='13' WHERE `adnum` = 77 [ RunTime:0.0002s ]
SQL: SELECT * FROM `so_ads` WHERE `adnum` = 67 LIMIT 1   [ RunTime:0.0002s ]
SQL: INSERT INTO `so_ads` (`adnum`,`starttime`,`endtime`,`adname`,`adtext`,`adremark`,`adpic`,`adhref`,`adtitle`,`adtype`,`introduction`,`activity`,`phone`,`vehicle`,`is_delete`,`adverify_time`,`ad_hotel`) VALUES ('67','2017-12-01','2018-12-22','我是侯自强','这里写内容撒','撒旦','/cloud/Data/Uploads/Images/微信图片_20171211222906.png','撒旦','撒旦','1','撒旦','撒','15034104778','1','0','1515568765','13') [ RunTime:0.0002s ]
SQL: SELECT * FROM `so_ads` WHERE `adnum` = 59 LIMIT 1   [ RunTime:0.0002s ]
SQL: INSERT INTO `so_ads` (`adnum`,`starttime`,`endtime`,`adname`,`adtext`,`adremark`,`adpic`,`adhref`,`adtitle`,`adtype`,`introduction`,`activity`,`phone`,`vehicle`,`is_delete`,`adverify_time`,`ad_hotel`) VALUES ('59','2017-12-06','2018-12-25','223','第三方','','/cloud/Data/Uploads/Images/72100AF9D76F.jpg','','','1','','','18800107178','','0','1515568399','13,12') [ RunTime:0.0002s ]
SQL: SELECT * FROM `so_ads` WHERE `adnum` = 56 LIMIT 1   [ RunTime:0.0002s ]
SQL: INSERT INTO `so_ads` (`adnum`,`starttime`,`endtime`,`adname`,`adtext`,`adremark`,`adpic`,`adhref`,`adtitle`,`adtype`,`introduction`,`activity`,`phone`,`vehicle`,`is_delete`,`adverify_time`,`ad_hotel`) VALUES ('56','2017-12-02','2018-12-30','金拱门','金拱门欢迎你！','这是备注','/cloud/Data/Uploads/Images/卢浮宫.png','http://balabala','金拱门','1','金拱门欢迎你！','无','18310189377','0','0','1515573119','13') [ RunTime:0.0002s ]
INFO: [ app_end ] --START--
INFO: Run Behavior\ShowPageTraceBehavior [ RunTime:0.000631s ]
INFO: Run Common\Behavior\CronRunBehavior [ RunTime:0.001834s ]
INFO: [ app_end ] --END-- [ RunTime:0.002523s ]

[ 2018-01-10T17:02:53+08:00 ] ::1 /smartorder/SynData/Update/updateAd
INFO: [ app_init ] --START--
INFO: Run Behavior\BuildLiteBehavior [ RunTime:0.000011s ]
INFO: [ app_init ] --END-- [ RunTime:0.000349s ]
INFO: [ app_begin ] --START--
INFO: Run Behavior\ReadHtmlCacheBehavior [ RunTime:0.000594s ]
INFO: [ app_begin ] --END-- [ RunTime:0.000633s ]
SQL: SHOW COLUMNS FROM `so_config` [ RunTime:0.0019s ]
SQL: SELECT * FROM `so_config` WHERE `conf` = 'cloud_ip' LIMIT 1   [ RunTime:0.0004s ]
SQL: SELECT * FROM `so_config` WHERE `conf` = 'synKey' LIMIT 1   [ RunTime:0.0003s ]
SQL: SELECT * FROM `so_config` WHERE `conf` = 'adSynVersion' LIMIT 1   [ RunTime:0.0002s ]
SQL: UPDATE `so_config` SET `val`='1515573119' WHERE ( conf="adSynVersion" ) [ RunTime:0.0288s ]
SQL: SHOW COLUMNS FROM `so_ads` [ RunTime:0.0022s ]
SQL: SELECT * FROM `so_ads` WHERE `adnum` = 77 LIMIT 1   [ RunTime:0.0002s ]
SQL: UPDATE `so_ads` SET `starttime`='2017-12-06',`endtime`='2018-12-28',`adname`='测试',`adtext`='这里写内容撒',`adremark`='撒旦',`adpic`='/cloud/Data/Uploads/Images/微信图片_20171211222906.png',`adhref`='撒旦',`adtitle`='撒旦',`adtype`='1',`introduction`='撒旦',`activity`='撒',`phone`='15034104778',`vehicle`='1',`is_delete`='0',`adverify_time`='1515571700',`ad_hotel`='13' WHERE `adnum` = 77 [ RunTime:0.0002s ]
SQL: SELECT * FROM `so_ads` WHERE `adnum` = 67 LIMIT 1   [ RunTime:0.0002s ]
SQL: UPDATE `so_ads` SET `starttime`='2017-12-01',`endtime`='2018-12-22',`adname`='我是侯自强',`adtext`='这里写内容撒',`adremark`='撒旦',`adpic`='/cloud/Data/Uploads/Images/微信图片_20171211222906.png',`adhref`='撒旦',`adtitle`='撒旦',`adtype`='1',`introduction`='撒旦',`activity`='撒',`phone`='15034104778',`vehicle`='1',`is_delete`='0',`adverify_time`='1515568765',`ad_hotel`='13' WHERE `adnum` = 67 [ RunTime:0.0001s ]
SQL: SELECT * FROM `so_ads` WHERE `adnum` = 59 LIMIT 1   [ RunTime:0.0002s ]
SQL: UPDATE `so_ads` SET `starttime`='2017-12-06',`endtime`='2018-12-25',`adname`='223',`adtext`='第三方',`adremark`='',`adpic`='/cloud/Data/Uploads/Images/72100AF9D76F.jpg',`adhref`='',`adtitle`='',`adtype`='1',`introduction`='',`activity`='',`phone`='18800107178',`vehicle`='',`is_delete`='0',`adverify_time`='1515568399',`ad_hotel`='13,12' WHERE `adnum` = 59 [ RunTime:0.0002s ]
SQL: SELECT * FROM `so_ads` WHERE `adnum` = 56 LIMIT 1   [ RunTime:0.0002s ]
SQL: UPDATE `so_ads` SET `starttime`='2017-12-02',`endtime`='2018-12-30',`adname`='金拱门',`adtext`='金拱门欢迎你！',`adremark`='这是备注',`adpic`='/cloud/Data/Uploads/Images/卢浮宫.png',`adhref`='http://balabala',`adtitle`='金拱门',`adtype`='1',`introduction`='金拱门欢迎你！',`activity`='无',`phone`='18310189377',`vehicle`='0',`is_delete`='0',`adverify_time`='1515573119',`ad_hotel`='13' WHERE `adnum` = 56 [ RunTime:0.0002s ]
INFO: [ app_end ] --START--
INFO: Run Behavior\ShowPageTraceBehavior [ RunTime:0.000736s ]
INFO: Run Common\Behavior\CronRunBehavior [ RunTime:0.003102s ]
INFO: [ app_end ] --END-- [ RunTime:0.003953s ]

[ 2018-01-10T17:03:23+08:00 ] 127.0.0.1 /smartorder/SynData/Update/updateAd
INFO: [ app_init ] --START--
INFO: Run Behavior\BuildLiteBehavior [ RunTime:0.000021s ]
INFO: [ app_init ] --END-- [ RunTime:0.002309s ]
INFO: [ app_begin ] --START--
INFO: Run Behavior\ReadHtmlCacheBehavior [ RunTime:0.000632s ]
INFO: [ app_begin ] --END-- [ RunTime:0.000672s ]
SQL: SHOW COLUMNS FROM `so_config` [ RunTime:0.0021s ]
SQL: SELECT * FROM `so_config` WHERE `conf` = 'cloud_ip' LIMIT 1   [ RunTime:0.0002s ]
SQL: SELECT * FROM `so_config` WHERE `conf` = 'synKey' LIMIT 1   [ RunTime:0.0002s ]
SQL: SELECT * FROM `so_config` WHERE `conf` = 'adSynVersion' LIMIT 1   [ RunTime:0.0002s ]
SQL: UPDATE `so_config` SET `val`='1515575003' WHERE ( conf="adSynVersion" ) [ RunTime:0.0388s ]
SQL: SHOW COLUMNS FROM `so_ads` [ RunTime:0.0025s ]
SQL: SELECT * FROM `so_ads` WHERE `adnum` = 56 LIMIT 1   [ RunTime:0.0003s ]
SQL: UPDATE `so_ads` SET `starttime`='2017-12-02',`endtime`='2018-12-30',`adname`='金拱门',`adtext`='金拱门欢迎你！',`adremark`='这是备注',`adpic`='/cloud/Data/Uploads/Images/卢浮宫.png',`adhref`='http://balabala',`adtitle`='金拱门',`adtype`='1',`introduction`='金拱门欢迎你！',`activity`='无',`phone`='18310189377',`vehicle`='0',`is_delete`='0',`adverify_time`='1515575003',`ad_hotel`='13' WHERE `adnum` = 56 [ RunTime:0.0005s ]
INFO: [ app_end ] --START--
INFO: Run Behavior\ShowPageTraceBehavior [ RunTime:0.000682s ]
INFO: Run Common\Behavior\CronRunBehavior [ RunTime:0.001740s ]
INFO: [ app_end ] --END-- [ RunTime:0.002475s ]

[ 2018-01-10T17:04:13+08:00 ] 127.0.0.1 /smartorder/SynData/Update/updateAd
INFO: [ app_init ] --START--
INFO: Run Behavior\BuildLiteBehavior [ RunTime:0.000009s ]
INFO: [ app_init ] --END-- [ RunTime:0.000323s ]
INFO: [ app_begin ] --START--
INFO: Run Behavior\ReadHtmlCacheBehavior [ RunTime:0.000517s ]
INFO: [ app_begin ] --END-- [ RunTime:0.000551s ]
SQL: SHOW COLUMNS FROM `so_config` [ RunTime:0.0041s ]
SQL: SELECT * FROM `so_config` WHERE `conf` = 'cloud_ip' LIMIT 1   [ RunTime:0.0009s ]
SQL: SELECT * FROM `so_config` WHERE `conf` = 'synKey' LIMIT 1   [ RunTime:0.0004s ]
SQL: SELECT * FROM `so_config` WHERE `conf` = 'adSynVersion' LIMIT 1   [ RunTime:0.0004s ]
SQL: UPDATE `so_config` SET `val`='1515575052' WHERE ( conf="adSynVersion" ) [ RunTime:0.0334s ]
INFO: [ app_end ] --START--
INFO: Run Behavior\ShowPageTraceBehavior [ RunTime:0.001629s ]
INFO: Run Common\Behavior\CronRunBehavior [ RunTime:0.002099s ]
INFO: [ app_end ] --END-- [ RunTime:0.003867s ]

[ 2018-01-10T17:04:32+08:00 ] ::1 /smartorder/SynData/Update/updateAd
ERR: 没有要更新的广告数据
[ 2018-01-10T17:04:32+08:00 ] ::1 /smartorder/SynData/Update/updateAd
INFO: [ app_init ] --START--
INFO: Run Behavior\BuildLiteBehavior [ RunTime:0.000009s ]
INFO: [ app_init ] --END-- [ RunTime:0.000407s ]
INFO: [ app_begin ] --START--
INFO: Run Behavior\ReadHtmlCacheBehavior [ RunTime:0.000701s ]
INFO: [ app_begin ] --END-- [ RunTime:0.000753s ]
SQL: SHOW COLUMNS FROM `so_config` [ RunTime:0.0019s ]
SQL: SELECT * FROM `so_config` WHERE `conf` = 'cloud_ip' LIMIT 1   [ RunTime:0.0003s ]
SQL: SELECT * FROM `so_config` WHERE `conf` = 'synKey' LIMIT 1   [ RunTime:0.0002s ]
SQL: SELECT * FROM `so_config` WHERE `conf` = 'adSynVersion' LIMIT 1   [ RunTime:0.0002s ]
INFO: [ app_end ] --START--
INFO: Run Behavior\ShowPageTraceBehavior [ RunTime:0.000653s ]
INFO: Run Common\Behavior\CronRunBehavior [ RunTime:0.002298s ]
INFO: [ app_end ] --END-- [ RunTime:0.003046s ]

[ 2018-01-10T17:08:21+08:00 ] ::1 /smartorder/SynData/Update/updateAd
INFO: [ app_init ] --START--
INFO: Run Behavior\BuildLiteBehavior [ RunTime:0.000014s ]
INFO: [ app_init ] --END-- [ RunTime:0.000412s ]
INFO: [ app_begin ] --START--
INFO: Run Behavior\ReadHtmlCacheBehavior [ RunTime:0.000636s ]
INFO: [ app_begin ] --END-- [ RunTime:0.000678s ]
SQL: SHOW COLUMNS FROM `so_config` [ RunTime:0.0021s ]
SQL: SELECT * FROM `so_config` WHERE `conf` = 'cloud_ip' LIMIT 1   [ RunTime:0.0002s ]
SQL: SELECT * FROM `so_config` WHERE `conf` = 'synKey' LIMIT 1   [ RunTime:0.0002s ]
SQL: SELECT * FROM `so_config` WHERE `conf` = 'adSynVersion' LIMIT 1   [ RunTime:0.0002s ]

[ 2018-01-10T17:08:52+08:00 ] ::1 /smartorder/SynData/Update/updateAd
INFO: [ app_init ] --START--
INFO: Run Behavior\BuildLiteBehavior [ RunTime:0.000017s ]
INFO: [ app_init ] --END-- [ RunTime:0.000606s ]
INFO: [ app_begin ] --START--
INFO: Run Behavior\ReadHtmlCacheBehavior [ RunTime:0.002107s ]
INFO: [ app_begin ] --END-- [ RunTime:0.002167s ]
SQL: SHOW COLUMNS FROM `so_config` [ RunTime:0.0017s ]
SQL: SELECT * FROM `so_config` WHERE `conf` = 'cloud_ip' LIMIT 1   [ RunTime:0.0002s ]
SQL: SELECT * FROM `so_config` WHERE `conf` = 'synKey' LIMIT 1   [ RunTime:0.0001s ]
SQL: SELECT * FROM `so_config` WHERE `conf` = 'adSynVersion' LIMIT 1   [ RunTime:0.0001s ]
SQL: UPDATE `so_config` SET `val`='1515575052' WHERE ( conf="adSynVersion" ) [ RunTime:0.0661s ]
SQL: SHOW COLUMNS FROM `so_ads` [ RunTime:0.0038s ]
SQL: SELECT * FROM `so_ads` WHERE `adnum` = 77 LIMIT 1   [ RunTime:0.0003s ]
SQL: UPDATE `so_ads` SET `starttime`='2017-12-06',`endtime`='2018-12-28',`adname`='测试',`adtext`='这里写内容撒',`adremark`='撒旦',`adpic`='/cloud/Data/Uploads/Images/微信图片_20171211222906.png',`adhref`='撒旦',`adtitle`='撒旦',`adtype`='1',`introduction`='撒旦',`activity`='撒',`phone`='15034104778',`vehicle`='1',`is_delete`='0',`adverify_time`='1515571700',`ad_hotel`='13' WHERE `adnum` = 77 [ RunTime:0.0002s ]
SQL: SELECT * FROM `so_ads` WHERE `adnum` = 75 LIMIT 1   [ RunTime:0.0002s ]
SQL: INSERT INTO `so_ads` (`adnum`,`starttime`,`endtime`,`adname`,`adtext`,`adremark`,`adpic`,`adhref`,`adtitle`,`adtype`,`introduction`,`activity`,`phone`,`vehicle`,`is_delete`,`adverify_time`,`ad_hotel`) VALUES ('75','2017-12-01','2018-12-31','侯氏集团2','内容测试','备注测试','/cloud/Data/Uploads/Images/微信图片_20171211222906.png','www.baidu.com','侯氏集团','1','侯氏集团','满50减20','15034104778','1','0','1515575052','11,12,13') [ RunTime:0.0002s ]
SQL: SELECT * FROM `so_ads` WHERE `adnum` = 67 LIMIT 1   [ RunTime:0.0001s ]
SQL: UPDATE `so_ads` SET `starttime`='2017-12-01',`endtime`='2018-12-22',`adname`='我是侯自强',`adtext`='这里写内容撒',`adremark`='撒旦',`adpic`='/cloud/Data/Uploads/Images/微信图片_20171211222906.png',`adhref`='撒旦',`adtitle`='撒旦',`adtype`='1',`introduction`='撒旦',`activity`='撒',`phone`='15034104778',`vehicle`='1',`is_delete`='0',`adverify_time`='1515568765',`ad_hotel`='13' WHERE `adnum` = 67 [ RunTime:0.0002s ]
SQL: SELECT * FROM `so_ads` WHERE `adnum` = 59 LIMIT 1   [ RunTime:0.0002s ]
SQL: UPDATE `so_ads` SET `starttime`='2017-12-06',`endtime`='2018-12-25',`adname`='223',`adtext`='第三方',`adremark`='',`adpic`='/cloud/Data/Uploads/Images/72100AF9D76F.jpg',`adhref`='',`adtitle`='',`adtype`='1',`introduction`='',`activity`='',`phone`='18800107178',`vehicle`='',`is_delete`='0',`adverify_time`='1515568399',`ad_hotel`='13,12' WHERE `adnum` = 59 [ RunTime:0.0001s ]
SQL: SELECT * FROM `so_ads` WHERE `adnum` = 56 LIMIT 1   [ RunTime:0.0001s ]
SQL: UPDATE `so_ads` SET `starttime`='2017-12-02',`endtime`='2018-12-30',`adname`='金拱门',`adtext`='金拱门欢迎你！',`adremark`='这是备注',`adpic`='/cloud/Data/Uploads/Images/卢浮宫.png',`adhref`='http://balabala',`adtitle`='金拱门',`adtype`='1',`introduction`='金拱门欢迎你！',`activity`='无',`phone`='18310189377',`vehicle`='0',`is_delete`='0',`adverify_time`='1515575003',`ad_hotel`='13' WHERE `adnum` = 56 [ RunTime:0.0001s ]
INFO: [ app_end ] --START--
INFO: Run Behavior\ShowPageTraceBehavior [ RunTime:0.000582s ]
INFO: Run Common\Behavior\CronRunBehavior [ RunTime:0.001858s ]
INFO: [ app_end ] --END-- [ RunTime:0.002505s ]

[ 2018-01-10T17:15:44+08:00 ] 127.0.0.1 /smartorder/SynData/Update/updateAd
INFO: [ app_init ] --START--
INFO: Run Behavior\BuildLiteBehavior [ RunTime:0.000008s ]
INFO: [ app_init ] --END-- [ RunTime:0.000356s ]
INFO: [ app_begin ] --START--
INFO: Run Behavior\ReadHtmlCacheBehavior [ RunTime:0.000526s ]
INFO: [ app_begin ] --END-- [ RunTime:0.000561s ]
SQL: SHOW COLUMNS FROM `so_config` [ RunTime:0.0019s ]
SQL: SELECT * FROM `so_config` WHERE `conf` = 'cloud_ip' LIMIT 1   [ RunTime:0.0003s ]
SQL: SELECT * FROM `so_config` WHERE `conf` = 'synKey' LIMIT 1   [ RunTime:0.0002s ]
SQL: SELECT * FROM `so_config` WHERE `conf` = 'adSynVersion' LIMIT 1   [ RunTime:0.0002s ]
SQL: UPDATE `so_config` SET `val`='1515575744' WHERE ( conf="adSynVersion" ) [ RunTime:0.0315s ]
SQL: SHOW COLUMNS FROM `so_ads` [ RunTime:0.0021s ]
SQL: SELECT * FROM `so_ads` WHERE `adnum` = 75 LIMIT 1   [ RunTime:0.0003s ]
SQL: UPDATE `so_ads` SET `starttime`='2017-12-01',`endtime`='2018-12-31',`adname`='侯氏集团2',`adtext`='内容测试',`adremark`='备注测试',`adpic`='/cloud/Data/Uploads/Images/微信图片_20171211222906.png',`adhref`='www.baidu.com',`adtitle`='侯氏集团',`adtype`='1',`introduction`='侯氏集团',`activity`='满50减20',`phone`='15034104778',`vehicle`='1',`is_delete`='0',`adverify_time`='1515575744',`ad_hotel`='11,12,13' WHERE `adnum` = 75 [ RunTime:0.0003s ]
INFO: [ app_end ] --START--
INFO: Run Behavior\ShowPageTraceBehavior [ RunTime:0.000708s ]
INFO: Run Common\Behavior\CronRunBehavior [ RunTime:0.001728s ]
INFO: [ app_end ] --END-- [ RunTime:0.002503s ]

[ 2018-01-10T17:16:21+08:00 ] 127.0.0.1 /smartorder/SynData/Update/updateAd
INFO: [ app_init ] --START--
INFO: Run Behavior\BuildLiteBehavior [ RunTime:0.000010s ]
INFO: [ app_init ] --END-- [ RunTime:0.000355s ]
INFO: [ app_begin ] --START--
INFO: Run Behavior\ReadHtmlCacheBehavior [ RunTime:0.000428s ]
INFO: [ app_begin ] --END-- [ RunTime:0.000462s ]
SQL: SHOW COLUMNS FROM `so_config` [ RunTime:0.0017s ]
SQL: SELECT * FROM `so_config` WHERE `conf` = 'cloud_ip' LIMIT 1   [ RunTime:0.0002s ]
SQL: SELECT * FROM `so_config` WHERE `conf` = 'synKey' LIMIT 1   [ RunTime:0.0002s ]
SQL: SELECT * FROM `so_config` WHERE `conf` = 'adSynVersion' LIMIT 1   [ RunTime:0.0002s ]
SQL: UPDATE `so_config` SET `val`='1515575781' WHERE ( conf="adSynVersion" ) [ RunTime:0.0317s ]
INFO: [ app_end ] --START--
INFO: Run Behavior\ShowPageTraceBehavior [ RunTime:0.000676s ]
INFO: Run Common\Behavior\CronRunBehavior [ RunTime:0.001726s ]
INFO: [ app_end ] --END-- [ RunTime:0.002474s ]

[ 2018-01-10T17:27:58+08:00 ] ::1 /smartorder/SynData/Update/updateAd
INFO: [ app_init ] --START--
INFO: Run Behavior\BuildLiteBehavior [ RunTime:0.000012s ]
INFO: [ app_init ] --END-- [ RunTime:0.000401s ]
INFO: [ app_begin ] --START--
INFO: Run Behavior\ReadHtmlCacheBehavior [ RunTime:0.000752s ]
INFO: [ app_begin ] --END-- [ RunTime:0.000808s ]
SQL: SHOW COLUMNS FROM `so_config` [ RunTime:0.0191s ]
SQL: SELECT * FROM `so_config` WHERE `conf` = 'cloud_ip' LIMIT 1   [ RunTime:0.0003s ]
SQL: SELECT * FROM `so_config` WHERE `conf` = 'synKey' LIMIT 1   [ RunTime:0.0002s ]
SQL: SELECT * FROM `so_config` WHERE `conf` = 'adSynVersion' LIMIT 1   [ RunTime:0.0002s ]
SQL: UPDATE `so_config` SET `val`='1515575781' WHERE ( conf="adSynVersion" ) [ RunTime:0.0398s ]
SQL: SHOW COLUMNS FROM `so_ads` [ RunTime:0.0022s ]
SQL: SELECT * FROM `so_ads` WHERE `adnum` = 77 LIMIT 1   [ RunTime:0.0003s ]
SQL: UPDATE `so_ads` SET `starttime`='2017-12-06',`endtime`='2018-12-28',`adname`='测试',`adtext`='这里写内容撒',`adremark`='撒旦',`adpic`='/cloud/Data/Uploads/Images/微信图片_20171211222906.png',`adhref`='撒旦',`adtitle`='撒旦',`adtype`='1',`introduction`='撒旦',`activity`='撒',`phone`='15034104778',`vehicle`='1',`is_delete`='0',`adverify_time`='1515571700',`ad_hotel`='13' WHERE `adnum` = 77 [ RunTime:0.0002s ]
SQL: SELECT * FROM `so_ads` WHERE `adnum` = 75 LIMIT 1   [ RunTime:0.0002s ]
SQL: UPDATE `so_ads` SET `starttime`='2017-12-01',`endtime`='2018-12-31',`adname`='侯氏集团2',`adtext`='内容测试',`adremark`='备注测试',`adpic`='/cloud/Data/Uploads/Images/微信图片_20171211222906.png',`adhref`='www.baidu.com',`adtitle`='侯氏集团',`adtype`='1',`introduction`='侯氏集团',`activity`='满50减20',`phone`='15034104778',`vehicle`='1',`is_delete`='0',`adverify_time`='1515575744',`ad_hotel`='11,12,13' WHERE `adnum` = 75 [ RunTime:0.0002s ]
SQL: SELECT * FROM `so_ads` WHERE `adnum` = 67 LIMIT 1   [ RunTime:0.0002s ]
SQL: UPDATE `so_ads` SET `starttime`='2017-12-01',`endtime`='2018-12-22',`adname`='我是侯自强',`adtext`='这里写内容撒',`adremark`='撒旦',`adpic`='/cloud/Data/Uploads/Images/微信图片_20171211222906.png',`adhref`='撒旦',`adtitle`='撒旦',`adtype`='1',`introduction`='撒旦',`activity`='撒',`phone`='15034104778',`vehicle`='1',`is_delete`='0',`adverify_time`='1515568765',`ad_hotel`='13' WHERE `adnum` = 67 [ RunTime:0.0001s ]
SQL: SELECT * FROM `so_ads` WHERE `adnum` = 59 LIMIT 1   [ RunTime:0.0002s ]
SQL: UPDATE `so_ads` SET `starttime`='2017-12-06',`endtime`='2018-12-25',`adname`='223',`adtext`='第三方',`adremark`='',`adpic`='/cloud/Data/Uploads/Images/72100AF9D76F.jpg',`adhref`='',`adtitle`='',`adtype`='1',`introduction`='',`activity`='',`phone`='18800107178',`vehicle`='',`is_delete`='0',`adverify_time`='1515568399',`ad_hotel`='13,12' WHERE `adnum` = 59 [ RunTime:0.0002s ]
SQL: SELECT * FROM `so_ads` WHERE `adnum` = 56 LIMIT 1   [ RunTime:0.0005s ]
SQL: UPDATE `so_ads` SET `starttime`='2017-12-02',`endtime`='2018-12-30',`adname`='金拱门',`adtext`='金拱门欢迎你！',`adremark`='这是备注',`adpic`='/cloud/Data/Uploads/Images/卢浮宫.png',`adhref`='http://balabala',`adtitle`='金拱门',`adtype`='1',`introduction`='金拱门欢迎你！',`activity`='无',`phone`='18310189377',`vehicle`='0',`is_delete`='0',`adverify_time`='1515575003',`ad_hotel`='13' WHERE `adnum` = 56 [ RunTime:0.0002s ]
SQL: SELECT * FROM `so_ads` WHERE `adnum` = 55 LIMIT 1   [ RunTime:0.0002s ]
SQL: INSERT INTO `so_ads` (`adnum`,`starttime`,`endtime`,`adname`,`adtext`,`adremark`,`adpic`,`adhref`,`adtitle`,`adtype`,`introduction`,`activity`,`phone`,`vehicle`,`is_delete`,`adverify_time`,`ad_hotel`) VALUES ('55','2017-12-02','2018-12-13','星巴克','','','/cloud/Data/Uploads/Images/丽江.png','','','1','','','','','0','1515575781','16,13') [ RunTime:0.0003s ]
INFO: [ app_end ] --START--
INFO: Run Behavior\ShowPageTraceBehavior [ RunTime:0.001183s ]
INFO: Run Common\Behavior\CronRunBehavior [ RunTime:0.004667s ]
INFO: [ app_end ] --END-- [ RunTime:0.005926s ]

[ 2018-01-10T17:33:19+08:00 ] 127.0.0.1 /smartorder/SynData/Update/updateAd
INFO: [ app_init ] --START--
INFO: Run Behavior\BuildLiteBehavior [ RunTime:0.000011s ]
INFO: [ app_init ] --END-- [ RunTime:0.000406s ]
INFO: [ app_begin ] --START--
INFO: Run Behavior\ReadHtmlCacheBehavior [ RunTime:0.000518s ]
INFO: [ app_begin ] --END-- [ RunTime:0.000548s ]
SQL: SHOW COLUMNS FROM `so_config` [ RunTime:0.0016s ]
SQL: SELECT * FROM `so_config` WHERE `conf` = 'cloud_ip' LIMIT 1   [ RunTime:0.0002s ]
SQL: SELECT * FROM `so_config` WHERE `conf` = 'synKey' LIMIT 1   [ RunTime:0.0002s ]
SQL: SELECT * FROM `so_config` WHERE `conf` = 'adSynVersion' LIMIT 1   [ RunTime:0.0002s ]
SQL: UPDATE `so_config` SET `val`='1515576799' WHERE ( conf="adSynVersion" ) [ RunTime:0.0425s ]
INFO: [ app_end ] --START--
INFO: Run Behavior\ShowPageTraceBehavior [ RunTime:0.000712s ]
INFO: Run Common\Behavior\CronRunBehavior [ RunTime:0.002077s ]
INFO: [ app_end ] --END-- [ RunTime:0.002869s ]

[ 2018-01-10T18:01:40+08:00 ] 127.0.0.1 /smartorder/SynData/Update/updateAd
INFO: [ app_init ] --START--
INFO: Run Behavior\BuildLiteBehavior [ RunTime:0.000011s ]
INFO: [ app_init ] --END-- [ RunTime:0.000420s ]
INFO: [ app_begin ] --START--
INFO: Run Behavior\ReadHtmlCacheBehavior [ RunTime:0.000477s ]
INFO: [ app_begin ] --END-- [ RunTime:0.000512s ]
SQL: SHOW COLUMNS FROM `so_config` [ RunTime:0.0269s ]
SQL: SELECT * FROM `so_config` WHERE `conf` = 'cloud_ip' LIMIT 1   [ RunTime:0.0003s ]
SQL: SELECT * FROM `so_config` WHERE `conf` = 'synKey' LIMIT 1   [ RunTime:0.0002s ]
SQL: SELECT * FROM `so_config` WHERE `conf` = 'adSynVersion' LIMIT 1   [ RunTime:0.0002s ]
SQL: UPDATE `so_config` SET `val`='1515578499' WHERE ( conf="adSynVersion" ) [ RunTime:0.0369s ]
SQL: SHOW COLUMNS FROM `so_ads` [ RunTime:0.0210s ]
SQL: SELECT * FROM `so_ads` WHERE `adnum` = 77 LIMIT 1   [ RunTime:0.0003s ]
SQL: UPDATE `so_ads` SET `starttime`='2017-12-06',`endtime`='2018-12-28',`adname`='测试',`adtext`='这里写内容撒',`adremark`='撒旦',`adpic`='/cloud/Data/Uploads/Images/微信图片_20171211222906.png',`adhref`='撒旦',`adtitle`='撒旦',`adtype`='1',`introduction`='撒旦',`activity`='撒',`phone`='15034104778',`vehicle`='1',`is_delete`='0',`adverify_time`='1515571700',`ad_hotel`='13' WHERE `adnum` = 77 [ RunTime:0.0003s ]
SQL: SELECT * FROM `so_ads` WHERE `adnum` = 76 LIMIT 1   [ RunTime:0.0002s ]
SQL: INSERT INTO `so_ads` (`adnum`,`starttime`,`endtime`,`adname`,`adtext`,`adremark`,`adpic`,`adhref`,`adtitle`,`adtype`,`introduction`,`activity`,`phone`,`vehicle`,`is_delete`,`adverify_time`,`ad_hotel`) VALUES ('76','2017-12-01','2018-12-22','侯氏集团','这里写内容撒','撒旦','/cloud/Data/Uploads/Images/微信图片_20171211222906.png','撒旦','撒旦','1','撒旦','撒','15034104778','1','0','1515568232','12,13') [ RunTime:0.0002s ]
SQL: SELECT * FROM `so_ads` WHERE `adnum` = 59 LIMIT 1   [ RunTime:0.0002s ]
SQL: UPDATE `so_ads` SET `starttime`='2017-12-06',`endtime`='2018-12-25',`adname`='223',`adtext`='第三方',`adremark`='',`adpic`='/cloud/Data/Uploads/Images/72100AF9D76F.jpg',`adhref`='',`adtitle`='',`adtype`='1',`introduction`='',`activity`='',`phone`='18800107178',`vehicle`='',`is_delete`='0',`adverify_time`='1515568399',`ad_hotel`='13,12' WHERE `adnum` = 59 [ RunTime:0.0002s ]
INFO: [ app_end ] --START--
INFO: Run Behavior\ShowPageTraceBehavior [ RunTime:0.000554s ]
INFO: Run Common\Behavior\CronRunBehavior [ RunTime:0.001661s ]
INFO: [ app_end ] --END-- [ RunTime:0.002269s ]

[ 2018-01-10T18:07:15+08:00 ] 127.0.0.1 /SmartOrder/SynData/Update/updateAd
INFO: [ app_init ] --START--
INFO: Run Behavior\BuildLiteBehavior [ RunTime:0.000010s ]
INFO: [ app_init ] --END-- [ RunTime:0.000359s ]
INFO: [ app_begin ] --START--
INFO: Run Behavior\ReadHtmlCacheBehavior [ RunTime:0.000425s ]
INFO: [ app_begin ] --END-- [ RunTime:0.000455s ]
SQL: SHOW COLUMNS FROM `so_config` [ RunTime:0.0330s ]
SQL: SELECT * FROM `so_config` WHERE `conf` = 'cloud_ip' LIMIT 1   [ RunTime:0.0002s ]
SQL: SELECT * FROM `so_config` WHERE `conf` = 'synKey' LIMIT 1   [ RunTime:0.0001s ]
SQL: SELECT * FROM `so_config` WHERE `conf` = 'adSynVersion' LIMIT 1   [ RunTime:0.0002s ]
SQL: UPDATE `so_config` SET `val`='1515578834' WHERE ( conf="adSynVersion" ) [ RunTime:0.0422s ]
SQL: SHOW COLUMNS FROM `so_ads` [ RunTime:0.0021s ]
SQL: SELECT * FROM `so_ads` WHERE `adnum` = 77 LIMIT 1   [ RunTime:0.0004s ]
SQL: INSERT INTO `so_ads` (`adnum`,`starttime`,`endtime`,`adname`,`adtext`,`adremark`,`adpic`,`adhref`,`adtitle`,`adtype`,`introduction`,`activity`,`phone`,`vehicle`,`is_delete`,`adverify_time`,`ad_hotel`) VALUES ('77','2017-12-06','2018-12-28','测试','这里写内容撒','撒旦','/cloud/Data/Uploads/Images/微信图片_20171211222906.png','撒旦','撒旦','1','撒旦','撒','15034104778','1','0','1515571700','13') [ RunTime:0.0004s ]
SQL: SELECT * FROM `so_ads` WHERE `adnum` = 76 LIMIT 1   [ RunTime:0.0004s ]
SQL: INSERT INTO `so_ads` (`adnum`,`starttime`,`endtime`,`adname`,`adtext`,`adremark`,`adpic`,`adhref`,`adtitle`,`adtype`,`introduction`,`activity`,`phone`,`vehicle`,`is_delete`,`adverify_time`,`ad_hotel`) VALUES ('76','2017-12-01','2018-12-22','侯氏集团','这里写内容撒','撒旦','/cloud/Data/Uploads/Images/微信图片_20171211222906.png','撒旦','撒旦','1','撒旦','撒','15034104778','1','0','1515568232','12,13') [ RunTime:0.0003s ]
SQL: SELECT * FROM `so_ads` WHERE `adnum` = 70 LIMIT 1   [ RunTime:0.0003s ]
SQL: INSERT INTO `so_ads` (`adnum`,`starttime`,`endtime`,`adname`,`adtext`,`adremark`,`adpic`,`adhref`,`adtitle`,`adtype`,`introduction`,`activity`,`phone`,`vehicle`,`is_delete`,`adverify_time`,`ad_hotel`) VALUES ('70','2017-12-01','2018-12-31','侯氏集团22','内容测试','备注测试','/cloud/Data/Uploads/Images/微信图片_20171211222906.png','www.baidu.com','侯氏集团','1','萨达萨达萨达萨达萨达','满50减20','15034104778','1','0','1515578834','13,14,16') [ RunTime:0.0002s ]
SQL: SELECT * FROM `so_ads` WHERE `adnum` = 67 LIMIT 1   [ RunTime:0.0002s ]
SQL: INSERT INTO `so_ads` (`adnum`,`starttime`,`endtime`,`adname`,`adtext`,`adremark`,`adpic`,`adhref`,`adtitle`,`adtype`,`introduction`,`activity`,`phone`,`vehicle`,`is_delete`,`adverify_time`,`ad_hotel`) VALUES ('67','2017-12-01','2018-12-22','我是侯自强','这里写内容撒','撒旦','/cloud/Data/Uploads/Images/微信图片_20171211222906.png','撒旦','撒旦','1','撒旦','撒','15034104778','1','0','1515578499','13') [ RunTime:0.0003s ]
SQL: SELECT * FROM `so_ads` WHERE `adnum` = 59 LIMIT 1   [ RunTime:0.0003s ]
SQL: INSERT INTO `so_ads` (`adnum`,`starttime`,`endtime`,`adname`,`adtext`,`adremark`,`adpic`,`adhref`,`adtitle`,`adtype`,`introduction`,`activity`,`phone`,`vehicle`,`is_delete`,`adverify_time`,`ad_hotel`) VALUES ('59','2017-12-06','2018-12-25','223','第三方','','/cloud/Data/Uploads/Images/72100AF9D76F.jpg','','','1','','','18800107178','','0','1515568399','13,12') [ RunTime:0.0002s ]
INFO: [ app_end ] --START--
INFO: Run Behavior\ShowPageTraceBehavior [ RunTime:0.000587s ]
INFO: Run Common\Behavior\CronRunBehavior [ RunTime:0.001636s ]
INFO: [ app_end ] --END-- [ RunTime:0.002282s ]

