[ 2018-01-11T11:53:03+08:00 ] ::1 /smartorder/cash.php
INFO: [ app_init ] --START--
INFO: Run Behavior\BuildLiteBehavior [ RunTime:0.000011s ]
INFO: [ app_init ] --END-- [ RunTime:0.000354s ]
NOTIC: [8] Use of undefined constant Cash - assumed 'Cash' D:\xampp\htdocs\SmartOrder\Application\Cash\Conf\config.php 第 7 行.
INFO: [ app_begin ] --START--
INFO: Run Behavior\ReadHtmlCacheBehavior [ RunTime:0.000445s ]
INFO: [ app_begin ] --END-- [ RunTime:0.000485s ]

[ 2018-01-11T11:53:03+08:00 ] ::1 /SmartOrder/Cash/Login/index.html
INFO: [ app_init ] --START--
INFO: Run Behavior\BuildLiteBehavior [ RunTime:0.000017s ]
INFO: [ app_init ] --END-- [ RunTime:0.000498s ]
NOTIC: [8] Use of undefined constant Cash - assumed 'Cash' D:\xampp\htdocs\SmartOrder\Application\Cash\Conf\config.php 第 7 行.
INFO: [ app_begin ] --START--
INFO: Run Behavior\ReadHtmlCacheBehavior [ RunTime:0.000572s ]
INFO: [ app_begin ] --END-- [ RunTime:0.000637s ]
INFO: [ view_parse ] --START--
INFO: [ template_filter ] --START--
INFO: Run Behavior\ContentReplaceBehavior [ RunTime:0.000040s ]
INFO: [ template_filter ] --END-- [ RunTime:0.000081s ]
INFO: Run Behavior\ParseTemplateBehavior [ RunTime:0.005141s ]
INFO: [ view_parse ] --END-- [ RunTime:0.005210s ]
INFO: [ view_filter ] --START--
INFO: Run Behavior\WriteHtmlCacheBehavior [ RunTime:0.000268s ]
INFO: [ view_filter ] --END-- [ RunTime:0.000294s ]
INFO: [ app_end ] --START--
INFO: Run Behavior\ShowPageTraceBehavior [ RunTime:0.000414s ]
INFO: Run Common\Behavior\CronRunBehavior [ RunTime:0.003520s ]
INFO: [ app_end ] --END-- [ RunTime:0.003998s ]

[ 2018-01-11T11:53:07+08:00 ] ::1 /SmartOrder/Cash/Login/Login.html
INFO: [ app_init ] --START--
INFO: Run Behavior\BuildLiteBehavior [ RunTime:0.000019s ]
INFO: [ app_init ] --END-- [ RunTime:0.000519s ]
NOTIC: [8] Use of undefined constant Cash - assumed 'Cash' D:\xampp\htdocs\SmartOrder\Application\Cash\Conf\config.php 第 7 行.
INFO: [ app_begin ] --START--
INFO: Run Behavior\ReadHtmlCacheBehavior [ RunTime:0.000888s ]
INFO: [ app_begin ] --END-- [ RunTime:0.000976s ]
SQL: SHOW COLUMNS FROM `so_cash` [ RunTime:0.0113s ]
SQL: SELECT * FROM `so_cash` WHERE `username` = 'admin' LIMIT 1   [ RunTime:0.0005s ]
NOTIC: [8] Undefined index: lock D:\xampp\htdocs\SmartOrder\Application\Cash\Controller\LoginController.class.php 第 34 行.

[ 2018-01-11T11:53:07+08:00 ] ::1 /SmartOrder/Cash/Table/showTable.html
INFO: [ app_init ] --START--
INFO: Run Behavior\BuildLiteBehavior [ RunTime:0.000012s ]
INFO: [ app_init ] --END-- [ RunTime:0.000312s ]
NOTIC: [8] Use of undefined constant Cash - assumed 'Cash' D:\xampp\htdocs\SmartOrder\Application\Cash\Conf\config.php 第 7 行.
INFO: [ app_begin ] --START--
INFO: Run Behavior\ReadHtmlCacheBehavior [ RunTime:0.000338s ]
INFO: [ app_begin ] --END-- [ RunTime:0.000373s ]
SQL: SHOW COLUMNS FROM `so_table` [ RunTime:0.0035s ]
NOTIC: [2048] Declaration of Admin\Model\TableModel::Add() should be compatible with Think\Model::add($data = '', $options = Array, $replace = false) D:\xampp\htdocs\SmartOrder\Application\Admin\Model\TableModel.class.php 第 93 行.
SQL: SHOW COLUMNS FROM `so_table` [ RunTime:0.0023s ]
SQL: SHOW COLUMNS FROM `so_hall` [ RunTime:0.0035s ]
NOTIC: [2] Missing argument 1 for Think\Model::where(), called in D:\xampp\htdocs\SmartOrder\Application\Admin\Model\TableModel.class.php on line 38 and defined D:\xampp\htdocs\SmartOrder\ThinkPHP\Library\Think\Model.class.php 第 1765 行.
NOTIC: [8] Undefined variable: where D:\xampp\htdocs\SmartOrder\ThinkPHP\Library\Think\Model.class.php 第 1773 行.
NOTIC: [8] Undefined variable: where D:\xampp\htdocs\SmartOrder\ThinkPHP\Library\Think\Model.class.php 第 1776 行.
NOTIC: [8] Undefined variable: where D:\xampp\htdocs\SmartOrder\ThinkPHP\Library\Think\Model.class.php 第 1784 行.
SQL: SELECT * FROM `so_hall`  [ RunTime:0.0003s ]
SQL: SELECT `id`,`table_name` FROM `so_table` WHERE `hall_id` = 1  [ RunTime:0.0002s ]
SQL: SELECT `id`,`table_name` FROM `so_table` WHERE `hall_id` = 2  [ RunTime:0.0002s ]
SQL: SELECT `id`,`table_name` FROM `so_table` WHERE `hall_id` = 3  [ RunTime:0.0001s ]
SQL: SELECT `id`,`table_name` FROM `so_table` WHERE `hall_id` = 4  [ RunTime:0.0001s ]
SQL: SELECT `id`,`table_name` FROM `so_table` WHERE `hall_id` = 5  [ RunTime:0.0001s ]
SQL: SHOW COLUMNS FROM `so_book` [ RunTime:0.0022s ]
SQL: SELECT `book_day`,`book_time`,`book_name` FROM `so_book` WHERE `book_table` = 1 AND `book_status` = 0 AND `book_day` = '2018-01-11'  [ RunTime:0.0002s ]
SQL: SELECT COUNT(*) AS tp_count FROM `so_table` WHERE `id` = 1 AND `is_lock` = 1 LIMIT 1   [ RunTime:0.0001s ]
NOTIC: [8] Undefined index: type D:\xampp\htdocs\SmartOrder\Application\Cash\Model\TableModel.class.php 第 50 行.
SQL: SELECT `book_day`,`book_time`,`book_name` FROM `so_book` WHERE `book_table` = 8 AND `book_status` = 0 AND `book_day` = '2018-01-11'  [ RunTime:0.0002s ]
SQL: SELECT COUNT(*) AS tp_count FROM `so_table` WHERE `id` = 8 AND `is_lock` = 1 LIMIT 1   [ RunTime:0.0001s ]
NOTIC: [8] Undefined index: type D:\xampp\htdocs\SmartOrder\Application\Cash\Model\TableModel.class.php 第 50 行.
SQL: SELECT `book_day`,`book_time`,`book_name` FROM `so_book` WHERE `book_table` = 15 AND `book_status` = 0 AND `book_day` = '2018-01-11'  [ RunTime:0.0001s ]
SQL: SELECT COUNT(*) AS tp_count FROM `so_table` WHERE `id` = 15 AND `is_lock` = 1 LIMIT 1   [ RunTime:0.0001s ]
NOTIC: [8] Undefined index: type D:\xampp\htdocs\SmartOrder\Application\Cash\Model\TableModel.class.php 第 50 行.
SQL: SELECT `book_day`,`book_time`,`book_name` FROM `so_book` WHERE `book_table` = 21 AND `book_status` = 0 AND `book_day` = '2018-01-11'  [ RunTime:0.0001s ]
SQL: SELECT COUNT(*) AS tp_count FROM `so_table` WHERE `id` = 21 AND `is_lock` = 1 LIMIT 1   [ RunTime:0.0001s ]
NOTIC: [8] Undefined index: type D:\xampp\htdocs\SmartOrder\Application\Cash\Model\TableModel.class.php 第 50 行.
SQL: SELECT `book_day`,`book_time`,`book_name` FROM `so_book` WHERE `book_table` = 29 AND `book_status` = 0 AND `book_day` = '2018-01-11'  [ RunTime:0.0001s ]
SQL: SELECT COUNT(*) AS tp_count FROM `so_table` WHERE `id` = 29 AND `is_lock` = 1 LIMIT 1   [ RunTime:0.0001s ]
SQL: SELECT `book_day`,`book_time`,`book_name` FROM `so_book` WHERE `book_table` = 30 AND `book_status` = 0 AND `book_day` = '2018-01-11'  [ RunTime:0.0001s ]
SQL: SELECT COUNT(*) AS tp_count FROM `so_table` WHERE `id` = 30 AND `is_lock` = 1 LIMIT 1   [ RunTime:0.0001s ]
SQL: SELECT `book_day`,`book_time`,`book_name` FROM `so_book` WHERE `book_table` = 31 AND `book_status` = 0 AND `book_day` = '2018-01-11'  [ RunTime:0.0001s ]
SQL: SELECT COUNT(*) AS tp_count FROM `so_table` WHERE `id` = 31 AND `is_lock` = 1 LIMIT 1   [ RunTime:0.0001s ]
SQL: SELECT `book_day`,`book_time`,`book_name` FROM `so_book` WHERE `book_table` = 2 AND `book_status` = 0 AND `book_day` = '2018-01-11'  [ RunTime:0.0001s ]
SQL: SELECT COUNT(*) AS tp_count FROM `so_table` WHERE `id` = 2 AND `is_lock` = 1 LIMIT 1   [ RunTime:0.0001s ]
NOTIC: [8] Undefined index: type D:\xampp\htdocs\SmartOrder\Application\Cash\Model\TableModel.class.php 第 50 行.
SQL: SELECT `book_day`,`book_time`,`book_name` FROM `so_book` WHERE `book_table` = 9 AND `book_status` = 0 AND `book_day` = '2018-01-11'  [ RunTime:0.0001s ]
SQL: SELECT COUNT(*) AS tp_count FROM `so_table` WHERE `id` = 9 AND `is_lock` = 1 LIMIT 1   [ RunTime:0.0001s ]
SQL: SELECT `book_day`,`book_time`,`book_name` FROM `so_book` WHERE `book_table` = 11 AND `book_status` = 0 AND `book_day` = '2018-01-11'  [ RunTime:0.0001s ]
SQL: SELECT COUNT(*) AS tp_count FROM `so_table` WHERE `id` = 11 AND `is_lock` = 1 LIMIT 1   [ RunTime:0.0001s ]
SQL: SELECT `book_day`,`book_time`,`book_name` FROM `so_book` WHERE `book_table` = 20 AND `book_status` = 0 AND `book_day` = '2018-01-11'  [ RunTime:0.0001s ]
SQL: SELECT COUNT(*) AS tp_count FROM `so_table` WHERE `id` = 20 AND `is_lock` = 1 LIMIT 1   [ RunTime:0.0001s ]
SQL: SELECT `book_day`,`book_time`,`book_name` FROM `so_book` WHERE `book_table` = 23 AND `book_status` = 0 AND `book_day` = '2018-01-11'  [ RunTime:0.0001s ]
SQL: SELECT COUNT(*) AS tp_count FROM `so_table` WHERE `id` = 23 AND `is_lock` = 1 LIMIT 1   [ RunTime:0.0001s ]
NOTIC: [8] Undefined index: type D:\xampp\htdocs\SmartOrder\Application\Cash\Model\TableModel.class.php 第 50 行.
SQL: SELECT `book_day`,`book_time`,`book_name` FROM `so_book` WHERE `book_table` = 24 AND `book_status` = 0 AND `book_day` = '2018-01-11'  [ RunTime:0.0001s ]
SQL: SELECT COUNT(*) AS tp_count FROM `so_table` WHERE `id` = 24 AND `is_lock` = 1 LIMIT 1   [ RunTime:0.0001s ]
SQL: SELECT `book_day`,`book_time`,`book_name` FROM `so_book` WHERE `book_table` = 27 AND `book_status` = 0 AND `book_day` = '2018-01-11'  [ RunTime:0.0001s ]
SQL: SELECT COUNT(*) AS tp_count FROM `so_table` WHERE `id` = 27 AND `is_lock` = 1 LIMIT 1   [ RunTime:0.0001s ]
SQL: SELECT `book_day`,`book_time`,`book_name` FROM `so_book` WHERE `book_table` = 18 AND `book_status` = 0 AND `book_day` = '2018-01-11'  [ RunTime:0.0001s ]
SQL: SELECT COUNT(*) AS tp_count FROM `so_table` WHERE `id` = 18 AND `is_lock` = 1 LIMIT 1   [ RunTime:0.0001s ]
SQL: SELECT `book_day`,`book_time`,`book_name` FROM `so_book` WHERE `book_table` = 25 AND `book_status` = 0 AND `book_day` = '2018-01-11'  [ RunTime:0.0001s ]
SQL: SELECT COUNT(*) AS tp_count FROM `so_table` WHERE `id` = 25 AND `is_lock` = 1 LIMIT 1   [ RunTime:0.0001s ]
NOTIC: [8] Undefined index: type D:\xampp\htdocs\SmartOrder\Application\Cash\Model\TableModel.class.php 第 50 行.
SQL: SELECT `book_day`,`book_time`,`book_name` FROM `so_book` WHERE `book_table` = 22 AND `book_status` = 0 AND `book_day` = '2018-01-11'  [ RunTime:0.0001s ]
SQL: SELECT COUNT(*) AS tp_count FROM `so_table` WHERE `id` = 22 AND `is_lock` = 1 LIMIT 1   [ RunTime:0.0001s ]
NOTIC: [8] Undefined index: type D:\xampp\htdocs\SmartOrder\Application\Cash\Model\TableModel.class.php 第 50 行.
SQL: SELECT `book_day`,`book_time`,`book_name` FROM `so_book` WHERE `book_table` = 26 AND `book_status` = 0 AND `book_day` = '2018-01-11'  [ RunTime:0.0001s ]
SQL: SELECT COUNT(*) AS tp_count FROM `so_table` WHERE `id` = 26 AND `is_lock` = 1 LIMIT 1   [ RunTime:0.0001s ]
NOTIC: [8] Undefined index: type D:\xampp\htdocs\SmartOrder\Application\Cash\Model\TableModel.class.php 第 50 行.
SQL: SELECT `book_day`,`book_time`,`book_name` FROM `so_book` WHERE `book_table` = 28 AND `book_status` = 0 AND `book_day` = '2018-01-11'  [ RunTime:0.0001s ]
SQL: SELECT COUNT(*) AS tp_count FROM `so_table` WHERE `id` = 28 AND `is_lock` = 1 LIMIT 1   [ RunTime:0.0001s ]
INFO: [ view_parse ] --START--
INFO: [ template_filter ] --START--
INFO: Run Behavior\ContentReplaceBehavior [ RunTime:0.000049s ]
INFO: [ template_filter ] --END-- [ RunTime:0.000086s ]
NOTIC: [8] Undefined index: info D:\xampp\htdocs\SmartOrder\Runtime\Cache\Cash\5647ca14edb9bdf98405dba803324ae2.php 第 100 行.
NOTIC: [8] Undefined index: info D:\xampp\htdocs\SmartOrder\Runtime\Cache\Cash\5647ca14edb9bdf98405dba803324ae2.php 第 100 行.
NOTIC: [8] Undefined index: info D:\xampp\htdocs\SmartOrder\Runtime\Cache\Cash\5647ca14edb9bdf98405dba803324ae2.php 第 100 行.
NOTIC: [8] Undefined index: info D:\xampp\htdocs\SmartOrder\Runtime\Cache\Cash\5647ca14edb9bdf98405dba803324ae2.php 第 100 行.
NOTIC: [8] Undefined index: info D:\xampp\htdocs\SmartOrder\Runtime\Cache\Cash\5647ca14edb9bdf98405dba803324ae2.php 第 100 行.
NOTIC: [8] Undefined index: info D:\xampp\htdocs\SmartOrder\Runtime\Cache\Cash\5647ca14edb9bdf98405dba803324ae2.php 第 100 行.
NOTIC: [8] Undefined index: info D:\xampp\htdocs\SmartOrder\Runtime\Cache\Cash\5647ca14edb9bdf98405dba803324ae2.php 第 100 行.
NOTIC: [8] Undefined index: info D:\xampp\htdocs\SmartOrder\Runtime\Cache\Cash\5647ca14edb9bdf98405dba803324ae2.php 第 100 行.
NOTIC: [8] Undefined index: info D:\xampp\htdocs\SmartOrder\Runtime\Cache\Cash\5647ca14edb9bdf98405dba803324ae2.php 第 100 行.
NOTIC: [8] Undefined index: info D:\xampp\htdocs\SmartOrder\Runtime\Cache\Cash\5647ca14edb9bdf98405dba803324ae2.php 第 100 行.
NOTIC: [8] Undefined index: info D:\xampp\htdocs\SmartOrder\Runtime\Cache\Cash\5647ca14edb9bdf98405dba803324ae2.php 第 100 行.
NOTIC: [8] Undefined index: info D:\xampp\htdocs\SmartOrder\Runtime\Cache\Cash\5647ca14edb9bdf98405dba803324ae2.php 第 100 行.
NOTIC: [8] Undefined index: info D:\xampp\htdocs\SmartOrder\Runtime\Cache\Cash\5647ca14edb9bdf98405dba803324ae2.php 第 100 行.
NOTIC: [8] Undefined index: info D:\xampp\htdocs\SmartOrder\Runtime\Cache\Cash\5647ca14edb9bdf98405dba803324ae2.php 第 100 行.
NOTIC: [8] Undefined index: info D:\xampp\htdocs\SmartOrder\Runtime\Cache\Cash\5647ca14edb9bdf98405dba803324ae2.php 第 100 行.
NOTIC: [8] Undefined index: info D:\xampp\htdocs\SmartOrder\Runtime\Cache\Cash\5647ca14edb9bdf98405dba803324ae2.php 第 100 行.
NOTIC: [8] Undefined index: info D:\xampp\htdocs\SmartOrder\Runtime\Cache\Cash\5647ca14edb9bdf98405dba803324ae2.php 第 100 行.
NOTIC: [8] Undefined index: info D:\xampp\htdocs\SmartOrder\Runtime\Cache\Cash\5647ca14edb9bdf98405dba803324ae2.php 第 100 行.
NOTIC: [8] Undefined index: info D:\xampp\htdocs\SmartOrder\Runtime\Cache\Cash\5647ca14edb9bdf98405dba803324ae2.php 第 100 行.
INFO: Run Behavior\ParseTemplateBehavior [ RunTime:0.008340s ]
INFO: [ view_parse ] --END-- [ RunTime:0.008371s ]
INFO: [ view_filter ] --START--
INFO: Run Behavior\WriteHtmlCacheBehavior [ RunTime:0.000313s ]
INFO: [ view_filter ] --END-- [ RunTime:0.000338s ]
INFO: [ app_end ] --START--
INFO: Run Behavior\ShowPageTraceBehavior [ RunTime:0.000499s ]
INFO: Run Common\Behavior\CronRunBehavior [ RunTime:0.002066s ]
INFO: [ app_end ] --END-- [ RunTime:0.002630s ]

[ 2018-01-11T11:53:10+08:00 ] ::1 /SmartOrder/Cash/order/index
INFO: [ app_init ] --START--
INFO: Run Behavior\BuildLiteBehavior [ RunTime:0.000009s ]
INFO: [ app_init ] --END-- [ RunTime:0.000317s ]
NOTIC: [8] Use of undefined constant Cash - assumed 'Cash' D:\xampp\htdocs\SmartOrder\Application\Cash\Conf\config.php 第 7 行.
INFO: [ app_begin ] --START--
INFO: Run Behavior\ReadHtmlCacheBehavior [ RunTime:0.000415s ]
INFO: [ app_begin ] --END-- [ RunTime:0.000449s ]
SQL: SHOW COLUMNS FROM `so_table` [ RunTime:0.0025s ]
NOTIC: [2] Missing argument 1 for Cash\Model\TableModel::getTableInfo(), called in D:\xampp\htdocs\SmartOrder\Application\Cash\Controller\OrderController.class.php on line 10 and defined D:\xampp\htdocs\SmartOrder\Application\Cash\Model\TableModel.class.php 第 24 行.
NOTIC: [2048] Declaration of Admin\Model\TableModel::Add() should be compatible with Think\Model::add($data = '', $options = Array, $replace = false) D:\xampp\htdocs\SmartOrder\Application\Admin\Model\TableModel.class.php 第 93 行.
SQL: SHOW COLUMNS FROM `so_table` [ RunTime:0.0030s ]
SQL: SHOW COLUMNS FROM `so_hall` [ RunTime:0.0030s ]
NOTIC: [2] Missing argument 1 for Think\Model::where(), called in D:\xampp\htdocs\SmartOrder\Application\Admin\Model\TableModel.class.php on line 38 and defined D:\xampp\htdocs\SmartOrder\ThinkPHP\Library\Think\Model.class.php 第 1765 行.
NOTIC: [8] Undefined variable: where D:\xampp\htdocs\SmartOrder\ThinkPHP\Library\Think\Model.class.php 第 1773 行.
NOTIC: [8] Undefined variable: where D:\xampp\htdocs\SmartOrder\ThinkPHP\Library\Think\Model.class.php 第 1776 行.
NOTIC: [8] Undefined variable: where D:\xampp\htdocs\SmartOrder\ThinkPHP\Library\Think\Model.class.php 第 1784 行.
SQL: SELECT * FROM `so_hall`  [ RunTime:0.0002s ]
SQL: SELECT `id`,`table_name` FROM `so_table` WHERE `hall_id` = 1  [ RunTime:0.0002s ]
SQL: SELECT `id`,`table_name` FROM `so_table` WHERE `hall_id` = 2  [ RunTime:0.0002s ]
SQL: SELECT `id`,`table_name` FROM `so_table` WHERE `hall_id` = 3  [ RunTime:0.0002s ]
SQL: SELECT `id`,`table_name` FROM `so_table` WHERE `hall_id` = 4  [ RunTime:0.0002s ]
SQL: SELECT `id`,`table_name` FROM `so_table` WHERE `hall_id` = 5  [ RunTime:0.0002s ]
NOTIC: [8] Undefined variable: date D:\xampp\htdocs\SmartOrder\Application\Cash\Model\TableModel.class.php 第 32 行.
SQL: SHOW COLUMNS FROM `so_book` [ RunTime:0.0020s ]
SQL: SELECT `book_day`,`book_time`,`book_name` FROM `so_book` WHERE `book_table` = 1 AND `book_status` = 0 AND `book_day` = null  [ RunTime:0.0002s ]
SQL: SELECT COUNT(*) AS tp_count FROM `so_table` WHERE `id` = 1 AND `is_lock` = 1 LIMIT 1   [ RunTime:0.0002s ]
NOTIC: [8] Undefined index: type D:\xampp\htdocs\SmartOrder\Application\Cash\Model\TableModel.class.php 第 50 行.
NOTIC: [8] Undefined variable: date D:\xampp\htdocs\SmartOrder\Application\Cash\Model\TableModel.class.php 第 32 行.
SQL: SELECT `book_day`,`book_time`,`book_name` FROM `so_book` WHERE `book_table` = 8 AND `book_status` = 0 AND `book_day` = null  [ RunTime:0.0002s ]
SQL: SELECT COUNT(*) AS tp_count FROM `so_table` WHERE `id` = 8 AND `is_lock` = 1 LIMIT 1   [ RunTime:0.0001s ]
NOTIC: [8] Undefined index: type D:\xampp\htdocs\SmartOrder\Application\Cash\Model\TableModel.class.php 第 50 行.
NOTIC: [8] Undefined variable: date D:\xampp\htdocs\SmartOrder\Application\Cash\Model\TableModel.class.php 第 32 行.
SQL: SELECT `book_day`,`book_time`,`book_name` FROM `so_book` WHERE `book_table` = 15 AND `book_status` = 0 AND `book_day` = null  [ RunTime:0.0002s ]
SQL: SELECT COUNT(*) AS tp_count FROM `so_table` WHERE `id` = 15 AND `is_lock` = 1 LIMIT 1   [ RunTime:0.0001s ]
NOTIC: [8] Undefined index: type D:\xampp\htdocs\SmartOrder\Application\Cash\Model\TableModel.class.php 第 50 行.
NOTIC: [8] Undefined variable: date D:\xampp\htdocs\SmartOrder\Application\Cash\Model\TableModel.class.php 第 32 行.
SQL: SELECT `book_day`,`book_time`,`book_name` FROM `so_book` WHERE `book_table` = 21 AND `book_status` = 0 AND `book_day` = null  [ RunTime:0.0001s ]
SQL: SELECT COUNT(*) AS tp_count FROM `so_table` WHERE `id` = 21 AND `is_lock` = 1 LIMIT 1   [ RunTime:0.0001s ]
NOTIC: [8] Undefined index: type D:\xampp\htdocs\SmartOrder\Application\Cash\Model\TableModel.class.php 第 50 行.
NOTIC: [8] Undefined variable: date D:\xampp\htdocs\SmartOrder\Application\Cash\Model\TableModel.class.php 第 32 行.
SQL: SELECT `book_day`,`book_time`,`book_name` FROM `so_book` WHERE `book_table` = 29 AND `book_status` = 0 AND `book_day` = null  [ RunTime:0.0001s ]
SQL: SELECT COUNT(*) AS tp_count FROM `so_table` WHERE `id` = 29 AND `is_lock` = 1 LIMIT 1   [ RunTime:0.0001s ]
NOTIC: [8] Undefined variable: date D:\xampp\htdocs\SmartOrder\Application\Cash\Model\TableModel.class.php 第 32 行.
SQL: SELECT `book_day`,`book_time`,`book_name` FROM `so_book` WHERE `book_table` = 30 AND `book_status` = 0 AND `book_day` = null  [ RunTime:0.0001s ]
SQL: SELECT COUNT(*) AS tp_count FROM `so_table` WHERE `id` = 30 AND `is_lock` = 1 LIMIT 1   [ RunTime:0.0001s ]
NOTIC: [8] Undefined variable: date D:\xampp\htdocs\SmartOrder\Application\Cash\Model\TableModel.class.php 第 32 行.
SQL: SELECT `book_day`,`book_time`,`book_name` FROM `so_book` WHERE `book_table` = 31 AND `book_status` = 0 AND `book_day` = null  [ RunTime:0.0001s ]
SQL: SELECT COUNT(*) AS tp_count FROM `so_table` WHERE `id` = 31 AND `is_lock` = 1 LIMIT 1   [ RunTime:0.0001s ]
NOTIC: [8] Undefined variable: date D:\xampp\htdocs\SmartOrder\Application\Cash\Model\TableModel.class.php 第 32 行.
SQL: SELECT `book_day`,`book_time`,`book_name` FROM `so_book` WHERE `book_table` = 2 AND `book_status` = 0 AND `book_day` = null  [ RunTime:0.0001s ]
SQL: SELECT COUNT(*) AS tp_count FROM `so_table` WHERE `id` = 2 AND `is_lock` = 1 LIMIT 1   [ RunTime:0.0001s ]
NOTIC: [8] Undefined index: type D:\xampp\htdocs\SmartOrder\Application\Cash\Model\TableModel.class.php 第 50 行.
NOTIC: [8] Undefined variable: date D:\xampp\htdocs\SmartOrder\Application\Cash\Model\TableModel.class.php 第 32 行.
SQL: SELECT `book_day`,`book_time`,`book_name` FROM `so_book` WHERE `book_table` = 9 AND `book_status` = 0 AND `book_day` = null  [ RunTime:0.0001s ]
SQL: SELECT COUNT(*) AS tp_count FROM `so_table` WHERE `id` = 9 AND `is_lock` = 1 LIMIT 1   [ RunTime:0.0001s ]
NOTIC: [8] Undefined variable: date D:\xampp\htdocs\SmartOrder\Application\Cash\Model\TableModel.class.php 第 32 行.
SQL: SELECT `book_day`,`book_time`,`book_name` FROM `so_book` WHERE `book_table` = 11 AND `book_status` = 0 AND `book_day` = null  [ RunTime:0.0001s ]
SQL: SELECT COUNT(*) AS tp_count FROM `so_table` WHERE `id` = 11 AND `is_lock` = 1 LIMIT 1   [ RunTime:0.0001s ]
NOTIC: [8] Undefined variable: date D:\xampp\htdocs\SmartOrder\Application\Cash\Model\TableModel.class.php 第 32 行.
SQL: SELECT `book_day`,`book_time`,`book_name` FROM `so_book` WHERE `book_table` = 20 AND `book_status` = 0 AND `book_day` = null  [ RunTime:0.0002s ]
SQL: SELECT COUNT(*) AS tp_count FROM `so_table` WHERE `id` = 20 AND `is_lock` = 1 LIMIT 1   [ RunTime:0.0002s ]
NOTIC: [8] Undefined variable: date D:\xampp\htdocs\SmartOrder\Application\Cash\Model\TableModel.class.php 第 32 行.
SQL: SELECT `book_day`,`book_time`,`book_name` FROM `so_book` WHERE `book_table` = 23 AND `book_status` = 0 AND `book_day` = null  [ RunTime:0.0002s ]
SQL: SELECT COUNT(*) AS tp_count FROM `so_table` WHERE `id` = 23 AND `is_lock` = 1 LIMIT 1   [ RunTime:0.0001s ]
NOTIC: [8] Undefined index: type D:\xampp\htdocs\SmartOrder\Application\Cash\Model\TableModel.class.php 第 50 行.
NOTIC: [8] Undefined variable: date D:\xampp\htdocs\SmartOrder\Application\Cash\Model\TableModel.class.php 第 32 行.
SQL: SELECT `book_day`,`book_time`,`book_name` FROM `so_book` WHERE `book_table` = 24 AND `book_status` = 0 AND `book_day` = null  [ RunTime:0.0001s ]
SQL: SELECT COUNT(*) AS tp_count FROM `so_table` WHERE `id` = 24 AND `is_lock` = 1 LIMIT 1   [ RunTime:0.0001s ]
NOTIC: [8] Undefined variable: date D:\xampp\htdocs\SmartOrder\Application\Cash\Model\TableModel.class.php 第 32 行.
SQL: SELECT `book_day`,`book_time`,`book_name` FROM `so_book` WHERE `book_table` = 27 AND `book_status` = 0 AND `book_day` = null  [ RunTime:0.0001s ]
SQL: SELECT COUNT(*) AS tp_count FROM `so_table` WHERE `id` = 27 AND `is_lock` = 1 LIMIT 1   [ RunTime:0.0001s ]
NOTIC: [8] Undefined variable: date D:\xampp\htdocs\SmartOrder\Application\Cash\Model\TableModel.class.php 第 32 行.
SQL: SELECT `book_day`,`book_time`,`book_name` FROM `so_book` WHERE `book_table` = 18 AND `book_status` = 0 AND `book_day` = null  [ RunTime:0.0001s ]
SQL: SELECT COUNT(*) AS tp_count FROM `so_table` WHERE `id` = 18 AND `is_lock` = 1 LIMIT 1   [ RunTime:0.0001s ]
NOTIC: [8] Undefined variable: date D:\xampp\htdocs\SmartOrder\Application\Cash\Model\TableModel.class.php 第 32 行.
SQL: SELECT `book_day`,`book_time`,`book_name` FROM `so_book` WHERE `book_table` = 25 AND `book_status` = 0 AND `book_day` = null  [ RunTime:0.0001s ]
SQL: SELECT COUNT(*) AS tp_count FROM `so_table` WHERE `id` = 25 AND `is_lock` = 1 LIMIT 1   [ RunTime:0.0001s ]
NOTIC: [8] Undefined index: type D:\xampp\htdocs\SmartOrder\Application\Cash\Model\TableModel.class.php 第 50 行.
NOTIC: [8] Undefined variable: date D:\xampp\htdocs\SmartOrder\Application\Cash\Model\TableModel.class.php 第 32 行.
SQL: SELECT `book_day`,`book_time`,`book_name` FROM `so_book` WHERE `book_table` = 22 AND `book_status` = 0 AND `book_day` = null  [ RunTime:0.0001s ]
SQL: SELECT COUNT(*) AS tp_count FROM `so_table` WHERE `id` = 22 AND `is_lock` = 1 LIMIT 1   [ RunTime:0.0001s ]
NOTIC: [8] Undefined index: type D:\xampp\htdocs\SmartOrder\Application\Cash\Model\TableModel.class.php 第 50 行.
NOTIC: [8] Undefined variable: date D:\xampp\htdocs\SmartOrder\Application\Cash\Model\TableModel.class.php 第 32 行.
SQL: SELECT `book_day`,`book_time`,`book_name` FROM `so_book` WHERE `book_table` = 26 AND `book_status` = 0 AND `book_day` = null  [ RunTime:0.0001s ]
SQL: SELECT COUNT(*) AS tp_count FROM `so_table` WHERE `id` = 26 AND `is_lock` = 1 LIMIT 1   [ RunTime:0.0001s ]
NOTIC: [8] Undefined index: type D:\xampp\htdocs\SmartOrder\Application\Cash\Model\TableModel.class.php 第 50 行.
NOTIC: [8] Undefined variable: date D:\xampp\htdocs\SmartOrder\Application\Cash\Model\TableModel.class.php 第 32 行.
SQL: SELECT `book_day`,`book_time`,`book_name` FROM `so_book` WHERE `book_table` = 28 AND `book_status` = 0 AND `book_day` = null  [ RunTime:0.0001s ]
SQL: SELECT COUNT(*) AS tp_count FROM `so_table` WHERE `id` = 28 AND `is_lock` = 1 LIMIT 1   [ RunTime:0.0001s ]
SQL: SHOW COLUMNS FROM `so_order` [ RunTime:0.0021s ]
SQL: SHOW COLUMNS FROM `so_temp` [ RunTime:0.0018s ]
NOTIC: [2] Missing argument 1 for Think\Model::where(), called in D:\xampp\htdocs\SmartOrder\Application\Cash\Model\OrderModel.class.php on line 61 and defined D:\xampp\htdocs\SmartOrder\ThinkPHP\Library\Think\Model.class.php 第 1765 行.
NOTIC: [8] Undefined variable: where D:\xampp\htdocs\SmartOrder\ThinkPHP\Library\Think\Model.class.php 第 1773 行.
NOTIC: [8] Undefined variable: where D:\xampp\htdocs\SmartOrder\ThinkPHP\Library\Think\Model.class.php 第 1776 行.
NOTIC: [8] Undefined variable: where D:\xampp\htdocs\SmartOrder\ThinkPHP\Library\Think\Model.class.php 第 1784 行.
SQL: SELECT `table_id`,`holding`,`hold_time` FROM `so_temp`  [ RunTime:0.0001s ]
SQL: SHOW COLUMNS FROM `so_table_hall` [ RunTime:0.0018s ]
SQL: SELECT * FROM `so_table_hall` WHERE `is_lock` = 1  [ RunTime:0.0003s ]
SQL: SELECT `table_id`,`start_time` FROM `so_temp` WHERE `start_time` < 1515631990  [ RunTime:0.0001s ]
SQL: SELECT * FROM `so_table_hall` WHERE `is_lock` = 1  [ RunTime:0.0003s ]
INFO: [ view_parse ] --START--
INFO: [ template_filter ] --START--
INFO: Run Behavior\ContentReplaceBehavior [ RunTime:0.000075s ]
INFO: [ template_filter ] --END-- [ RunTime:0.000118s ]
NOTIC: [8] Undefined variable: tableId D:\xampp\htdocs\SmartOrder\Runtime\Cache\Cash\e08533cf47e334f70bf04a06151df1c1.php 第 91 行.
NOTIC: [8] Undefined variable: pay_time D:\xampp\htdocs\SmartOrder\Runtime\Cache\Cash\e08533cf47e334f70bf04a06151df1c1.php 第 93 行.
NOTIC: [8] Undefined variable: payInfo D:\xampp\htdocs\SmartOrder\Runtime\Cache\Cash\e08533cf47e334f70bf04a06151df1c1.php 第 106 行.
NOTIC: [8] Undefined variable: totle D:\xampp\htdocs\SmartOrder\Runtime\Cache\Cash\e08533cf47e334f70bf04a06151df1c1.php 第 114 行.
NOTIC: [8] Undefined variable: totle D:\xampp\htdocs\SmartOrder\Runtime\Cache\Cash\e08533cf47e334f70bf04a06151df1c1.php 第 116 行.
NOTIC: [8] Undefined variable: payInfo D:\xampp\htdocs\SmartOrder\Runtime\Cache\Cash\e08533cf47e334f70bf04a06151df1c1.php 第 154 行.
NOTIC: [8] Undefined variable: totle D:\xampp\htdocs\SmartOrder\Runtime\Cache\Cash\e08533cf47e334f70bf04a06151df1c1.php 第 166 行.
NOTIC: [8] Undefined variable: totle D:\xampp\htdocs\SmartOrder\Runtime\Cache\Cash\e08533cf47e334f70bf04a06151df1c1.php 第 172 行.
INFO: Run Behavior\ParseTemplateBehavior [ RunTime:0.011326s ]
INFO: [ view_parse ] --END-- [ RunTime:0.011361s ]
INFO: [ view_filter ] --START--
INFO: Run Behavior\WriteHtmlCacheBehavior [ RunTime:0.000480s ]
INFO: [ view_filter ] --END-- [ RunTime:0.000523s ]
INFO: [ app_end ] --START--
INFO: Run Behavior\ShowPageTraceBehavior [ RunTime:0.000701s ]
INFO: Run Common\Behavior\CronRunBehavior [ RunTime:0.002827s ]
INFO: [ app_end ] --END-- [ RunTime:0.003650s ]

[ 2018-01-11T11:53:13+08:00 ] ::1 /SmartOrder/Cash/table/showTable
INFO: [ app_init ] --START--
INFO: Run Behavior\BuildLiteBehavior [ RunTime:0.000009s ]
INFO: [ app_init ] --END-- [ RunTime:0.000396s ]
NOTIC: [8] Use of undefined constant Cash - assumed 'Cash' D:\xampp\htdocs\SmartOrder\Application\Cash\Conf\config.php 第 7 行.
INFO: [ app_begin ] --START--
INFO: Run Behavior\ReadHtmlCacheBehavior [ RunTime:0.000478s ]
INFO: [ app_begin ] --END-- [ RunTime:0.000514s ]
SQL: SHOW COLUMNS FROM `so_table` [ RunTime:0.0032s ]
NOTIC: [2048] Declaration of Admin\Model\TableModel::Add() should be compatible with Think\Model::add($data = '', $options = Array, $replace = false) D:\xampp\htdocs\SmartOrder\Application\Admin\Model\TableModel.class.php 第 93 行.
SQL: SHOW COLUMNS FROM `so_table` [ RunTime:0.0021s ]
SQL: SHOW COLUMNS FROM `so_hall` [ RunTime:0.0018s ]
NOTIC: [2] Missing argument 1 for Think\Model::where(), called in D:\xampp\htdocs\SmartOrder\Application\Admin\Model\TableModel.class.php on line 38 and defined D:\xampp\htdocs\SmartOrder\ThinkPHP\Library\Think\Model.class.php 第 1765 行.
NOTIC: [8] Undefined variable: where D:\xampp\htdocs\SmartOrder\ThinkPHP\Library\Think\Model.class.php 第 1773 行.
NOTIC: [8] Undefined variable: where D:\xampp\htdocs\SmartOrder\ThinkPHP\Library\Think\Model.class.php 第 1776 行.
NOTIC: [8] Undefined variable: where D:\xampp\htdocs\SmartOrder\ThinkPHP\Library\Think\Model.class.php 第 1784 行.
SQL: SELECT * FROM `so_hall`  [ RunTime:0.0002s ]
SQL: SELECT `id`,`table_name` FROM `so_table` WHERE `hall_id` = 1  [ RunTime:0.0002s ]
SQL: SELECT `id`,`table_name` FROM `so_table` WHERE `hall_id` = 2  [ RunTime:0.0002s ]
SQL: SELECT `id`,`table_name` FROM `so_table` WHERE `hall_id` = 3  [ RunTime:0.0002s ]
SQL: SELECT `id`,`table_name` FROM `so_table` WHERE `hall_id` = 4  [ RunTime:0.0020s ]
SQL: SELECT `id`,`table_name` FROM `so_table` WHERE `hall_id` = 5  [ RunTime:0.0002s ]
SQL: SHOW COLUMNS FROM `so_book` [ RunTime:0.0023s ]
SQL: SELECT `book_day`,`book_time`,`book_name` FROM `so_book` WHERE `book_table` = 1 AND `book_status` = 0 AND `book_day` = '2018-01-11'  [ RunTime:0.0002s ]
SQL: SELECT COUNT(*) AS tp_count FROM `so_table` WHERE `id` = 1 AND `is_lock` = 1 LIMIT 1   [ RunTime:0.0002s ]
NOTIC: [8] Undefined index: type D:\xampp\htdocs\SmartOrder\Application\Cash\Model\TableModel.class.php 第 50 行.
SQL: SELECT `book_day`,`book_time`,`book_name` FROM `so_book` WHERE `book_table` = 8 AND `book_status` = 0 AND `book_day` = '2018-01-11'  [ RunTime:0.0002s ]
SQL: SELECT COUNT(*) AS tp_count FROM `so_table` WHERE `id` = 8 AND `is_lock` = 1 LIMIT 1   [ RunTime:0.0002s ]
NOTIC: [8] Undefined index: type D:\xampp\htdocs\SmartOrder\Application\Cash\Model\TableModel.class.php 第 50 行.
SQL: SELECT `book_day`,`book_time`,`book_name` FROM `so_book` WHERE `book_table` = 15 AND `book_status` = 0 AND `book_day` = '2018-01-11'  [ RunTime:0.0002s ]
SQL: SELECT COUNT(*) AS tp_count FROM `so_table` WHERE `id` = 15 AND `is_lock` = 1 LIMIT 1   [ RunTime:0.0002s ]
NOTIC: [8] Undefined index: type D:\xampp\htdocs\SmartOrder\Application\Cash\Model\TableModel.class.php 第 50 行.
SQL: SELECT `book_day`,`book_time`,`book_name` FROM `so_book` WHERE `book_table` = 21 AND `book_status` = 0 AND `book_day` = '2018-01-11'  [ RunTime:0.0002s ]
SQL: SELECT COUNT(*) AS tp_count FROM `so_table` WHERE `id` = 21 AND `is_lock` = 1 LIMIT 1   [ RunTime:0.0002s ]
NOTIC: [8] Undefined index: type D:\xampp\htdocs\SmartOrder\Application\Cash\Model\TableModel.class.php 第 50 行.
SQL: SELECT `book_day`,`book_time`,`book_name` FROM `so_book` WHERE `book_table` = 29 AND `book_status` = 0 AND `book_day` = '2018-01-11'  [ RunTime:0.0002s ]
SQL: SELECT COUNT(*) AS tp_count FROM `so_table` WHERE `id` = 29 AND `is_lock` = 1 LIMIT 1   [ RunTime:0.0002s ]
SQL: SELECT `book_day`,`book_time`,`book_name` FROM `so_book` WHERE `book_table` = 30 AND `book_status` = 0 AND `book_day` = '2018-01-11'  [ RunTime:0.0002s ]
SQL: SELECT COUNT(*) AS tp_count FROM `so_table` WHERE `id` = 30 AND `is_lock` = 1 LIMIT 1   [ RunTime:0.0001s ]
SQL: SELECT `book_day`,`book_time`,`book_name` FROM `so_book` WHERE `book_table` = 31 AND `book_status` = 0 AND `book_day` = '2018-01-11'  [ RunTime:0.0001s ]
SQL: SELECT COUNT(*) AS tp_count FROM `so_table` WHERE `id` = 31 AND `is_lock` = 1 LIMIT 1   [ RunTime:0.0002s ]
SQL: SELECT `book_day`,`book_time`,`book_name` FROM `so_book` WHERE `book_table` = 2 AND `book_status` = 0 AND `book_day` = '2018-01-11'  [ RunTime:0.0002s ]
SQL: SELECT COUNT(*) AS tp_count FROM `so_table` WHERE `id` = 2 AND `is_lock` = 1 LIMIT 1   [ RunTime:0.0002s ]
NOTIC: [8] Undefined index: type D:\xampp\htdocs\SmartOrder\Application\Cash\Model\TableModel.class.php 第 50 行.
SQL: SELECT `book_day`,`book_time`,`book_name` FROM `so_book` WHERE `book_table` = 9 AND `book_status` = 0 AND `book_day` = '2018-01-11'  [ RunTime:0.0002s ]
SQL: SELECT COUNT(*) AS tp_count FROM `so_table` WHERE `id` = 9 AND `is_lock` = 1 LIMIT 1   [ RunTime:0.0002s ]
SQL: SELECT `book_day`,`book_time`,`book_name` FROM `so_book` WHERE `book_table` = 11 AND `book_status` = 0 AND `book_day` = '2018-01-11'  [ RunTime:0.0002s ]
SQL: SELECT COUNT(*) AS tp_count FROM `so_table` WHERE `id` = 11 AND `is_lock` = 1 LIMIT 1   [ RunTime:0.0002s ]
SQL: SELECT `book_day`,`book_time`,`book_name` FROM `so_book` WHERE `book_table` = 20 AND `book_status` = 0 AND `book_day` = '2018-01-11'  [ RunTime:0.0002s ]
SQL: SELECT COUNT(*) AS tp_count FROM `so_table` WHERE `id` = 20 AND `is_lock` = 1 LIMIT 1   [ RunTime:0.0002s ]
SQL: SELECT `book_day`,`book_time`,`book_name` FROM `so_book` WHERE `book_table` = 23 AND `book_status` = 0 AND `book_day` = '2018-01-11'  [ RunTime:0.0002s ]
SQL: SELECT COUNT(*) AS tp_count FROM `so_table` WHERE `id` = 23 AND `is_lock` = 1 LIMIT 1   [ RunTime:0.0002s ]
NOTIC: [8] Undefined index: type D:\xampp\htdocs\SmartOrder\Application\Cash\Model\TableModel.class.php 第 50 行.
SQL: SELECT `book_day`,`book_time`,`book_name` FROM `so_book` WHERE `book_table` = 24 AND `book_status` = 0 AND `book_day` = '2018-01-11'  [ RunTime:0.0002s ]
SQL: SELECT COUNT(*) AS tp_count FROM `so_table` WHERE `id` = 24 AND `is_lock` = 1 LIMIT 1   [ RunTime:0.0002s ]
SQL: SELECT `book_day`,`book_time`,`book_name` FROM `so_book` WHERE `book_table` = 27 AND `book_status` = 0 AND `book_day` = '2018-01-11'  [ RunTime:0.0002s ]
SQL: SELECT COUNT(*) AS tp_count FROM `so_table` WHERE `id` = 27 AND `is_lock` = 1 LIMIT 1   [ RunTime:0.0002s ]
SQL: SELECT `book_day`,`book_time`,`book_name` FROM `so_book` WHERE `book_table` = 18 AND `book_status` = 0 AND `book_day` = '2018-01-11'  [ RunTime:0.0002s ]
SQL: SELECT COUNT(*) AS tp_count FROM `so_table` WHERE `id` = 18 AND `is_lock` = 1 LIMIT 1   [ RunTime:0.0002s ]
SQL: SELECT `book_day`,`book_time`,`book_name` FROM `so_book` WHERE `book_table` = 25 AND `book_status` = 0 AND `book_day` = '2018-01-11'  [ RunTime:0.0002s ]
SQL: SELECT COUNT(*) AS tp_count FROM `so_table` WHERE `id` = 25 AND `is_lock` = 1 LIMIT 1   [ RunTime:0.0001s ]
NOTIC: [8] Undefined index: type D:\xampp\htdocs\SmartOrder\Application\Cash\Model\TableModel.class.php 第 50 行.
SQL: SELECT `book_day`,`book_time`,`book_name` FROM `so_book` WHERE `book_table` = 22 AND `book_status` = 0 AND `book_day` = '2018-01-11'  [ RunTime:0.0002s ]
SQL: SELECT COUNT(*) AS tp_count FROM `so_table` WHERE `id` = 22 AND `is_lock` = 1 LIMIT 1   [ RunTime:0.0004s ]
NOTIC: [8] Undefined index: type D:\xampp\htdocs\SmartOrder\Application\Cash\Model\TableModel.class.php 第 50 行.
SQL: SELECT `book_day`,`book_time`,`book_name` FROM `so_book` WHERE `book_table` = 26 AND `book_status` = 0 AND `book_day` = '2018-01-11'  [ RunTime:0.0002s ]
SQL: SELECT COUNT(*) AS tp_count FROM `so_table` WHERE `id` = 26 AND `is_lock` = 1 LIMIT 1   [ RunTime:0.0002s ]
NOTIC: [8] Undefined index: type D:\xampp\htdocs\SmartOrder\Application\Cash\Model\TableModel.class.php 第 50 行.
SQL: SELECT `book_day`,`book_time`,`book_name` FROM `so_book` WHERE `book_table` = 28 AND `book_status` = 0 AND `book_day` = '2018-01-11'  [ RunTime:0.0002s ]
SQL: SELECT COUNT(*) AS tp_count FROM `so_table` WHERE `id` = 28 AND `is_lock` = 1 LIMIT 1   [ RunTime:0.0002s ]
INFO: [ view_parse ] --START--
INFO: [ template_filter ] --START--
INFO: Run Behavior\ContentReplaceBehavior [ RunTime:0.000052s ]
INFO: [ template_filter ] --END-- [ RunTime:0.000095s ]
NOTIC: [8] Undefined index: info D:\xampp\htdocs\SmartOrder\Runtime\Cache\Cash\5647ca14edb9bdf98405dba803324ae2.php 第 100 行.
NOTIC: [8] Undefined index: info D:\xampp\htdocs\SmartOrder\Runtime\Cache\Cash\5647ca14edb9bdf98405dba803324ae2.php 第 100 行.
NOTIC: [8] Undefined index: info D:\xampp\htdocs\SmartOrder\Runtime\Cache\Cash\5647ca14edb9bdf98405dba803324ae2.php 第 100 行.
NOTIC: [8] Undefined index: info D:\xampp\htdocs\SmartOrder\Runtime\Cache\Cash\5647ca14edb9bdf98405dba803324ae2.php 第 100 行.
NOTIC: [8] Undefined index: info D:\xampp\htdocs\SmartOrder\Runtime\Cache\Cash\5647ca14edb9bdf98405dba803324ae2.php 第 100 行.
NOTIC: [8] Undefined index: info D:\xampp\htdocs\SmartOrder\Runtime\Cache\Cash\5647ca14edb9bdf98405dba803324ae2.php 第 100 行.
NOTIC: [8] Undefined index: info D:\xampp\htdocs\SmartOrder\Runtime\Cache\Cash\5647ca14edb9bdf98405dba803324ae2.php 第 100 行.
NOTIC: [8] Undefined index: info D:\xampp\htdocs\SmartOrder\Runtime\Cache\Cash\5647ca14edb9bdf98405dba803324ae2.php 第 100 行.
NOTIC: [8] Undefined index: info D:\xampp\htdocs\SmartOrder\Runtime\Cache\Cash\5647ca14edb9bdf98405dba803324ae2.php 第 100 行.
NOTIC: [8] Undefined index: info D:\xampp\htdocs\SmartOrder\Runtime\Cache\Cash\5647ca14edb9bdf98405dba803324ae2.php 第 100 行.
NOTIC: [8] Undefined index: info D:\xampp\htdocs\SmartOrder\Runtime\Cache\Cash\5647ca14edb9bdf98405dba803324ae2.php 第 100 行.
NOTIC: [8] Undefined index: info D:\xampp\htdocs\SmartOrder\Runtime\Cache\Cash\5647ca14edb9bdf98405dba803324ae2.php 第 100 行.
NOTIC: [8] Undefined index: info D:\xampp\htdocs\SmartOrder\Runtime\Cache\Cash\5647ca14edb9bdf98405dba803324ae2.php 第 100 行.
NOTIC: [8] Undefined index: info D:\xampp\htdocs\SmartOrder\Runtime\Cache\Cash\5647ca14edb9bdf98405dba803324ae2.php 第 100 行.
NOTIC: [8] Undefined index: info D:\xampp\htdocs\SmartOrder\Runtime\Cache\Cash\5647ca14edb9bdf98405dba803324ae2.php 第 100 行.
NOTIC: [8] Undefined index: info D:\xampp\htdocs\SmartOrder\Runtime\Cache\Cash\5647ca14edb9bdf98405dba803324ae2.php 第 100 行.
NOTIC: [8] Undefined index: info D:\xampp\htdocs\SmartOrder\Runtime\Cache\Cash\5647ca14edb9bdf98405dba803324ae2.php 第 100 行.
NOTIC: [8] Undefined index: info D:\xampp\htdocs\SmartOrder\Runtime\Cache\Cash\5647ca14edb9bdf98405dba803324ae2.php 第 100 行.
NOTIC: [8] Undefined index: info D:\xampp\htdocs\SmartOrder\Runtime\Cache\Cash\5647ca14edb9bdf98405dba803324ae2.php 第 100 行.
INFO: Run Behavior\ParseTemplateBehavior [ RunTime:0.007357s ]
INFO: [ view_parse ] --END-- [ RunTime:0.007406s ]
INFO: [ view_filter ] --START--
INFO: Run Behavior\WriteHtmlCacheBehavior [ RunTime:0.000279s ]
INFO: [ view_filter ] --END-- [ RunTime:0.000306s ]
INFO: [ app_end ] --START--
INFO: Run Behavior\ShowPageTraceBehavior [ RunTime:0.000442s ]
INFO: Run Common\Behavior\CronRunBehavior [ RunTime:0.002072s ]
INFO: [ app_end ] --END-- [ RunTime:0.002583s ]

[ 2018-01-11T11:53:28+08:00 ] ::1 /SmartOrder/Cash/order/index
INFO: [ app_init ] --START--
INFO: Run Behavior\BuildLiteBehavior [ RunTime:0.000010s ]
INFO: [ app_init ] --END-- [ RunTime:0.000339s ]
NOTIC: [8] Use of undefined constant Cash - assumed 'Cash' D:\xampp\htdocs\SmartOrder\Application\Cash\Conf\config.php 第 7 行.
INFO: [ app_begin ] --START--
INFO: Run Behavior\ReadHtmlCacheBehavior [ RunTime:0.000512s ]
INFO: [ app_begin ] --END-- [ RunTime:0.000556s ]
SQL: SHOW COLUMNS FROM `so_table` [ RunTime:0.0030s ]
NOTIC: [2] Missing argument 1 for Cash\Model\TableModel::getTableInfo(), called in D:\xampp\htdocs\SmartOrder\Application\Cash\Controller\OrderController.class.php on line 10 and defined D:\xampp\htdocs\SmartOrder\Application\Cash\Model\TableModel.class.php 第 24 行.
NOTIC: [2048] Declaration of Admin\Model\TableModel::Add() should be compatible with Think\Model::add($data = '', $options = Array, $replace = false) D:\xampp\htdocs\SmartOrder\Application\Admin\Model\TableModel.class.php 第 93 行.
SQL: SHOW COLUMNS FROM `so_table` [ RunTime:0.0024s ]
SQL: SHOW COLUMNS FROM `so_hall` [ RunTime:0.0029s ]
NOTIC: [2] Missing argument 1 for Think\Model::where(), called in D:\xampp\htdocs\SmartOrder\Application\Admin\Model\TableModel.class.php on line 38 and defined D:\xampp\htdocs\SmartOrder\ThinkPHP\Library\Think\Model.class.php 第 1765 行.
NOTIC: [8] Undefined variable: where D:\xampp\htdocs\SmartOrder\ThinkPHP\Library\Think\Model.class.php 第 1773 行.
NOTIC: [8] Undefined variable: where D:\xampp\htdocs\SmartOrder\ThinkPHP\Library\Think\Model.class.php 第 1776 行.
NOTIC: [8] Undefined variable: where D:\xampp\htdocs\SmartOrder\ThinkPHP\Library\Think\Model.class.php 第 1784 行.
SQL: SELECT * FROM `so_hall`  [ RunTime:0.0006s ]
SQL: SELECT `id`,`table_name` FROM `so_table` WHERE `hall_id` = 1  [ RunTime:0.0003s ]
SQL: SELECT `id`,`table_name` FROM `so_table` WHERE `hall_id` = 2  [ RunTime:0.0002s ]
SQL: SELECT `id`,`table_name` FROM `so_table` WHERE `hall_id` = 3  [ RunTime:0.0001s ]
SQL: SELECT `id`,`table_name` FROM `so_table` WHERE `hall_id` = 4  [ RunTime:0.0001s ]
SQL: SELECT `id`,`table_name` FROM `so_table` WHERE `hall_id` = 5  [ RunTime:0.0002s ]
NOTIC: [8] Undefined variable: date D:\xampp\htdocs\SmartOrder\Application\Cash\Model\TableModel.class.php 第 32 行.
SQL: SHOW COLUMNS FROM `so_book` [ RunTime:0.0049s ]
SQL: SELECT `book_day`,`book_time`,`book_name` FROM `so_book` WHERE `book_table` = 1 AND `book_status` = 0 AND `book_day` = null  [ RunTime:0.0003s ]
SQL: SELECT COUNT(*) AS tp_count FROM `so_table` WHERE `id` = 1 AND `is_lock` = 1 LIMIT 1   [ RunTime:0.0002s ]
NOTIC: [8] Undefined index: type D:\xampp\htdocs\SmartOrder\Application\Cash\Model\TableModel.class.php 第 50 行.
NOTIC: [8] Undefined variable: date D:\xampp\htdocs\SmartOrder\Application\Cash\Model\TableModel.class.php 第 32 行.
SQL: SELECT `book_day`,`book_time`,`book_name` FROM `so_book` WHERE `book_table` = 8 AND `book_status` = 0 AND `book_day` = null  [ RunTime:0.0002s ]
SQL: SELECT COUNT(*) AS tp_count FROM `so_table` WHERE `id` = 8 AND `is_lock` = 1 LIMIT 1   [ RunTime:0.0001s ]
NOTIC: [8] Undefined index: type D:\xampp\htdocs\SmartOrder\Application\Cash\Model\TableModel.class.php 第 50 行.
NOTIC: [8] Undefined variable: date D:\xampp\htdocs\SmartOrder\Application\Cash\Model\TableModel.class.php 第 32 行.
SQL: SELECT `book_day`,`book_time`,`book_name` FROM `so_book` WHERE `book_table` = 15 AND `book_status` = 0 AND `book_day` = null  [ RunTime:0.0001s ]
SQL: SELECT COUNT(*) AS tp_count FROM `so_table` WHERE `id` = 15 AND `is_lock` = 1 LIMIT 1   [ RunTime:0.0001s ]
NOTIC: [8] Undefined index: type D:\xampp\htdocs\SmartOrder\Application\Cash\Model\TableModel.class.php 第 50 行.
NOTIC: [8] Undefined variable: date D:\xampp\htdocs\SmartOrder\Application\Cash\Model\TableModel.class.php 第 32 行.
SQL: SELECT `book_day`,`book_time`,`book_name` FROM `so_book` WHERE `book_table` = 21 AND `book_status` = 0 AND `book_day` = null  [ RunTime:0.0001s ]
SQL: SELECT COUNT(*) AS tp_count FROM `so_table` WHERE `id` = 21 AND `is_lock` = 1 LIMIT 1   [ RunTime:0.0001s ]
NOTIC: [8] Undefined index: type D:\xampp\htdocs\SmartOrder\Application\Cash\Model\TableModel.class.php 第 50 行.
NOTIC: [8] Undefined variable: date D:\xampp\htdocs\SmartOrder\Application\Cash\Model\TableModel.class.php 第 32 行.
SQL: SELECT `book_day`,`book_time`,`book_name` FROM `so_book` WHERE `book_table` = 29 AND `book_status` = 0 AND `book_day` = null  [ RunTime:0.0001s ]
SQL: SELECT COUNT(*) AS tp_count FROM `so_table` WHERE `id` = 29 AND `is_lock` = 1 LIMIT 1   [ RunTime:0.0001s ]
NOTIC: [8] Undefined variable: date D:\xampp\htdocs\SmartOrder\Application\Cash\Model\TableModel.class.php 第 32 行.
SQL: SELECT `book_day`,`book_time`,`book_name` FROM `so_book` WHERE `book_table` = 30 AND `book_status` = 0 AND `book_day` = null  [ RunTime:0.0001s ]
SQL: SELECT COUNT(*) AS tp_count FROM `so_table` WHERE `id` = 30 AND `is_lock` = 1 LIMIT 1   [ RunTime:0.0001s ]
NOTIC: [8] Undefined variable: date D:\xampp\htdocs\SmartOrder\Application\Cash\Model\TableModel.class.php 第 32 行.
SQL: SELECT `book_day`,`book_time`,`book_name` FROM `so_book` WHERE `book_table` = 31 AND `book_status` = 0 AND `book_day` = null  [ RunTime:0.0001s ]
SQL: SELECT COUNT(*) AS tp_count FROM `so_table` WHERE `id` = 31 AND `is_lock` = 1 LIMIT 1   [ RunTime:0.0001s ]
NOTIC: [8] Undefined variable: date D:\xampp\htdocs\SmartOrder\Application\Cash\Model\TableModel.class.php 第 32 行.
SQL: SELECT `book_day`,`book_time`,`book_name` FROM `so_book` WHERE `book_table` = 2 AND `book_status` = 0 AND `book_day` = null  [ RunTime:0.0001s ]
SQL: SELECT COUNT(*) AS tp_count FROM `so_table` WHERE `id` = 2 AND `is_lock` = 1 LIMIT 1   [ RunTime:0.0001s ]
NOTIC: [8] Undefined index: type D:\xampp\htdocs\SmartOrder\Application\Cash\Model\TableModel.class.php 第 50 行.
NOTIC: [8] Undefined variable: date D:\xampp\htdocs\SmartOrder\Application\Cash\Model\TableModel.class.php 第 32 行.
SQL: SELECT `book_day`,`book_time`,`book_name` FROM `so_book` WHERE `book_table` = 9 AND `book_status` = 0 AND `book_day` = null  [ RunTime:0.0001s ]
SQL: SELECT COUNT(*) AS tp_count FROM `so_table` WHERE `id` = 9 AND `is_lock` = 1 LIMIT 1   [ RunTime:0.0001s ]
NOTIC: [8] Undefined variable: date D:\xampp\htdocs\SmartOrder\Application\Cash\Model\TableModel.class.php 第 32 行.
SQL: SELECT `book_day`,`book_time`,`book_name` FROM `so_book` WHERE `book_table` = 11 AND `book_status` = 0 AND `book_day` = null  [ RunTime:0.0001s ]
SQL: SELECT COUNT(*) AS tp_count FROM `so_table` WHERE `id` = 11 AND `is_lock` = 1 LIMIT 1   [ RunTime:0.0001s ]
NOTIC: [8] Undefined variable: date D:\xampp\htdocs\SmartOrder\Application\Cash\Model\TableModel.class.php 第 32 行.
SQL: SELECT `book_day`,`book_time`,`book_name` FROM `so_book` WHERE `book_table` = 20 AND `book_status` = 0 AND `book_day` = null  [ RunTime:0.0001s ]
SQL: SELECT COUNT(*) AS tp_count FROM `so_table` WHERE `id` = 20 AND `is_lock` = 1 LIMIT 1   [ RunTime:0.0001s ]
NOTIC: [8] Undefined variable: date D:\xampp\htdocs\SmartOrder\Application\Cash\Model\TableModel.class.php 第 32 行.
SQL: SELECT `book_day`,`book_time`,`book_name` FROM `so_book` WHERE `book_table` = 23 AND `book_status` = 0 AND `book_day` = null  [ RunTime:0.0001s ]
SQL: SELECT COUNT(*) AS tp_count FROM `so_table` WHERE `id` = 23 AND `is_lock` = 1 LIMIT 1   [ RunTime:0.0001s ]
NOTIC: [8] Undefined index: type D:\xampp\htdocs\SmartOrder\Application\Cash\Model\TableModel.class.php 第 50 行.
NOTIC: [8] Undefined variable: date D:\xampp\htdocs\SmartOrder\Application\Cash\Model\TableModel.class.php 第 32 行.
SQL: SELECT `book_day`,`book_time`,`book_name` FROM `so_book` WHERE `book_table` = 24 AND `book_status` = 0 AND `book_day` = null  [ RunTime:0.0002s ]
SQL: SELECT COUNT(*) AS tp_count FROM `so_table` WHERE `id` = 24 AND `is_lock` = 1 LIMIT 1   [ RunTime:0.0001s ]
NOTIC: [8] Undefined variable: date D:\xampp\htdocs\SmartOrder\Application\Cash\Model\TableModel.class.php 第 32 行.
SQL: SELECT `book_day`,`book_time`,`book_name` FROM `so_book` WHERE `book_table` = 27 AND `book_status` = 0 AND `book_day` = null  [ RunTime:0.0001s ]
SQL: SELECT COUNT(*) AS tp_count FROM `so_table` WHERE `id` = 27 AND `is_lock` = 1 LIMIT 1   [ RunTime:0.0002s ]
NOTIC: [8] Undefined variable: date D:\xampp\htdocs\SmartOrder\Application\Cash\Model\TableModel.class.php 第 32 行.
SQL: SELECT `book_day`,`book_time`,`book_name` FROM `so_book` WHERE `book_table` = 18 AND `book_status` = 0 AND `book_day` = null  [ RunTime:0.0002s ]
SQL: SELECT COUNT(*) AS tp_count FROM `so_table` WHERE `id` = 18 AND `is_lock` = 1 LIMIT 1   [ RunTime:0.0002s ]
NOTIC: [8] Undefined variable: date D:\xampp\htdocs\SmartOrder\Application\Cash\Model\TableModel.class.php 第 32 行.
SQL: SELECT `book_day`,`book_time`,`book_name` FROM `so_book` WHERE `book_table` = 25 AND `book_status` = 0 AND `book_day` = null  [ RunTime:0.0002s ]
SQL: SELECT COUNT(*) AS tp_count FROM `so_table` WHERE `id` = 25 AND `is_lock` = 1 LIMIT 1   [ RunTime:0.0001s ]
NOTIC: [8] Undefined index: type D:\xampp\htdocs\SmartOrder\Application\Cash\Model\TableModel.class.php 第 50 行.
NOTIC: [8] Undefined variable: date D:\xampp\htdocs\SmartOrder\Application\Cash\Model\TableModel.class.php 第 32 行.
SQL: SELECT `book_day`,`book_time`,`book_name` FROM `so_book` WHERE `book_table` = 22 AND `book_status` = 0 AND `book_day` = null  [ RunTime:0.0002s ]
SQL: SELECT COUNT(*) AS tp_count FROM `so_table` WHERE `id` = 22 AND `is_lock` = 1 LIMIT 1   [ RunTime:0.0001s ]
NOTIC: [8] Undefined index: type D:\xampp\htdocs\SmartOrder\Application\Cash\Model\TableModel.class.php 第 50 行.
NOTIC: [8] Undefined variable: date D:\xampp\htdocs\SmartOrder\Application\Cash\Model\TableModel.class.php 第 32 行.
SQL: SELECT `book_day`,`book_time`,`book_name` FROM `so_book` WHERE `book_table` = 26 AND `book_status` = 0 AND `book_day` = null  [ RunTime:0.0001s ]
SQL: SELECT COUNT(*) AS tp_count FROM `so_table` WHERE `id` = 26 AND `is_lock` = 1 LIMIT 1   [ RunTime:0.0001s ]
NOTIC: [8] Undefined index: type D:\xampp\htdocs\SmartOrder\Application\Cash\Model\TableModel.class.php 第 50 行.
NOTIC: [8] Undefined variable: date D:\xampp\htdocs\SmartOrder\Application\Cash\Model\TableModel.class.php 第 32 行.
SQL: SELECT `book_day`,`book_time`,`book_name` FROM `so_book` WHERE `book_table` = 28 AND `book_status` = 0 AND `book_day` = null  [ RunTime:0.0001s ]
SQL: SELECT COUNT(*) AS tp_count FROM `so_table` WHERE `id` = 28 AND `is_lock` = 1 LIMIT 1   [ RunTime:0.0001s ]
SQL: SHOW COLUMNS FROM `so_order` [ RunTime:0.0033s ]
SQL: SHOW COLUMNS FROM `so_temp` [ RunTime:0.0047s ]
NOTIC: [2] Missing argument 1 for Think\Model::where(), called in D:\xampp\htdocs\SmartOrder\Application\Cash\Model\OrderModel.class.php on line 61 and defined D:\xampp\htdocs\SmartOrder\ThinkPHP\Library\Think\Model.class.php 第 1765 行.
NOTIC: [8] Undefined variable: where D:\xampp\htdocs\SmartOrder\ThinkPHP\Library\Think\Model.class.php 第 1773 行.
NOTIC: [8] Undefined variable: where D:\xampp\htdocs\SmartOrder\ThinkPHP\Library\Think\Model.class.php 第 1776 行.
NOTIC: [8] Undefined variable: where D:\xampp\htdocs\SmartOrder\ThinkPHP\Library\Think\Model.class.php 第 1784 行.
SQL: SELECT `table_id`,`holding`,`hold_time` FROM `so_temp`  [ RunTime:0.0002s ]
SQL: SHOW COLUMNS FROM `so_table_hall` [ RunTime:0.0020s ]
SQL: SELECT * FROM `so_table_hall` WHERE `is_lock` = 1  [ RunTime:0.0003s ]
SQL: SELECT `table_id`,`start_time` FROM `so_temp` WHERE `start_time` < 1515632008  [ RunTime:0.0001s ]
SQL: SELECT * FROM `so_table_hall` WHERE `is_lock` = 1  [ RunTime:0.0002s ]
INFO: [ view_parse ] --START--
INFO: [ template_filter ] --START--
INFO: Run Behavior\ContentReplaceBehavior [ RunTime:0.000074s ]
INFO: [ template_filter ] --END-- [ RunTime:0.000114s ]
NOTIC: [8] Undefined variable: tableId D:\xampp\htdocs\SmartOrder\Runtime\Cache\Cash\e08533cf47e334f70bf04a06151df1c1.php 第 91 行.
NOTIC: [8] Undefined variable: pay_time D:\xampp\htdocs\SmartOrder\Runtime\Cache\Cash\e08533cf47e334f70bf04a06151df1c1.php 第 93 行.
NOTIC: [8] Undefined variable: payInfo D:\xampp\htdocs\SmartOrder\Runtime\Cache\Cash\e08533cf47e334f70bf04a06151df1c1.php 第 106 行.
NOTIC: [8] Undefined variable: totle D:\xampp\htdocs\SmartOrder\Runtime\Cache\Cash\e08533cf47e334f70bf04a06151df1c1.php 第 114 行.
NOTIC: [8] Undefined variable: totle D:\xampp\htdocs\SmartOrder\Runtime\Cache\Cash\e08533cf47e334f70bf04a06151df1c1.php 第 116 行.
NOTIC: [8] Undefined variable: payInfo D:\xampp\htdocs\SmartOrder\Runtime\Cache\Cash\e08533cf47e334f70bf04a06151df1c1.php 第 154 行.
NOTIC: [8] Undefined variable: totle D:\xampp\htdocs\SmartOrder\Runtime\Cache\Cash\e08533cf47e334f70bf04a06151df1c1.php 第 166 行.
NOTIC: [8] Undefined variable: totle D:\xampp\htdocs\SmartOrder\Runtime\Cache\Cash\e08533cf47e334f70bf04a06151df1c1.php 第 172 行.
INFO: Run Behavior\ParseTemplateBehavior [ RunTime:0.012029s ]
INFO: [ view_parse ] --END-- [ RunTime:0.012061s ]
INFO: [ view_filter ] --START--
INFO: Run Behavior\WriteHtmlCacheBehavior [ RunTime:0.000285s ]
INFO: [ view_filter ] --END-- [ RunTime:0.000313s ]
INFO: [ app_end ] --START--
INFO: Run Behavior\ShowPageTraceBehavior [ RunTime:0.000436s ]
INFO: Run Common\Behavior\CronRunBehavior [ RunTime:0.002067s ]
INFO: [ app_end ] --END-- [ RunTime:0.002571s ]

[ 2018-01-11T12:04:00+08:00 ] ::1 /SmartOrder/Cash/table/showTable
INFO: [ app_init ] --START--
INFO: Run Behavior\BuildLiteBehavior [ RunTime:0.000013s ]
INFO: [ app_init ] --END-- [ RunTime:0.000350s ]
NOTIC: [8] Use of undefined constant Cash - assumed 'Cash' D:\xampp\htdocs\SmartOrder\Application\Cash\Conf\config.php 第 7 行.
INFO: [ app_begin ] --START--
INFO: Run Behavior\ReadHtmlCacheBehavior [ RunTime:0.000456s ]
INFO: [ app_begin ] --END-- [ RunTime:0.000494s ]
SQL: SHOW COLUMNS FROM `so_table` [ RunTime:0.0025s ]
NOTIC: [2048] Declaration of Admin\Model\TableModel::Add() should be compatible with Think\Model::add($data = '', $options = Array, $replace = false) D:\xampp\htdocs\SmartOrder\Application\Admin\Model\TableModel.class.php 第 93 行.
SQL: SHOW COLUMNS FROM `so_table` [ RunTime:0.0020s ]
SQL: SHOW COLUMNS FROM `so_hall` [ RunTime:0.0019s ]
NOTIC: [2] Missing argument 1 for Think\Model::where(), called in D:\xampp\htdocs\SmartOrder\Application\Admin\Model\TableModel.class.php on line 38 and defined D:\xampp\htdocs\SmartOrder\ThinkPHP\Library\Think\Model.class.php 第 1765 行.
NOTIC: [8] Undefined variable: where D:\xampp\htdocs\SmartOrder\ThinkPHP\Library\Think\Model.class.php 第 1773 行.
NOTIC: [8] Undefined variable: where D:\xampp\htdocs\SmartOrder\ThinkPHP\Library\Think\Model.class.php 第 1776 行.
NOTIC: [8] Undefined variable: where D:\xampp\htdocs\SmartOrder\ThinkPHP\Library\Think\Model.class.php 第 1784 行.
SQL: SELECT * FROM `so_hall`  [ RunTime:0.0003s ]
SQL: SELECT `id`,`table_name` FROM `so_table` WHERE `hall_id` = 1  [ RunTime:0.0002s ]
SQL: SELECT `id`,`table_name` FROM `so_table` WHERE `hall_id` = 2  [ RunTime:0.0002s ]
SQL: SELECT `id`,`table_name` FROM `so_table` WHERE `hall_id` = 3  [ RunTime:0.0002s ]
SQL: SELECT `id`,`table_name` FROM `so_table` WHERE `hall_id` = 4  [ RunTime:0.0002s ]
SQL: SELECT `id`,`table_name` FROM `so_table` WHERE `hall_id` = 5  [ RunTime:0.0005s ]
SQL: SHOW COLUMNS FROM `so_book` [ RunTime:0.0038s ]
SQL: SELECT `book_day`,`book_time`,`book_name` FROM `so_book` WHERE `book_table` = 1 AND `book_status` = 0 AND `book_day` = '2018-01-11'  [ RunTime:0.0002s ]
SQL: SELECT COUNT(*) AS tp_count FROM `so_table` WHERE `id` = 1 AND `is_lock` = 1 LIMIT 1   [ RunTime:0.0002s ]
NOTIC: [8] Undefined index: type D:\xampp\htdocs\SmartOrder\Application\Cash\Model\TableModel.class.php 第 50 行.
SQL: SELECT `book_day`,`book_time`,`book_name` FROM `so_book` WHERE `book_table` = 8 AND `book_status` = 0 AND `book_day` = '2018-01-11'  [ RunTime:0.0001s ]
SQL: SELECT COUNT(*) AS tp_count FROM `so_table` WHERE `id` = 8 AND `is_lock` = 1 LIMIT 1   [ RunTime:0.0001s ]
NOTIC: [8] Undefined index: type D:\xampp\htdocs\SmartOrder\Application\Cash\Model\TableModel.class.php 第 50 行.
SQL: SELECT `book_day`,`book_time`,`book_name` FROM `so_book` WHERE `book_table` = 15 AND `book_status` = 0 AND `book_day` = '2018-01-11'  [ RunTime:0.0001s ]
SQL: SELECT COUNT(*) AS tp_count FROM `so_table` WHERE `id` = 15 AND `is_lock` = 1 LIMIT 1   [ RunTime:0.0001s ]
NOTIC: [8] Undefined index: type D:\xampp\htdocs\SmartOrder\Application\Cash\Model\TableModel.class.php 第 50 行.
SQL: SELECT `book_day`,`book_time`,`book_name` FROM `so_book` WHERE `book_table` = 21 AND `book_status` = 0 AND `book_day` = '2018-01-11'  [ RunTime:0.0001s ]
SQL: SELECT COUNT(*) AS tp_count FROM `so_table` WHERE `id` = 21 AND `is_lock` = 1 LIMIT 1   [ RunTime:0.0001s ]
NOTIC: [8] Undefined index: type D:\xampp\htdocs\SmartOrder\Application\Cash\Model\TableModel.class.php 第 50 行.
SQL: SELECT `book_day`,`book_time`,`book_name` FROM `so_book` WHERE `book_table` = 29 AND `book_status` = 0 AND `book_day` = '2018-01-11'  [ RunTime:0.0001s ]
SQL: SELECT COUNT(*) AS tp_count FROM `so_table` WHERE `id` = 29 AND `is_lock` = 1 LIMIT 1   [ RunTime:0.0001s ]
SQL: SELECT `book_day`,`book_time`,`book_name` FROM `so_book` WHERE `book_table` = 30 AND `book_status` = 0 AND `book_day` = '2018-01-11'  [ RunTime:0.0001s ]
SQL: SELECT COUNT(*) AS tp_count FROM `so_table` WHERE `id` = 30 AND `is_lock` = 1 LIMIT 1   [ RunTime:0.0001s ]
SQL: SELECT `book_day`,`book_time`,`book_name` FROM `so_book` WHERE `book_table` = 31 AND `book_status` = 0 AND `book_day` = '2018-01-11'  [ RunTime:0.0002s ]
SQL: SELECT COUNT(*) AS tp_count FROM `so_table` WHERE `id` = 31 AND `is_lock` = 1 LIMIT 1   [ RunTime:0.0001s ]
SQL: SELECT `book_day`,`book_time`,`book_name` FROM `so_book` WHERE `book_table` = 2 AND `book_status` = 0 AND `book_day` = '2018-01-11'  [ RunTime:0.0001s ]
SQL: SELECT COUNT(*) AS tp_count FROM `so_table` WHERE `id` = 2 AND `is_lock` = 1 LIMIT 1   [ RunTime:0.0001s ]
NOTIC: [8] Undefined index: type D:\xampp\htdocs\SmartOrder\Application\Cash\Model\TableModel.class.php 第 50 行.
SQL: SELECT `book_day`,`book_time`,`book_name` FROM `so_book` WHERE `book_table` = 9 AND `book_status` = 0 AND `book_day` = '2018-01-11'  [ RunTime:0.0001s ]
SQL: SELECT COUNT(*) AS tp_count FROM `so_table` WHERE `id` = 9 AND `is_lock` = 1 LIMIT 1   [ RunTime:0.0001s ]
SQL: SELECT `book_day`,`book_time`,`book_name` FROM `so_book` WHERE `book_table` = 11 AND `book_status` = 0 AND `book_day` = '2018-01-11'  [ RunTime:0.0001s ]
SQL: SELECT COUNT(*) AS tp_count FROM `so_table` WHERE `id` = 11 AND `is_lock` = 1 LIMIT 1   [ RunTime:0.0001s ]
SQL: SELECT `book_day`,`book_time`,`book_name` FROM `so_book` WHERE `book_table` = 20 AND `book_status` = 0 AND `book_day` = '2018-01-11'  [ RunTime:0.0001s ]
SQL: SELECT COUNT(*) AS tp_count FROM `so_table` WHERE `id` = 20 AND `is_lock` = 1 LIMIT 1   [ RunTime:0.0001s ]
SQL: SELECT `book_day`,`book_time`,`book_name` FROM `so_book` WHERE `book_table` = 23 AND `book_status` = 0 AND `book_day` = '2018-01-11'  [ RunTime:0.0001s ]
SQL: SELECT COUNT(*) AS tp_count FROM `so_table` WHERE `id` = 23 AND `is_lock` = 1 LIMIT 1   [ RunTime:0.0001s ]
NOTIC: [8] Undefined index: type D:\xampp\htdocs\SmartOrder\Application\Cash\Model\TableModel.class.php 第 50 行.
SQL: SELECT `book_day`,`book_time`,`book_name` FROM `so_book` WHERE `book_table` = 24 AND `book_status` = 0 AND `book_day` = '2018-01-11'  [ RunTime:0.0001s ]
SQL: SELECT COUNT(*) AS tp_count FROM `so_table` WHERE `id` = 24 AND `is_lock` = 1 LIMIT 1   [ RunTime:0.0001s ]
SQL: SELECT `book_day`,`book_time`,`book_name` FROM `so_book` WHERE `book_table` = 27 AND `book_status` = 0 AND `book_day` = '2018-01-11'  [ RunTime:0.0001s ]
SQL: SELECT COUNT(*) AS tp_count FROM `so_table` WHERE `id` = 27 AND `is_lock` = 1 LIMIT 1   [ RunTime:0.0001s ]
SQL: SELECT `book_day`,`book_time`,`book_name` FROM `so_book` WHERE `book_table` = 18 AND `book_status` = 0 AND `book_day` = '2018-01-11'  [ RunTime:0.0001s ]
SQL: SELECT COUNT(*) AS tp_count FROM `so_table` WHERE `id` = 18 AND `is_lock` = 1 LIMIT 1   [ RunTime:0.0001s ]
SQL: SELECT `book_day`,`book_time`,`book_name` FROM `so_book` WHERE `book_table` = 25 AND `book_status` = 0 AND `book_day` = '2018-01-11'  [ RunTime:0.0001s ]
SQL: SELECT COUNT(*) AS tp_count FROM `so_table` WHERE `id` = 25 AND `is_lock` = 1 LIMIT 1   [ RunTime:0.0001s ]
NOTIC: [8] Undefined index: type D:\xampp\htdocs\SmartOrder\Application\Cash\Model\TableModel.class.php 第 50 行.
SQL: SELECT `book_day`,`book_time`,`book_name` FROM `so_book` WHERE `book_table` = 22 AND `book_status` = 0 AND `book_day` = '2018-01-11'  [ RunTime:0.0001s ]
SQL: SELECT COUNT(*) AS tp_count FROM `so_table` WHERE `id` = 22 AND `is_lock` = 1 LIMIT 1   [ RunTime:0.0001s ]
NOTIC: [8] Undefined index: type D:\xampp\htdocs\SmartOrder\Application\Cash\Model\TableModel.class.php 第 50 行.
SQL: SELECT `book_day`,`book_time`,`book_name` FROM `so_book` WHERE `book_table` = 26 AND `book_status` = 0 AND `book_day` = '2018-01-11'  [ RunTime:0.0001s ]
SQL: SELECT COUNT(*) AS tp_count FROM `so_table` WHERE `id` = 26 AND `is_lock` = 1 LIMIT 1   [ RunTime:0.0001s ]
NOTIC: [8] Undefined index: type D:\xampp\htdocs\SmartOrder\Application\Cash\Model\TableModel.class.php 第 50 行.
SQL: SELECT `book_day`,`book_time`,`book_name` FROM `so_book` WHERE `book_table` = 28 AND `book_status` = 0 AND `book_day` = '2018-01-11'  [ RunTime:0.0001s ]
SQL: SELECT COUNT(*) AS tp_count FROM `so_table` WHERE `id` = 28 AND `is_lock` = 1 LIMIT 1   [ RunTime:0.0001s ]
INFO: [ view_parse ] --START--
INFO: [ template_filter ] --START--
INFO: Run Behavior\ContentReplaceBehavior [ RunTime:0.000076s ]
INFO: [ template_filter ] --END-- [ RunTime:0.000132s ]
NOTIC: [8] Undefined index: info D:\xampp\htdocs\SmartOrder\Runtime\Cache\Cash\5647ca14edb9bdf98405dba803324ae2.php 第 100 行.
NOTIC: [8] Undefined index: info D:\xampp\htdocs\SmartOrder\Runtime\Cache\Cash\5647ca14edb9bdf98405dba803324ae2.php 第 100 行.
NOTIC: [8] Undefined index: info D:\xampp\htdocs\SmartOrder\Runtime\Cache\Cash\5647ca14edb9bdf98405dba803324ae2.php 第 100 行.
NOTIC: [8] Undefined index: info D:\xampp\htdocs\SmartOrder\Runtime\Cache\Cash\5647ca14edb9bdf98405dba803324ae2.php 第 100 行.
NOTIC: [8] Undefined index: info D:\xampp\htdocs\SmartOrder\Runtime\Cache\Cash\5647ca14edb9bdf98405dba803324ae2.php 第 100 行.
NOTIC: [8] Undefined index: info D:\xampp\htdocs\SmartOrder\Runtime\Cache\Cash\5647ca14edb9bdf98405dba803324ae2.php 第 100 行.
NOTIC: [8] Undefined index: info D:\xampp\htdocs\SmartOrder\Runtime\Cache\Cash\5647ca14edb9bdf98405dba803324ae2.php 第 100 行.
NOTIC: [8] Undefined index: info D:\xampp\htdocs\SmartOrder\Runtime\Cache\Cash\5647ca14edb9bdf98405dba803324ae2.php 第 100 行.
NOTIC: [8] Undefined index: info D:\xampp\htdocs\SmartOrder\Runtime\Cache\Cash\5647ca14edb9bdf98405dba803324ae2.php 第 100 行.
NOTIC: [8] Undefined index: info D:\xampp\htdocs\SmartOrder\Runtime\Cache\Cash\5647ca14edb9bdf98405dba803324ae2.php 第 100 行.
NOTIC: [8] Undefined index: info D:\xampp\htdocs\SmartOrder\Runtime\Cache\Cash\5647ca14edb9bdf98405dba803324ae2.php 第 100 行.
NOTIC: [8] Undefined index: info D:\xampp\htdocs\SmartOrder\Runtime\Cache\Cash\5647ca14edb9bdf98405dba803324ae2.php 第 100 行.
NOTIC: [8] Undefined index: info D:\xampp\htdocs\SmartOrder\Runtime\Cache\Cash\5647ca14edb9bdf98405dba803324ae2.php 第 100 行.
NOTIC: [8] Undefined index: info D:\xampp\htdocs\SmartOrder\Runtime\Cache\Cash\5647ca14edb9bdf98405dba803324ae2.php 第 100 行.
NOTIC: [8] Undefined index: info D:\xampp\htdocs\SmartOrder\Runtime\Cache\Cash\5647ca14edb9bdf98405dba803324ae2.php 第 100 行.
NOTIC: [8] Undefined index: info D:\xampp\htdocs\SmartOrder\Runtime\Cache\Cash\5647ca14edb9bdf98405dba803324ae2.php 第 100 行.
NOTIC: [8] Undefined index: info D:\xampp\htdocs\SmartOrder\Runtime\Cache\Cash\5647ca14edb9bdf98405dba803324ae2.php 第 100 行.
NOTIC: [8] Undefined index: info D:\xampp\htdocs\SmartOrder\Runtime\Cache\Cash\5647ca14edb9bdf98405dba803324ae2.php 第 100 行.
NOTIC: [8] Undefined index: info D:\xampp\htdocs\SmartOrder\Runtime\Cache\Cash\5647ca14edb9bdf98405dba803324ae2.php 第 100 行.
INFO: Run Behavior\ParseTemplateBehavior [ RunTime:0.008859s ]
INFO: [ view_parse ] --END-- [ RunTime:0.008894s ]
INFO: [ view_filter ] --START--
INFO: Run Behavior\WriteHtmlCacheBehavior [ RunTime:0.000331s ]
INFO: [ view_filter ] --END-- [ RunTime:0.000358s ]
INFO: [ app_end ] --START--
INFO: Run Behavior\ShowPageTraceBehavior [ RunTime:0.000491s ]
INFO: Run Common\Behavior\CronRunBehavior [ RunTime:0.001979s ]
INFO: [ app_end ] --END-- [ RunTime:0.002543s ]

[ 2018-01-11T12:04:01+08:00 ] ::1 /SmartOrder/Cash/book/index
INFO: [ app_init ] --START--
INFO: Run Behavior\BuildLiteBehavior [ RunTime:0.000009s ]
INFO: [ app_init ] --END-- [ RunTime:0.000396s ]
NOTIC: [8] Use of undefined constant Cash - assumed 'Cash' D:\xampp\htdocs\SmartOrder\Application\Cash\Conf\config.php 第 7 行.
INFO: [ app_begin ] --START--
INFO: Run Behavior\ReadHtmlCacheBehavior [ RunTime:0.000498s ]
INFO: [ app_begin ] --END-- [ RunTime:0.000530s ]
SQL: SHOW COLUMNS FROM `so_book` [ RunTime:0.0022s ]
SQL: SELECT * FROM `so_book` WHERE `book_status` = 0  [ RunTime:0.0003s ]
SQL: SELECT * FROM `so_book` WHERE `book_status` = 0  [ RunTime:0.0002s ]
SQL: SHOW COLUMNS FROM `so_table` [ RunTime:0.0019s ]
SQL: SELECT * FROM `so_table` WHERE `id` = 9  [ RunTime:0.0002s ]
SQL: SHOW COLUMNS FROM `so_hall` [ RunTime:0.0018s ]
SQL: SELECT * FROM `so_hall` WHERE `id` = 2  [ RunTime:0.0002s ]
NOTIC: [2] Missing argument 1 for Cash\Model\TableModel::getTableInfo(), called in D:\xampp\htdocs\SmartOrder\Application\Cash\Controller\BookController.class.php on line 21 and defined D:\xampp\htdocs\SmartOrder\Application\Cash\Model\TableModel.class.php 第 24 行.
NOTIC: [2048] Declaration of Admin\Model\TableModel::Add() should be compatible with Think\Model::add($data = '', $options = Array, $replace = false) D:\xampp\htdocs\SmartOrder\Application\Admin\Model\TableModel.class.php 第 93 行.
SQL: SHOW COLUMNS FROM `so_table` [ RunTime:0.0020s ]
NOTIC: [2] Missing argument 1 for Think\Model::where(), called in D:\xampp\htdocs\SmartOrder\Application\Admin\Model\TableModel.class.php on line 38 and defined D:\xampp\htdocs\SmartOrder\ThinkPHP\Library\Think\Model.class.php 第 1765 行.
NOTIC: [8] Undefined variable: where D:\xampp\htdocs\SmartOrder\ThinkPHP\Library\Think\Model.class.php 第 1773 行.
NOTIC: [8] Undefined variable: where D:\xampp\htdocs\SmartOrder\ThinkPHP\Library\Think\Model.class.php 第 1776 行.
NOTIC: [8] Undefined variable: where D:\xampp\htdocs\SmartOrder\ThinkPHP\Library\Think\Model.class.php 第 1784 行.
SQL: SELECT * FROM `so_hall`  [ RunTime:0.0002s ]
SQL: SELECT `id`,`table_name` FROM `so_table` WHERE `hall_id` = 1  [ RunTime:0.0002s ]
SQL: SELECT `id`,`table_name` FROM `so_table` WHERE `hall_id` = 2  [ RunTime:0.0002s ]
SQL: SELECT `id`,`table_name` FROM `so_table` WHERE `hall_id` = 3  [ RunTime:0.0001s ]
SQL: SELECT `id`,`table_name` FROM `so_table` WHERE `hall_id` = 4  [ RunTime:0.0001s ]
SQL: SELECT `id`,`table_name` FROM `so_table` WHERE `hall_id` = 5  [ RunTime:0.0001s ]
NOTIC: [8] Undefined variable: date D:\xampp\htdocs\SmartOrder\Application\Cash\Model\TableModel.class.php 第 32 行.
SQL: SELECT `book_day`,`book_time`,`book_name` FROM `so_book` WHERE `book_table` = 1 AND `book_status` = 0 AND `book_day` = null  [ RunTime:0.0002s ]
SQL: SELECT COUNT(*) AS tp_count FROM `so_table` WHERE `id` = 1 AND `is_lock` = 1 LIMIT 1   [ RunTime:0.0001s ]
NOTIC: [8] Undefined index: type D:\xampp\htdocs\SmartOrder\Application\Cash\Model\TableModel.class.php 第 50 行.
NOTIC: [8] Undefined variable: date D:\xampp\htdocs\SmartOrder\Application\Cash\Model\TableModel.class.php 第 32 行.
SQL: SELECT `book_day`,`book_time`,`book_name` FROM `so_book` WHERE `book_table` = 8 AND `book_status` = 0 AND `book_day` = null  [ RunTime:0.0002s ]
SQL: SELECT COUNT(*) AS tp_count FROM `so_table` WHERE `id` = 8 AND `is_lock` = 1 LIMIT 1   [ RunTime:0.0001s ]
NOTIC: [8] Undefined index: type D:\xampp\htdocs\SmartOrder\Application\Cash\Model\TableModel.class.php 第 50 行.
NOTIC: [8] Undefined variable: date D:\xampp\htdocs\SmartOrder\Application\Cash\Model\TableModel.class.php 第 32 行.
SQL: SELECT `book_day`,`book_time`,`book_name` FROM `so_book` WHERE `book_table` = 15 AND `book_status` = 0 AND `book_day` = null  [ RunTime:0.0001s ]
SQL: SELECT COUNT(*) AS tp_count FROM `so_table` WHERE `id` = 15 AND `is_lock` = 1 LIMIT 1   [ RunTime:0.0001s ]
NOTIC: [8] Undefined index: type D:\xampp\htdocs\SmartOrder\Application\Cash\Model\TableModel.class.php 第 50 行.
NOTIC: [8] Undefined variable: date D:\xampp\htdocs\SmartOrder\Application\Cash\Model\TableModel.class.php 第 32 行.
SQL: SELECT `book_day`,`book_time`,`book_name` FROM `so_book` WHERE `book_table` = 21 AND `book_status` = 0 AND `book_day` = null  [ RunTime:0.0001s ]
SQL: SELECT COUNT(*) AS tp_count FROM `so_table` WHERE `id` = 21 AND `is_lock` = 1 LIMIT 1   [ RunTime:0.0001s ]
NOTIC: [8] Undefined index: type D:\xampp\htdocs\SmartOrder\Application\Cash\Model\TableModel.class.php 第 50 行.
NOTIC: [8] Undefined variable: date D:\xampp\htdocs\SmartOrder\Application\Cash\Model\TableModel.class.php 第 32 行.
SQL: SELECT `book_day`,`book_time`,`book_name` FROM `so_book` WHERE `book_table` = 29 AND `book_status` = 0 AND `book_day` = null  [ RunTime:0.0002s ]
SQL: SELECT COUNT(*) AS tp_count FROM `so_table` WHERE `id` = 29 AND `is_lock` = 1 LIMIT 1   [ RunTime:0.0001s ]
NOTIC: [8] Undefined variable: date D:\xampp\htdocs\SmartOrder\Application\Cash\Model\TableModel.class.php 第 32 行.
SQL: SELECT `book_day`,`book_time`,`book_name` FROM `so_book` WHERE `book_table` = 30 AND `book_status` = 0 AND `book_day` = null  [ RunTime:0.0001s ]
SQL: SELECT COUNT(*) AS tp_count FROM `so_table` WHERE `id` = 30 AND `is_lock` = 1 LIMIT 1   [ RunTime:0.0001s ]
NOTIC: [8] Undefined variable: date D:\xampp\htdocs\SmartOrder\Application\Cash\Model\TableModel.class.php 第 32 行.
SQL: SELECT `book_day`,`book_time`,`book_name` FROM `so_book` WHERE `book_table` = 31 AND `book_status` = 0 AND `book_day` = null  [ RunTime:0.0002s ]
SQL: SELECT COUNT(*) AS tp_count FROM `so_table` WHERE `id` = 31 AND `is_lock` = 1 LIMIT 1   [ RunTime:0.0001s ]
NOTIC: [8] Undefined variable: date D:\xampp\htdocs\SmartOrder\Application\Cash\Model\TableModel.class.php 第 32 行.
SQL: SELECT `book_day`,`book_time`,`book_name` FROM `so_book` WHERE `book_table` = 2 AND `book_status` = 0 AND `book_day` = null  [ RunTime:0.0001s ]
SQL: SELECT COUNT(*) AS tp_count FROM `so_table` WHERE `id` = 2 AND `is_lock` = 1 LIMIT 1   [ RunTime:0.0001s ]
NOTIC: [8] Undefined index: type D:\xampp\htdocs\SmartOrder\Application\Cash\Model\TableModel.class.php 第 50 行.
NOTIC: [8] Undefined variable: date D:\xampp\htdocs\SmartOrder\Application\Cash\Model\TableModel.class.php 第 32 行.
SQL: SELECT `book_day`,`book_time`,`book_name` FROM `so_book` WHERE `book_table` = 9 AND `book_status` = 0 AND `book_day` = null  [ RunTime:0.0001s ]
SQL: SELECT COUNT(*) AS tp_count FROM `so_table` WHERE `id` = 9 AND `is_lock` = 1 LIMIT 1   [ RunTime:0.0001s ]
NOTIC: [8] Undefined variable: date D:\xampp\htdocs\SmartOrder\Application\Cash\Model\TableModel.class.php 第 32 行.
SQL: SELECT `book_day`,`book_time`,`book_name` FROM `so_book` WHERE `book_table` = 11 AND `book_status` = 0 AND `book_day` = null  [ RunTime:0.0001s ]
SQL: SELECT COUNT(*) AS tp_count FROM `so_table` WHERE `id` = 11 AND `is_lock` = 1 LIMIT 1   [ RunTime:0.0001s ]
NOTIC: [8] Undefined variable: date D:\xampp\htdocs\SmartOrder\Application\Cash\Model\TableModel.class.php 第 32 行.
SQL: SELECT `book_day`,`book_time`,`book_name` FROM `so_book` WHERE `book_table` = 20 AND `book_status` = 0 AND `book_day` = null  [ RunTime:0.0001s ]
SQL: SELECT COUNT(*) AS tp_count FROM `so_table` WHERE `id` = 20 AND `is_lock` = 1 LIMIT 1   [ RunTime:0.0001s ]
NOTIC: [8] Undefined variable: date D:\xampp\htdocs\SmartOrder\Application\Cash\Model\TableModel.class.php 第 32 行.
SQL: SELECT `book_day`,`book_time`,`book_name` FROM `so_book` WHERE `book_table` = 23 AND `book_status` = 0 AND `book_day` = null  [ RunTime:0.0001s ]
SQL: SELECT COUNT(*) AS tp_count FROM `so_table` WHERE `id` = 23 AND `is_lock` = 1 LIMIT 1   [ RunTime:0.0001s ]
NOTIC: [8] Undefined index: type D:\xampp\htdocs\SmartOrder\Application\Cash\Model\TableModel.class.php 第 50 行.
NOTIC: [8] Undefined variable: date D:\xampp\htdocs\SmartOrder\Application\Cash\Model\TableModel.class.php 第 32 行.
SQL: SELECT `book_day`,`book_time`,`book_name` FROM `so_book` WHERE `book_table` = 24 AND `book_status` = 0 AND `book_day` = null  [ RunTime:0.0001s ]
SQL: SELECT COUNT(*) AS tp_count FROM `so_table` WHERE `id` = 24 AND `is_lock` = 1 LIMIT 1   [ RunTime:0.0001s ]
NOTIC: [8] Undefined variable: date D:\xampp\htdocs\SmartOrder\Application\Cash\Model\TableModel.class.php 第 32 行.
SQL: SELECT `book_day`,`book_time`,`book_name` FROM `so_book` WHERE `book_table` = 27 AND `book_status` = 0 AND `book_day` = null  [ RunTime:0.0001s ]
SQL: SELECT COUNT(*) AS tp_count FROM `so_table` WHERE `id` = 27 AND `is_lock` = 1 LIMIT 1   [ RunTime:0.0001s ]
NOTIC: [8] Undefined variable: date D:\xampp\htdocs\SmartOrder\Application\Cash\Model\TableModel.class.php 第 32 行.
SQL: SELECT `book_day`,`book_time`,`book_name` FROM `so_book` WHERE `book_table` = 18 AND `book_status` = 0 AND `book_day` = null  [ RunTime:0.0001s ]
SQL: SELECT COUNT(*) AS tp_count FROM `so_table` WHERE `id` = 18 AND `is_lock` = 1 LIMIT 1   [ RunTime:0.0001s ]
NOTIC: [8] Undefined variable: date D:\xampp\htdocs\SmartOrder\Application\Cash\Model\TableModel.class.php 第 32 行.
SQL: SELECT `book_day`,`book_time`,`book_name` FROM `so_book` WHERE `book_table` = 25 AND `book_status` = 0 AND `book_day` = null  [ RunTime:0.0002s ]
SQL: SELECT COUNT(*) AS tp_count FROM `so_table` WHERE `id` = 25 AND `is_lock` = 1 LIMIT 1   [ RunTime:0.0001s ]
NOTIC: [8] Undefined index: type D:\xampp\htdocs\SmartOrder\Application\Cash\Model\TableModel.class.php 第 50 行.
NOTIC: [8] Undefined variable: date D:\xampp\htdocs\SmartOrder\Application\Cash\Model\TableModel.class.php 第 32 行.
SQL: SELECT `book_day`,`book_time`,`book_name` FROM `so_book` WHERE `book_table` = 22 AND `book_status` = 0 AND `book_day` = null  [ RunTime:0.0001s ]
SQL: SELECT COUNT(*) AS tp_count FROM `so_table` WHERE `id` = 22 AND `is_lock` = 1 LIMIT 1   [ RunTime:0.0001s ]
NOTIC: [8] Undefined index: type D:\xampp\htdocs\SmartOrder\Application\Cash\Model\TableModel.class.php 第 50 行.
NOTIC: [8] Undefined variable: date D:\xampp\htdocs\SmartOrder\Application\Cash\Model\TableModel.class.php 第 32 行.
SQL: SELECT `book_day`,`book_time`,`book_name` FROM `so_book` WHERE `book_table` = 26 AND `book_status` = 0 AND `book_day` = null  [ RunTime:0.0001s ]
SQL: SELECT COUNT(*) AS tp_count FROM `so_table` WHERE `id` = 26 AND `is_lock` = 1 LIMIT 1   [ RunTime:0.0001s ]
NOTIC: [8] Undefined index: type D:\xampp\htdocs\SmartOrder\Application\Cash\Model\TableModel.class.php 第 50 行.
NOTIC: [8] Undefined variable: date D:\xampp\htdocs\SmartOrder\Application\Cash\Model\TableModel.class.php 第 32 行.
SQL: SELECT `book_day`,`book_time`,`book_name` FROM `so_book` WHERE `book_table` = 28 AND `book_status` = 0 AND `book_day` = null  [ RunTime:0.0001s ]
SQL: SELECT COUNT(*) AS tp_count FROM `so_table` WHERE `id` = 28 AND `is_lock` = 1 LIMIT 1   [ RunTime:0.0001s ]
INFO: [ view_parse ] --START--
INFO: [ template_filter ] --START--
INFO: Run Behavior\ContentReplaceBehavior [ RunTime:0.000057s ]
INFO: [ template_filter ] --END-- [ RunTime:0.000093s ]
INFO: Run Behavior\ParseTemplateBehavior [ RunTime:0.008970s ]
INFO: [ view_parse ] --END-- [ RunTime:0.009003s ]
INFO: [ view_filter ] --START--
INFO: Run Behavior\WriteHtmlCacheBehavior [ RunTime:0.000266s ]
INFO: [ view_filter ] --END-- [ RunTime:0.000290s ]
INFO: [ app_end ] --START--
INFO: Run Behavior\ShowPageTraceBehavior [ RunTime:0.000414s ]
INFO: Run Common\Behavior\CronRunBehavior [ RunTime:0.001903s ]
INFO: [ app_end ] --END-- [ RunTime:0.002378s ]

[ 2018-01-11T12:04:02+08:00 ] ::1 /SmartOrder/Cash/other/index
INFO: [ app_init ] --START--
INFO: Run Behavior\BuildLiteBehavior [ RunTime:0.000009s ]
INFO: [ app_init ] --END-- [ RunTime:0.000380s ]
NOTIC: [8] Use of undefined constant Cash - assumed 'Cash' D:\xampp\htdocs\SmartOrder\Application\Cash\Conf\config.php 第 7 行.
INFO: [ app_begin ] --START--
INFO: Run Behavior\ReadHtmlCacheBehavior [ RunTime:0.000487s ]
INFO: [ app_begin ] --END-- [ RunTime:0.000521s ]
SQL: SHOW COLUMNS FROM `so_order` [ RunTime:0.0024s ]
SQL: SELECT `pay_time`,`table_id`,total_money as real_money FROM `so_order` WHERE `pay_time` BETWEEN 1515600000 AND 1515686400 AND `is_pay` = 1  [ RunTime:0.0020s ]
SQL: SHOW COLUMNS FROM `so_table_hall` [ RunTime:0.0025s ]
NOTIC: [2] Missing argument 1 for Think\Model::where(), called in D:\xampp\htdocs\SmartOrder\Application\Cash\Model\OtherModel.class.php on line 28 and defined D:\xampp\htdocs\SmartOrder\ThinkPHP\Library\Think\Model.class.php 第 1765 行.
NOTIC: [8] Undefined variable: where D:\xampp\htdocs\SmartOrder\ThinkPHP\Library\Think\Model.class.php 第 1773 行.
NOTIC: [8] Undefined variable: where D:\xampp\htdocs\SmartOrder\ThinkPHP\Library\Think\Model.class.php 第 1776 行.
NOTIC: [8] Undefined variable: where D:\xampp\htdocs\SmartOrder\ThinkPHP\Library\Think\Model.class.php 第 1784 行.
SQL: SELECT * FROM `so_table_hall`  [ RunTime:0.0004s ]
INFO: [ view_parse ] --START--
INFO: [ template_filter ] --START--
INFO: Run Behavior\ContentReplaceBehavior [ RunTime:0.000086s ]
INFO: [ template_filter ] --END-- [ RunTime:0.000126s ]
INFO: Run Behavior\ParseTemplateBehavior [ RunTime:0.008488s ]
INFO: [ view_parse ] --END-- [ RunTime:0.008524s ]
INFO: [ view_filter ] --START--
INFO: Run Behavior\WriteHtmlCacheBehavior [ RunTime:0.000319s ]
INFO: [ view_filter ] --END-- [ RunTime:0.000347s ]
INFO: [ app_end ] --START--
INFO: Run Behavior\ShowPageTraceBehavior [ RunTime:0.000452s ]
INFO: Run Common\Behavior\CronRunBehavior [ RunTime:0.002822s ]
INFO: [ app_end ] --END-- [ RunTime:0.003344s ]

