[ 2018-01-13T11:14:33+08:00 ] ::1 /smartorder/cash.php
INFO: [ app_init ] --START--
INFO: Run Behavior\BuildLiteBehavior [ RunTime:0.000008s ]
INFO: [ app_init ] --END-- [ RunTime:0.000410s ]
NOTIC: [8] Use of undefined constant Cash - assumed 'Cash' D:\xampp\htdocs\SmartOrder\Application\Cash\Conf\config.php 第 7 行.
INFO: [ app_begin ] --START--
INFO: Run Behavior\ReadHtmlCacheBehavior [ RunTime:0.000713s ]
INFO: [ app_begin ] --END-- [ RunTime:0.000747s ]

[ 2018-01-13T11:14:33+08:00 ] ::1 /SmartOrder/Cash/Login/index.html
INFO: [ app_init ] --START--
INFO: Run Behavior\BuildLiteBehavior [ RunTime:0.000009s ]
INFO: [ app_init ] --END-- [ RunTime:0.000502s ]
NOTIC: [8] Use of undefined constant Cash - assumed 'Cash' D:\xampp\htdocs\SmartOrder\Application\Cash\Conf\config.php 第 7 行.
INFO: [ app_begin ] --START--
INFO: Run Behavior\ReadHtmlCacheBehavior [ RunTime:0.000682s ]
INFO: [ app_begin ] --END-- [ RunTime:0.000714s ]
INFO: [ view_parse ] --START--
INFO: [ template_filter ] --START--
INFO: Run Behavior\ContentReplaceBehavior [ RunTime:0.000038s ]
INFO: [ template_filter ] --END-- [ RunTime:0.000078s ]
INFO: Run Behavior\ParseTemplateBehavior [ RunTime:0.006740s ]
INFO: [ view_parse ] --END-- [ RunTime:0.006788s ]
INFO: [ view_filter ] --START--
INFO: Run Behavior\WriteHtmlCacheBehavior [ RunTime:0.000414s ]
INFO: [ view_filter ] --END-- [ RunTime:0.000441s ]
INFO: [ app_end ] --START--
INFO: Run Behavior\ShowPageTraceBehavior [ RunTime:0.000540s ]
INFO: Run Common\Behavior\CronRunBehavior [ RunTime:0.002201s ]
INFO: [ app_end ] --END-- [ RunTime:0.002822s ]

[ 2018-01-13T11:14:43+08:00 ] ::1 /SmartOrder/Cash/Login/Login.html
INFO: [ app_init ] --START--
INFO: Run Behavior\BuildLiteBehavior [ RunTime:0.000010s ]
INFO: [ app_init ] --END-- [ RunTime:0.000331s ]
NOTIC: [8] Use of undefined constant Cash - assumed 'Cash' D:\xampp\htdocs\SmartOrder\Application\Cash\Conf\config.php 第 7 行.
INFO: [ app_begin ] --START--
INFO: Run Behavior\ReadHtmlCacheBehavior [ RunTime:0.000536s ]
INFO: [ app_begin ] --END-- [ RunTime:0.000599s ]
SQL: SHOW COLUMNS FROM `so_cash` [ RunTime:0.0035s ]
SQL: SELECT * FROM `so_cash` WHERE `username` = 'admin' LIMIT 1   [ RunTime:0.0617s ]
NOTIC: [8] Undefined index: lock D:\xampp\htdocs\SmartOrder\Application\Cash\Controller\LoginController.class.php 第 34 行.

[ 2018-01-13T11:14:44+08:00 ] ::1 /SmartOrder/Cash/Table/showTable.html
INFO: [ app_init ] --START--
INFO: Run Behavior\BuildLiteBehavior [ RunTime:0.000011s ]
INFO: [ app_init ] --END-- [ RunTime:0.000315s ]
NOTIC: [8] Use of undefined constant Cash - assumed 'Cash' D:\xampp\htdocs\SmartOrder\Application\Cash\Conf\config.php 第 7 行.
INFO: [ app_begin ] --START--
INFO: Run Behavior\ReadHtmlCacheBehavior [ RunTime:0.000547s ]
INFO: [ app_begin ] --END-- [ RunTime:0.000610s ]
SQL: SHOW COLUMNS FROM `so_table` [ RunTime:0.0024s ]
NOTIC: [2048] Declaration of Admin\Model\TableModel::Add() should be compatible with Think\Model::add($data = '', $options = Array, $replace = false) D:\xampp\htdocs\SmartOrder\Application\Admin\Model\TableModel.class.php 第 93 行.
SQL: SHOW COLUMNS FROM `so_table` [ RunTime:0.0039s ]
SQL: SHOW COLUMNS FROM `so_hall` [ RunTime:0.0031s ]
NOTIC: [2] Missing argument 1 for Think\Model::where(), called in D:\xampp\htdocs\SmartOrder\Application\Admin\Model\TableModel.class.php on line 38 and defined D:\xampp\htdocs\SmartOrder\ThinkPHP\Library\Think\Model.class.php 第 1765 行.
NOTIC: [8] Undefined variable: where D:\xampp\htdocs\SmartOrder\ThinkPHP\Library\Think\Model.class.php 第 1773 行.
NOTIC: [8] Undefined variable: where D:\xampp\htdocs\SmartOrder\ThinkPHP\Library\Think\Model.class.php 第 1776 行.
NOTIC: [8] Undefined variable: where D:\xampp\htdocs\SmartOrder\ThinkPHP\Library\Think\Model.class.php 第 1784 行.
SQL: SELECT * FROM `so_hall`  [ RunTime:0.0002s ]
SQL: SELECT `id`,`table_name` FROM `so_table` WHERE `hall_id` = 1  [ RunTime:0.0002s ]
SQL: SELECT `id`,`table_name` FROM `so_table` WHERE `hall_id` = 2  [ RunTime:0.0002s ]
SQL: SELECT `id`,`table_name` FROM `so_table` WHERE `hall_id` = 3  [ RunTime:0.0001s ]
SQL: SELECT `id`,`table_name` FROM `so_table` WHERE `hall_id` = 4  [ RunTime:0.0002s ]
SQL: SELECT `id`,`table_name` FROM `so_table` WHERE `hall_id` = 5  [ RunTime:0.0002s ]
SQL: SHOW COLUMNS FROM `so_book` [ RunTime:0.0147s ]
SQL: SELECT `book_day`,`book_time`,`book_name` FROM `so_book` WHERE `book_table` = 1 AND `book_status` = 0 AND `book_day` = '2018-01-13'  [ RunTime:0.0003s ]
SQL: SELECT COUNT(*) AS tp_count FROM `so_table` WHERE `id` = 1 AND `is_lock` = 1 LIMIT 1   [ RunTime:0.0001s ]
NOTIC: [8] Undefined index: type D:\xampp\htdocs\SmartOrder\Application\Cash\Model\TableModel.class.php 第 50 行.
SQL: SELECT `book_day`,`book_time`,`book_name` FROM `so_book` WHERE `book_table` = 8 AND `book_status` = 0 AND `book_day` = '2018-01-13'  [ RunTime:0.0001s ]
SQL: SELECT COUNT(*) AS tp_count FROM `so_table` WHERE `id` = 8 AND `is_lock` = 1 LIMIT 1   [ RunTime:0.0001s ]
NOTIC: [8] Undefined index: type D:\xampp\htdocs\SmartOrder\Application\Cash\Model\TableModel.class.php 第 50 行.
SQL: SELECT `book_day`,`book_time`,`book_name` FROM `so_book` WHERE `book_table` = 15 AND `book_status` = 0 AND `book_day` = '2018-01-13'  [ RunTime:0.0001s ]
SQL: SELECT COUNT(*) AS tp_count FROM `so_table` WHERE `id` = 15 AND `is_lock` = 1 LIMIT 1   [ RunTime:0.0001s ]
NOTIC: [8] Undefined index: type D:\xampp\htdocs\SmartOrder\Application\Cash\Model\TableModel.class.php 第 50 行.
SQL: SELECT `book_day`,`book_time`,`book_name` FROM `so_book` WHERE `book_table` = 21 AND `book_status` = 0 AND `book_day` = '2018-01-13'  [ RunTime:0.0001s ]
SQL: SELECT COUNT(*) AS tp_count FROM `so_table` WHERE `id` = 21 AND `is_lock` = 1 LIMIT 1   [ RunTime:0.0001s ]
NOTIC: [8] Undefined index: type D:\xampp\htdocs\SmartOrder\Application\Cash\Model\TableModel.class.php 第 50 行.
SQL: SELECT `book_day`,`book_time`,`book_name` FROM `so_book` WHERE `book_table` = 29 AND `book_status` = 0 AND `book_day` = '2018-01-13'  [ RunTime:0.0001s ]
SQL: SELECT COUNT(*) AS tp_count FROM `so_table` WHERE `id` = 29 AND `is_lock` = 1 LIMIT 1   [ RunTime:0.0001s ]
SQL: SELECT `book_day`,`book_time`,`book_name` FROM `so_book` WHERE `book_table` = 30 AND `book_status` = 0 AND `book_day` = '2018-01-13'  [ RunTime:0.0001s ]
SQL: SELECT COUNT(*) AS tp_count FROM `so_table` WHERE `id` = 30 AND `is_lock` = 1 LIMIT 1   [ RunTime:0.0001s ]
SQL: SELECT `book_day`,`book_time`,`book_name` FROM `so_book` WHERE `book_table` = 31 AND `book_status` = 0 AND `book_day` = '2018-01-13'  [ RunTime:0.0001s ]
SQL: SELECT COUNT(*) AS tp_count FROM `so_table` WHERE `id` = 31 AND `is_lock` = 1 LIMIT 1   [ RunTime:0.0001s ]
SQL: SELECT `book_day`,`book_time`,`book_name` FROM `so_book` WHERE `book_table` = 2 AND `book_status` = 0 AND `book_day` = '2018-01-13'  [ RunTime:0.0008s ]
SQL: SELECT COUNT(*) AS tp_count FROM `so_table` WHERE `id` = 2 AND `is_lock` = 1 LIMIT 1   [ RunTime:0.0003s ]
NOTIC: [8] Undefined index: type D:\xampp\htdocs\SmartOrder\Application\Cash\Model\TableModel.class.php 第 50 行.
SQL: SELECT `book_day`,`book_time`,`book_name` FROM `so_book` WHERE `book_table` = 9 AND `book_status` = 0 AND `book_day` = '2018-01-13'  [ RunTime:0.0002s ]
SQL: SELECT COUNT(*) AS tp_count FROM `so_table` WHERE `id` = 9 AND `is_lock` = 1 LIMIT 1   [ RunTime:0.0001s ]
SQL: SELECT `book_day`,`book_time`,`book_name` FROM `so_book` WHERE `book_table` = 11 AND `book_status` = 0 AND `book_day` = '2018-01-13'  [ RunTime:0.0001s ]
SQL: SELECT COUNT(*) AS tp_count FROM `so_table` WHERE `id` = 11 AND `is_lock` = 1 LIMIT 1   [ RunTime:0.0001s ]
SQL: SELECT `book_day`,`book_time`,`book_name` FROM `so_book` WHERE `book_table` = 20 AND `book_status` = 0 AND `book_day` = '2018-01-13'  [ RunTime:0.0001s ]
SQL: SELECT COUNT(*) AS tp_count FROM `so_table` WHERE `id` = 20 AND `is_lock` = 1 LIMIT 1   [ RunTime:0.0001s ]
SQL: SELECT `book_day`,`book_time`,`book_name` FROM `so_book` WHERE `book_table` = 23 AND `book_status` = 0 AND `book_day` = '2018-01-13'  [ RunTime:0.0001s ]
SQL: SELECT COUNT(*) AS tp_count FROM `so_table` WHERE `id` = 23 AND `is_lock` = 1 LIMIT 1   [ RunTime:0.0001s ]
NOTIC: [8] Undefined index: type D:\xampp\htdocs\SmartOrder\Application\Cash\Model\TableModel.class.php 第 50 行.
SQL: SELECT `book_day`,`book_time`,`book_name` FROM `so_book` WHERE `book_table` = 24 AND `book_status` = 0 AND `book_day` = '2018-01-13'  [ RunTime:0.0001s ]
SQL: SELECT COUNT(*) AS tp_count FROM `so_table` WHERE `id` = 24 AND `is_lock` = 1 LIMIT 1   [ RunTime:0.0001s ]
SQL: SELECT `book_day`,`book_time`,`book_name` FROM `so_book` WHERE `book_table` = 27 AND `book_status` = 0 AND `book_day` = '2018-01-13'  [ RunTime:0.0001s ]
SQL: SELECT COUNT(*) AS tp_count FROM `so_table` WHERE `id` = 27 AND `is_lock` = 1 LIMIT 1   [ RunTime:0.0001s ]
SQL: SELECT `book_day`,`book_time`,`book_name` FROM `so_book` WHERE `book_table` = 18 AND `book_status` = 0 AND `book_day` = '2018-01-13'  [ RunTime:0.0001s ]
SQL: SELECT COUNT(*) AS tp_count FROM `so_table` WHERE `id` = 18 AND `is_lock` = 1 LIMIT 1   [ RunTime:0.0001s ]
SQL: SELECT `book_day`,`book_time`,`book_name` FROM `so_book` WHERE `book_table` = 25 AND `book_status` = 0 AND `book_day` = '2018-01-13'  [ RunTime:0.0001s ]
SQL: SELECT COUNT(*) AS tp_count FROM `so_table` WHERE `id` = 25 AND `is_lock` = 1 LIMIT 1   [ RunTime:0.0001s ]
NOTIC: [8] Undefined index: type D:\xampp\htdocs\SmartOrder\Application\Cash\Model\TableModel.class.php 第 50 行.
SQL: SELECT `book_day`,`book_time`,`book_name` FROM `so_book` WHERE `book_table` = 22 AND `book_status` = 0 AND `book_day` = '2018-01-13'  [ RunTime:0.0001s ]
SQL: SELECT COUNT(*) AS tp_count FROM `so_table` WHERE `id` = 22 AND `is_lock` = 1 LIMIT 1   [ RunTime:0.0001s ]
NOTIC: [8] Undefined index: type D:\xampp\htdocs\SmartOrder\Application\Cash\Model\TableModel.class.php 第 50 行.
SQL: SELECT `book_day`,`book_time`,`book_name` FROM `so_book` WHERE `book_table` = 26 AND `book_status` = 0 AND `book_day` = '2018-01-13'  [ RunTime:0.0001s ]
SQL: SELECT COUNT(*) AS tp_count FROM `so_table` WHERE `id` = 26 AND `is_lock` = 1 LIMIT 1   [ RunTime:0.0001s ]
NOTIC: [8] Undefined index: type D:\xampp\htdocs\SmartOrder\Application\Cash\Model\TableModel.class.php 第 50 行.
SQL: SELECT `book_day`,`book_time`,`book_name` FROM `so_book` WHERE `book_table` = 28 AND `book_status` = 0 AND `book_day` = '2018-01-13'  [ RunTime:0.0001s ]
SQL: SELECT COUNT(*) AS tp_count FROM `so_table` WHERE `id` = 28 AND `is_lock` = 1 LIMIT 1   [ RunTime:0.0001s ]
INFO: [ view_parse ] --START--
INFO: [ template_filter ] --START--
INFO: Run Behavior\ContentReplaceBehavior [ RunTime:0.000043s ]
INFO: [ template_filter ] --END-- [ RunTime:0.000072s ]
NOTIC: [8] Undefined index: info D:\xampp\htdocs\SmartOrder\Runtime\Cache\Cash\5647ca14edb9bdf98405dba803324ae2.php 第 100 行.
NOTIC: [8] Undefined index: info D:\xampp\htdocs\SmartOrder\Runtime\Cache\Cash\5647ca14edb9bdf98405dba803324ae2.php 第 100 行.
NOTIC: [8] Undefined index: info D:\xampp\htdocs\SmartOrder\Runtime\Cache\Cash\5647ca14edb9bdf98405dba803324ae2.php 第 100 行.
NOTIC: [8] Undefined index: info D:\xampp\htdocs\SmartOrder\Runtime\Cache\Cash\5647ca14edb9bdf98405dba803324ae2.php 第 100 行.
NOTIC: [8] Undefined index: info D:\xampp\htdocs\SmartOrder\Runtime\Cache\Cash\5647ca14edb9bdf98405dba803324ae2.php 第 100 行.
NOTIC: [8] Undefined index: info D:\xampp\htdocs\SmartOrder\Runtime\Cache\Cash\5647ca14edb9bdf98405dba803324ae2.php 第 100 行.
NOTIC: [8] Undefined index: info D:\xampp\htdocs\SmartOrder\Runtime\Cache\Cash\5647ca14edb9bdf98405dba803324ae2.php 第 100 行.
NOTIC: [8] Undefined index: info D:\xampp\htdocs\SmartOrder\Runtime\Cache\Cash\5647ca14edb9bdf98405dba803324ae2.php 第 100 行.
NOTIC: [8] Undefined index: info D:\xampp\htdocs\SmartOrder\Runtime\Cache\Cash\5647ca14edb9bdf98405dba803324ae2.php 第 100 行.
NOTIC: [8] Undefined index: info D:\xampp\htdocs\SmartOrder\Runtime\Cache\Cash\5647ca14edb9bdf98405dba803324ae2.php 第 100 行.
NOTIC: [8] Undefined index: info D:\xampp\htdocs\SmartOrder\Runtime\Cache\Cash\5647ca14edb9bdf98405dba803324ae2.php 第 100 行.
NOTIC: [8] Undefined index: info D:\xampp\htdocs\SmartOrder\Runtime\Cache\Cash\5647ca14edb9bdf98405dba803324ae2.php 第 100 行.
NOTIC: [8] Undefined index: info D:\xampp\htdocs\SmartOrder\Runtime\Cache\Cash\5647ca14edb9bdf98405dba803324ae2.php 第 100 行.
NOTIC: [8] Undefined index: info D:\xampp\htdocs\SmartOrder\Runtime\Cache\Cash\5647ca14edb9bdf98405dba803324ae2.php 第 100 行.
NOTIC: [8] Undefined index: info D:\xampp\htdocs\SmartOrder\Runtime\Cache\Cash\5647ca14edb9bdf98405dba803324ae2.php 第 100 行.
NOTIC: [8] Undefined index: info D:\xampp\htdocs\SmartOrder\Runtime\Cache\Cash\5647ca14edb9bdf98405dba803324ae2.php 第 100 行.
NOTIC: [8] Undefined index: info D:\xampp\htdocs\SmartOrder\Runtime\Cache\Cash\5647ca14edb9bdf98405dba803324ae2.php 第 100 行.
NOTIC: [8] Undefined index: info D:\xampp\htdocs\SmartOrder\Runtime\Cache\Cash\5647ca14edb9bdf98405dba803324ae2.php 第 100 行.
NOTIC: [8] Undefined index: info D:\xampp\htdocs\SmartOrder\Runtime\Cache\Cash\5647ca14edb9bdf98405dba803324ae2.php 第 100 行.
INFO: Run Behavior\ParseTemplateBehavior [ RunTime:0.008455s ]
INFO: [ view_parse ] --END-- [ RunTime:0.008500s ]
INFO: [ view_filter ] --START--
INFO: Run Behavior\WriteHtmlCacheBehavior [ RunTime:0.000755s ]
INFO: [ view_filter ] --END-- [ RunTime:0.000807s ]
INFO: [ app_end ] --START--
INFO: Run Behavior\ShowPageTraceBehavior [ RunTime:0.002367s ]
INFO: Run Common\Behavior\CronRunBehavior [ RunTime:0.002308s ]
INFO: [ app_end ] --END-- [ RunTime:0.004777s ]

[ 2018-01-13T11:14:46+08:00 ] ::1 /SmartOrder/Cash/order/index
INFO: [ app_init ] --START--
INFO: Run Behavior\BuildLiteBehavior [ RunTime:0.000009s ]
INFO: [ app_init ] --END-- [ RunTime:0.000381s ]
NOTIC: [8] Use of undefined constant Cash - assumed 'Cash' D:\xampp\htdocs\SmartOrder\Application\Cash\Conf\config.php 第 7 行.
INFO: [ app_begin ] --START--
INFO: Run Behavior\ReadHtmlCacheBehavior [ RunTime:0.000599s ]
INFO: [ app_begin ] --END-- [ RunTime:0.000645s ]
SQL: SHOW COLUMNS FROM `so_table` [ RunTime:0.0135s ]
NOTIC: [2] Missing argument 1 for Cash\Model\TableModel::getTableInfo(), called in D:\xampp\htdocs\SmartOrder\Application\Cash\Controller\OrderController.class.php on line 10 and defined D:\xampp\htdocs\SmartOrder\Application\Cash\Model\TableModel.class.php 第 24 行.
NOTIC: [2048] Declaration of Admin\Model\TableModel::Add() should be compatible with Think\Model::add($data = '', $options = Array, $replace = false) D:\xampp\htdocs\SmartOrder\Application\Admin\Model\TableModel.class.php 第 93 行.
SQL: SHOW COLUMNS FROM `so_table` [ RunTime:0.0404s ]
SQL: SHOW COLUMNS FROM `so_hall` [ RunTime:0.0233s ]
NOTIC: [2] Missing argument 1 for Think\Model::where(), called in D:\xampp\htdocs\SmartOrder\Application\Admin\Model\TableModel.class.php on line 38 and defined D:\xampp\htdocs\SmartOrder\ThinkPHP\Library\Think\Model.class.php 第 1765 行.
NOTIC: [8] Undefined variable: where D:\xampp\htdocs\SmartOrder\ThinkPHP\Library\Think\Model.class.php 第 1773 行.
NOTIC: [8] Undefined variable: where D:\xampp\htdocs\SmartOrder\ThinkPHP\Library\Think\Model.class.php 第 1776 行.
NOTIC: [8] Undefined variable: where D:\xampp\htdocs\SmartOrder\ThinkPHP\Library\Think\Model.class.php 第 1784 行.
SQL: SELECT * FROM `so_hall`  [ RunTime:0.0004s ]
SQL: SELECT `id`,`table_name` FROM `so_table` WHERE `hall_id` = 1  [ RunTime:0.0003s ]
SQL: SELECT `id`,`table_name` FROM `so_table` WHERE `hall_id` = 2  [ RunTime:0.0003s ]
SQL: SELECT `id`,`table_name` FROM `so_table` WHERE `hall_id` = 3  [ RunTime:0.0003s ]
SQL: SELECT `id`,`table_name` FROM `so_table` WHERE `hall_id` = 4  [ RunTime:0.0002s ]
SQL: SELECT `id`,`table_name` FROM `so_table` WHERE `hall_id` = 5  [ RunTime:0.0002s ]
NOTIC: [8] Undefined variable: date D:\xampp\htdocs\SmartOrder\Application\Cash\Model\TableModel.class.php 第 32 行.
SQL: SHOW COLUMNS FROM `so_book` [ RunTime:0.0022s ]
SQL: SELECT `book_day`,`book_time`,`book_name` FROM `so_book` WHERE `book_table` = 1 AND `book_status` = 0 AND `book_day` = null  [ RunTime:0.0002s ]
SQL: SELECT COUNT(*) AS tp_count FROM `so_table` WHERE `id` = 1 AND `is_lock` = 1 LIMIT 1   [ RunTime:0.0002s ]
NOTIC: [8] Undefined index: type D:\xampp\htdocs\SmartOrder\Application\Cash\Model\TableModel.class.php 第 50 行.
NOTIC: [8] Undefined variable: date D:\xampp\htdocs\SmartOrder\Application\Cash\Model\TableModel.class.php 第 32 行.
SQL: SELECT `book_day`,`book_time`,`book_name` FROM `so_book` WHERE `book_table` = 8 AND `book_status` = 0 AND `book_day` = null  [ RunTime:0.0002s ]
SQL: SELECT COUNT(*) AS tp_count FROM `so_table` WHERE `id` = 8 AND `is_lock` = 1 LIMIT 1   [ RunTime:0.0002s ]
NOTIC: [8] Undefined index: type D:\xampp\htdocs\SmartOrder\Application\Cash\Model\TableModel.class.php 第 50 行.
NOTIC: [8] Undefined variable: date D:\xampp\htdocs\SmartOrder\Application\Cash\Model\TableModel.class.php 第 32 行.
SQL: SELECT `book_day`,`book_time`,`book_name` FROM `so_book` WHERE `book_table` = 15 AND `book_status` = 0 AND `book_day` = null  [ RunTime:0.0002s ]
SQL: SELECT COUNT(*) AS tp_count FROM `so_table` WHERE `id` = 15 AND `is_lock` = 1 LIMIT 1   [ RunTime:0.0002s ]
NOTIC: [8] Undefined index: type D:\xampp\htdocs\SmartOrder\Application\Cash\Model\TableModel.class.php 第 50 行.
NOTIC: [8] Undefined variable: date D:\xampp\htdocs\SmartOrder\Application\Cash\Model\TableModel.class.php 第 32 行.
SQL: SELECT `book_day`,`book_time`,`book_name` FROM `so_book` WHERE `book_table` = 21 AND `book_status` = 0 AND `book_day` = null  [ RunTime:0.0002s ]
SQL: SELECT COUNT(*) AS tp_count FROM `so_table` WHERE `id` = 21 AND `is_lock` = 1 LIMIT 1   [ RunTime:0.0002s ]
NOTIC: [8] Undefined index: type D:\xampp\htdocs\SmartOrder\Application\Cash\Model\TableModel.class.php 第 50 行.
NOTIC: [8] Undefined variable: date D:\xampp\htdocs\SmartOrder\Application\Cash\Model\TableModel.class.php 第 32 行.
SQL: SELECT `book_day`,`book_time`,`book_name` FROM `so_book` WHERE `book_table` = 29 AND `book_status` = 0 AND `book_day` = null  [ RunTime:0.0002s ]
SQL: SELECT COUNT(*) AS tp_count FROM `so_table` WHERE `id` = 29 AND `is_lock` = 1 LIMIT 1   [ RunTime:0.0002s ]
NOTIC: [8] Undefined variable: date D:\xampp\htdocs\SmartOrder\Application\Cash\Model\TableModel.class.php 第 32 行.
SQL: SELECT `book_day`,`book_time`,`book_name` FROM `so_book` WHERE `book_table` = 30 AND `book_status` = 0 AND `book_day` = null  [ RunTime:0.0002s ]
SQL: SELECT COUNT(*) AS tp_count FROM `so_table` WHERE `id` = 30 AND `is_lock` = 1 LIMIT 1   [ RunTime:0.0002s ]
NOTIC: [8] Undefined variable: date D:\xampp\htdocs\SmartOrder\Application\Cash\Model\TableModel.class.php 第 32 行.
SQL: SELECT `book_day`,`book_time`,`book_name` FROM `so_book` WHERE `book_table` = 31 AND `book_status` = 0 AND `book_day` = null  [ RunTime:0.0002s ]
SQL: SELECT COUNT(*) AS tp_count FROM `so_table` WHERE `id` = 31 AND `is_lock` = 1 LIMIT 1   [ RunTime:0.0002s ]
NOTIC: [8] Undefined variable: date D:\xampp\htdocs\SmartOrder\Application\Cash\Model\TableModel.class.php 第 32 行.
SQL: SELECT `book_day`,`book_time`,`book_name` FROM `so_book` WHERE `book_table` = 2 AND `book_status` = 0 AND `book_day` = null  [ RunTime:0.0002s ]
SQL: SELECT COUNT(*) AS tp_count FROM `so_table` WHERE `id` = 2 AND `is_lock` = 1 LIMIT 1   [ RunTime:0.0002s ]
NOTIC: [8] Undefined index: type D:\xampp\htdocs\SmartOrder\Application\Cash\Model\TableModel.class.php 第 50 行.
NOTIC: [8] Undefined variable: date D:\xampp\htdocs\SmartOrder\Application\Cash\Model\TableModel.class.php 第 32 行.
SQL: SELECT `book_day`,`book_time`,`book_name` FROM `so_book` WHERE `book_table` = 9 AND `book_status` = 0 AND `book_day` = null  [ RunTime:0.0002s ]
SQL: SELECT COUNT(*) AS tp_count FROM `so_table` WHERE `id` = 9 AND `is_lock` = 1 LIMIT 1   [ RunTime:0.0002s ]
NOTIC: [8] Undefined variable: date D:\xampp\htdocs\SmartOrder\Application\Cash\Model\TableModel.class.php 第 32 行.
SQL: SELECT `book_day`,`book_time`,`book_name` FROM `so_book` WHERE `book_table` = 11 AND `book_status` = 0 AND `book_day` = null  [ RunTime:0.0002s ]
SQL: SELECT COUNT(*) AS tp_count FROM `so_table` WHERE `id` = 11 AND `is_lock` = 1 LIMIT 1   [ RunTime:0.0002s ]
NOTIC: [8] Undefined variable: date D:\xampp\htdocs\SmartOrder\Application\Cash\Model\TableModel.class.php 第 32 行.
SQL: SELECT `book_day`,`book_time`,`book_name` FROM `so_book` WHERE `book_table` = 20 AND `book_status` = 0 AND `book_day` = null  [ RunTime:0.0024s ]
SQL: SELECT COUNT(*) AS tp_count FROM `so_table` WHERE `id` = 20 AND `is_lock` = 1 LIMIT 1   [ RunTime:0.0004s ]
NOTIC: [8] Undefined variable: date D:\xampp\htdocs\SmartOrder\Application\Cash\Model\TableModel.class.php 第 32 行.
SQL: SELECT `book_day`,`book_time`,`book_name` FROM `so_book` WHERE `book_table` = 23 AND `book_status` = 0 AND `book_day` = null  [ RunTime:0.0002s ]
SQL: SELECT COUNT(*) AS tp_count FROM `so_table` WHERE `id` = 23 AND `is_lock` = 1 LIMIT 1   [ RunTime:0.0002s ]
NOTIC: [8] Undefined index: type D:\xampp\htdocs\SmartOrder\Application\Cash\Model\TableModel.class.php 第 50 行.
NOTIC: [8] Undefined variable: date D:\xampp\htdocs\SmartOrder\Application\Cash\Model\TableModel.class.php 第 32 行.
SQL: SELECT `book_day`,`book_time`,`book_name` FROM `so_book` WHERE `book_table` = 24 AND `book_status` = 0 AND `book_day` = null  [ RunTime:0.0002s ]
SQL: SELECT COUNT(*) AS tp_count FROM `so_table` WHERE `id` = 24 AND `is_lock` = 1 LIMIT 1   [ RunTime:0.0002s ]
NOTIC: [8] Undefined variable: date D:\xampp\htdocs\SmartOrder\Application\Cash\Model\TableModel.class.php 第 32 行.
SQL: SELECT `book_day`,`book_time`,`book_name` FROM `so_book` WHERE `book_table` = 27 AND `book_status` = 0 AND `book_day` = null  [ RunTime:0.0002s ]
SQL: SELECT COUNT(*) AS tp_count FROM `so_table` WHERE `id` = 27 AND `is_lock` = 1 LIMIT 1   [ RunTime:0.0002s ]
NOTIC: [8] Undefined variable: date D:\xampp\htdocs\SmartOrder\Application\Cash\Model\TableModel.class.php 第 32 行.
SQL: SELECT `book_day`,`book_time`,`book_name` FROM `so_book` WHERE `book_table` = 18 AND `book_status` = 0 AND `book_day` = null  [ RunTime:0.0002s ]
SQL: SELECT COUNT(*) AS tp_count FROM `so_table` WHERE `id` = 18 AND `is_lock` = 1 LIMIT 1   [ RunTime:0.0002s ]
NOTIC: [8] Undefined variable: date D:\xampp\htdocs\SmartOrder\Application\Cash\Model\TableModel.class.php 第 32 行.
SQL: SELECT `book_day`,`book_time`,`book_name` FROM `so_book` WHERE `book_table` = 25 AND `book_status` = 0 AND `book_day` = null  [ RunTime:0.0002s ]
SQL: SELECT COUNT(*) AS tp_count FROM `so_table` WHERE `id` = 25 AND `is_lock` = 1 LIMIT 1   [ RunTime:0.0002s ]
NOTIC: [8] Undefined index: type D:\xampp\htdocs\SmartOrder\Application\Cash\Model\TableModel.class.php 第 50 行.
NOTIC: [8] Undefined variable: date D:\xampp\htdocs\SmartOrder\Application\Cash\Model\TableModel.class.php 第 32 行.
SQL: SELECT `book_day`,`book_time`,`book_name` FROM `so_book` WHERE `book_table` = 22 AND `book_status` = 0 AND `book_day` = null  [ RunTime:0.0002s ]
SQL: SELECT COUNT(*) AS tp_count FROM `so_table` WHERE `id` = 22 AND `is_lock` = 1 LIMIT 1   [ RunTime:0.0002s ]
NOTIC: [8] Undefined index: type D:\xampp\htdocs\SmartOrder\Application\Cash\Model\TableModel.class.php 第 50 行.
NOTIC: [8] Undefined variable: date D:\xampp\htdocs\SmartOrder\Application\Cash\Model\TableModel.class.php 第 32 行.
SQL: SELECT `book_day`,`book_time`,`book_name` FROM `so_book` WHERE `book_table` = 26 AND `book_status` = 0 AND `book_day` = null  [ RunTime:0.0002s ]
SQL: SELECT COUNT(*) AS tp_count FROM `so_table` WHERE `id` = 26 AND `is_lock` = 1 LIMIT 1   [ RunTime:0.0002s ]
NOTIC: [8] Undefined index: type D:\xampp\htdocs\SmartOrder\Application\Cash\Model\TableModel.class.php 第 50 行.
NOTIC: [8] Undefined variable: date D:\xampp\htdocs\SmartOrder\Application\Cash\Model\TableModel.class.php 第 32 行.
SQL: SELECT `book_day`,`book_time`,`book_name` FROM `so_book` WHERE `book_table` = 28 AND `book_status` = 0 AND `book_day` = null  [ RunTime:0.0002s ]
SQL: SELECT COUNT(*) AS tp_count FROM `so_table` WHERE `id` = 28 AND `is_lock` = 1 LIMIT 1   [ RunTime:0.0002s ]
SQL: SHOW COLUMNS FROM `so_order` [ RunTime:0.0310s ]
SQL: SHOW COLUMNS FROM `so_temp` [ RunTime:0.0104s ]
NOTIC: [2] Missing argument 1 for Think\Model::where(), called in D:\xampp\htdocs\SmartOrder\Application\Cash\Model\OrderModel.class.php on line 61 and defined D:\xampp\htdocs\SmartOrder\ThinkPHP\Library\Think\Model.class.php 第 1765 行.
NOTIC: [8] Undefined variable: where D:\xampp\htdocs\SmartOrder\ThinkPHP\Library\Think\Model.class.php 第 1773 行.
NOTIC: [8] Undefined variable: where D:\xampp\htdocs\SmartOrder\ThinkPHP\Library\Think\Model.class.php 第 1776 行.
NOTIC: [8] Undefined variable: where D:\xampp\htdocs\SmartOrder\ThinkPHP\Library\Think\Model.class.php 第 1784 行.
SQL: SELECT `table_id`,`holding`,`hold_time` FROM `so_temp`  [ RunTime:0.0013s ]
SQL: SHOW COLUMNS FROM `so_table_hall` [ RunTime:0.0107s ]
SQL: SELECT * FROM `so_table_hall` WHERE `is_lock` = 1  [ RunTime:0.0003s ]
SQL: SELECT `table_id`,`start_time` FROM `so_temp` WHERE `start_time` < 1515802486  [ RunTime:0.0002s ]
SQL: SELECT * FROM `so_table_hall` WHERE `is_lock` = 1  [ RunTime:0.0005s ]
INFO: [ view_parse ] --START--
INFO: [ template_filter ] --START--
INFO: Run Behavior\ContentReplaceBehavior [ RunTime:0.000096s ]
INFO: [ template_filter ] --END-- [ RunTime:0.000165s ]
NOTIC: [8] Undefined variable: tableId D:\xampp\htdocs\SmartOrder\Runtime\Cache\Cash\e08533cf47e334f70bf04a06151df1c1.php 第 91 行.
NOTIC: [8] Undefined variable: pay_time D:\xampp\htdocs\SmartOrder\Runtime\Cache\Cash\e08533cf47e334f70bf04a06151df1c1.php 第 93 行.
NOTIC: [8] Undefined variable: payInfo D:\xampp\htdocs\SmartOrder\Runtime\Cache\Cash\e08533cf47e334f70bf04a06151df1c1.php 第 106 行.
NOTIC: [8] Undefined variable: totle D:\xampp\htdocs\SmartOrder\Runtime\Cache\Cash\e08533cf47e334f70bf04a06151df1c1.php 第 114 行.
NOTIC: [8] Undefined variable: totle D:\xampp\htdocs\SmartOrder\Runtime\Cache\Cash\e08533cf47e334f70bf04a06151df1c1.php 第 116 行.
NOTIC: [8] Undefined variable: payInfo D:\xampp\htdocs\SmartOrder\Runtime\Cache\Cash\e08533cf47e334f70bf04a06151df1c1.php 第 154 行.
NOTIC: [8] Undefined variable: totle D:\xampp\htdocs\SmartOrder\Runtime\Cache\Cash\e08533cf47e334f70bf04a06151df1c1.php 第 166 行.
NOTIC: [8] Undefined variable: totle D:\xampp\htdocs\SmartOrder\Runtime\Cache\Cash\e08533cf47e334f70bf04a06151df1c1.php 第 172 行.
INFO: Run Behavior\ParseTemplateBehavior [ RunTime:0.013134s ]
INFO: [ view_parse ] --END-- [ RunTime:0.013180s ]
INFO: [ view_filter ] --START--
INFO: Run Behavior\WriteHtmlCacheBehavior [ RunTime:0.000428s ]
INFO: [ view_filter ] --END-- [ RunTime:0.000453s ]
INFO: [ app_end ] --START--
INFO: Run Behavior\ShowPageTraceBehavior [ RunTime:0.000671s ]
INFO: Run Common\Behavior\CronRunBehavior [ RunTime:0.004160s ]
INFO: [ app_end ] --END-- [ RunTime:0.004897s ]

[ 2018-01-13T11:14:49+08:00 ] ::1 /SmartOrder/Cash/table/showTable
INFO: [ app_init ] --START--
INFO: Run Behavior\BuildLiteBehavior [ RunTime:0.000010s ]
INFO: [ app_init ] --END-- [ RunTime:0.000402s ]
NOTIC: [8] Use of undefined constant Cash - assumed 'Cash' D:\xampp\htdocs\SmartOrder\Application\Cash\Conf\config.php 第 7 行.
INFO: [ app_begin ] --START--
INFO: Run Behavior\ReadHtmlCacheBehavior [ RunTime:0.000503s ]
INFO: [ app_begin ] --END-- [ RunTime:0.000538s ]
SQL: SHOW COLUMNS FROM `so_table` [ RunTime:0.0022s ]
NOTIC: [2048] Declaration of Admin\Model\TableModel::Add() should be compatible with Think\Model::add($data = '', $options = Array, $replace = false) D:\xampp\htdocs\SmartOrder\Application\Admin\Model\TableModel.class.php 第 93 行.
SQL: SHOW COLUMNS FROM `so_table` [ RunTime:0.0020s ]
SQL: SHOW COLUMNS FROM `so_hall` [ RunTime:0.0037s ]
NOTIC: [2] Missing argument 1 for Think\Model::where(), called in D:\xampp\htdocs\SmartOrder\Application\Admin\Model\TableModel.class.php on line 38 and defined D:\xampp\htdocs\SmartOrder\ThinkPHP\Library\Think\Model.class.php 第 1765 行.
NOTIC: [8] Undefined variable: where D:\xampp\htdocs\SmartOrder\ThinkPHP\Library\Think\Model.class.php 第 1773 行.
NOTIC: [8] Undefined variable: where D:\xampp\htdocs\SmartOrder\ThinkPHP\Library\Think\Model.class.php 第 1776 行.
NOTIC: [8] Undefined variable: where D:\xampp\htdocs\SmartOrder\ThinkPHP\Library\Think\Model.class.php 第 1784 行.
SQL: SELECT * FROM `so_hall`  [ RunTime:0.0002s ]
SQL: SELECT `id`,`table_name` FROM `so_table` WHERE `hall_id` = 1  [ RunTime:0.0004s ]
SQL: SELECT `id`,`table_name` FROM `so_table` WHERE `hall_id` = 2  [ RunTime:0.0003s ]
SQL: SELECT `id`,`table_name` FROM `so_table` WHERE `hall_id` = 3  [ RunTime:0.0002s ]
SQL: SELECT `id`,`table_name` FROM `so_table` WHERE `hall_id` = 4  [ RunTime:0.0002s ]
SQL: SELECT `id`,`table_name` FROM `so_table` WHERE `hall_id` = 5  [ RunTime:0.0002s ]
SQL: SHOW COLUMNS FROM `so_book` [ RunTime:0.0027s ]
SQL: SELECT `book_day`,`book_time`,`book_name` FROM `so_book` WHERE `book_table` = 1 AND `book_status` = 0 AND `book_day` = '2018-01-13'  [ RunTime:0.0002s ]
SQL: SELECT COUNT(*) AS tp_count FROM `so_table` WHERE `id` = 1 AND `is_lock` = 1 LIMIT 1   [ RunTime:0.0002s ]
NOTIC: [8] Undefined index: type D:\xampp\htdocs\SmartOrder\Application\Cash\Model\TableModel.class.php 第 50 行.
SQL: SELECT `book_day`,`book_time`,`book_name` FROM `so_book` WHERE `book_table` = 8 AND `book_status` = 0 AND `book_day` = '2018-01-13'  [ RunTime:0.0033s ]
SQL: SELECT COUNT(*) AS tp_count FROM `so_table` WHERE `id` = 8 AND `is_lock` = 1 LIMIT 1   [ RunTime:0.0002s ]
NOTIC: [8] Undefined index: type D:\xampp\htdocs\SmartOrder\Application\Cash\Model\TableModel.class.php 第 50 行.
SQL: SELECT `book_day`,`book_time`,`book_name` FROM `so_book` WHERE `book_table` = 15 AND `book_status` = 0 AND `book_day` = '2018-01-13'  [ RunTime:0.0002s ]
SQL: SELECT COUNT(*) AS tp_count FROM `so_table` WHERE `id` = 15 AND `is_lock` = 1 LIMIT 1   [ RunTime:0.0002s ]
NOTIC: [8] Undefined index: type D:\xampp\htdocs\SmartOrder\Application\Cash\Model\TableModel.class.php 第 50 行.
SQL: SELECT `book_day`,`book_time`,`book_name` FROM `so_book` WHERE `book_table` = 21 AND `book_status` = 0 AND `book_day` = '2018-01-13'  [ RunTime:0.0002s ]
SQL: SELECT COUNT(*) AS tp_count FROM `so_table` WHERE `id` = 21 AND `is_lock` = 1 LIMIT 1   [ RunTime:0.0002s ]
NOTIC: [8] Undefined index: type D:\xampp\htdocs\SmartOrder\Application\Cash\Model\TableModel.class.php 第 50 行.
SQL: SELECT `book_day`,`book_time`,`book_name` FROM `so_book` WHERE `book_table` = 29 AND `book_status` = 0 AND `book_day` = '2018-01-13'  [ RunTime:0.0002s ]
SQL: SELECT COUNT(*) AS tp_count FROM `so_table` WHERE `id` = 29 AND `is_lock` = 1 LIMIT 1   [ RunTime:0.0002s ]
SQL: SELECT `book_day`,`book_time`,`book_name` FROM `so_book` WHERE `book_table` = 30 AND `book_status` = 0 AND `book_day` = '2018-01-13'  [ RunTime:0.0002s ]
SQL: SELECT COUNT(*) AS tp_count FROM `so_table` WHERE `id` = 30 AND `is_lock` = 1 LIMIT 1   [ RunTime:0.0002s ]
SQL: SELECT `book_day`,`book_time`,`book_name` FROM `so_book` WHERE `book_table` = 31 AND `book_status` = 0 AND `book_day` = '2018-01-13'  [ RunTime:0.0002s ]
SQL: SELECT COUNT(*) AS tp_count FROM `so_table` WHERE `id` = 31 AND `is_lock` = 1 LIMIT 1   [ RunTime:0.0002s ]
SQL: SELECT `book_day`,`book_time`,`book_name` FROM `so_book` WHERE `book_table` = 2 AND `book_status` = 0 AND `book_day` = '2018-01-13'  [ RunTime:0.0018s ]
SQL: SELECT COUNT(*) AS tp_count FROM `so_table` WHERE `id` = 2 AND `is_lock` = 1 LIMIT 1   [ RunTime:0.0002s ]
NOTIC: [8] Undefined index: type D:\xampp\htdocs\SmartOrder\Application\Cash\Model\TableModel.class.php 第 50 行.
SQL: SELECT `book_day`,`book_time`,`book_name` FROM `so_book` WHERE `book_table` = 9 AND `book_status` = 0 AND `book_day` = '2018-01-13'  [ RunTime:0.0002s ]
SQL: SELECT COUNT(*) AS tp_count FROM `so_table` WHERE `id` = 9 AND `is_lock` = 1 LIMIT 1   [ RunTime:0.0002s ]
SQL: SELECT `book_day`,`book_time`,`book_name` FROM `so_book` WHERE `book_table` = 11 AND `book_status` = 0 AND `book_day` = '2018-01-13'  [ RunTime:0.0002s ]
SQL: SELECT COUNT(*) AS tp_count FROM `so_table` WHERE `id` = 11 AND `is_lock` = 1 LIMIT 1   [ RunTime:0.0002s ]
SQL: SELECT `book_day`,`book_time`,`book_name` FROM `so_book` WHERE `book_table` = 20 AND `book_status` = 0 AND `book_day` = '2018-01-13'  [ RunTime:0.0002s ]
SQL: SELECT COUNT(*) AS tp_count FROM `so_table` WHERE `id` = 20 AND `is_lock` = 1 LIMIT 1   [ RunTime:0.0002s ]
SQL: SELECT `book_day`,`book_time`,`book_name` FROM `so_book` WHERE `book_table` = 23 AND `book_status` = 0 AND `book_day` = '2018-01-13'  [ RunTime:0.0002s ]
SQL: SELECT COUNT(*) AS tp_count FROM `so_table` WHERE `id` = 23 AND `is_lock` = 1 LIMIT 1   [ RunTime:0.0002s ]
NOTIC: [8] Undefined index: type D:\xampp\htdocs\SmartOrder\Application\Cash\Model\TableModel.class.php 第 50 行.
SQL: SELECT `book_day`,`book_time`,`book_name` FROM `so_book` WHERE `book_table` = 24 AND `book_status` = 0 AND `book_day` = '2018-01-13'  [ RunTime:0.0002s ]
SQL: SELECT COUNT(*) AS tp_count FROM `so_table` WHERE `id` = 24 AND `is_lock` = 1 LIMIT 1   [ RunTime:0.0002s ]
SQL: SELECT `book_day`,`book_time`,`book_name` FROM `so_book` WHERE `book_table` = 27 AND `book_status` = 0 AND `book_day` = '2018-01-13'  [ RunTime:0.0002s ]
SQL: SELECT COUNT(*) AS tp_count FROM `so_table` WHERE `id` = 27 AND `is_lock` = 1 LIMIT 1   [ RunTime:0.0002s ]
SQL: SELECT `book_day`,`book_time`,`book_name` FROM `so_book` WHERE `book_table` = 18 AND `book_status` = 0 AND `book_day` = '2018-01-13'  [ RunTime:0.0002s ]
SQL: SELECT COUNT(*) AS tp_count FROM `so_table` WHERE `id` = 18 AND `is_lock` = 1 LIMIT 1   [ RunTime:0.0002s ]
SQL: SELECT `book_day`,`book_time`,`book_name` FROM `so_book` WHERE `book_table` = 25 AND `book_status` = 0 AND `book_day` = '2018-01-13'  [ RunTime:0.0002s ]
SQL: SELECT COUNT(*) AS tp_count FROM `so_table` WHERE `id` = 25 AND `is_lock` = 1 LIMIT 1   [ RunTime:0.0002s ]
NOTIC: [8] Undefined index: type D:\xampp\htdocs\SmartOrder\Application\Cash\Model\TableModel.class.php 第 50 行.
SQL: SELECT `book_day`,`book_time`,`book_name` FROM `so_book` WHERE `book_table` = 22 AND `book_status` = 0 AND `book_day` = '2018-01-13'  [ RunTime:0.0002s ]
SQL: SELECT COUNT(*) AS tp_count FROM `so_table` WHERE `id` = 22 AND `is_lock` = 1 LIMIT 1   [ RunTime:0.0002s ]
NOTIC: [8] Undefined index: type D:\xampp\htdocs\SmartOrder\Application\Cash\Model\TableModel.class.php 第 50 行.
SQL: SELECT `book_day`,`book_time`,`book_name` FROM `so_book` WHERE `book_table` = 26 AND `book_status` = 0 AND `book_day` = '2018-01-13'  [ RunTime:0.0002s ]
SQL: SELECT COUNT(*) AS tp_count FROM `so_table` WHERE `id` = 26 AND `is_lock` = 1 LIMIT 1   [ RunTime:0.0002s ]
NOTIC: [8] Undefined index: type D:\xampp\htdocs\SmartOrder\Application\Cash\Model\TableModel.class.php 第 50 行.
SQL: SELECT `book_day`,`book_time`,`book_name` FROM `so_book` WHERE `book_table` = 28 AND `book_status` = 0 AND `book_day` = '2018-01-13'  [ RunTime:0.0002s ]
SQL: SELECT COUNT(*) AS tp_count FROM `so_table` WHERE `id` = 28 AND `is_lock` = 1 LIMIT 1   [ RunTime:0.0002s ]
INFO: [ view_parse ] --START--
INFO: [ template_filter ] --START--
INFO: Run Behavior\ContentReplaceBehavior [ RunTime:0.000076s ]
INFO: [ template_filter ] --END-- [ RunTime:0.000145s ]
NOTIC: [8] Undefined index: info D:\xampp\htdocs\SmartOrder\Runtime\Cache\Cash\5647ca14edb9bdf98405dba803324ae2.php 第 100 行.
NOTIC: [8] Undefined index: info D:\xampp\htdocs\SmartOrder\Runtime\Cache\Cash\5647ca14edb9bdf98405dba803324ae2.php 第 100 行.
NOTIC: [8] Undefined index: info D:\xampp\htdocs\SmartOrder\Runtime\Cache\Cash\5647ca14edb9bdf98405dba803324ae2.php 第 100 行.
NOTIC: [8] Undefined index: info D:\xampp\htdocs\SmartOrder\Runtime\Cache\Cash\5647ca14edb9bdf98405dba803324ae2.php 第 100 行.
NOTIC: [8] Undefined index: info D:\xampp\htdocs\SmartOrder\Runtime\Cache\Cash\5647ca14edb9bdf98405dba803324ae2.php 第 100 行.
NOTIC: [8] Undefined index: info D:\xampp\htdocs\SmartOrder\Runtime\Cache\Cash\5647ca14edb9bdf98405dba803324ae2.php 第 100 行.
NOTIC: [8] Undefined index: info D:\xampp\htdocs\SmartOrder\Runtime\Cache\Cash\5647ca14edb9bdf98405dba803324ae2.php 第 100 行.
NOTIC: [8] Undefined index: info D:\xampp\htdocs\SmartOrder\Runtime\Cache\Cash\5647ca14edb9bdf98405dba803324ae2.php 第 100 行.
NOTIC: [8] Undefined index: info D:\xampp\htdocs\SmartOrder\Runtime\Cache\Cash\5647ca14edb9bdf98405dba803324ae2.php 第 100 行.
NOTIC: [8] Undefined index: info D:\xampp\htdocs\SmartOrder\Runtime\Cache\Cash\5647ca14edb9bdf98405dba803324ae2.php 第 100 行.
NOTIC: [8] Undefined index: info D:\xampp\htdocs\SmartOrder\Runtime\Cache\Cash\5647ca14edb9bdf98405dba803324ae2.php 第 100 行.
NOTIC: [8] Undefined index: info D:\xampp\htdocs\SmartOrder\Runtime\Cache\Cash\5647ca14edb9bdf98405dba803324ae2.php 第 100 行.
NOTIC: [8] Undefined index: info D:\xampp\htdocs\SmartOrder\Runtime\Cache\Cash\5647ca14edb9bdf98405dba803324ae2.php 第 100 行.
NOTIC: [8] Undefined index: info D:\xampp\htdocs\SmartOrder\Runtime\Cache\Cash\5647ca14edb9bdf98405dba803324ae2.php 第 100 行.
NOTIC: [8] Undefined index: info D:\xampp\htdocs\SmartOrder\Runtime\Cache\Cash\5647ca14edb9bdf98405dba803324ae2.php 第 100 行.
NOTIC: [8] Undefined index: info D:\xampp\htdocs\SmartOrder\Runtime\Cache\Cash\5647ca14edb9bdf98405dba803324ae2.php 第 100 行.
NOTIC: [8] Undefined index: info D:\xampp\htdocs\SmartOrder\Runtime\Cache\Cash\5647ca14edb9bdf98405dba803324ae2.php 第 100 行.
NOTIC: [8] Undefined index: info D:\xampp\htdocs\SmartOrder\Runtime\Cache\Cash\5647ca14edb9bdf98405dba803324ae2.php 第 100 行.
NOTIC: [8] Undefined index: info D:\xampp\htdocs\SmartOrder\Runtime\Cache\Cash\5647ca14edb9bdf98405dba803324ae2.php 第 100 行.
INFO: Run Behavior\ParseTemplateBehavior [ RunTime:0.010200s ]
INFO: [ view_parse ] --END-- [ RunTime:0.010239s ]
INFO: [ view_filter ] --START--
INFO: Run Behavior\WriteHtmlCacheBehavior [ RunTime:0.000491s ]
INFO: [ view_filter ] --END-- [ RunTime:0.000520s ]
INFO: [ app_end ] --START--
INFO: Run Behavior\ShowPageTraceBehavior [ RunTime:0.000492s ]
INFO: Run Common\Behavior\CronRunBehavior [ RunTime:0.002236s ]
INFO: [ app_end ] --END-- [ RunTime:0.002800s ]

[ 2018-01-13T11:14:53+08:00 ] ::1 /SmartOrder/Cash/order/index
INFO: [ app_init ] --START--
INFO: Run Behavior\BuildLiteBehavior [ RunTime:0.000011s ]
INFO: [ app_init ] --END-- [ RunTime:0.000409s ]
NOTIC: [8] Use of undefined constant Cash - assumed 'Cash' D:\xampp\htdocs\SmartOrder\Application\Cash\Conf\config.php 第 7 行.
INFO: [ app_begin ] --START--
INFO: Run Behavior\ReadHtmlCacheBehavior [ RunTime:0.000469s ]
INFO: [ app_begin ] --END-- [ RunTime:0.000501s ]
SQL: SHOW COLUMNS FROM `so_table` [ RunTime:0.0020s ]
NOTIC: [2] Missing argument 1 for Cash\Model\TableModel::getTableInfo(), called in D:\xampp\htdocs\SmartOrder\Application\Cash\Controller\OrderController.class.php on line 10 and defined D:\xampp\htdocs\SmartOrder\Application\Cash\Model\TableModel.class.php 第 24 行.
NOTIC: [2048] Declaration of Admin\Model\TableModel::Add() should be compatible with Think\Model::add($data = '', $options = Array, $replace = false) D:\xampp\htdocs\SmartOrder\Application\Admin\Model\TableModel.class.php 第 93 行.
SQL: SHOW COLUMNS FROM `so_table` [ RunTime:0.0021s ]
SQL: SHOW COLUMNS FROM `so_hall` [ RunTime:0.0020s ]
NOTIC: [2] Missing argument 1 for Think\Model::where(), called in D:\xampp\htdocs\SmartOrder\Application\Admin\Model\TableModel.class.php on line 38 and defined D:\xampp\htdocs\SmartOrder\ThinkPHP\Library\Think\Model.class.php 第 1765 行.
NOTIC: [8] Undefined variable: where D:\xampp\htdocs\SmartOrder\ThinkPHP\Library\Think\Model.class.php 第 1773 行.
NOTIC: [8] Undefined variable: where D:\xampp\htdocs\SmartOrder\ThinkPHP\Library\Think\Model.class.php 第 1776 行.
NOTIC: [8] Undefined variable: where D:\xampp\htdocs\SmartOrder\ThinkPHP\Library\Think\Model.class.php 第 1784 行.
SQL: SELECT * FROM `so_hall`  [ RunTime:0.0004s ]
SQL: SELECT `id`,`table_name` FROM `so_table` WHERE `hall_id` = 1  [ RunTime:0.0004s ]
SQL: SELECT `id`,`table_name` FROM `so_table` WHERE `hall_id` = 2  [ RunTime:0.0003s ]
SQL: SELECT `id`,`table_name` FROM `so_table` WHERE `hall_id` = 3  [ RunTime:0.0004s ]
SQL: SELECT `id`,`table_name` FROM `so_table` WHERE `hall_id` = 4  [ RunTime:0.0003s ]
SQL: SELECT `id`,`table_name` FROM `so_table` WHERE `hall_id` = 5  [ RunTime:0.0003s ]
NOTIC: [8] Undefined variable: date D:\xampp\htdocs\SmartOrder\Application\Cash\Model\TableModel.class.php 第 32 行.
SQL: SHOW COLUMNS FROM `so_book` [ RunTime:0.0021s ]
SQL: SELECT `book_day`,`book_time`,`book_name` FROM `so_book` WHERE `book_table` = 1 AND `book_status` = 0 AND `book_day` = null  [ RunTime:0.0002s ]
SQL: SELECT COUNT(*) AS tp_count FROM `so_table` WHERE `id` = 1 AND `is_lock` = 1 LIMIT 1   [ RunTime:0.0002s ]
NOTIC: [8] Undefined index: type D:\xampp\htdocs\SmartOrder\Application\Cash\Model\TableModel.class.php 第 50 行.
NOTIC: [8] Undefined variable: date D:\xampp\htdocs\SmartOrder\Application\Cash\Model\TableModel.class.php 第 32 行.
SQL: SELECT `book_day`,`book_time`,`book_name` FROM `so_book` WHERE `book_table` = 8 AND `book_status` = 0 AND `book_day` = null  [ RunTime:0.0002s ]
SQL: SELECT COUNT(*) AS tp_count FROM `so_table` WHERE `id` = 8 AND `is_lock` = 1 LIMIT 1   [ RunTime:0.0002s ]
NOTIC: [8] Undefined index: type D:\xampp\htdocs\SmartOrder\Application\Cash\Model\TableModel.class.php 第 50 行.
NOTIC: [8] Undefined variable: date D:\xampp\htdocs\SmartOrder\Application\Cash\Model\TableModel.class.php 第 32 行.
SQL: SELECT `book_day`,`book_time`,`book_name` FROM `so_book` WHERE `book_table` = 15 AND `book_status` = 0 AND `book_day` = null  [ RunTime:0.0002s ]
SQL: SELECT COUNT(*) AS tp_count FROM `so_table` WHERE `id` = 15 AND `is_lock` = 1 LIMIT 1   [ RunTime:0.0002s ]
NOTIC: [8] Undefined index: type D:\xampp\htdocs\SmartOrder\Application\Cash\Model\TableModel.class.php 第 50 行.
NOTIC: [8] Undefined variable: date D:\xampp\htdocs\SmartOrder\Application\Cash\Model\TableModel.class.php 第 32 行.
SQL: SELECT `book_day`,`book_time`,`book_name` FROM `so_book` WHERE `book_table` = 21 AND `book_status` = 0 AND `book_day` = null  [ RunTime:0.0002s ]
SQL: SELECT COUNT(*) AS tp_count FROM `so_table` WHERE `id` = 21 AND `is_lock` = 1 LIMIT 1   [ RunTime:0.0002s ]
NOTIC: [8] Undefined index: type D:\xampp\htdocs\SmartOrder\Application\Cash\Model\TableModel.class.php 第 50 行.
NOTIC: [8] Undefined variable: date D:\xampp\htdocs\SmartOrder\Application\Cash\Model\TableModel.class.php 第 32 行.
SQL: SELECT `book_day`,`book_time`,`book_name` FROM `so_book` WHERE `book_table` = 29 AND `book_status` = 0 AND `book_day` = null  [ RunTime:0.0002s ]
SQL: SELECT COUNT(*) AS tp_count FROM `so_table` WHERE `id` = 29 AND `is_lock` = 1 LIMIT 1   [ RunTime:0.0002s ]
NOTIC: [8] Undefined variable: date D:\xampp\htdocs\SmartOrder\Application\Cash\Model\TableModel.class.php 第 32 行.
SQL: SELECT `book_day`,`book_time`,`book_name` FROM `so_book` WHERE `book_table` = 30 AND `book_status` = 0 AND `book_day` = null  [ RunTime:0.0002s ]
SQL: SELECT COUNT(*) AS tp_count FROM `so_table` WHERE `id` = 30 AND `is_lock` = 1 LIMIT 1   [ RunTime:0.0002s ]
NOTIC: [8] Undefined variable: date D:\xampp\htdocs\SmartOrder\Application\Cash\Model\TableModel.class.php 第 32 行.
SQL: SELECT `book_day`,`book_time`,`book_name` FROM `so_book` WHERE `book_table` = 31 AND `book_status` = 0 AND `book_day` = null  [ RunTime:0.0002s ]
SQL: SELECT COUNT(*) AS tp_count FROM `so_table` WHERE `id` = 31 AND `is_lock` = 1 LIMIT 1   [ RunTime:0.0002s ]
NOTIC: [8] Undefined variable: date D:\xampp\htdocs\SmartOrder\Application\Cash\Model\TableModel.class.php 第 32 行.
SQL: SELECT `book_day`,`book_time`,`book_name` FROM `so_book` WHERE `book_table` = 2 AND `book_status` = 0 AND `book_day` = null  [ RunTime:0.0002s ]
SQL: SELECT COUNT(*) AS tp_count FROM `so_table` WHERE `id` = 2 AND `is_lock` = 1 LIMIT 1   [ RunTime:0.0002s ]
NOTIC: [8] Undefined index: type D:\xampp\htdocs\SmartOrder\Application\Cash\Model\TableModel.class.php 第 50 行.
NOTIC: [8] Undefined variable: date D:\xampp\htdocs\SmartOrder\Application\Cash\Model\TableModel.class.php 第 32 行.
SQL: SELECT `book_day`,`book_time`,`book_name` FROM `so_book` WHERE `book_table` = 9 AND `book_status` = 0 AND `book_day` = null  [ RunTime:0.0002s ]
SQL: SELECT COUNT(*) AS tp_count FROM `so_table` WHERE `id` = 9 AND `is_lock` = 1 LIMIT 1   [ RunTime:0.0002s ]
NOTIC: [8] Undefined variable: date D:\xampp\htdocs\SmartOrder\Application\Cash\Model\TableModel.class.php 第 32 行.
SQL: SELECT `book_day`,`book_time`,`book_name` FROM `so_book` WHERE `book_table` = 11 AND `book_status` = 0 AND `book_day` = null  [ RunTime:0.0005s ]
SQL: SELECT COUNT(*) AS tp_count FROM `so_table` WHERE `id` = 11 AND `is_lock` = 1 LIMIT 1   [ RunTime:0.0002s ]
NOTIC: [8] Undefined variable: date D:\xampp\htdocs\SmartOrder\Application\Cash\Model\TableModel.class.php 第 32 行.
SQL: SELECT `book_day`,`book_time`,`book_name` FROM `so_book` WHERE `book_table` = 20 AND `book_status` = 0 AND `book_day` = null  [ RunTime:0.0003s ]
SQL: SELECT COUNT(*) AS tp_count FROM `so_table` WHERE `id` = 20 AND `is_lock` = 1 LIMIT 1   [ RunTime:0.0003s ]
NOTIC: [8] Undefined variable: date D:\xampp\htdocs\SmartOrder\Application\Cash\Model\TableModel.class.php 第 32 行.
SQL: SELECT `book_day`,`book_time`,`book_name` FROM `so_book` WHERE `book_table` = 23 AND `book_status` = 0 AND `book_day` = null  [ RunTime:0.0003s ]
SQL: SELECT COUNT(*) AS tp_count FROM `so_table` WHERE `id` = 23 AND `is_lock` = 1 LIMIT 1   [ RunTime:0.0002s ]
NOTIC: [8] Undefined index: type D:\xampp\htdocs\SmartOrder\Application\Cash\Model\TableModel.class.php 第 50 行.
NOTIC: [8] Undefined variable: date D:\xampp\htdocs\SmartOrder\Application\Cash\Model\TableModel.class.php 第 32 行.
SQL: SELECT `book_day`,`book_time`,`book_name` FROM `so_book` WHERE `book_table` = 24 AND `book_status` = 0 AND `book_day` = null  [ RunTime:0.0003s ]
SQL: SELECT COUNT(*) AS tp_count FROM `so_table` WHERE `id` = 24 AND `is_lock` = 1 LIMIT 1   [ RunTime:0.0002s ]
NOTIC: [8] Undefined variable: date D:\xampp\htdocs\SmartOrder\Application\Cash\Model\TableModel.class.php 第 32 行.
SQL: SELECT `book_day`,`book_time`,`book_name` FROM `so_book` WHERE `book_table` = 27 AND `book_status` = 0 AND `book_day` = null  [ RunTime:0.0002s ]
SQL: SELECT COUNT(*) AS tp_count FROM `so_table` WHERE `id` = 27 AND `is_lock` = 1 LIMIT 1   [ RunTime:0.0002s ]
NOTIC: [8] Undefined variable: date D:\xampp\htdocs\SmartOrder\Application\Cash\Model\TableModel.class.php 第 32 行.
SQL: SELECT `book_day`,`book_time`,`book_name` FROM `so_book` WHERE `book_table` = 18 AND `book_status` = 0 AND `book_day` = null  [ RunTime:0.0002s ]
SQL: SELECT COUNT(*) AS tp_count FROM `so_table` WHERE `id` = 18 AND `is_lock` = 1 LIMIT 1   [ RunTime:0.0018s ]
NOTIC: [8] Undefined variable: date D:\xampp\htdocs\SmartOrder\Application\Cash\Model\TableModel.class.php 第 32 行.
SQL: SELECT `book_day`,`book_time`,`book_name` FROM `so_book` WHERE `book_table` = 25 AND `book_status` = 0 AND `book_day` = null  [ RunTime:0.0002s ]
SQL: SELECT COUNT(*) AS tp_count FROM `so_table` WHERE `id` = 25 AND `is_lock` = 1 LIMIT 1   [ RunTime:0.0002s ]
NOTIC: [8] Undefined index: type D:\xampp\htdocs\SmartOrder\Application\Cash\Model\TableModel.class.php 第 50 行.
NOTIC: [8] Undefined variable: date D:\xampp\htdocs\SmartOrder\Application\Cash\Model\TableModel.class.php 第 32 行.
SQL: SELECT `book_day`,`book_time`,`book_name` FROM `so_book` WHERE `book_table` = 22 AND `book_status` = 0 AND `book_day` = null  [ RunTime:0.0002s ]
SQL: SELECT COUNT(*) AS tp_count FROM `so_table` WHERE `id` = 22 AND `is_lock` = 1 LIMIT 1   [ RunTime:0.0002s ]
NOTIC: [8] Undefined index: type D:\xampp\htdocs\SmartOrder\Application\Cash\Model\TableModel.class.php 第 50 行.
NOTIC: [8] Undefined variable: date D:\xampp\htdocs\SmartOrder\Application\Cash\Model\TableModel.class.php 第 32 行.
SQL: SELECT `book_day`,`book_time`,`book_name` FROM `so_book` WHERE `book_table` = 26 AND `book_status` = 0 AND `book_day` = null  [ RunTime:0.0002s ]
SQL: SELECT COUNT(*) AS tp_count FROM `so_table` WHERE `id` = 26 AND `is_lock` = 1 LIMIT 1   [ RunTime:0.0002s ]
NOTIC: [8] Undefined index: type D:\xampp\htdocs\SmartOrder\Application\Cash\Model\TableModel.class.php 第 50 行.
NOTIC: [8] Undefined variable: date D:\xampp\htdocs\SmartOrder\Application\Cash\Model\TableModel.class.php 第 32 行.
SQL: SELECT `book_day`,`book_time`,`book_name` FROM `so_book` WHERE `book_table` = 28 AND `book_status` = 0 AND `book_day` = null  [ RunTime:0.0002s ]
SQL: SELECT COUNT(*) AS tp_count FROM `so_table` WHERE `id` = 28 AND `is_lock` = 1 LIMIT 1   [ RunTime:0.0002s ]
SQL: SHOW COLUMNS FROM `so_order` [ RunTime:0.0022s ]
SQL: SHOW COLUMNS FROM `so_temp` [ RunTime:0.0020s ]
NOTIC: [2] Missing argument 1 for Think\Model::where(), called in D:\xampp\htdocs\SmartOrder\Application\Cash\Model\OrderModel.class.php on line 61 and defined D:\xampp\htdocs\SmartOrder\ThinkPHP\Library\Think\Model.class.php 第 1765 行.
NOTIC: [8] Undefined variable: where D:\xampp\htdocs\SmartOrder\ThinkPHP\Library\Think\Model.class.php 第 1773 行.
NOTIC: [8] Undefined variable: where D:\xampp\htdocs\SmartOrder\ThinkPHP\Library\Think\Model.class.php 第 1776 行.
NOTIC: [8] Undefined variable: where D:\xampp\htdocs\SmartOrder\ThinkPHP\Library\Think\Model.class.php 第 1784 行.
SQL: SELECT `table_id`,`holding`,`hold_time` FROM `so_temp`  [ RunTime:0.0002s ]
SQL: SHOW COLUMNS FROM `so_table_hall` [ RunTime:0.0020s ]
SQL: SELECT * FROM `so_table_hall` WHERE `is_lock` = 1  [ RunTime:0.0003s ]
SQL: SELECT `table_id`,`start_time` FROM `so_temp` WHERE `start_time` < 1515802493  [ RunTime:0.0002s ]
SQL: SELECT * FROM `so_table_hall` WHERE `is_lock` = 1  [ RunTime:0.0003s ]
INFO: [ view_parse ] --START--
INFO: [ template_filter ] --START--
INFO: Run Behavior\ContentReplaceBehavior [ RunTime:0.000070s ]
INFO: [ template_filter ] --END-- [ RunTime:0.000106s ]
NOTIC: [8] Undefined variable: tableId D:\xampp\htdocs\SmartOrder\Runtime\Cache\Cash\e08533cf47e334f70bf04a06151df1c1.php 第 91 行.
NOTIC: [8] Undefined variable: pay_time D:\xampp\htdocs\SmartOrder\Runtime\Cache\Cash\e08533cf47e334f70bf04a06151df1c1.php 第 93 行.
NOTIC: [8] Undefined variable: payInfo D:\xampp\htdocs\SmartOrder\Runtime\Cache\Cash\e08533cf47e334f70bf04a06151df1c1.php 第 106 行.
NOTIC: [8] Undefined variable: totle D:\xampp\htdocs\SmartOrder\Runtime\Cache\Cash\e08533cf47e334f70bf04a06151df1c1.php 第 114 行.
NOTIC: [8] Undefined variable: totle D:\xampp\htdocs\SmartOrder\Runtime\Cache\Cash\e08533cf47e334f70bf04a06151df1c1.php 第 116 行.
NOTIC: [8] Undefined variable: payInfo D:\xampp\htdocs\SmartOrder\Runtime\Cache\Cash\e08533cf47e334f70bf04a06151df1c1.php 第 154 行.
NOTIC: [8] Undefined variable: totle D:\xampp\htdocs\SmartOrder\Runtime\Cache\Cash\e08533cf47e334f70bf04a06151df1c1.php 第 166 行.
NOTIC: [8] Undefined variable: totle D:\xampp\htdocs\SmartOrder\Runtime\Cache\Cash\e08533cf47e334f70bf04a06151df1c1.php 第 172 行.
INFO: Run Behavior\ParseTemplateBehavior [ RunTime:0.011085s ]
INFO: [ view_parse ] --END-- [ RunTime:0.011114s ]
INFO: [ view_filter ] --START--
INFO: Run Behavior\WriteHtmlCacheBehavior [ RunTime:0.000348s ]
INFO: [ view_filter ] --END-- [ RunTime:0.000373s ]
INFO: [ app_end ] --START--
INFO: Run Behavior\ShowPageTraceBehavior [ RunTime:0.000571s ]
INFO: Run Common\Behavior\CronRunBehavior [ RunTime:0.002312s ]
INFO: [ app_end ] --END-- [ RunTime:0.002978s ]

[ 2018-01-13T11:15:39+08:00 ] ::1 /SmartOrder/Cash/order/index
INFO: [ app_init ] --START--
INFO: Run Behavior\BuildLiteBehavior [ RunTime:0.000009s ]
INFO: [ app_init ] --END-- [ RunTime:0.000402s ]
NOTIC: [8] Use of undefined constant Cash - assumed 'Cash' D:\xampp\htdocs\SmartOrder\Application\Cash\Conf\config.php 第 7 行.
INFO: [ app_begin ] --START--
INFO: Run Behavior\ReadHtmlCacheBehavior [ RunTime:0.000510s ]
INFO: [ app_begin ] --END-- [ RunTime:0.000545s ]
SQL: SHOW COLUMNS FROM `so_table` [ RunTime:0.0039s ]
NOTIC: [2] Missing argument 1 for Cash\Model\TableModel::getTableInfo(), called in D:\xampp\htdocs\SmartOrder\Application\Cash\Controller\OrderController.class.php on line 10 and defined D:\xampp\htdocs\SmartOrder\Application\Cash\Model\TableModel.class.php 第 24 行.
NOTIC: [2048] Declaration of Admin\Model\TableModel::Add() should be compatible with Think\Model::add($data = '', $options = Array, $replace = false) D:\xampp\htdocs\SmartOrder\Application\Admin\Model\TableModel.class.php 第 93 行.
SQL: SHOW COLUMNS FROM `so_table` [ RunTime:0.0022s ]
SQL: SHOW COLUMNS FROM `so_hall` [ RunTime:0.0018s ]
NOTIC: [2] Missing argument 1 for Think\Model::where(), called in D:\xampp\htdocs\SmartOrder\Application\Admin\Model\TableModel.class.php on line 38 and defined D:\xampp\htdocs\SmartOrder\ThinkPHP\Library\Think\Model.class.php 第 1765 行.
NOTIC: [8] Undefined variable: where D:\xampp\htdocs\SmartOrder\ThinkPHP\Library\Think\Model.class.php 第 1773 行.
NOTIC: [8] Undefined variable: where D:\xampp\htdocs\SmartOrder\ThinkPHP\Library\Think\Model.class.php 第 1776 行.
NOTIC: [8] Undefined variable: where D:\xampp\htdocs\SmartOrder\ThinkPHP\Library\Think\Model.class.php 第 1784 行.
SQL: SELECT * FROM `so_hall`  [ RunTime:0.0002s ]
SQL: SELECT `id`,`table_name` FROM `so_table` WHERE `hall_id` = 1  [ RunTime:0.0002s ]
SQL: SELECT `id`,`table_name` FROM `so_table` WHERE `hall_id` = 2  [ RunTime:0.0002s ]
SQL: SELECT `id`,`table_name` FROM `so_table` WHERE `hall_id` = 3  [ RunTime:0.0002s ]
SQL: SELECT `id`,`table_name` FROM `so_table` WHERE `hall_id` = 4  [ RunTime:0.0002s ]
SQL: SELECT `id`,`table_name` FROM `so_table` WHERE `hall_id` = 5  [ RunTime:0.0002s ]
NOTIC: [8] Undefined variable: date D:\xampp\htdocs\SmartOrder\Application\Cash\Model\TableModel.class.php 第 32 行.
SQL: SHOW COLUMNS FROM `so_book` [ RunTime:0.0025s ]
SQL: SELECT `book_day`,`book_time`,`book_name` FROM `so_book` WHERE `book_table` = 1 AND `book_status` = 0 AND `book_day` = null  [ RunTime:0.0003s ]
SQL: SELECT COUNT(*) AS tp_count FROM `so_table` WHERE `id` = 1 AND `is_lock` = 1 LIMIT 1   [ RunTime:0.0002s ]
NOTIC: [8] Undefined index: type D:\xampp\htdocs\SmartOrder\Application\Cash\Model\TableModel.class.php 第 50 行.
NOTIC: [8] Undefined variable: date D:\xampp\htdocs\SmartOrder\Application\Cash\Model\TableModel.class.php 第 32 行.
SQL: SELECT `book_day`,`book_time`,`book_name` FROM `so_book` WHERE `book_table` = 8 AND `book_status` = 0 AND `book_day` = null  [ RunTime:0.0004s ]
SQL: SELECT COUNT(*) AS tp_count FROM `so_table` WHERE `id` = 8 AND `is_lock` = 1 LIMIT 1   [ RunTime:0.0004s ]
NOTIC: [8] Undefined index: type D:\xampp\htdocs\SmartOrder\Application\Cash\Model\TableModel.class.php 第 50 行.
NOTIC: [8] Undefined variable: date D:\xampp\htdocs\SmartOrder\Application\Cash\Model\TableModel.class.php 第 32 行.
SQL: SELECT `book_day`,`book_time`,`book_name` FROM `so_book` WHERE `book_table` = 15 AND `book_status` = 0 AND `book_day` = null  [ RunTime:0.0004s ]
SQL: SELECT COUNT(*) AS tp_count FROM `so_table` WHERE `id` = 15 AND `is_lock` = 1 LIMIT 1   [ RunTime:0.0002s ]
NOTIC: [8] Undefined index: type D:\xampp\htdocs\SmartOrder\Application\Cash\Model\TableModel.class.php 第 50 行.
NOTIC: [8] Undefined variable: date D:\xampp\htdocs\SmartOrder\Application\Cash\Model\TableModel.class.php 第 32 行.
SQL: SELECT `book_day`,`book_time`,`book_name` FROM `so_book` WHERE `book_table` = 21 AND `book_status` = 0 AND `book_day` = null  [ RunTime:0.0004s ]
SQL: SELECT COUNT(*) AS tp_count FROM `so_table` WHERE `id` = 21 AND `is_lock` = 1 LIMIT 1   [ RunTime:0.0002s ]
NOTIC: [8] Undefined index: type D:\xampp\htdocs\SmartOrder\Application\Cash\Model\TableModel.class.php 第 50 行.
NOTIC: [8] Undefined variable: date D:\xampp\htdocs\SmartOrder\Application\Cash\Model\TableModel.class.php 第 32 行.
SQL: SELECT `book_day`,`book_time`,`book_name` FROM `so_book` WHERE `book_table` = 29 AND `book_status` = 0 AND `book_day` = null  [ RunTime:0.0002s ]
SQL: SELECT COUNT(*) AS tp_count FROM `so_table` WHERE `id` = 29 AND `is_lock` = 1 LIMIT 1   [ RunTime:0.0002s ]
NOTIC: [8] Undefined variable: date D:\xampp\htdocs\SmartOrder\Application\Cash\Model\TableModel.class.php 第 32 行.
SQL: SELECT `book_day`,`book_time`,`book_name` FROM `so_book` WHERE `book_table` = 30 AND `book_status` = 0 AND `book_day` = null  [ RunTime:0.0003s ]
SQL: SELECT COUNT(*) AS tp_count FROM `so_table` WHERE `id` = 30 AND `is_lock` = 1 LIMIT 1   [ RunTime:0.0003s ]
NOTIC: [8] Undefined variable: date D:\xampp\htdocs\SmartOrder\Application\Cash\Model\TableModel.class.php 第 32 行.
SQL: SELECT `book_day`,`book_time`,`book_name` FROM `so_book` WHERE `book_table` = 31 AND `book_status` = 0 AND `book_day` = null  [ RunTime:0.0003s ]
SQL: SELECT COUNT(*) AS tp_count FROM `so_table` WHERE `id` = 31 AND `is_lock` = 1 LIMIT 1   [ RunTime:0.0002s ]
NOTIC: [8] Undefined variable: date D:\xampp\htdocs\SmartOrder\Application\Cash\Model\TableModel.class.php 第 32 行.
SQL: SELECT `book_day`,`book_time`,`book_name` FROM `so_book` WHERE `book_table` = 2 AND `book_status` = 0 AND `book_day` = null  [ RunTime:0.0002s ]
SQL: SELECT COUNT(*) AS tp_count FROM `so_table` WHERE `id` = 2 AND `is_lock` = 1 LIMIT 1   [ RunTime:0.0002s ]
NOTIC: [8] Undefined index: type D:\xampp\htdocs\SmartOrder\Application\Cash\Model\TableModel.class.php 第 50 行.
NOTIC: [8] Undefined variable: date D:\xampp\htdocs\SmartOrder\Application\Cash\Model\TableModel.class.php 第 32 行.
SQL: SELECT `book_day`,`book_time`,`book_name` FROM `so_book` WHERE `book_table` = 9 AND `book_status` = 0 AND `book_day` = null  [ RunTime:0.0002s ]
SQL: SELECT COUNT(*) AS tp_count FROM `so_table` WHERE `id` = 9 AND `is_lock` = 1 LIMIT 1   [ RunTime:0.0002s ]
NOTIC: [8] Undefined variable: date D:\xampp\htdocs\SmartOrder\Application\Cash\Model\TableModel.class.php 第 32 行.
SQL: SELECT `book_day`,`book_time`,`book_name` FROM `so_book` WHERE `book_table` = 11 AND `book_status` = 0 AND `book_day` = null  [ RunTime:0.0002s ]
SQL: SELECT COUNT(*) AS tp_count FROM `so_table` WHERE `id` = 11 AND `is_lock` = 1 LIMIT 1   [ RunTime:0.0002s ]
NOTIC: [8] Undefined variable: date D:\xampp\htdocs\SmartOrder\Application\Cash\Model\TableModel.class.php 第 32 行.
SQL: SELECT `book_day`,`book_time`,`book_name` FROM `so_book` WHERE `book_table` = 20 AND `book_status` = 0 AND `book_day` = null  [ RunTime:0.0002s ]
SQL: SELECT COUNT(*) AS tp_count FROM `so_table` WHERE `id` = 20 AND `is_lock` = 1 LIMIT 1   [ RunTime:0.0002s ]
NOTIC: [8] Undefined variable: date D:\xampp\htdocs\SmartOrder\Application\Cash\Model\TableModel.class.php 第 32 行.
SQL: SELECT `book_day`,`book_time`,`book_name` FROM `so_book` WHERE `book_table` = 23 AND `book_status` = 0 AND `book_day` = null  [ RunTime:0.0002s ]
SQL: SELECT COUNT(*) AS tp_count FROM `so_table` WHERE `id` = 23 AND `is_lock` = 1 LIMIT 1   [ RunTime:0.0002s ]
NOTIC: [8] Undefined index: type D:\xampp\htdocs\SmartOrder\Application\Cash\Model\TableModel.class.php 第 50 行.
NOTIC: [8] Undefined variable: date D:\xampp\htdocs\SmartOrder\Application\Cash\Model\TableModel.class.php 第 32 行.
SQL: SELECT `book_day`,`book_time`,`book_name` FROM `so_book` WHERE `book_table` = 24 AND `book_status` = 0 AND `book_day` = null  [ RunTime:0.0002s ]
SQL: SELECT COUNT(*) AS tp_count FROM `so_table` WHERE `id` = 24 AND `is_lock` = 1 LIMIT 1   [ RunTime:0.0002s ]
NOTIC: [8] Undefined variable: date D:\xampp\htdocs\SmartOrder\Application\Cash\Model\TableModel.class.php 第 32 行.
SQL: SELECT `book_day`,`book_time`,`book_name` FROM `so_book` WHERE `book_table` = 27 AND `book_status` = 0 AND `book_day` = null  [ RunTime:0.0002s ]
SQL: SELECT COUNT(*) AS tp_count FROM `so_table` WHERE `id` = 27 AND `is_lock` = 1 LIMIT 1   [ RunTime:0.0002s ]
NOTIC: [8] Undefined variable: date D:\xampp\htdocs\SmartOrder\Application\Cash\Model\TableModel.class.php 第 32 行.
SQL: SELECT `book_day`,`book_time`,`book_name` FROM `so_book` WHERE `book_table` = 18 AND `book_status` = 0 AND `book_day` = null  [ RunTime:0.0002s ]
SQL: SELECT COUNT(*) AS tp_count FROM `so_table` WHERE `id` = 18 AND `is_lock` = 1 LIMIT 1   [ RunTime:0.0002s ]
NOTIC: [8] Undefined variable: date D:\xampp\htdocs\SmartOrder\Application\Cash\Model\TableModel.class.php 第 32 行.
SQL: SELECT `book_day`,`book_time`,`book_name` FROM `so_book` WHERE `book_table` = 25 AND `book_status` = 0 AND `book_day` = null  [ RunTime:0.0002s ]
SQL: SELECT COUNT(*) AS tp_count FROM `so_table` WHERE `id` = 25 AND `is_lock` = 1 LIMIT 1   [ RunTime:0.0002s ]
NOTIC: [8] Undefined index: type D:\xampp\htdocs\SmartOrder\Application\Cash\Model\TableModel.class.php 第 50 行.
NOTIC: [8] Undefined variable: date D:\xampp\htdocs\SmartOrder\Application\Cash\Model\TableModel.class.php 第 32 行.
SQL: SELECT `book_day`,`book_time`,`book_name` FROM `so_book` WHERE `book_table` = 22 AND `book_status` = 0 AND `book_day` = null  [ RunTime:0.0002s ]
SQL: SELECT COUNT(*) AS tp_count FROM `so_table` WHERE `id` = 22 AND `is_lock` = 1 LIMIT 1   [ RunTime:0.0002s ]
NOTIC: [8] Undefined index: type D:\xampp\htdocs\SmartOrder\Application\Cash\Model\TableModel.class.php 第 50 行.
NOTIC: [8] Undefined variable: date D:\xampp\htdocs\SmartOrder\Application\Cash\Model\TableModel.class.php 第 32 行.
SQL: SELECT `book_day`,`book_time`,`book_name` FROM `so_book` WHERE `book_table` = 26 AND `book_status` = 0 AND `book_day` = null  [ RunTime:0.0002s ]
SQL: SELECT COUNT(*) AS tp_count FROM `so_table` WHERE `id` = 26 AND `is_lock` = 1 LIMIT 1   [ RunTime:0.0002s ]
NOTIC: [8] Undefined index: type D:\xampp\htdocs\SmartOrder\Application\Cash\Model\TableModel.class.php 第 50 行.
NOTIC: [8] Undefined variable: date D:\xampp\htdocs\SmartOrder\Application\Cash\Model\TableModel.class.php 第 32 行.
SQL: SELECT `book_day`,`book_time`,`book_name` FROM `so_book` WHERE `book_table` = 28 AND `book_status` = 0 AND `book_day` = null  [ RunTime:0.0002s ]
SQL: SELECT COUNT(*) AS tp_count FROM `so_table` WHERE `id` = 28 AND `is_lock` = 1 LIMIT 1   [ RunTime:0.0002s ]
SQL: SHOW COLUMNS FROM `so_order` [ RunTime:0.0022s ]
SQL: SHOW COLUMNS FROM `so_temp` [ RunTime:0.0039s ]
NOTIC: [2] Missing argument 1 for Think\Model::where(), called in D:\xampp\htdocs\SmartOrder\Application\Cash\Model\OrderModel.class.php on line 61 and defined D:\xampp\htdocs\SmartOrder\ThinkPHP\Library\Think\Model.class.php 第 1765 行.
NOTIC: [8] Undefined variable: where D:\xampp\htdocs\SmartOrder\ThinkPHP\Library\Think\Model.class.php 第 1773 行.
NOTIC: [8] Undefined variable: where D:\xampp\htdocs\SmartOrder\ThinkPHP\Library\Think\Model.class.php 第 1776 行.
NOTIC: [8] Undefined variable: where D:\xampp\htdocs\SmartOrder\ThinkPHP\Library\Think\Model.class.php 第 1784 行.
SQL: SELECT `table_id`,`holding`,`hold_time` FROM `so_temp`  [ RunTime:0.0003s ]
SQL: SHOW COLUMNS FROM `so_table_hall` [ RunTime:0.0024s ]
SQL: SELECT * FROM `so_table_hall` WHERE `is_lock` = 1  [ RunTime:0.0004s ]
SQL: SELECT `table_id`,`start_time` FROM `so_temp` WHERE `start_time` < 1515802539  [ RunTime:0.0002s ]
SQL: SELECT * FROM `so_table_hall` WHERE `is_lock` = 1  [ RunTime:0.0003s ]
INFO: [ view_parse ] --START--
INFO: [ template_filter ] --START--
INFO: Run Behavior\ContentReplaceBehavior [ RunTime:0.000095s ]
INFO: [ template_filter ] --END-- [ RunTime:0.000164s ]
NOTIC: [8] Undefined variable: tableId D:\xampp\htdocs\SmartOrder\Runtime\Cache\Cash\e08533cf47e334f70bf04a06151df1c1.php 第 91 行.
NOTIC: [8] Undefined variable: pay_time D:\xampp\htdocs\SmartOrder\Runtime\Cache\Cash\e08533cf47e334f70bf04a06151df1c1.php 第 93 行.
NOTIC: [8] Undefined variable: payInfo D:\xampp\htdocs\SmartOrder\Runtime\Cache\Cash\e08533cf47e334f70bf04a06151df1c1.php 第 106 行.
NOTIC: [8] Undefined variable: totle D:\xampp\htdocs\SmartOrder\Runtime\Cache\Cash\e08533cf47e334f70bf04a06151df1c1.php 第 114 行.
NOTIC: [8] Undefined variable: totle D:\xampp\htdocs\SmartOrder\Runtime\Cache\Cash\e08533cf47e334f70bf04a06151df1c1.php 第 116 行.
NOTIC: [8] Undefined variable: payInfo D:\xampp\htdocs\SmartOrder\Runtime\Cache\Cash\e08533cf47e334f70bf04a06151df1c1.php 第 154 行.
NOTIC: [8] Undefined variable: totle D:\xampp\htdocs\SmartOrder\Runtime\Cache\Cash\e08533cf47e334f70bf04a06151df1c1.php 第 166 行.
NOTIC: [8] Undefined variable: totle D:\xampp\htdocs\SmartOrder\Runtime\Cache\Cash\e08533cf47e334f70bf04a06151df1c1.php 第 172 行.
INFO: Run Behavior\ParseTemplateBehavior [ RunTime:0.013121s ]
INFO: [ view_parse ] --END-- [ RunTime:0.013158s ]
INFO: [ view_filter ] --START--
INFO: Run Behavior\WriteHtmlCacheBehavior [ RunTime:0.000308s ]
INFO: [ view_filter ] --END-- [ RunTime:0.000333s ]
INFO: [ app_end ] --START--
INFO: Run Behavior\ShowPageTraceBehavior [ RunTime:0.000495s ]
INFO: Run Common\Behavior\CronRunBehavior [ RunTime:0.002205s ]
INFO: [ app_end ] --END-- [ RunTime:0.002795s ]

